[ 2016-12-06T19:17:59+08:00 ] 127.0.0.1 /hotel/
INFO: [ app_init ] --START--
INFO: Run Behavior\BuildLiteBehavior [ RunTime:0.000015s ]
INFO: [ app_init ] --END-- [ RunTime:0.016474s ]
INFO: [ app_begin ] --START--
INFO: Run Behavior\ReadHtmlCacheBehavior [ RunTime:0.001648s ]
INFO: [ app_begin ] --END-- [ RunTime:0.001707s ]
NOTIC: [8] Undefined index: user_nickname H:\xampp\htdocs\hotel\Application\Home\Controller\IndexController.class.php 第 15 行.
INFO: [ view_parse ] --START--
INFO: [ template_filter ] --START--
INFO: Run Behavior\ContentReplaceBehavior [ RunTime:0.022569s ]
INFO: [ template_filter ] --END-- [ RunTime:0.022643s ]
INFO: Run Behavior\ParseTemplateBehavior [ RunTime:0.131038s ]
INFO: [ view_parse ] --END-- [ RunTime:0.131102s ]
INFO: [ view_filter ] --START--
INFO: Run Behavior\WriteHtmlCacheBehavior [ RunTime:0.029669s ]
INFO: [ view_filter ] --END-- [ RunTime:0.029714s ]
INFO: [ app_end ] --START--
INFO: Run Behavior\ShowPageTraceBehavior [ RunTime:0.003101s ]
INFO: [ app_end ] --END-- [ RunTime:0.003165s ]
NOTIC: [8] Constant APP_DEBUG already defined H:\xampp\htdocs\hotel\index.php 第 30 行.

