[ 2017-01-07T10:55:12+08:00 ] 127.0.0.1 /hotel/
INFO: [ app_init ] --START--
INFO: Run Behavior\BuildLiteBehavior [ RunTime:0.000013s ]
INFO: [ app_init ] --END-- [ RunTime:0.079206s ]
INFO: [ app_begin ] --START--
INFO: Run Behavior\ReadHtmlCacheBehavior [ RunTime:0.025728s ]
INFO: [ app_begin ] --END-- [ RunTime:0.025786s ]
NOTIC: [8] Undefined index: user_nickname H:\xampp\htdocs\hotel\Application\Home\Controller\IndexController.class.php 第 15 行.
INFO: [ view_parse ] --START--
INFO: [ template_filter ] --START--
INFO: Run Behavior\ContentReplaceBehavior [ RunTime:0.000689s ]
INFO: [ template_filter ] --END-- [ RunTime:0.000742s ]
INFO: Run Behavior\ParseTemplateBehavior [ RunTime:0.024981s ]
INFO: [ view_parse ] --END-- [ RunTime:0.025039s ]
INFO: [ view_filter ] --START--
INFO: Run Behavior\WriteHtmlCacheBehavior [ RunTime:0.001058s ]
INFO: [ view_filter ] --END-- [ RunTime:0.001088s ]
INFO: [ app_end ] --START--
INFO: Run Behavior\ShowPageTraceBehavior [ RunTime:0.001332s ]
INFO: [ app_end ] --END-- [ RunTime:0.001389s ]
NOTIC: [8] Constant APP_DEBUG already defined H:\xampp\htdocs\hotel\index.php 第 30 行.

[ 2017-01-07T11:00:44+08:00 ] 127.0.0.1 /hotel/index.php?m=Home&c=index&a=environment
INFO: [ app_init ] --START--
INFO: Run Behavior\BuildLiteBehavior [ RunTime:0.000010s ]
INFO: [ app_init ] --END-- [ RunTime:0.000056s ]
INFO: [ app_begin ] --START--
INFO: Run Behavior\ReadHtmlCacheBehavior [ RunTime:0.000892s ]
INFO: [ app_begin ] --END-- [ RunTime:0.000967s ]
NOTIC: [8] Undefined index: user_nickname H:\xampp\htdocs\hotel\Application\Home\Controller\IndexController.class.php 第 15 行.
SQL: SHOW COLUMNS FROM `hotel_room` [ RunTime:0.0547s ]
SQL: SELECT `room_price` FROM `hotel_room` WHERE ( room_category='标准单人房' )  [ RunTime:0.0006s ]
SQL: SELECT `room_price` FROM `hotel_room` WHERE ( room_category='标准双人房' )  [ RunTime:0.0002s ]
SQL: SELECT `room_price` FROM `hotel_room` WHERE ( room_category='豪华单人房' )  [ RunTime:0.0002s ]
SQL: SELECT `room_price` FROM `hotel_room` WHERE ( room_category='豪华双人房' )  [ RunTime:0.0001s ]
NOTIC: [8] Undefined index: startDate H:\xampp\htdocs\hotel\Application\Home\Controller\IndexController.class.php 第 57 行.
NOTIC: [8] Undefined index: endDate H:\xampp\htdocs\hotel\Application\Home\Controller\IndexController.class.php 第 58 行.
SQL: SELECT COUNT(*) AS tp_count FROM `hotel_room` WHERE ( room_category='标准单人房' ) LIMIT 1   [ RunTime:0.0002s ]
SQL: SELECT `room_id` FROM `hotel_room` WHERE ( room_category='标准单人房' )  [ RunTime:0.0002s ]
SQL: SELECT COUNT(*) AS tp_count FROM `hotel_room` WHERE ( room_category='标准双人房' ) LIMIT 1   [ RunTime:0.0001s ]
SQL: SELECT `room_id` FROM `hotel_room` WHERE ( room_category='标准双人房' )  [ RunTime:0.0001s ]
SQL: SELECT COUNT(*) AS tp_count FROM `hotel_room` WHERE ( room_category='豪华单人房' ) LIMIT 1   [ RunTime:0.0002s ]
SQL: SELECT `room_id` FROM `hotel_room` WHERE ( room_category='豪华单人房' )  [ RunTime:0.0002s ]
SQL: SELECT COUNT(*) AS tp_count FROM `hotel_room` WHERE ( room_category='豪华双人房' ) LIMIT 1   [ RunTime:0.0002s ]
SQL: SELECT `room_id` FROM `hotel_room` WHERE ( room_category='豪华双人房' )  [ RunTime:0.0002s ]
SQL: SHOW COLUMNS FROM `hotel_room_order` [ RunTime:0.0435s ]
SQL: SELECT * FROM `hotel_room_order` WHERE ( room_id='103'and starttime<=''and endtime>'' and starttime<'' and endtime>=''and order_status='到店付' )  [ RunTime:0.0006s ]
SQL: SELECT * FROM `hotel_room_order` WHERE ( room_id='103'and starttime<=''and endtime>'' and starttime<'' and endtime>=''and order_status='已支付' )  [ RunTime:0.0004s ]
SQL: SELECT * FROM `hotel_room_order` WHERE ( room_id='103'and starttime<=''and endtime>'' and  endtime<=''and order_status='到店付' )  [ RunTime:0.0003s ]
SQL: SELECT * FROM `hotel_room_order` WHERE ( room_id='103'and starttime<=''and endtime>'' and  endtime<=''and order_status='已支付' )  [ RunTime:0.0004s ]
SQL: SELECT * FROM `hotel_room_order` WHERE ( room_id='103'and starttime>=''and  starttime<'' and endtime>=''and order_status='到店付' )  [ RunTime:0.0003s ]
SQL: SELECT * FROM `hotel_room_order` WHERE ( room_id='103'and starttime>=''and  starttime<'' and endtime>=''and order_status='已支付' )  [ RunTime:0.0004s ]
SQL: SELECT * FROM `hotel_room_order` WHERE ( room_id='103'and starttime>='' and endtime<=''and order_status='到店付' )  [ RunTime:0.0003s ]
SQL: SELECT * FROM `hotel_room_order` WHERE ( room_id='103'and starttime>='' and endtime<=''and order_status='已支付' )  [ RunTime:0.0004s ]
NOTIC: [8] Undefined offset: 6 H:\xampp\htdocs\hotel\Application\Home\Controller\IndexController.class.php 第 95 行.
SQL: SELECT * FROM `hotel_room_order` WHERE ( room_id='105'and starttime<=''and endtime>'' and starttime<'' and endtime>=''and order_status='到店付' )  [ RunTime:0.0004s ]
SQL: SELECT * FROM `hotel_room_order` WHERE ( room_id='105'and starttime<=''and endtime>'' and starttime<'' and endtime>=''and order_status='已支付' )  [ RunTime:0.0003s ]
SQL: SELECT * FROM `hotel_room_order` WHERE ( room_id='105'and starttime<=''and endtime>'' and  endtime<=''and order_status='到店付' )  [ RunTime:0.0003s ]
SQL: SELECT * FROM `hotel_room_order` WHERE ( room_id='105'and starttime<=''and endtime>'' and  endtime<=''and order_status='已支付' )  [ RunTime:0.0003s ]
SQL: SELECT * FROM `hotel_room_order` WHERE ( room_id='105'and starttime>=''and  starttime<'' and endtime>=''and order_status='到店付' )  [ RunTime:0.0003s ]
SQL: SELECT * FROM `hotel_room_order` WHERE ( room_id='105'and starttime>=''and  starttime<'' and endtime>=''and order_status='已支付' )  [ RunTime:0.0003s ]
SQL: SELECT * FROM `hotel_room_order` WHERE ( room_id='105'and starttime>='' and endtime<=''and order_status='到店付' )  [ RunTime:0.0003s ]
SQL: SELECT * FROM `hotel_room_order` WHERE ( room_id='105'and starttime>='' and endtime<=''and order_status='已支付' )  [ RunTime:0.0003s ]
NOTIC: [8] Undefined offset: 6 H:\xampp\htdocs\hotel\Application\Home\Controller\IndexController.class.php 第 95 行.
SQL: SELECT * FROM `hotel_room_order` WHERE ( room_id='110'and starttime<=''and endtime>'' and starttime<'' and endtime>=''and order_status='到店付' )  [ RunTime:0.0003s ]
SQL: SELECT * FROM `hotel_room_order` WHERE ( room_id='110'and starttime<=''and endtime>'' and starttime<'' and endtime>=''and order_status='已支付' )  [ RunTime:0.0004s ]
SQL: SELECT * FROM `hotel_room_order` WHERE ( room_id='110'and starttime<=''and endtime>'' and  endtime<=''and order_status='到店付' )  [ RunTime:0.0003s ]
SQL: SELECT * FROM `hotel_room_order` WHERE ( room_id='110'and starttime<=''and endtime>'' and  endtime<=''and order_status='已支付' )  [ RunTime:0.0005s ]
SQL: SELECT * FROM `hotel_room_order` WHERE ( room_id='110'and starttime>=''and  starttime<'' and endtime>=''and order_status='到店付' )  [ RunTime:0.0005s ]
SQL: SELECT * FROM `hotel_room_order` WHERE ( room_id='110'and starttime>=''and  starttime<'' and endtime>=''and order_status='已支付' )  [ RunTime:0.0004s ]
SQL: SELECT * FROM `hotel_room_order` WHERE ( room_id='110'and starttime>='' and endtime<=''and order_status='到店付' )  [ RunTime:0.0003s ]
SQL: SELECT * FROM `hotel_room_order` WHERE ( room_id='110'and starttime>='' and endtime<=''and order_status='已支付' )  [ RunTime:0.0003s ]
NOTIC: [8] Undefined offset: 6 H:\xampp\htdocs\hotel\Application\Home\Controller\IndexController.class.php 第 95 行.
SQL: SELECT * FROM `hotel_room_order` WHERE ( room_id='113'and starttime<=''and endtime>'' and starttime<'' and endtime>=''and order_status='到店付' )  [ RunTime:0.0003s ]
SQL: SELECT * FROM `hotel_room_order` WHERE ( room_id='113'and starttime<=''and endtime>'' and starttime<'' and endtime>=''and order_status='已支付' )  [ RunTime:0.0003s ]
SQL: SELECT * FROM `hotel_room_order` WHERE ( room_id='113'and starttime<=''and endtime>'' and  endtime<=''and order_status='到店付' )  [ RunTime:0.0003s ]
SQL: SELECT * FROM `hotel_room_order` WHERE ( room_id='113'and starttime<=''and endtime>'' and  endtime<=''and order_status='已支付' )  [ RunTime:0.0004s ]
SQL: SELECT * FROM `hotel_room_order` WHERE ( room_id='113'and starttime>=''and  starttime<'' and endtime>=''and order_status='到店付' )  [ RunTime:0.0003s ]
SQL: SELECT * FROM `hotel_room_order` WHERE ( room_id='113'and starttime>=''and  starttime<'' and endtime>=''and order_status='已支付' )  [ RunTime:0.0003s ]
SQL: SELECT * FROM `hotel_room_order` WHERE ( room_id='113'and starttime>='' and endtime<=''and order_status='到店付' )  [ RunTime:0.0003s ]
SQL: SELECT * FROM `hotel_room_order` WHERE ( room_id='113'and starttime>='' and endtime<=''and order_status='已支付' )  [ RunTime:0.0003s ]
NOTIC: [8] Undefined offset: 6 H:\xampp\htdocs\hotel\Application\Home\Controller\IndexController.class.php 第 95 行.
SQL: SELECT * FROM `hotel_room_order` WHERE ( room_id='203'and starttime<=''and endtime>'' and starttime<'' and endtime>=''and order_status='到店付' )  [ RunTime:0.0003s ]
SQL: SELECT * FROM `hotel_room_order` WHERE ( room_id='203'and starttime<=''and endtime>'' and starttime<'' and endtime>=''and order_status='已支付' )  [ RunTime:0.0003s ]
SQL: SELECT * FROM `hotel_room_order` WHERE ( room_id='203'and starttime<=''and endtime>'' and  endtime<=''and order_status='到店付' )  [ RunTime:0.0003s ]
SQL: SELECT * FROM `hotel_room_order` WHERE ( room_id='203'and starttime<=''and endtime>'' and  endtime<=''and order_status='已支付' )  [ RunTime:0.0003s ]
SQL: SELECT * FROM `hotel_room_order` WHERE ( room_id='203'and starttime>=''and  starttime<'' and endtime>=''and order_status='到店付' )  [ RunTime:0.0003s ]
SQL: SELECT * FROM `hotel_room_order` WHERE ( room_id='203'and starttime>=''and  starttime<'' and endtime>=''and order_status='已支付' )  [ RunTime:0.0003s ]
SQL: SELECT * FROM `hotel_room_order` WHERE ( room_id='203'and starttime>='' and endtime<=''and order_status='到店付' )  [ RunTime:0.0003s ]
SQL: SELECT * FROM `hotel_room_order` WHERE ( room_id='203'and starttime>='' and endtime<=''and order_status='已支付' )  [ RunTime:0.0003s ]
NOTIC: [8] Undefined offset: 6 H:\xampp\htdocs\hotel\Application\Home\Controller\IndexController.class.php 第 95 行.
SQL: SELECT * FROM `hotel_room_order` WHERE ( room_id='206'and starttime<=''and endtime>'' and starttime<'' and endtime>=''and order_status='到店付' )  [ RunTime:0.0004s ]
SQL: SELECT * FROM `hotel_room_order` WHERE ( room_id='206'and starttime<=''and endtime>'' and starttime<'' and endtime>=''and order_status='已支付' )  [ RunTime:0.0003s ]
SQL: SELECT * FROM `hotel_room_order` WHERE ( room_id='206'and starttime<=''and endtime>'' and  endtime<=''and order_status='到店付' )  [ RunTime:0.0003s ]
SQL: SELECT * FROM `hotel_room_order` WHERE ( room_id='206'and starttime<=''and endtime>'' and  endtime<=''and order_status='已支付' )  [ RunTime:0.0003s ]
SQL: SELECT * FROM `hotel_room_order` WHERE ( room_id='206'and starttime>=''and  starttime<'' and endtime>=''and order_status='到店付' )  [ RunTime:0.0003s ]
SQL: SELECT * FROM `hotel_room_order` WHERE ( room_id='206'and starttime>=''and  starttime<'' and endtime>=''and order_status='已支付' )  [ RunTime:0.0003s ]
SQL: SELECT * FROM `hotel_room_order` WHERE ( room_id='206'and starttime>='' and endtime<=''and order_status='到店付' )  [ RunTime:0.0003s ]
SQL: SELECT * FROM `hotel_room_order` WHERE ( room_id='206'and starttime>='' and endtime<=''and order_status='已支付' )  [ RunTime:0.0003s ]
NOTIC: [8] Undefined offset: 6 H:\xampp\htdocs\hotel\Application\Home\Controller\IndexController.class.php 第 95 行.
NOTIC: [8] Undefined offset: 6 H:\xampp\htdocs\hotel\Application\Home\Controller\IndexController.class.php 第 81 行.
SQL: SELECT * FROM `hotel_room_order` WHERE ( room_id=''and starttime<=''and endtime>'' and starttime<'' and endtime>=''and order_status='到店付' )  [ RunTime:0.0003s ]
SQL: SELECT * FROM `hotel_room_order` WHERE ( room_id=''and starttime<=''and endtime>'' and starttime<'' and endtime>=''and order_status='已支付' )  [ RunTime:0.0003s ]
SQL: SELECT * FROM `hotel_room_order` WHERE ( room_id=''and starttime<=''and endtime>'' and  endtime<=''and order_status='到店付' )  [ RunTime:0.0003s ]
SQL: SELECT * FROM `hotel_room_order` WHERE ( room_id=''and starttime<=''and endtime>'' and  endtime<=''and order_status='已支付' )  [ RunTime:0.0003s ]
SQL: SELECT * FROM `hotel_room_order` WHERE ( room_id=''and starttime>=''and  starttime<'' and endtime>=''and order_status='到店付' )  [ RunTime:0.0003s ]
SQL: SELECT * FROM `hotel_room_order` WHERE ( room_id=''and starttime>=''and  starttime<'' and endtime>=''and order_status='已支付' )  [ RunTime:0.0003s ]
SQL: SELECT * FROM `hotel_room_order` WHERE ( room_id=''and starttime>='' and endtime<=''and order_status='到店付' )  [ RunTime:0.0003s ]
SQL: SELECT * FROM `hotel_room_order` WHERE ( room_id=''and starttime>='' and endtime<=''and order_status='已支付' )  [ RunTime:0.0003s ]
NOTIC: [8] Undefined offset: 6 H:\xampp\htdocs\hotel\Application\Home\Controller\IndexController.class.php 第 95 行.
SQL: SELECT * FROM `hotel_room_order` WHERE ( room_id='104'and starttime<=''and endtime>'' and starttime<'' and endtime>=''and order_status='到店付' )  [ RunTime:0.0003s ]
SQL: SELECT * FROM `hotel_room_order` WHERE ( room_id='104'and starttime<=''and endtime>'' and starttime<'' and endtime>=''and order_status='已支付' )  [ RunTime:0.0003s ]
SQL: SELECT * FROM `hotel_room_order` WHERE ( room_id='104'and starttime<=''and endtime>'' and  endtime<=''and order_status='到店付' )  [ RunTime:0.0003s ]
SQL: SELECT * FROM `hotel_room_order` WHERE ( room_id='104'and starttime<=''and endtime>'' and  endtime<=''and order_status='已支付' )  [ RunTime:0.0005s ]
SQL: SELECT * FROM `hotel_room_order` WHERE ( room_id='104'and starttime>=''and  starttime<'' and endtime>=''and order_status='到店付' )  [ RunTime:0.0004s ]
SQL: SELECT * FROM `hotel_room_order` WHERE ( room_id='104'and starttime>=''and  starttime<'' and endtime>=''and order_status='已支付' )  [ RunTime:0.0003s ]
SQL: SELECT * FROM `hotel_room_order` WHERE ( room_id='104'and starttime>='' and endtime<=''and order_status='到店付' )  [ RunTime:0.0003s ]
SQL: SELECT * FROM `hotel_room_order` WHERE ( room_id='104'and starttime>='' and endtime<=''and order_status='已支付' )  [ RunTime:0.0003s ]
NOTIC: [8] Undefined offset: 5 H:\xampp\htdocs\hotel\Application\Home\Controller\IndexController.class.php 第 121 行.
SQL: SELECT * FROM `hotel_room_order` WHERE ( room_id='106'and starttime<=''and endtime>'' and starttime<'' and endtime>=''and order_status='到店付' )  [ RunTime:0.0003s ]
SQL: SELECT * FROM `hotel_room_order` WHERE ( room_id='106'and starttime<=''and endtime>'' and starttime<'' and endtime>=''and order_status='已支付' )  [ RunTime:0.0003s ]
SQL: SELECT * FROM `hotel_room_order` WHERE ( room_id='106'and starttime<=''and endtime>'' and  endtime<=''and order_status='到店付' )  [ RunTime:0.0003s ]
SQL: SELECT * FROM `hotel_room_order` WHERE ( room_id='106'and starttime<=''and endtime>'' and  endtime<=''and order_status='已支付' )  [ RunTime:0.0003s ]
SQL: SELECT * FROM `hotel_room_order` WHERE ( room_id='106'and starttime>=''and  starttime<'' and endtime>=''and order_status='到店付' )  [ RunTime:0.0003s ]
SQL: SELECT * FROM `hotel_room_order` WHERE ( room_id='106'and starttime>=''and  starttime<'' and endtime>=''and order_status='已支付' )  [ RunTime:0.0004s ]
SQL: SELECT * FROM `hotel_room_order` WHERE ( room_id='106'and starttime>='' and endtime<=''and order_status='到店付' )  [ RunTime:0.0003s ]
SQL: SELECT * FROM `hotel_room_order` WHERE ( room_id='106'and starttime>='' and endtime<=''and order_status='已支付' )  [ RunTime:0.0003s ]
NOTIC: [8] Undefined offset: 5 H:\xampp\htdocs\hotel\Application\Home\Controller\IndexController.class.php 第 121 行.
SQL: SELECT * FROM `hotel_room_order` WHERE ( room_id='201'and starttime<=''and endtime>'' and starttime<'' and endtime>=''and order_status='到店付' )  [ RunTime:0.0004s ]
SQL: SELECT * FROM `hotel_room_order` WHERE ( room_id='201'and starttime<=''and endtime>'' and starttime<'' and endtime>=''and order_status='已支付' )  [ RunTime:0.0004s ]
SQL: SELECT * FROM `hotel_room_order` WHERE ( room_id='201'and starttime<=''and endtime>'' and  endtime<=''and order_status='到店付' )  [ RunTime:0.0003s ]
SQL: SELECT * FROM `hotel_room_order` WHERE ( room_id='201'and starttime<=''and endtime>'' and  endtime<=''and order_status='已支付' )  [ RunTime:0.0003s ]
SQL: SELECT * FROM `hotel_room_order` WHERE ( room_id='201'and starttime>=''and  starttime<'' and endtime>=''and order_status='到店付' )  [ RunTime:0.0003s ]
SQL: SELECT * FROM `hotel_room_order` WHERE ( room_id='201'and starttime>=''and  starttime<'' and endtime>=''and order_status='已支付' )  [ RunTime:0.0003s ]
SQL: SELECT * FROM `hotel_room_order` WHERE ( room_id='201'and starttime>='' and endtime<=''and order_status='到店付' )  [ RunTime:0.0004s ]
SQL: SELECT * FROM `hotel_room_order` WHERE ( room_id='201'and starttime>='' and endtime<=''and order_status='已支付' )  [ RunTime:0.0004s ]
NOTIC: [8] Undefined offset: 5 H:\xampp\htdocs\hotel\Application\Home\Controller\IndexController.class.php 第 121 行.
SQL: SELECT * FROM `hotel_room_order` WHERE ( room_id='204'and starttime<=''and endtime>'' and starttime<'' and endtime>=''and order_status='到店付' )  [ RunTime:0.0005s ]
SQL: SELECT * FROM `hotel_room_order` WHERE ( room_id='204'and starttime<=''and endtime>'' and starttime<'' and endtime>=''and order_status='已支付' )  [ RunTime:0.0005s ]
SQL: SELECT * FROM `hotel_room_order` WHERE ( room_id='204'and starttime<=''and endtime>'' and  endtime<=''and order_status='到店付' )  [ RunTime:0.0004s ]
SQL: SELECT * FROM `hotel_room_order` WHERE ( room_id='204'and starttime<=''and endtime>'' and  endtime<=''and order_status='已支付' )  [ RunTime:0.0004s ]
SQL: SELECT * FROM `hotel_room_order` WHERE ( room_id='204'and starttime>=''and  starttime<'' and endtime>=''and order_status='到店付' )  [ RunTime:0.0004s ]
SQL: SELECT * FROM `hotel_room_order` WHERE ( room_id='204'and starttime>=''and  starttime<'' and endtime>=''and order_status='已支付' )  [ RunTime:0.0003s ]
SQL: SELECT * FROM `hotel_room_order` WHERE ( room_id='204'and starttime>='' and endtime<=''and order_status='到店付' )  [ RunTime:0.0004s ]
SQL: SELECT * FROM `hotel_room_order` WHERE ( room_id='204'and starttime>='' and endtime<=''and order_status='已支付' )  [ RunTime:0.0004s ]
NOTIC: [8] Undefined offset: 5 H:\xampp\htdocs\hotel\Application\Home\Controller\IndexController.class.php 第 121 行.
SQL: SELECT * FROM `hotel_room_order` WHERE ( room_id='205'and starttime<=''and endtime>'' and starttime<'' and endtime>=''and order_status='到店付' )  [ RunTime:0.0003s ]
SQL: SELECT * FROM `hotel_room_order` WHERE ( room_id='205'and starttime<=''and endtime>'' and starttime<'' and endtime>=''and order_status='已支付' )  [ RunTime:0.0003s ]
SQL: SELECT * FROM `hotel_room_order` WHERE ( room_id='205'and starttime<=''and endtime>'' and  endtime<=''and order_status='到店付' )  [ RunTime:0.0003s ]
SQL: SELECT * FROM `hotel_room_order` WHERE ( room_id='205'and starttime<=''and endtime>'' and  endtime<=''and order_status='已支付' )  [ RunTime:0.0003s ]
SQL: SELECT * FROM `hotel_room_order` WHERE ( room_id='205'and starttime>=''and  starttime<'' and endtime>=''and order_status='到店付' )  [ RunTime:0.0003s ]
SQL: SELECT * FROM `hotel_room_order` WHERE ( room_id='205'and starttime>=''and  starttime<'' and endtime>=''and order_status='已支付' )  [ RunTime:0.0005s ]
SQL: SELECT * FROM `hotel_room_order` WHERE ( room_id='205'and starttime>='' and endtime<=''and order_status='到店付' )  [ RunTime:0.0006s ]
SQL: SELECT * FROM `hotel_room_order` WHERE ( room_id='205'and starttime>='' and endtime<=''and order_status='已支付' )  [ RunTime:0.0004s ]
NOTIC: [8] Undefined offset: 5 H:\xampp\htdocs\hotel\Application\Home\Controller\IndexController.class.php 第 121 行.
NOTIC: [8] Undefined offset: 5 H:\xampp\htdocs\hotel\Application\Home\Controller\IndexController.class.php 第 107 行.
SQL: SELECT * FROM `hotel_room_order` WHERE ( room_id=''and starttime<=''and endtime>'' and starttime<'' and endtime>=''and order_status='到店付' )  [ RunTime:0.0003s ]
SQL: SELECT * FROM `hotel_room_order` WHERE ( room_id=''and starttime<=''and endtime>'' and starttime<'' and endtime>=''and order_status='已支付' )  [ RunTime:0.0003s ]
SQL: SELECT * FROM `hotel_room_order` WHERE ( room_id=''and starttime<=''and endtime>'' and  endtime<=''and order_status='到店付' )  [ RunTime:0.0003s ]
SQL: SELECT * FROM `hotel_room_order` WHERE ( room_id=''and starttime<=''and endtime>'' and  endtime<=''and order_status='已支付' )  [ RunTime:0.0003s ]
SQL: SELECT * FROM `hotel_room_order` WHERE ( room_id=''and starttime>=''and  starttime<'' and endtime>=''and order_status='到店付' )  [ RunTime:0.0003s ]
SQL: SELECT * FROM `hotel_room_order` WHERE ( room_id=''and starttime>=''and  starttime<'' and endtime>=''and order_status='已支付' )  [ RunTime:0.0003s ]
SQL: SELECT * FROM `hotel_room_order` WHERE ( room_id=''and starttime>='' and endtime<=''and order_status='到店付' )  [ RunTime:0.0003s ]
SQL: SELECT * FROM `hotel_room_order` WHERE ( room_id=''and starttime>='' and endtime<=''and order_status='已支付' )  [ RunTime:0.0004s ]
NOTIC: [8] Undefined offset: 5 H:\xampp\htdocs\hotel\Application\Home\Controller\IndexController.class.php 第 121 行.
SQL: SELECT * FROM `hotel_room_order` WHERE ( room_id='102'and starttime<=''and endtime>'' and starttime<'' and endtime>=''and order_status='到店付' )  [ RunTime:0.0003s ]
SQL: SELECT * FROM `hotel_room_order` WHERE ( room_id='102'and starttime<=''and endtime>'' and starttime<'' and endtime>=''and order_status='已支付' )  [ RunTime:0.0003s ]
SQL: SELECT * FROM `hotel_room_order` WHERE ( room_id='102'and starttime<=''and endtime>'' and  endtime<=''and order_status='到店付' )  [ RunTime:0.0003s ]
SQL: SELECT * FROM `hotel_room_order` WHERE ( room_id='102'and starttime<=''and endtime>'' and  endtime<=''and order_status='已支付' )  [ RunTime:0.0003s ]
SQL: SELECT * FROM `hotel_room_order` WHERE ( room_id='102'and starttime>=''and  starttime<'' and endtime>=''and order_status='到店付' )  [ RunTime:0.0003s ]
SQL: SELECT * FROM `hotel_room_order` WHERE ( room_id='102'and starttime>=''and  starttime<'' and endtime>=''and order_status='已支付' )  [ RunTime:0.0004s ]
SQL: SELECT * FROM `hotel_room_order` WHERE ( room_id='102'and starttime>='' and endtime<=''and order_status='到店付' )  [ RunTime:0.0003s ]
SQL: SELECT * FROM `hotel_room_order` WHERE ( room_id='102'and starttime>='' and endtime<=''and order_status='已支付' )  [ RunTime:0.0003s ]
NOTIC: [8] Undefined offset: 3 H:\xampp\htdocs\hotel\Application\Home\Controller\IndexController.class.php 第 147 行.
SQL: SELECT * FROM `hotel_room_order` WHERE ( room_id='107'and starttime<=''and endtime>'' and starttime<'' and endtime>=''and order_status='到店付' )  [ RunTime:0.0003s ]
SQL: SELECT * FROM `hotel_room_order` WHERE ( room_id='107'and starttime<=''and endtime>'' and starttime<'' and endtime>=''and order_status='已支付' )  [ RunTime:0.0003s ]
SQL: SELECT * FROM `hotel_room_order` WHERE ( room_id='107'and starttime<=''and endtime>'' and  endtime<=''and order_status='到店付' )  [ RunTime:0.0003s ]
SQL: SELECT * FROM `hotel_room_order` WHERE ( room_id='107'and starttime<=''and endtime>'' and  endtime<=''and order_status='已支付' )  [ RunTime:0.0003s ]
SQL: SELECT * FROM `hotel_room_order` WHERE ( room_id='107'and starttime>=''and  starttime<'' and endtime>=''and order_status='到店付' )  [ RunTime:0.0003s ]
SQL: SELECT * FROM `hotel_room_order` WHERE ( room_id='107'and starttime>=''and  starttime<'' and endtime>=''and order_status='已支付' )  [ RunTime:0.0003s ]
SQL: SELECT * FROM `hotel_room_order` WHERE ( room_id='107'and starttime>='' and endtime<=''and order_status='到店付' )  [ RunTime:0.0003s ]
SQL: SELECT * FROM `hotel_room_order` WHERE ( room_id='107'and starttime>='' and endtime<=''and order_status='已支付' )  [ RunTime:0.0003s ]
NOTIC: [8] Undefined offset: 3 H:\xampp\htdocs\hotel\Application\Home\Controller\IndexController.class.php 第 147 行.
SQL: SELECT * FROM `hotel_room_order` WHERE ( room_id='109'and starttime<=''and endtime>'' and starttime<'' and endtime>=''and order_status='到店付' )  [ RunTime:0.0003s ]
SQL: SELECT * FROM `hotel_room_order` WHERE ( room_id='109'and starttime<=''and endtime>'' and starttime<'' and endtime>=''and order_status='已支付' )  [ RunTime:0.0003s ]
SQL: SELECT * FROM `hotel_room_order` WHERE ( room_id='109'and starttime<=''and endtime>'' and  endtime<=''and order_status='到店付' )  [ RunTime:0.0003s ]
SQL: SELECT * FROM `hotel_room_order` WHERE ( room_id='109'and starttime<=''and endtime>'' and  endtime<=''and order_status='已支付' )  [ RunTime:0.0003s ]
SQL: SELECT * FROM `hotel_room_order` WHERE ( room_id='109'and starttime>=''and  starttime<'' and endtime>=''and order_status='到店付' )  [ RunTime:0.0003s ]
SQL: SELECT * FROM `hotel_room_order` WHERE ( room_id='109'and starttime>=''and  starttime<'' and endtime>=''and order_status='已支付' )  [ RunTime:0.0003s ]
SQL: SELECT * FROM `hotel_room_order` WHERE ( room_id='109'and starttime>='' and endtime<=''and order_status='到店付' )  [ RunTime:0.0003s ]
SQL: SELECT * FROM `hotel_room_order` WHERE ( room_id='109'and starttime>='' and endtime<=''and order_status='已支付' )  [ RunTime:0.0003s ]
NOTIC: [8] Undefined offset: 3 H:\xampp\htdocs\hotel\Application\Home\Controller\IndexController.class.php 第 147 行.
NOTIC: [8] Undefined offset: 3 H:\xampp\htdocs\hotel\Application\Home\Controller\IndexController.class.php 第 133 行.
SQL: SELECT * FROM `hotel_room_order` WHERE ( room_id=''and starttime<=''and endtime>'' and starttime<'' and endtime>=''and order_status='到店付' )  [ RunTime:0.0003s ]
SQL: SELECT * FROM `hotel_room_order` WHERE ( room_id=''and starttime<=''and endtime>'' and starttime<'' and endtime>=''and order_status='已支付' )  [ RunTime:0.0003s ]
SQL: SELECT * FROM `hotel_room_order` WHERE ( room_id=''and starttime<=''and endtime>'' and  endtime<=''and order_status='到店付' )  [ RunTime:0.0003s ]
SQL: SELECT * FROM `hotel_room_order` WHERE ( room_id=''and starttime<=''and endtime>'' and  endtime<=''and order_status='已支付' )  [ RunTime:0.0003s ]
SQL: SELECT * FROM `hotel_room_order` WHERE ( room_id=''and starttime>=''and  starttime<'' and endtime>=''and order_status='到店付' )  [ RunTime:0.0003s ]
SQL: SELECT * FROM `hotel_room_order` WHERE ( room_id=''and starttime>=''and  starttime<'' and endtime>=''and order_status='已支付' )  [ RunTime:0.0004s ]
SQL: SELECT * FROM `hotel_room_order` WHERE ( room_id=''and starttime>='' and endtime<=''and order_status='到店付' )  [ RunTime:0.0003s ]
SQL: SELECT * FROM `hotel_room_order` WHERE ( room_id=''and starttime>='' and endtime<=''and order_status='已支付' )  [ RunTime:0.0003s ]
NOTIC: [8] Undefined offset: 3 H:\xampp\htdocs\hotel\Application\Home\Controller\IndexController.class.php 第 147 行.
SQL: SELECT * FROM `hotel_room_order` WHERE ( room_id='101'and starttime<=''and endtime>'' and starttime<'' and endtime>=''and order_status='到店付' )  [ RunTime:0.0003s ]
SQL: SELECT * FROM `hotel_room_order` WHERE ( room_id='101'and starttime<=''and endtime>'' and starttime<'' and endtime>=''and order_status='已支付' )  [ RunTime:0.0003s ]
SQL: SELECT * FROM `hotel_room_order` WHERE ( room_id='101'and starttime<=''and endtime>'' and  endtime<=''and order_status='到店付' )  [ RunTime:0.0005s ]
SQL: SELECT * FROM `hotel_room_order` WHERE ( room_id='101'and starttime<=''and endtime>'' and  endtime<=''and order_status='已支付' )  [ RunTime:0.0004s ]
SQL: SELECT * FROM `hotel_room_order` WHERE ( room_id='101'and starttime>=''and  starttime<'' and endtime>=''and order_status='到店付' )  [ RunTime:0.0003s ]
SQL: SELECT * FROM `hotel_room_order` WHERE ( room_id='101'and starttime>=''and  starttime<'' and endtime>=''and order_status='已支付' )  [ RunTime:0.0003s ]
SQL: SELECT * FROM `hotel_room_order` WHERE ( room_id='101'and starttime>='' and endtime<=''and order_status='到店付' )  [ RunTime:0.0003s ]
SQL: SELECT * FROM `hotel_room_order` WHERE ( room_id='101'and starttime>='' and endtime<=''and order_status='已支付' )  [ RunTime:0.0003s ]
NOTIC: [8] Undefined offset: 4 H:\xampp\htdocs\hotel\Application\Home\Controller\IndexController.class.php 第 173 行.
SQL: SELECT * FROM `hotel_room_order` WHERE ( room_id='202'and starttime<=''and endtime>'' and starttime<'' and endtime>=''and order_status='到店付' )  [ RunTime:0.0003s ]
SQL: SELECT * FROM `hotel_room_order` WHERE ( room_id='202'and starttime<=''and endtime>'' and starttime<'' and endtime>=''and order_status='已支付' )  [ RunTime:0.0003s ]
SQL: SELECT * FROM `hotel_room_order` WHERE ( room_id='202'and starttime<=''and endtime>'' and  endtime<=''and order_status='到店付' )  [ RunTime:0.0003s ]
SQL: SELECT * FROM `hotel_room_order` WHERE ( room_id='202'and starttime<=''and endtime>'' and  endtime<=''and order_status='已支付' )  [ RunTime:0.0003s ]
SQL: SELECT * FROM `hotel_room_order` WHERE ( room_id='202'and starttime>=''and  starttime<'' and endtime>=''and order_status='到店付' )  [ RunTime:0.0003s ]
SQL: SELECT * FROM `hotel_room_order` WHERE ( room_id='202'and starttime>=''and  starttime<'' and endtime>=''and order_status='已支付' )  [ RunTime:0.0003s ]
SQL: SELECT * FROM `hotel_room_order` WHERE ( room_id='202'and starttime>='' and endtime<=''and order_status='到店付' )  [ RunTime:0.0003s ]
SQL: SELECT * FROM `hotel_room_order` WHERE ( room_id='202'and starttime>='' and endtime<=''and order_status='已支付' )  [ RunTime:0.0003s ]
NOTIC: [8] Undefined offset: 4 H:\xampp\htdocs\hotel\Application\Home\Controller\IndexController.class.php 第 173 行.
SQL: SELECT * FROM `hotel_room_order` WHERE ( room_id='207'and starttime<=''and endtime>'' and starttime<'' and endtime>=''and order_status='到店付' )  [ RunTime:0.0003s ]
SQL: SELECT * FROM `hotel_room_order` WHERE ( room_id='207'and starttime<=''and endtime>'' and starttime<'' and endtime>=''and order_status='已支付' )  [ RunTime:0.0004s ]
SQL: SELECT * FROM `hotel_room_order` WHERE ( room_id='207'and starttime<=''and endtime>'' and  endtime<=''and order_status='到店付' )  [ RunTime:0.0003s ]
SQL: SELECT * FROM `hotel_room_order` WHERE ( room_id='207'and starttime<=''and endtime>'' and  endtime<=''and order_status='已支付' )  [ RunTime:0.0004s ]
SQL: SELECT * FROM `hotel_room_order` WHERE ( room_id='207'and starttime>=''and  starttime<'' and endtime>=''and order_status='到店付' )  [ RunTime:0.0005s ]
SQL: SELECT * FROM `hotel_room_order` WHERE ( room_id='207'and starttime>=''and  starttime<'' and endtime>=''and order_status='已支付' )  [ RunTime:0.0004s ]
SQL: SELECT * FROM `hotel_room_order` WHERE ( room_id='207'and starttime>='' and endtime<=''and order_status='到店付' )  [ RunTime:0.0003s ]
SQL: SELECT * FROM `hotel_room_order` WHERE ( room_id='207'and starttime>='' and endtime<=''and order_status='已支付' )  [ RunTime:0.0003s ]
NOTIC: [8] Undefined offset: 4 H:\xampp\htdocs\hotel\Application\Home\Controller\IndexController.class.php 第 173 行.
SQL: SELECT * FROM `hotel_room_order` WHERE ( room_id='208'and starttime<=''and endtime>'' and starttime<'' and endtime>=''and order_status='到店付' )  [ RunTime:0.0003s ]
SQL: SELECT * FROM `hotel_room_order` WHERE ( room_id='208'and starttime<=''and endtime>'' and starttime<'' and endtime>=''and order_status='已支付' )  [ RunTime:0.0003s ]
SQL: SELECT * FROM `hotel_room_order` WHERE ( room_id='208'and starttime<=''and endtime>'' and  endtime<=''and order_status='到店付' )  [ RunTime:0.0003s ]
SQL: SELECT * FROM `hotel_room_order` WHERE ( room_id='208'and starttime<=''and endtime>'' and  endtime<=''and order_status='已支付' )  [ RunTime:0.0003s ]
SQL: SELECT * FROM `hotel_room_order` WHERE ( room_id='208'and starttime>=''and  starttime<'' and endtime>=''and order_status='到店付' )  [ RunTime:0.0003s ]
SQL: SELECT * FROM `hotel_room_order` WHERE ( room_id='208'and starttime>=''and  starttime<'' and endtime>=''and order_status='已支付' )  [ RunTime:0.0003s ]
SQL: SELECT * FROM `hotel_room_order` WHERE ( room_id='208'and starttime>='' and endtime<=''and order_status='到店付' )  [ RunTime:0.0003s ]
SQL: SELECT * FROM `hotel_room_order` WHERE ( room_id='208'and starttime>='' and endtime<=''and order_status='已支付' )  [ RunTime:0.0003s ]
NOTIC: [8] Undefined offset: 4 H:\xampp\htdocs\hotel\Application\Home\Controller\IndexController.class.php 第 173 行.
NOTIC: [8] Undefined offset: 4 H:\xampp\htdocs\hotel\Application\Home\Controller\IndexController.class.php 第 159 行.
SQL: SELECT * FROM `hotel_room_order` WHERE ( room_id=''and starttime<=''and endtime>'' and starttime<'' and endtime>=''and order_status='到店付' )  [ RunTime:0.0003s ]
SQL: SELECT * FROM `hotel_room_order` WHERE ( room_id=''and starttime<=''and endtime>'' and starttime<'' and endtime>=''and order_status='已支付' )  [ RunTime:0.0004s ]
SQL: SELECT * FROM `hotel_room_order` WHERE ( room_id=''and starttime<=''and endtime>'' and  endtime<=''and order_status='到店付' )  [ RunTime:0.0005s ]
SQL: SELECT * FROM `hotel_room_order` WHERE ( room_id=''and starttime<=''and endtime>'' and  endtime<=''and order_status='已支付' )  [ RunTime:0.0004s ]
SQL: SELECT * FROM `hotel_room_order` WHERE ( room_id=''and starttime>=''and  starttime<'' and endtime>=''and order_status='到店付' )  [ RunTime:0.0003s ]
SQL: SELECT * FROM `hotel_room_order` WHERE ( room_id=''and starttime>=''and  starttime<'' and endtime>=''and order_status='已支付' )  [ RunTime:0.0003s ]
SQL: SELECT * FROM `hotel_room_order` WHERE ( room_id=''and starttime>='' and endtime<=''and order_status='到店付' )  [ RunTime:0.0003s ]
SQL: SELECT * FROM `hotel_room_order` WHERE ( room_id=''and starttime>='' and endtime<=''and order_status='已支付' )  [ RunTime:0.0004s ]
NOTIC: [8] Undefined offset: 4 H:\xampp\htdocs\hotel\Application\Home\Controller\IndexController.class.php 第 173 行.
SQL: SHOW COLUMNS FROM `hotel_room_show` [ RunTime:0.0357s ]
SQL: SELECT `room_description` FROM `hotel_room_show` WHERE ( room_category='标准单人房' )  [ RunTime:0.0008s ]
SQL: SELECT `room_description` FROM `hotel_room_show` WHERE ( room_category='标准双人房' )  [ RunTime:0.0002s ]
SQL: SELECT `room_description` FROM `hotel_room_show` WHERE ( room_category='豪华单人房' )  [ RunTime:0.0001s ]
SQL: SELECT `room_description` FROM `hotel_room_show` WHERE ( room_category='豪华双人房' )  [ RunTime:0.0001s ]
SQL: SELECT `room_pictures` FROM `hotel_room_show` WHERE ( room_category='标准单人房' )  [ RunTime:0.0001s ]
SQL: SELECT `room_pictures` FROM `hotel_room_show` WHERE ( room_category='标准双人房' )  [ RunTime:0.0001s ]
SQL: SELECT `room_pictures` FROM `hotel_room_show` WHERE ( room_category='豪华单人房' )  [ RunTime:0.0001s ]
SQL: SELECT `room_pictures` FROM `hotel_room_show` WHERE ( room_category='豪华双人房' )  [ RunTime:0.0001s ]
INFO: [ view_parse ] --START--
INFO: [ template_filter ] --START--
INFO: Run Behavior\ContentReplaceBehavior [ RunTime:0.000063s ]
INFO: [ template_filter ] --END-- [ RunTime:0.000110s ]
INFO: Run Behavior\ParseTemplateBehavior [ RunTime:0.026123s ]
INFO: [ view_parse ] --END-- [ RunTime:0.026176s ]
INFO: [ view_filter ] --START--
INFO: Run Behavior\WriteHtmlCacheBehavior [ RunTime:0.000496s ]
INFO: [ view_filter ] --END-- [ RunTime:0.000527s ]
INFO: [ app_end ] --START--
INFO: Run Behavior\ShowPageTraceBehavior [ RunTime:0.000888s ]
INFO: [ app_end ] --END-- [ RunTime:0.000952s ]
NOTIC: [8] Constant APP_DEBUG already defined H:\xampp\htdocs\hotel\index.php 第 30 行.

[ 2017-01-07T11:38:47+08:00 ] 127.0.0.1 /hotel/index.php?m=Home&c=index&a=hyquanyi
INFO: [ app_init ] --START--
INFO: Run Behavior\BuildLiteBehavior [ RunTime:0.000011s ]
INFO: [ app_init ] --END-- [ RunTime:0.000058s ]
INFO: [ app_begin ] --START--
INFO: Run Behavior\ReadHtmlCacheBehavior [ RunTime:0.000709s ]
INFO: [ app_begin ] --END-- [ RunTime:0.000751s ]
NOTIC: [8] Undefined index: user_nickname H:\xampp\htdocs\hotel\Application\Home\Controller\IndexController.class.php 第 15 行.
INFO: [ view_parse ] --START--
INFO: [ template_filter ] --START--
INFO: Run Behavior\ContentReplaceBehavior [ RunTime:0.000172s ]
INFO: [ template_filter ] --END-- [ RunTime:0.000240s ]
INFO: Run Behavior\ParseTemplateBehavior [ RunTime:0.044733s ]
INFO: [ view_parse ] --END-- [ RunTime:0.044783s ]
INFO: [ view_filter ] --START--
INFO: Run Behavior\WriteHtmlCacheBehavior [ RunTime:0.000491s ]
INFO: [ view_filter ] --END-- [ RunTime:0.000523s ]
INFO: [ app_end ] --START--
INFO: Run Behavior\ShowPageTraceBehavior [ RunTime:0.000836s ]
INFO: [ app_end ] --END-- [ RunTime:0.000912s ]
NOTIC: [8] Constant APP_DEBUG already defined H:\xampp\htdocs\hotel\index.php 第 30 行.

[ 2017-01-07T11:38:59+08:00 ] 127.0.0.1 /hotel/index.php?m=Home&c=index&a=index
INFO: [ app_init ] --START--
INFO: Run Behavior\BuildLiteBehavior [ RunTime:0.000009s ]
INFO: [ app_init ] --END-- [ RunTime:0.000048s ]
INFO: [ app_begin ] --START--
INFO: Run Behavior\ReadHtmlCacheBehavior [ RunTime:0.000595s ]
INFO: [ app_begin ] --END-- [ RunTime:0.000638s ]
NOTIC: [8] Undefined index: user_nickname H:\xampp\htdocs\hotel\Application\Home\Controller\IndexController.class.php 第 15 行.
INFO: [ view_parse ] --START--
INFO: [ template_filter ] --START--
INFO: Run Behavior\ContentReplaceBehavior [ RunTime:0.000071s ]
INFO: [ template_filter ] --END-- [ RunTime:0.000116s ]
INFO: Run Behavior\ParseTemplateBehavior [ RunTime:0.007368s ]
INFO: [ view_parse ] --END-- [ RunTime:0.007408s ]
INFO: [ view_filter ] --START--
INFO: Run Behavior\WriteHtmlCacheBehavior [ RunTime:0.000421s ]
INFO: [ view_filter ] --END-- [ RunTime:0.000446s ]
INFO: [ app_end ] --START--
INFO: Run Behavior\ShowPageTraceBehavior [ RunTime:0.000761s ]
INFO: [ app_end ] --END-- [ RunTime:0.000811s ]
NOTIC: [8] Constant APP_DEBUG already defined H:\xampp\htdocs\hotel\index.php 第 30 行.

[ 2017-01-07T11:39:02+08:00 ] 127.0.0.1 /hotel/index.php?m=Home&c=index&a=environment
INFO: [ app_init ] --START--
INFO: Run Behavior\BuildLiteBehavior [ RunTime:0.000011s ]
INFO: [ app_init ] --END-- [ RunTime:0.000054s ]
INFO: [ app_begin ] --START--
INFO: Run Behavior\ReadHtmlCacheBehavior [ RunTime:0.000456s ]
INFO: [ app_begin ] --END-- [ RunTime:0.000500s ]
NOTIC: [8] Undefined index: user_nickname H:\xampp\htdocs\hotel\Application\Home\Controller\IndexController.class.php 第 15 行.
SQL: SHOW COLUMNS FROM `hotel_room` [ RunTime:0.0628s ]
SQL: SELECT `room_price` FROM `hotel_room` WHERE ( room_category='标准单人房' )  [ RunTime:0.0004s ]
SQL: SELECT `room_price` FROM `hotel_room` WHERE ( room_category='标准双人房' )  [ RunTime:0.0002s ]
SQL: SELECT `room_price` FROM `hotel_room` WHERE ( room_category='豪华单人房' )  [ RunTime:0.0002s ]
SQL: SELECT `room_price` FROM `hotel_room` WHERE ( room_category='豪华双人房' )  [ RunTime:0.0002s ]
SQL: SELECT COUNT(*) AS tp_count FROM `hotel_room` WHERE ( room_category='标准单人房' ) LIMIT 1   [ RunTime:0.0002s ]
SQL: SELECT `room_id` FROM `hotel_room` WHERE ( room_category='标准单人房' )  [ RunTime:0.0002s ]
SQL: SELECT COUNT(*) AS tp_count FROM `hotel_room` WHERE ( room_category='标准双人房' ) LIMIT 1   [ RunTime:0.0002s ]
SQL: SELECT `room_id` FROM `hotel_room` WHERE ( room_category='标准双人房' )  [ RunTime:0.0002s ]
SQL: SELECT COUNT(*) AS tp_count FROM `hotel_room` WHERE ( room_category='豪华单人房' ) LIMIT 1   [ RunTime:0.0002s ]
SQL: SELECT `room_id` FROM `hotel_room` WHERE ( room_category='豪华单人房' )  [ RunTime:0.0002s ]
SQL: SELECT COUNT(*) AS tp_count FROM `hotel_room` WHERE ( room_category='豪华双人房' ) LIMIT 1   [ RunTime:0.0002s ]
SQL: SELECT `room_id` FROM `hotel_room` WHERE ( room_category='豪华双人房' )  [ RunTime:0.0002s ]
SQL: SHOW COLUMNS FROM `hotel_room_order` [ RunTime:0.0733s ]
SQL: SELECT * FROM `hotel_room_order` WHERE ( room_id='103'and starttime<='2017-01-07'and endtime>'2017-01-07' and starttime<'2017-01-08' and endtime>='2017-01-08'and order_status='到店付' )  [ RunTime:0.0008s ]
SQL: SELECT * FROM `hotel_room_order` WHERE ( room_id='103'and starttime<='2017-01-07'and endtime>'2017-01-07' and starttime<'2017-01-08' and endtime>='2017-01-08'and order_status='已支付' )  [ RunTime:0.0007s ]
SQL: SELECT * FROM `hotel_room_order` WHERE ( room_id='103'and starttime<='2017-01-07'and endtime>'2017-01-07' and  endtime<='2017-01-08'and order_status='到店付' )  [ RunTime:0.0007s ]
SQL: SELECT * FROM `hotel_room_order` WHERE ( room_id='103'and starttime<='2017-01-07'and endtime>'2017-01-07' and  endtime<='2017-01-08'and order_status='已支付' )  [ RunTime:0.0007s ]
SQL: SELECT * FROM `hotel_room_order` WHERE ( room_id='103'and starttime>='2017-01-07'and  starttime<'2017-01-08' and endtime>='2017-01-08'and order_status='到店付' )  [ RunTime:0.0008s ]
SQL: SELECT * FROM `hotel_room_order` WHERE ( room_id='103'and starttime>='2017-01-07'and  starttime<'2017-01-08' and endtime>='2017-01-08'and order_status='已支付' )  [ RunTime:0.0009s ]
SQL: SELECT * FROM `hotel_room_order` WHERE ( room_id='103'and starttime>='2017-01-07' and endtime<='2017-01-08'and order_status='到店付' )  [ RunTime:0.0008s ]
SQL: SELECT * FROM `hotel_room_order` WHERE ( room_id='103'and starttime>='2017-01-07' and endtime<='2017-01-08'and order_status='已支付' )  [ RunTime:0.0009s ]
NOTIC: [8] Undefined offset: 6 H:\xampp\htdocs\hotel\Application\Home\Controller\IndexController.class.php 第 95 行.
SQL: SELECT * FROM `hotel_room_order` WHERE ( room_id='105'and starttime<='2017-01-07'and endtime>'2017-01-07' and starttime<'2017-01-08' and endtime>='2017-01-08'and order_status='到店付' )  [ RunTime:0.0007s ]
SQL: SELECT * FROM `hotel_room_order` WHERE ( room_id='105'and starttime<='2017-01-07'and endtime>'2017-01-07' and starttime<'2017-01-08' and endtime>='2017-01-08'and order_status='已支付' )  [ RunTime:0.0007s ]
SQL: SELECT * FROM `hotel_room_order` WHERE ( room_id='105'and starttime<='2017-01-07'and endtime>'2017-01-07' and  endtime<='2017-01-08'and order_status='到店付' )  [ RunTime:0.0008s ]
SQL: SELECT * FROM `hotel_room_order` WHERE ( room_id='105'and starttime<='2017-01-07'and endtime>'2017-01-07' and  endtime<='2017-01-08'and order_status='已支付' )  [ RunTime:0.0010s ]
SQL: SELECT * FROM `hotel_room_order` WHERE ( room_id='105'and starttime>='2017-01-07'and  starttime<'2017-01-08' and endtime>='2017-01-08'and order_status='到店付' )  [ RunTime:0.0007s ]
SQL: SELECT * FROM `hotel_room_order` WHERE ( room_id='105'and starttime>='2017-01-07'and  starttime<'2017-01-08' and endtime>='2017-01-08'and order_status='已支付' )  [ RunTime:0.0007s ]
SQL: SELECT * FROM `hotel_room_order` WHERE ( room_id='105'and starttime>='2017-01-07' and endtime<='2017-01-08'and order_status='到店付' )  [ RunTime:0.0006s ]
SQL: SELECT * FROM `hotel_room_order` WHERE ( room_id='105'and starttime>='2017-01-07' and endtime<='2017-01-08'and order_status='已支付' )  [ RunTime:0.0006s ]
NOTIC: [8] Undefined offset: 6 H:\xampp\htdocs\hotel\Application\Home\Controller\IndexController.class.php 第 95 行.
SQL: SELECT * FROM `hotel_room_order` WHERE ( room_id='110'and starttime<='2017-01-07'and endtime>'2017-01-07' and starttime<'2017-01-08' and endtime>='2017-01-08'and order_status='到店付' )  [ RunTime:0.0007s ]
SQL: SELECT * FROM `hotel_room_order` WHERE ( room_id='110'and starttime<='2017-01-07'and endtime>'2017-01-07' and starttime<'2017-01-08' and endtime>='2017-01-08'and order_status='已支付' )  [ RunTime:0.0008s ]
SQL: SELECT * FROM `hotel_room_order` WHERE ( room_id='110'and starttime<='2017-01-07'and endtime>'2017-01-07' and  endtime<='2017-01-08'and order_status='到店付' )  [ RunTime:0.0006s ]
SQL: SELECT * FROM `hotel_room_order` WHERE ( room_id='110'and starttime<='2017-01-07'and endtime>'2017-01-07' and  endtime<='2017-01-08'and order_status='已支付' )  [ RunTime:0.0007s ]
SQL: SELECT * FROM `hotel_room_order` WHERE ( room_id='110'and starttime>='2017-01-07'and  starttime<'2017-01-08' and endtime>='2017-01-08'and order_status='到店付' )  [ RunTime:0.0007s ]
SQL: SELECT * FROM `hotel_room_order` WHERE ( room_id='110'and starttime>='2017-01-07'and  starttime<'2017-01-08' and endtime>='2017-01-08'and order_status='已支付' )  [ RunTime:0.0009s ]
SQL: SELECT * FROM `hotel_room_order` WHERE ( room_id='110'and starttime>='2017-01-07' and endtime<='2017-01-08'and order_status='到店付' )  [ RunTime:0.0010s ]
SQL: SELECT * FROM `hotel_room_order` WHERE ( room_id='110'and starttime>='2017-01-07' and endtime<='2017-01-08'and order_status='已支付' )  [ RunTime:0.0009s ]
NOTIC: [8] Undefined offset: 6 H:\xampp\htdocs\hotel\Application\Home\Controller\IndexController.class.php 第 95 行.
SQL: SELECT * FROM `hotel_room_order` WHERE ( room_id='113'and starttime<='2017-01-07'and endtime>'2017-01-07' and starttime<'2017-01-08' and endtime>='2017-01-08'and order_status='到店付' )  [ RunTime:0.0007s ]
SQL: SELECT * FROM `hotel_room_order` WHERE ( room_id='113'and starttime<='2017-01-07'and endtime>'2017-01-07' and starttime<'2017-01-08' and endtime>='2017-01-08'and order_status='已支付' )  [ RunTime:0.0007s ]
SQL: SELECT * FROM `hotel_room_order` WHERE ( room_id='113'and starttime<='2017-01-07'and endtime>'2017-01-07' and  endtime<='2017-01-08'and order_status='到店付' )  [ RunTime:0.0006s ]
SQL: SELECT * FROM `hotel_room_order` WHERE ( room_id='113'and starttime<='2017-01-07'and endtime>'2017-01-07' and  endtime<='2017-01-08'and order_status='已支付' )  [ RunTime:0.0008s ]
SQL: SELECT * FROM `hotel_room_order` WHERE ( room_id='113'and starttime>='2017-01-07'and  starttime<'2017-01-08' and endtime>='2017-01-08'and order_status='到店付' )  [ RunTime:0.0007s ]
SQL: SELECT * FROM `hotel_room_order` WHERE ( room_id='113'and starttime>='2017-01-07'and  starttime<'2017-01-08' and endtime>='2017-01-08'and order_status='已支付' )  [ RunTime:0.0004s ]
SQL: SELECT * FROM `hotel_room_order` WHERE ( room_id='113'and starttime>='2017-01-07' and endtime<='2017-01-08'and order_status='到店付' )  [ RunTime:0.0004s ]
SQL: SELECT * FROM `hotel_room_order` WHERE ( room_id='113'and starttime>='2017-01-07' and endtime<='2017-01-08'and order_status='已支付' )  [ RunTime:0.0004s ]
NOTIC: [8] Undefined offset: 6 H:\xampp\htdocs\hotel\Application\Home\Controller\IndexController.class.php 第 95 行.
SQL: SELECT * FROM `hotel_room_order` WHERE ( room_id='203'and starttime<='2017-01-07'and endtime>'2017-01-07' and starttime<'2017-01-08' and endtime>='2017-01-08'and order_status='到店付' )  [ RunTime:0.0004s ]
SQL: SELECT * FROM `hotel_room_order` WHERE ( room_id='203'and starttime<='2017-01-07'and endtime>'2017-01-07' and starttime<'2017-01-08' and endtime>='2017-01-08'and order_status='已支付' )  [ RunTime:0.0004s ]
SQL: SELECT * FROM `hotel_room_order` WHERE ( room_id='203'and starttime<='2017-01-07'and endtime>'2017-01-07' and  endtime<='2017-01-08'and order_status='到店付' )  [ RunTime:0.0004s ]
SQL: SELECT * FROM `hotel_room_order` WHERE ( room_id='203'and starttime<='2017-01-07'and endtime>'2017-01-07' and  endtime<='2017-01-08'and order_status='已支付' )  [ RunTime:0.0004s ]
SQL: SELECT * FROM `hotel_room_order` WHERE ( room_id='203'and starttime>='2017-01-07'and  starttime<'2017-01-08' and endtime>='2017-01-08'and order_status='到店付' )  [ RunTime:0.0004s ]
SQL: SELECT * FROM `hotel_room_order` WHERE ( room_id='203'and starttime>='2017-01-07'and  starttime<'2017-01-08' and endtime>='2017-01-08'and order_status='已支付' )  [ RunTime:0.0004s ]
SQL: SELECT * FROM `hotel_room_order` WHERE ( room_id='203'and starttime>='2017-01-07' and endtime<='2017-01-08'and order_status='到店付' )  [ RunTime:0.0004s ]
SQL: SELECT * FROM `hotel_room_order` WHERE ( room_id='203'and starttime>='2017-01-07' and endtime<='2017-01-08'and order_status='已支付' )  [ RunTime:0.0004s ]
NOTIC: [8] Undefined offset: 6 H:\xampp\htdocs\hotel\Application\Home\Controller\IndexController.class.php 第 95 行.
SQL: SELECT * FROM `hotel_room_order` WHERE ( room_id='206'and starttime<='2017-01-07'and endtime>'2017-01-07' and starttime<'2017-01-08' and endtime>='2017-01-08'and order_status='到店付' )  [ RunTime:0.0004s ]
SQL: SELECT * FROM `hotel_room_order` WHERE ( room_id='206'and starttime<='2017-01-07'and endtime>'2017-01-07' and starttime<'2017-01-08' and endtime>='2017-01-08'and order_status='已支付' )  [ RunTime:0.0004s ]
SQL: SELECT * FROM `hotel_room_order` WHERE ( room_id='206'and starttime<='2017-01-07'and endtime>'2017-01-07' and  endtime<='2017-01-08'and order_status='到店付' )  [ RunTime:0.0004s ]
SQL: SELECT * FROM `hotel_room_order` WHERE ( room_id='206'and starttime<='2017-01-07'and endtime>'2017-01-07' and  endtime<='2017-01-08'and order_status='已支付' )  [ RunTime:0.0004s ]
SQL: SELECT * FROM `hotel_room_order` WHERE ( room_id='206'and starttime>='2017-01-07'and  starttime<'2017-01-08' and endtime>='2017-01-08'and order_status='到店付' )  [ RunTime:0.0005s ]
SQL: SELECT * FROM `hotel_room_order` WHERE ( room_id='206'and starttime>='2017-01-07'and  starttime<'2017-01-08' and endtime>='2017-01-08'and order_status='已支付' )  [ RunTime:0.0006s ]
SQL: SELECT * FROM `hotel_room_order` WHERE ( room_id='206'and starttime>='2017-01-07' and endtime<='2017-01-08'and order_status='到店付' )  [ RunTime:0.0004s ]
SQL: SELECT * FROM `hotel_room_order` WHERE ( room_id='206'and starttime>='2017-01-07' and endtime<='2017-01-08'and order_status='已支付' )  [ RunTime:0.0004s ]
NOTIC: [8] Undefined offset: 6 H:\xampp\htdocs\hotel\Application\Home\Controller\IndexController.class.php 第 95 行.
NOTIC: [8] Undefined offset: 6 H:\xampp\htdocs\hotel\Application\Home\Controller\IndexController.class.php 第 81 行.
SQL: SELECT * FROM `hotel_room_order` WHERE ( room_id=''and starttime<='2017-01-07'and endtime>'2017-01-07' and starttime<'2017-01-08' and endtime>='2017-01-08'and order_status='到店付' )  [ RunTime:0.0005s ]
SQL: SELECT * FROM `hotel_room_order` WHERE ( room_id=''and starttime<='2017-01-07'and endtime>'2017-01-07' and starttime<'2017-01-08' and endtime>='2017-01-08'and order_status='已支付' )  [ RunTime:0.0004s ]
SQL: SELECT * FROM `hotel_room_order` WHERE ( room_id=''and starttime<='2017-01-07'and endtime>'2017-01-07' and  endtime<='2017-01-08'and order_status='到店付' )  [ RunTime:0.0005s ]
SQL: SELECT * FROM `hotel_room_order` WHERE ( room_id=''and starttime<='2017-01-07'and endtime>'2017-01-07' and  endtime<='2017-01-08'and order_status='已支付' )  [ RunTime:0.0007s ]
SQL: SELECT * FROM `hotel_room_order` WHERE ( room_id=''and starttime>='2017-01-07'and  starttime<'2017-01-08' and endtime>='2017-01-08'and order_status='到店付' )  [ RunTime:0.0006s ]
SQL: SELECT * FROM `hotel_room_order` WHERE ( room_id=''and starttime>='2017-01-07'and  starttime<'2017-01-08' and endtime>='2017-01-08'and order_status='已支付' )  [ RunTime:0.0006s ]
SQL: SELECT * FROM `hotel_room_order` WHERE ( room_id=''and starttime>='2017-01-07' and endtime<='2017-01-08'and order_status='到店付' )  [ RunTime:0.0005s ]
SQL: SELECT * FROM `hotel_room_order` WHERE ( room_id=''and starttime>='2017-01-07' and endtime<='2017-01-08'and order_status='已支付' )  [ RunTime:0.0004s ]
NOTIC: [8] Undefined offset: 6 H:\xampp\htdocs\hotel\Application\Home\Controller\IndexController.class.php 第 95 行.
SQL: SELECT * FROM `hotel_room_order` WHERE ( room_id='104'and starttime<='2017-01-07'and endtime>'2017-01-07' and starttime<'2017-01-08' and endtime>='2017-01-08'and order_status='到店付' )  [ RunTime:0.0004s ]
SQL: SELECT * FROM `hotel_room_order` WHERE ( room_id='104'and starttime<='2017-01-07'and endtime>'2017-01-07' and starttime<'2017-01-08' and endtime>='2017-01-08'and order_status='已支付' )  [ RunTime:0.0004s ]
SQL: SELECT * FROM `hotel_room_order` WHERE ( room_id='104'and starttime<='2017-01-07'and endtime>'2017-01-07' and  endtime<='2017-01-08'and order_status='到店付' )  [ RunTime:0.0004s ]
SQL: SELECT * FROM `hotel_room_order` WHERE ( room_id='104'and starttime<='2017-01-07'and endtime>'2017-01-07' and  endtime<='2017-01-08'and order_status='已支付' )  [ RunTime:0.0004s ]
SQL: SELECT * FROM `hotel_room_order` WHERE ( room_id='104'and starttime>='2017-01-07'and  starttime<'2017-01-08' and endtime>='2017-01-08'and order_status='到店付' )  [ RunTime:0.0004s ]
SQL: SELECT * FROM `hotel_room_order` WHERE ( room_id='104'and starttime>='2017-01-07'and  starttime<'2017-01-08' and endtime>='2017-01-08'and order_status='已支付' )  [ RunTime:0.0004s ]
SQL: SELECT * FROM `hotel_room_order` WHERE ( room_id='104'and starttime>='2017-01-07' and endtime<='2017-01-08'and order_status='到店付' )  [ RunTime:0.0005s ]
SQL: SELECT * FROM `hotel_room_order` WHERE ( room_id='104'and starttime>='2017-01-07' and endtime<='2017-01-08'and order_status='已支付' )  [ RunTime:0.0004s ]
NOTIC: [8] Undefined offset: 5 H:\xampp\htdocs\hotel\Application\Home\Controller\IndexController.class.php 第 121 行.
SQL: SELECT * FROM `hotel_room_order` WHERE ( room_id='106'and starttime<='2017-01-07'and endtime>'2017-01-07' and starttime<'2017-01-08' and endtime>='2017-01-08'and order_status='到店付' )  [ RunTime:0.0004s ]
SQL: SELECT * FROM `hotel_room_order` WHERE ( room_id='106'and starttime<='2017-01-07'and endtime>'2017-01-07' and starttime<'2017-01-08' and endtime>='2017-01-08'and order_status='已支付' )  [ RunTime:0.0004s ]
SQL: SELECT * FROM `hotel_room_order` WHERE ( room_id='106'and starttime<='2017-01-07'and endtime>'2017-01-07' and  endtime<='2017-01-08'and order_status='到店付' )  [ RunTime:0.0004s ]
SQL: SELECT * FROM `hotel_room_order` WHERE ( room_id='106'and starttime<='2017-01-07'and endtime>'2017-01-07' and  endtime<='2017-01-08'and order_status='已支付' )  [ RunTime:0.0004s ]
SQL: SELECT * FROM `hotel_room_order` WHERE ( room_id='106'and starttime>='2017-01-07'and  starttime<'2017-01-08' and endtime>='2017-01-08'and order_status='到店付' )  [ RunTime:0.0004s ]
SQL: SELECT * FROM `hotel_room_order` WHERE ( room_id='106'and starttime>='2017-01-07'and  starttime<'2017-01-08' and endtime>='2017-01-08'and order_status='已支付' )  [ RunTime:0.0004s ]
SQL: SELECT * FROM `hotel_room_order` WHERE ( room_id='106'and starttime>='2017-01-07' and endtime<='2017-01-08'and order_status='到店付' )  [ RunTime:0.0004s ]
SQL: SELECT * FROM `hotel_room_order` WHERE ( room_id='106'and starttime>='2017-01-07' and endtime<='2017-01-08'and order_status='已支付' )  [ RunTime:0.0005s ]
NOTIC: [8] Undefined offset: 5 H:\xampp\htdocs\hotel\Application\Home\Controller\IndexController.class.php 第 121 行.
SQL: SELECT * FROM `hotel_room_order` WHERE ( room_id='201'and starttime<='2017-01-07'and endtime>'2017-01-07' and starttime<'2017-01-08' and endtime>='2017-01-08'and order_status='到店付' )  [ RunTime:0.0006s ]
SQL: SELECT * FROM `hotel_room_order` WHERE ( room_id='201'and starttime<='2017-01-07'and endtime>'2017-01-07' and starttime<'2017-01-08' and endtime>='2017-01-08'and order_status='已支付' )  [ RunTime:0.0005s ]
SQL: SELECT * FROM `hotel_room_order` WHERE ( room_id='201'and starttime<='2017-01-07'and endtime>'2017-01-07' and  endtime<='2017-01-08'and order_status='到店付' )  [ RunTime:0.0004s ]
SQL: SELECT * FROM `hotel_room_order` WHERE ( room_id='201'and starttime<='2017-01-07'and endtime>'2017-01-07' and  endtime<='2017-01-08'and order_status='已支付' )  [ RunTime:0.0004s ]
SQL: SELECT * FROM `hotel_room_order` WHERE ( room_id='201'and starttime>='2017-01-07'and  starttime<'2017-01-08' and endtime>='2017-01-08'and order_status='到店付' )  [ RunTime:0.0004s ]
SQL: SELECT * FROM `hotel_room_order` WHERE ( room_id='201'and starttime>='2017-01-07'and  starttime<'2017-01-08' and endtime>='2017-01-08'and order_status='已支付' )  [ RunTime:0.0004s ]
SQL: SELECT * FROM `hotel_room_order` WHERE ( room_id='201'and starttime>='2017-01-07' and endtime<='2017-01-08'and order_status='到店付' )  [ RunTime:0.0004s ]
SQL: SELECT * FROM `hotel_room_order` WHERE ( room_id='201'and starttime>='2017-01-07' and endtime<='2017-01-08'and order_status='已支付' )  [ RunTime:0.0004s ]
NOTIC: [8] Undefined offset: 5 H:\xampp\htdocs\hotel\Application\Home\Controller\IndexController.class.php 第 121 行.
SQL: SELECT * FROM `hotel_room_order` WHERE ( room_id='204'and starttime<='2017-01-07'and endtime>'2017-01-07' and starttime<'2017-01-08' and endtime>='2017-01-08'and order_status='到店付' )  [ RunTime:0.0004s ]
SQL: SELECT * FROM `hotel_room_order` WHERE ( room_id='204'and starttime<='2017-01-07'and endtime>'2017-01-07' and starttime<'2017-01-08' and endtime>='2017-01-08'and order_status='已支付' )  [ RunTime:0.0004s ]
SQL: SELECT * FROM `hotel_room_order` WHERE ( room_id='204'and starttime<='2017-01-07'and endtime>'2017-01-07' and  endtime<='2017-01-08'and order_status='到店付' )  [ RunTime:0.0004s ]
SQL: SELECT * FROM `hotel_room_order` WHERE ( room_id='204'and starttime<='2017-01-07'and endtime>'2017-01-07' and  endtime<='2017-01-08'and order_status='已支付' )  [ RunTime:0.0004s ]
SQL: SELECT * FROM `hotel_room_order` WHERE ( room_id='204'and starttime>='2017-01-07'and  starttime<'2017-01-08' and endtime>='2017-01-08'and order_status='到店付' )  [ RunTime:0.0004s ]
SQL: SELECT * FROM `hotel_room_order` WHERE ( room_id='204'and starttime>='2017-01-07'and  starttime<'2017-01-08' and endtime>='2017-01-08'and order_status='已支付' )  [ RunTime:0.0004s ]
SQL: SELECT * FROM `hotel_room_order` WHERE ( room_id='204'and starttime>='2017-01-07' and endtime<='2017-01-08'and order_status='到店付' )  [ RunTime:0.0004s ]
SQL: SELECT * FROM `hotel_room_order` WHERE ( room_id='204'and starttime>='2017-01-07' and endtime<='2017-01-08'and order_status='已支付' )  [ RunTime:0.0004s ]
NOTIC: [8] Undefined offset: 5 H:\xampp\htdocs\hotel\Application\Home\Controller\IndexController.class.php 第 121 行.
SQL: SELECT * FROM `hotel_room_order` WHERE ( room_id='205'and starttime<='2017-01-07'and endtime>'2017-01-07' and starttime<'2017-01-08' and endtime>='2017-01-08'and order_status='到店付' )  [ RunTime:0.0004s ]
SQL: SELECT * FROM `hotel_room_order` WHERE ( room_id='205'and starttime<='2017-01-07'and endtime>'2017-01-07' and starttime<'2017-01-08' and endtime>='2017-01-08'and order_status='已支付' )  [ RunTime:0.0004s ]
SQL: SELECT * FROM `hotel_room_order` WHERE ( room_id='205'and starttime<='2017-01-07'and endtime>'2017-01-07' and  endtime<='2017-01-08'and order_status='到店付' )  [ RunTime:0.0004s ]
SQL: SELECT * FROM `hotel_room_order` WHERE ( room_id='205'and starttime<='2017-01-07'and endtime>'2017-01-07' and  endtime<='2017-01-08'and order_status='已支付' )  [ RunTime:0.0004s ]
SQL: SELECT * FROM `hotel_room_order` WHERE ( room_id='205'and starttime>='2017-01-07'and  starttime<'2017-01-08' and endtime>='2017-01-08'and order_status='到店付' )  [ RunTime:0.0004s ]
SQL: SELECT * FROM `hotel_room_order` WHERE ( room_id='205'and starttime>='2017-01-07'and  starttime<'2017-01-08' and endtime>='2017-01-08'and order_status='已支付' )  [ RunTime:0.0004s ]
SQL: SELECT * FROM `hotel_room_order` WHERE ( room_id='205'and starttime>='2017-01-07' and endtime<='2017-01-08'and order_status='到店付' )  [ RunTime:0.0004s ]
SQL: SELECT * FROM `hotel_room_order` WHERE ( room_id='205'and starttime>='2017-01-07' and endtime<='2017-01-08'and order_status='已支付' )  [ RunTime:0.0004s ]
NOTIC: [8] Undefined offset: 5 H:\xampp\htdocs\hotel\Application\Home\Controller\IndexController.class.php 第 121 行.
NOTIC: [8] Undefined offset: 5 H:\xampp\htdocs\hotel\Application\Home\Controller\IndexController.class.php 第 107 行.
SQL: SELECT * FROM `hotel_room_order` WHERE ( room_id=''and starttime<='2017-01-07'and endtime>'2017-01-07' and starttime<'2017-01-08' and endtime>='2017-01-08'and order_status='到店付' )  [ RunTime:0.0004s ]
SQL: SELECT * FROM `hotel_room_order` WHERE ( room_id=''and starttime<='2017-01-07'and endtime>'2017-01-07' and starttime<'2017-01-08' and endtime>='2017-01-08'and order_status='已支付' )  [ RunTime:0.0004s ]
SQL: SELECT * FROM `hotel_room_order` WHERE ( room_id=''and starttime<='2017-01-07'and endtime>'2017-01-07' and  endtime<='2017-01-08'and order_status='到店付' )  [ RunTime:0.0004s ]
SQL: SELECT * FROM `hotel_room_order` WHERE ( room_id=''and starttime<='2017-01-07'and endtime>'2017-01-07' and  endtime<='2017-01-08'and order_status='已支付' )  [ RunTime:0.0004s ]
SQL: SELECT * FROM `hotel_room_order` WHERE ( room_id=''and starttime>='2017-01-07'and  starttime<'2017-01-08' and endtime>='2017-01-08'and order_status='到店付' )  [ RunTime:0.0004s ]
SQL: SELECT * FROM `hotel_room_order` WHERE ( room_id=''and starttime>='2017-01-07'and  starttime<'2017-01-08' and endtime>='2017-01-08'and order_status='已支付' )  [ RunTime:0.0005s ]
SQL: SELECT * FROM `hotel_room_order` WHERE ( room_id=''and starttime>='2017-01-07' and endtime<='2017-01-08'and order_status='到店付' )  [ RunTime:0.0004s ]
SQL: SELECT * FROM `hotel_room_order` WHERE ( room_id=''and starttime>='2017-01-07' and endtime<='2017-01-08'and order_status='已支付' )  [ RunTime:0.0006s ]
NOTIC: [8] Undefined offset: 5 H:\xampp\htdocs\hotel\Application\Home\Controller\IndexController.class.php 第 121 行.
SQL: SELECT * FROM `hotel_room_order` WHERE ( room_id='102'and starttime<='2017-01-07'and endtime>'2017-01-07' and starttime<'2017-01-08' and endtime>='2017-01-08'and order_status='到店付' )  [ RunTime:0.0005s ]
SQL: SELECT * FROM `hotel_room_order` WHERE ( room_id='102'and starttime<='2017-01-07'and endtime>'2017-01-07' and starttime<'2017-01-08' and endtime>='2017-01-08'and order_status='已支付' )  [ RunTime:0.0007s ]
SQL: SELECT * FROM `hotel_room_order` WHERE ( room_id='102'and starttime<='2017-01-07'and endtime>'2017-01-07' and  endtime<='2017-01-08'and order_status='到店付' )  [ RunTime:0.0006s ]
SQL: SELECT * FROM `hotel_room_order` WHERE ( room_id='102'and starttime<='2017-01-07'and endtime>'2017-01-07' and  endtime<='2017-01-08'and order_status='已支付' )  [ RunTime:0.0006s ]
SQL: SELECT * FROM `hotel_room_order` WHERE ( room_id='102'and starttime>='2017-01-07'and  starttime<'2017-01-08' and endtime>='2017-01-08'and order_status='到店付' )  [ RunTime:0.0005s ]
SQL: SELECT * FROM `hotel_room_order` WHERE ( room_id='102'and starttime>='2017-01-07'and  starttime<'2017-01-08' and endtime>='2017-01-08'and order_status='已支付' )  [ RunTime:0.0004s ]
SQL: SELECT * FROM `hotel_room_order` WHERE ( room_id='102'and starttime>='2017-01-07' and endtime<='2017-01-08'and order_status='到店付' )  [ RunTime:0.0004s ]
SQL: SELECT * FROM `hotel_room_order` WHERE ( room_id='102'and starttime>='2017-01-07' and endtime<='2017-01-08'and order_status='已支付' )  [ RunTime:0.0004s ]
NOTIC: [8] Undefined offset: 3 H:\xampp\htdocs\hotel\Application\Home\Controller\IndexController.class.php 第 147 行.
SQL: SELECT * FROM `hotel_room_order` WHERE ( room_id='107'and starttime<='2017-01-07'and endtime>'2017-01-07' and starttime<'2017-01-08' and endtime>='2017-01-08'and order_status='到店付' )  [ RunTime:0.0004s ]
SQL: SELECT * FROM `hotel_room_order` WHERE ( room_id='107'and starttime<='2017-01-07'and endtime>'2017-01-07' and starttime<'2017-01-08' and endtime>='2017-01-08'and order_status='已支付' )  [ RunTime:0.0004s ]
SQL: SELECT * FROM `hotel_room_order` WHERE ( room_id='107'and starttime<='2017-01-07'and endtime>'2017-01-07' and  endtime<='2017-01-08'and order_status='到店付' )  [ RunTime:0.0004s ]
SQL: SELECT * FROM `hotel_room_order` WHERE ( room_id='107'and starttime<='2017-01-07'and endtime>'2017-01-07' and  endtime<='2017-01-08'and order_status='已支付' )  [ RunTime:0.0004s ]
SQL: SELECT * FROM `hotel_room_order` WHERE ( room_id='107'and starttime>='2017-01-07'and  starttime<'2017-01-08' and endtime>='2017-01-08'and order_status='到店付' )  [ RunTime:0.0004s ]
SQL: SELECT * FROM `hotel_room_order` WHERE ( room_id='107'and starttime>='2017-01-07'and  starttime<'2017-01-08' and endtime>='2017-01-08'and order_status='已支付' )  [ RunTime:0.0004s ]
SQL: SELECT * FROM `hotel_room_order` WHERE ( room_id='107'and starttime>='2017-01-07' and endtime<='2017-01-08'and order_status='到店付' )  [ RunTime:0.0004s ]
SQL: SELECT * FROM `hotel_room_order` WHERE ( room_id='107'and starttime>='2017-01-07' and endtime<='2017-01-08'and order_status='已支付' )  [ RunTime:0.0004s ]
NOTIC: [8] Undefined offset: 3 H:\xampp\htdocs\hotel\Application\Home\Controller\IndexController.class.php 第 147 行.
SQL: SELECT * FROM `hotel_room_order` WHERE ( room_id='109'and starttime<='2017-01-07'and endtime>'2017-01-07' and starttime<'2017-01-08' and endtime>='2017-01-08'and order_status='到店付' )  [ RunTime:0.0004s ]
SQL: SELECT * FROM `hotel_room_order` WHERE ( room_id='109'and starttime<='2017-01-07'and endtime>'2017-01-07' and starttime<'2017-01-08' and endtime>='2017-01-08'and order_status='已支付' )  [ RunTime:0.0004s ]
SQL: SELECT * FROM `hotel_room_order` WHERE ( room_id='109'and starttime<='2017-01-07'and endtime>'2017-01-07' and  endtime<='2017-01-08'and order_status='到店付' )  [ RunTime:0.0004s ]
SQL: SELECT * FROM `hotel_room_order` WHERE ( room_id='109'and starttime<='2017-01-07'and endtime>'2017-01-07' and  endtime<='2017-01-08'and order_status='已支付' )  [ RunTime:0.0004s ]
SQL: SELECT * FROM `hotel_room_order` WHERE ( room_id='109'and starttime>='2017-01-07'and  starttime<'2017-01-08' and endtime>='2017-01-08'and order_status='到店付' )  [ RunTime:0.0004s ]
SQL: SELECT * FROM `hotel_room_order` WHERE ( room_id='109'and starttime>='2017-01-07'and  starttime<'2017-01-08' and endtime>='2017-01-08'and order_status='已支付' )  [ RunTime:0.0004s ]
SQL: SELECT * FROM `hotel_room_order` WHERE ( room_id='109'and starttime>='2017-01-07' and endtime<='2017-01-08'and order_status='到店付' )  [ RunTime:0.0004s ]
SQL: SELECT * FROM `hotel_room_order` WHERE ( room_id='109'and starttime>='2017-01-07' and endtime<='2017-01-08'and order_status='已支付' )  [ RunTime:0.0004s ]
NOTIC: [8] Undefined offset: 3 H:\xampp\htdocs\hotel\Application\Home\Controller\IndexController.class.php 第 147 行.
NOTIC: [8] Undefined offset: 3 H:\xampp\htdocs\hotel\Application\Home\Controller\IndexController.class.php 第 133 行.
SQL: SELECT * FROM `hotel_room_order` WHERE ( room_id=''and starttime<='2017-01-07'and endtime>'2017-01-07' and starttime<'2017-01-08' and endtime>='2017-01-08'and order_status='到店付' )  [ RunTime:0.0004s ]
SQL: SELECT * FROM `hotel_room_order` WHERE ( room_id=''and starttime<='2017-01-07'and endtime>'2017-01-07' and starttime<'2017-01-08' and endtime>='2017-01-08'and order_status='已支付' )  [ RunTime:0.0005s ]
SQL: SELECT * FROM `hotel_room_order` WHERE ( room_id=''and starttime<='2017-01-07'and endtime>'2017-01-07' and  endtime<='2017-01-08'and order_status='到店付' )  [ RunTime:0.0004s ]
SQL: SELECT * FROM `hotel_room_order` WHERE ( room_id=''and starttime<='2017-01-07'and endtime>'2017-01-07' and  endtime<='2017-01-08'and order_status='已支付' )  [ RunTime:0.0004s ]
SQL: SELECT * FROM `hotel_room_order` WHERE ( room_id=''and starttime>='2017-01-07'and  starttime<'2017-01-08' and endtime>='2017-01-08'and order_status='到店付' )  [ RunTime:0.0004s ]
SQL: SELECT * FROM `hotel_room_order` WHERE ( room_id=''and starttime>='2017-01-07'and  starttime<'2017-01-08' and endtime>='2017-01-08'and order_status='已支付' )  [ RunTime:0.0004s ]
SQL: SELECT * FROM `hotel_room_order` WHERE ( room_id=''and starttime>='2017-01-07' and endtime<='2017-01-08'and order_status='到店付' )  [ RunTime:0.0004s ]
SQL: SELECT * FROM `hotel_room_order` WHERE ( room_id=''and starttime>='2017-01-07' and endtime<='2017-01-08'and order_status='已支付' )  [ RunTime:0.0004s ]
NOTIC: [8] Undefined offset: 3 H:\xampp\htdocs\hotel\Application\Home\Controller\IndexController.class.php 第 147 行.
SQL: SELECT * FROM `hotel_room_order` WHERE ( room_id='101'and starttime<='2017-01-07'and endtime>'2017-01-07' and starttime<'2017-01-08' and endtime>='2017-01-08'and order_status='到店付' )  [ RunTime:0.0004s ]
SQL: SELECT * FROM `hotel_room_order` WHERE ( room_id='101'and starttime<='2017-01-07'and endtime>'2017-01-07' and starttime<'2017-01-08' and endtime>='2017-01-08'and order_status='已支付' )  [ RunTime:0.0004s ]
SQL: SELECT * FROM `hotel_room_order` WHERE ( room_id='101'and starttime<='2017-01-07'and endtime>'2017-01-07' and  endtime<='2017-01-08'and order_status='到店付' )  [ RunTime:0.0006s ]
SQL: SELECT * FROM `hotel_room_order` WHERE ( room_id='101'and starttime<='2017-01-07'and endtime>'2017-01-07' and  endtime<='2017-01-08'and order_status='已支付' )  [ RunTime:0.0006s ]
SQL: SELECT * FROM `hotel_room_order` WHERE ( room_id='101'and starttime>='2017-01-07'and  starttime<'2017-01-08' and endtime>='2017-01-08'and order_status='到店付' )  [ RunTime:0.0005s ]
SQL: SELECT * FROM `hotel_room_order` WHERE ( room_id='101'and starttime>='2017-01-07'and  starttime<'2017-01-08' and endtime>='2017-01-08'and order_status='已支付' )  [ RunTime:0.0005s ]
SQL: SELECT * FROM `hotel_room_order` WHERE ( room_id='101'and starttime>='2017-01-07' and endtime<='2017-01-08'and order_status='到店付' )  [ RunTime:0.0004s ]
SQL: SELECT * FROM `hotel_room_order` WHERE ( room_id='101'and starttime>='2017-01-07' and endtime<='2017-01-08'and order_status='已支付' )  [ RunTime:0.0004s ]
NOTIC: [8] Undefined offset: 4 H:\xampp\htdocs\hotel\Application\Home\Controller\IndexController.class.php 第 173 行.
SQL: SELECT * FROM `hotel_room_order` WHERE ( room_id='202'and starttime<='2017-01-07'and endtime>'2017-01-07' and starttime<'2017-01-08' and endtime>='2017-01-08'and order_status='到店付' )  [ RunTime:0.0004s ]
SQL: SELECT * FROM `hotel_room_order` WHERE ( room_id='202'and starttime<='2017-01-07'and endtime>'2017-01-07' and starttime<'2017-01-08' and endtime>='2017-01-08'and order_status='已支付' )  [ RunTime:0.0004s ]
SQL: SELECT * FROM `hotel_room_order` WHERE ( room_id='202'and starttime<='2017-01-07'and endtime>'2017-01-07' and  endtime<='2017-01-08'and order_status='到店付' )  [ RunTime:0.0004s ]
SQL: SELECT * FROM `hotel_room_order` WHERE ( room_id='202'and starttime<='2017-01-07'and endtime>'2017-01-07' and  endtime<='2017-01-08'and order_status='已支付' )  [ RunTime:0.0004s ]
SQL: SELECT * FROM `hotel_room_order` WHERE ( room_id='202'and starttime>='2017-01-07'and  starttime<'2017-01-08' and endtime>='2017-01-08'and order_status='到店付' )  [ RunTime:0.0004s ]
SQL: SELECT * FROM `hotel_room_order` WHERE ( room_id='202'and starttime>='2017-01-07'and  starttime<'2017-01-08' and endtime>='2017-01-08'and order_status='已支付' )  [ RunTime:0.0004s ]
SQL: SELECT * FROM `hotel_room_order` WHERE ( room_id='202'and starttime>='2017-01-07' and endtime<='2017-01-08'and order_status='到店付' )  [ RunTime:0.0004s ]
SQL: SELECT * FROM `hotel_room_order` WHERE ( room_id='202'and starttime>='2017-01-07' and endtime<='2017-01-08'and order_status='已支付' )  [ RunTime:0.0004s ]
NOTIC: [8] Undefined offset: 4 H:\xampp\htdocs\hotel\Application\Home\Controller\IndexController.class.php 第 173 行.
SQL: SELECT * FROM `hotel_room_order` WHERE ( room_id='207'and starttime<='2017-01-07'and endtime>'2017-01-07' and starttime<'2017-01-08' and endtime>='2017-01-08'and order_status='到店付' )  [ RunTime:0.0004s ]
SQL: SELECT * FROM `hotel_room_order` WHERE ( room_id='207'and starttime<='2017-01-07'and endtime>'2017-01-07' and starttime<'2017-01-08' and endtime>='2017-01-08'and order_status='已支付' )  [ RunTime:0.0004s ]
SQL: SELECT * FROM `hotel_room_order` WHERE ( room_id='207'and starttime<='2017-01-07'and endtime>'2017-01-07' and  endtime<='2017-01-08'and order_status='到店付' )  [ RunTime:0.0004s ]
SQL: SELECT * FROM `hotel_room_order` WHERE ( room_id='207'and starttime<='2017-01-07'and endtime>'2017-01-07' and  endtime<='2017-01-08'and order_status='已支付' )  [ RunTime:0.0004s ]
SQL: SELECT * FROM `hotel_room_order` WHERE ( room_id='207'and starttime>='2017-01-07'and  starttime<'2017-01-08' and endtime>='2017-01-08'and order_status='到店付' )  [ RunTime:0.0006s ]
SQL: SELECT * FROM `hotel_room_order` WHERE ( room_id='207'and starttime>='2017-01-07'and  starttime<'2017-01-08' and endtime>='2017-01-08'and order_status='已支付' )  [ RunTime:0.0007s ]
SQL: SELECT * FROM `hotel_room_order` WHERE ( room_id='207'and starttime>='2017-01-07' and endtime<='2017-01-08'and order_status='到店付' )  [ RunTime:0.0005s ]
SQL: SELECT * FROM `hotel_room_order` WHERE ( room_id='207'and starttime>='2017-01-07' and endtime<='2017-01-08'and order_status='已支付' )  [ RunTime:0.0004s ]
NOTIC: [8] Undefined offset: 4 H:\xampp\htdocs\hotel\Application\Home\Controller\IndexController.class.php 第 173 行.
SQL: SELECT * FROM `hotel_room_order` WHERE ( room_id='208'and starttime<='2017-01-07'and endtime>'2017-01-07' and starttime<'2017-01-08' and endtime>='2017-01-08'and order_status='到店付' )  [ RunTime:0.0004s ]
SQL: SELECT * FROM `hotel_room_order` WHERE ( room_id='208'and starttime<='2017-01-07'and endtime>'2017-01-07' and starttime<'2017-01-08' and endtime>='2017-01-08'and order_status='已支付' )  [ RunTime:0.0004s ]
SQL: SELECT * FROM `hotel_room_order` WHERE ( room_id='208'and starttime<='2017-01-07'and endtime>'2017-01-07' and  endtime<='2017-01-08'and order_status='到店付' )  [ RunTime:0.0004s ]
SQL: SELECT * FROM `hotel_room_order` WHERE ( room_id='208'and starttime<='2017-01-07'and endtime>'2017-01-07' and  endtime<='2017-01-08'and order_status='已支付' )  [ RunTime:0.0004s ]
SQL: SELECT * FROM `hotel_room_order` WHERE ( room_id='208'and starttime>='2017-01-07'and  starttime<'2017-01-08' and endtime>='2017-01-08'and order_status='到店付' )  [ RunTime:0.0004s ]
SQL: SELECT * FROM `hotel_room_order` WHERE ( room_id='208'and starttime>='2017-01-07'and  starttime<'2017-01-08' and endtime>='2017-01-08'and order_status='已支付' )  [ RunTime:0.0005s ]
SQL: SELECT * FROM `hotel_room_order` WHERE ( room_id='208'and starttime>='2017-01-07' and endtime<='2017-01-08'and order_status='到店付' )  [ RunTime:0.0004s ]
SQL: SELECT * FROM `hotel_room_order` WHERE ( room_id='208'and starttime>='2017-01-07' and endtime<='2017-01-08'and order_status='已支付' )  [ RunTime:0.0005s ]
NOTIC: [8] Undefined offset: 4 H:\xampp\htdocs\hotel\Application\Home\Controller\IndexController.class.php 第 173 行.
NOTIC: [8] Undefined offset: 4 H:\xampp\htdocs\hotel\Application\Home\Controller\IndexController.class.php 第 159 行.
SQL: SELECT * FROM `hotel_room_order` WHERE ( room_id=''and starttime<='2017-01-07'and endtime>'2017-01-07' and starttime<'2017-01-08' and endtime>='2017-01-08'and order_status='到店付' )  [ RunTime:0.0006s ]
SQL: SELECT * FROM `hotel_room_order` WHERE ( room_id=''and starttime<='2017-01-07'and endtime>'2017-01-07' and starttime<'2017-01-08' and endtime>='2017-01-08'and order_status='已支付' )  [ RunTime:0.0007s ]
SQL: SELECT * FROM `hotel_room_order` WHERE ( room_id=''and starttime<='2017-01-07'and endtime>'2017-01-07' and  endtime<='2017-01-08'and order_status='到店付' )  [ RunTime:0.0004s ]
SQL: SELECT * FROM `hotel_room_order` WHERE ( room_id=''and starttime<='2017-01-07'and endtime>'2017-01-07' and  endtime<='2017-01-08'and order_status='已支付' )  [ RunTime:0.0004s ]
SQL: SELECT * FROM `hotel_room_order` WHERE ( room_id=''and starttime>='2017-01-07'and  starttime<'2017-01-08' and endtime>='2017-01-08'and order_status='到店付' )  [ RunTime:0.0004s ]
SQL: SELECT * FROM `hotel_room_order` WHERE ( room_id=''and starttime>='2017-01-07'and  starttime<'2017-01-08' and endtime>='2017-01-08'and order_status='已支付' )  [ RunTime:0.0004s ]
SQL: SELECT * FROM `hotel_room_order` WHERE ( room_id=''and starttime>='2017-01-07' and endtime<='2017-01-08'and order_status='到店付' )  [ RunTime:0.0004s ]
SQL: SELECT * FROM `hotel_room_order` WHERE ( room_id=''and starttime>='2017-01-07' and endtime<='2017-01-08'and order_status='已支付' )  [ RunTime:0.0004s ]
NOTIC: [8] Undefined offset: 4 H:\xampp\htdocs\hotel\Application\Home\Controller\IndexController.class.php 第 173 行.
SQL: SHOW COLUMNS FROM `hotel_room_show` [ RunTime:0.0436s ]
SQL: SELECT `room_description` FROM `hotel_room_show` WHERE ( room_category='标准单人房' )  [ RunTime:0.0005s ]
SQL: SELECT `room_description` FROM `hotel_room_show` WHERE ( room_category='标准双人房' )  [ RunTime:0.0005s ]
SQL: SELECT `room_description` FROM `hotel_room_show` WHERE ( room_category='豪华单人房' )  [ RunTime:0.0004s ]
SQL: SELECT `room_description` FROM `hotel_room_show` WHERE ( room_category='豪华双人房' )  [ RunTime:0.0004s ]
SQL: SELECT `room_pictures` FROM `hotel_room_show` WHERE ( room_category='标准单人房' )  [ RunTime:0.0004s ]
SQL: SELECT `room_pictures` FROM `hotel_room_show` WHERE ( room_category='标准双人房' )  [ RunTime:0.0004s ]
SQL: SELECT `room_pictures` FROM `hotel_room_show` WHERE ( room_category='豪华单人房' )  [ RunTime:0.0005s ]
SQL: SELECT `room_pictures` FROM `hotel_room_show` WHERE ( room_category='豪华双人房' )  [ RunTime:0.0003s ]
INFO: [ view_parse ] --START--
INFO: [ template_filter ] --START--
INFO: Run Behavior\ContentReplaceBehavior [ RunTime:0.000119s ]
INFO: [ template_filter ] --END-- [ RunTime:0.000224s ]
INFO: Run Behavior\ParseTemplateBehavior [ RunTime:0.018873s ]
INFO: [ view_parse ] --END-- [ RunTime:0.019009s ]
INFO: [ view_filter ] --START--
INFO: Run Behavior\WriteHtmlCacheBehavior [ RunTime:0.000919s ]
INFO: [ view_filter ] --END-- [ RunTime:0.000983s ]
INFO: [ app_end ] --START--
INFO: Run Behavior\ShowPageTraceBehavior [ RunTime:0.001491s ]
INFO: [ app_end ] --END-- [ RunTime:0.001607s ]
NOTIC: [8] Constant APP_DEBUG already defined H:\xampp\htdocs\hotel\index.php 第 30 行.

[ 2017-01-07T11:39:05+08:00 ] 127.0.0.1 /hotel/index.php?m=Home&c=yuding&a=index&type=StandardDouble
INFO: [ app_init ] --START--
INFO: Run Behavior\BuildLiteBehavior [ RunTime:0.000014s ]
INFO: [ app_init ] --END-- [ RunTime:0.000064s ]
INFO: [ app_begin ] --START--
INFO: Run Behavior\ReadHtmlCacheBehavior [ RunTime:0.000365s ]
INFO: [ app_begin ] --END-- [ RunTime:0.000398s ]
NOTIC: [8] Undefined index: user_nickname H:\xampp\htdocs\hotel\Application\Home\Controller\YudingController.class.php 第 163 行.
NOTIC: [8] Undefined index: user_nickname H:\xampp\htdocs\hotel\Application\Home\Controller\YudingController.class.php 第 21 行.
SQL: SHOW COLUMNS FROM `hotel_room` [ RunTime:0.0029s ]
SQL: SELECT `room_price` FROM `hotel_room` WHERE ( room_category='标准双人房' )  [ RunTime:0.0002s ]

[ 2017-01-07T11:39:05+08:00 ] 127.0.0.1 /hotel/index.php?m=Home&c=login&a=index
INFO: [ app_init ] --START--
INFO: Run Behavior\BuildLiteBehavior [ RunTime:0.000014s ]
INFO: [ app_init ] --END-- [ RunTime:0.000067s ]
INFO: [ app_begin ] --START--
INFO: Run Behavior\ReadHtmlCacheBehavior [ RunTime:0.000383s ]
INFO: [ app_begin ] --END-- [ RunTime:0.000420s ]
NOTIC: [8] Undefined index: user_nickname H:\xampp\htdocs\hotel\Application\Home\Controller\LoginController.class.php 第 56 行.
INFO: [ view_parse ] --START--
INFO: [ template_filter ] --START--
INFO: Run Behavior\ContentReplaceBehavior [ RunTime:0.000060s ]
INFO: [ template_filter ] --END-- [ RunTime:0.000101s ]
INFO: Run Behavior\ParseTemplateBehavior [ RunTime:0.052739s ]
INFO: [ view_parse ] --END-- [ RunTime:0.052810s ]
INFO: [ view_filter ] --START--
INFO: Run Behavior\WriteHtmlCacheBehavior [ RunTime:0.000500s ]
INFO: [ view_filter ] --END-- [ RunTime:0.000557s ]
INFO: [ app_end ] --START--
INFO: Run Behavior\ShowPageTraceBehavior [ RunTime:0.000900s ]
INFO: [ app_end ] --END-- [ RunTime:0.000994s ]
NOTIC: [8] Constant APP_DEBUG already defined H:\xampp\htdocs\hotel\index.php 第 30 行.

[ 2017-01-07T11:39:05+08:00 ] 127.0.0.1 /hotel/index.php?m=Home&c=login&a=verify_c
INFO: [ app_init ] --START--
INFO: Run Behavior\BuildLiteBehavior [ RunTime:0.000010s ]
INFO: [ app_init ] --END-- [ RunTime:0.000051s ]
INFO: [ app_begin ] --START--
INFO: Run Behavior\ReadHtmlCacheBehavior [ RunTime:0.000366s ]
INFO: [ app_begin ] --END-- [ RunTime:0.000405s ]
INFO: [ app_end ] --START--
INFO: Run Behavior\ShowPageTraceBehavior [ RunTime:0.000922s ]
INFO: [ app_end ] --END-- [ RunTime:0.001007s ]
NOTIC: [8] Constant APP_DEBUG already defined H:\xampp\htdocs\hotel\index.php 第 30 行.

[ 2017-01-07T12:29:45+08:00 ] 127.0.0.1 /hotel/
INFO: [ app_init ] --START--
INFO: Run Behavior\BuildLiteBehavior [ RunTime:0.000021s ]
INFO: [ app_init ] --END-- [ RunTime:0.000073s ]
INFO: [ app_begin ] --START--
INFO: Run Behavior\ReadHtmlCacheBehavior [ RunTime:0.000631s ]
INFO: [ app_begin ] --END-- [ RunTime:0.000682s ]
NOTIC: [8] Undefined index: user_nickname H:\xampp\htdocs\hotel\Application\Home\Controller\IndexController.class.php 第 15 行.
INFO: [ view_parse ] --START--
INFO: [ template_filter ] --START--
INFO: Run Behavior\ContentReplaceBehavior [ RunTime:0.000050s ]
INFO: [ template_filter ] --END-- [ RunTime:0.000090s ]
INFO: Run Behavior\ParseTemplateBehavior [ RunTime:0.007872s ]
INFO: [ view_parse ] --END-- [ RunTime:0.007910s ]
INFO: [ view_filter ] --START--
INFO: Run Behavior\WriteHtmlCacheBehavior [ RunTime:0.000388s ]
INFO: [ view_filter ] --END-- [ RunTime:0.000413s ]
INFO: [ app_end ] --START--
INFO: Run Behavior\ShowPageTraceBehavior [ RunTime:0.000690s ]
INFO: [ app_end ] --END-- [ RunTime:0.000740s ]
NOTIC: [8] Constant APP_DEBUG already defined H:\xampp\htdocs\hotel\index.php 第 30 行.

[ 2017-01-07T12:30:07+08:00 ] 127.0.0.1 /hotel/
INFO: [ app_init ] --START--
INFO: Run Behavior\BuildLiteBehavior [ RunTime:0.000010s ]
INFO: [ app_init ] --END-- [ RunTime:0.000053s ]
INFO: [ app_begin ] --START--
INFO: Run Behavior\ReadHtmlCacheBehavior [ RunTime:0.001507s ]
INFO: [ app_begin ] --END-- [ RunTime:0.001604s ]
NOTIC: [8] Undefined index: user_nickname H:\xampp\htdocs\hotel\Application\Home\Controller\IndexController.class.php 第 15 行.
INFO: [ view_parse ] --START--
INFO: [ template_filter ] --START--
INFO: Run Behavior\ContentReplaceBehavior [ RunTime:0.000049s ]
INFO: [ template_filter ] --END-- [ RunTime:0.000088s ]
INFO: Run Behavior\ParseTemplateBehavior [ RunTime:0.006819s ]
INFO: [ view_parse ] --END-- [ RunTime:0.006860s ]
INFO: [ view_filter ] --START--
INFO: Run Behavior\WriteHtmlCacheBehavior [ RunTime:0.000447s ]
INFO: [ view_filter ] --END-- [ RunTime:0.000473s ]
INFO: [ app_end ] --START--
INFO: Run Behavior\ShowPageTraceBehavior [ RunTime:0.000683s ]
INFO: [ app_end ] --END-- [ RunTime:0.000735s ]
NOTIC: [8] Constant APP_DEBUG already defined H:\xampp\htdocs\hotel\index.php 第 30 行.

