[ 2017-04-22T09:36:20+08:00 ] 127.0.0.1 /hotel/
INFO: [ app_init ] --START--
INFO: Run Behavior\BuildLiteBehavior [ RunTime:0.000014s ]
INFO: [ app_init ] --END-- [ RunTime:0.000081s ]
INFO: [ app_begin ] --START--
INFO: Run Behavior\ReadHtmlCacheBehavior [ RunTime:0.012975s ]
INFO: [ app_begin ] --END-- [ RunTime:0.013045s ]
NOTIC: [8] Undefined index: user_nickname G:\xampp\htdocs\hotel\Application\Home\Controller\IndexController.class.php 第 15 行.
INFO: [ view_parse ] --START--
INFO: [ template_filter ] --START--
INFO: Run Behavior\ContentReplaceBehavior [ RunTime:0.000087s ]
INFO: [ template_filter ] --END-- [ RunTime:0.000143s ]
INFO: Run Behavior\ParseTemplateBehavior [ RunTime:0.073361s ]
INFO: [ view_parse ] --END-- [ RunTime:0.073416s ]
INFO: [ view_filter ] --START--
INFO: Run Behavior\WriteHtmlCacheBehavior [ RunTime:0.010683s ]
INFO: [ view_filter ] --END-- [ RunTime:0.010745s ]
INFO: [ app_end ] --START--
INFO: Run Behavior\ShowPageTraceBehavior [ RunTime:0.011560s ]
INFO: [ app_end ] --END-- [ RunTime:0.011625s ]
NOTIC: [8] Constant APP_DEBUG already defined G:\xampp\htdocs\hotel\index.php 第 30 行.

[ 2017-04-22T09:49:47+08:00 ] 127.0.0.1 /hotel/index.php?m=Home&c=login&a=index
INFO: [ app_init ] --START--
INFO: Run Behavior\BuildLiteBehavior [ RunTime:0.000009s ]
INFO: [ app_init ] --END-- [ RunTime:0.000052s ]
INFO: [ app_begin ] --START--
INFO: Run Behavior\ReadHtmlCacheBehavior [ RunTime:0.001005s ]
INFO: [ app_begin ] --END-- [ RunTime:0.001074s ]
NOTIC: [8] Undefined index: user_nickname G:\xampp\htdocs\hotel\Application\Home\Controller\LoginController.class.php 第 56 行.
INFO: [ view_parse ] --START--
INFO: [ template_filter ] --START--
INFO: Run Behavior\ContentReplaceBehavior [ RunTime:0.000065s ]
INFO: [ template_filter ] --END-- [ RunTime:0.000110s ]
INFO: Run Behavior\ParseTemplateBehavior [ RunTime:0.014868s ]
INFO: [ view_parse ] --END-- [ RunTime:0.014933s ]
INFO: [ view_filter ] --START--
INFO: Run Behavior\WriteHtmlCacheBehavior [ RunTime:0.000593s ]
INFO: [ view_filter ] --END-- [ RunTime:0.000638s ]
INFO: [ app_end ] --START--
INFO: Run Behavior\ShowPageTraceBehavior [ RunTime:0.001403s ]
INFO: [ app_end ] --END-- [ RunTime:0.001504s ]
NOTIC: [8] Constant APP_DEBUG already defined G:\xampp\htdocs\hotel\index.php 第 30 行.

[ 2017-04-22T09:49:47+08:00 ] 127.0.0.1 /hotel/index.php?m=Home&c=login&a=verify_c
INFO: [ app_init ] --START--
INFO: Run Behavior\BuildLiteBehavior [ RunTime:0.000013s ]
INFO: [ app_init ] --END-- [ RunTime:0.000069s ]
INFO: [ app_begin ] --START--
INFO: Run Behavior\ReadHtmlCacheBehavior [ RunTime:0.000591s ]
INFO: [ app_begin ] --END-- [ RunTime:0.000649s ]
INFO: [ app_end ] --START--
INFO: Run Behavior\ShowPageTraceBehavior [ RunTime:0.001973s ]
INFO: [ app_end ] --END-- [ RunTime:0.002277s ]
NOTIC: [8] Constant APP_DEBUG already defined G:\xampp\htdocs\hotel\index.php 第 30 行.

[ 2017-04-22T09:50:14+08:00 ] 127.0.0.1 /hotel/index.php?m=Home&c=login&a=login
INFO: [ app_init ] --START--
INFO: Run Behavior\BuildLiteBehavior [ RunTime:0.000009s ]
INFO: [ app_init ] --END-- [ RunTime:0.000050s ]
INFO: [ app_begin ] --START--
INFO: Run Behavior\ReadHtmlCacheBehavior [ RunTime:0.000411s ]
INFO: [ app_begin ] --END-- [ RunTime:0.000453s ]
SQL: SHOW COLUMNS FROM `hotel_user` [ RunTime:0.0322s ]
SQL: SELECT * FROM `hotel_user` WHERE ( user_nickname='4001' AND user_password='e10adc3949ba59abbe56e057f20f883e' ) LIMIT 1   [ RunTime:0.0004s ]
INFO: [ view_parse ] --START--
INFO: [ template_filter ] --START--
INFO: Run Behavior\ContentReplaceBehavior [ RunTime:0.000031s ]
INFO: [ template_filter ] --END-- [ RunTime:0.000071s ]
INFO: Run Behavior\ParseTemplateBehavior [ RunTime:0.028400s ]
INFO: [ view_parse ] --END-- [ RunTime:0.028454s ]
INFO: [ view_filter ] --START--
INFO: Run Behavior\WriteHtmlCacheBehavior [ RunTime:0.000275s ]
INFO: [ view_filter ] --END-- [ RunTime:0.000307s ]

[ 2017-04-22T09:50:16+08:00 ] 127.0.0.1 /hotel/index.php?m=Home&c=login&a=index
INFO: [ app_init ] --START--
INFO: Run Behavior\BuildLiteBehavior [ RunTime:0.000009s ]
INFO: [ app_init ] --END-- [ RunTime:0.000048s ]
INFO: [ app_begin ] --START--
INFO: Run Behavior\ReadHtmlCacheBehavior [ RunTime:0.000408s ]
INFO: [ app_begin ] --END-- [ RunTime:0.000448s ]
NOTIC: [8] Undefined index: user_nickname G:\xampp\htdocs\hotel\Application\Home\Controller\LoginController.class.php 第 56 行.
INFO: [ view_parse ] --START--
INFO: [ template_filter ] --START--
INFO: Run Behavior\ContentReplaceBehavior [ RunTime:0.000138s ]
INFO: [ template_filter ] --END-- [ RunTime:0.000257s ]
INFO: Run Behavior\ParseTemplateBehavior [ RunTime:0.007698s ]
INFO: [ view_parse ] --END-- [ RunTime:0.007750s ]
INFO: [ view_filter ] --START--
INFO: Run Behavior\WriteHtmlCacheBehavior [ RunTime:0.000444s ]
INFO: [ view_filter ] --END-- [ RunTime:0.000488s ]
INFO: [ app_end ] --START--
INFO: Run Behavior\ShowPageTraceBehavior [ RunTime:0.000672s ]
INFO: [ app_end ] --END-- [ RunTime:0.000734s ]
NOTIC: [8] Constant APP_DEBUG already defined G:\xampp\htdocs\hotel\index.php 第 30 行.

[ 2017-04-22T09:50:16+08:00 ] 127.0.0.1 /hotel/index.php?m=Home&c=login&a=verify_c
INFO: [ app_init ] --START--
INFO: Run Behavior\BuildLiteBehavior [ RunTime:0.000018s ]
INFO: [ app_init ] --END-- [ RunTime:0.000221s ]
INFO: [ app_begin ] --START--
INFO: Run Behavior\ReadHtmlCacheBehavior [ RunTime:0.000409s ]
INFO: [ app_begin ] --END-- [ RunTime:0.000453s ]
INFO: [ app_end ] --START--
INFO: Run Behavior\ShowPageTraceBehavior [ RunTime:0.001254s ]
INFO: [ app_end ] --END-- [ RunTime:0.001381s ]
NOTIC: [8] Constant APP_DEBUG already defined G:\xampp\htdocs\hotel\index.php 第 30 行.

[ 2017-04-22T09:50:20+08:00 ] 127.0.0.1 /hotel/index.php?m=Home&c=login&a=login
INFO: [ app_init ] --START--
INFO: Run Behavior\BuildLiteBehavior [ RunTime:0.000028s ]
INFO: [ app_init ] --END-- [ RunTime:0.000133s ]
INFO: [ app_begin ] --START--
INFO: Run Behavior\ReadHtmlCacheBehavior [ RunTime:0.000366s ]
INFO: [ app_begin ] --END-- [ RunTime:0.000404s ]
INFO: [ view_parse ] --START--
INFO: [ template_filter ] --START--
INFO: Run Behavior\ContentReplaceBehavior [ RunTime:0.000032s ]
INFO: [ template_filter ] --END-- [ RunTime:0.000082s ]
INFO: Run Behavior\ParseTemplateBehavior [ RunTime:0.003898s ]
INFO: [ view_parse ] --END-- [ RunTime:0.003934s ]
INFO: [ view_filter ] --START--
INFO: Run Behavior\WriteHtmlCacheBehavior [ RunTime:0.000225s ]
INFO: [ view_filter ] --END-- [ RunTime:0.000251s ]

[ 2017-04-22T09:50:22+08:00 ] 127.0.0.1 /hotel/index.php?m=Home&c=login&a=index
INFO: [ app_init ] --START--
INFO: Run Behavior\BuildLiteBehavior [ RunTime:0.000013s ]
INFO: [ app_init ] --END-- [ RunTime:0.000072s ]
INFO: [ app_begin ] --START--
INFO: Run Behavior\ReadHtmlCacheBehavior [ RunTime:0.000642s ]
INFO: [ app_begin ] --END-- [ RunTime:0.000703s ]
NOTIC: [8] Undefined index: user_nickname G:\xampp\htdocs\hotel\Application\Home\Controller\LoginController.class.php 第 56 行.
INFO: [ view_parse ] --START--
INFO: [ template_filter ] --START--
INFO: Run Behavior\ContentReplaceBehavior [ RunTime:0.000076s ]
INFO: [ template_filter ] --END-- [ RunTime:0.000124s ]
INFO: Run Behavior\ParseTemplateBehavior [ RunTime:0.009395s ]
INFO: [ view_parse ] --END-- [ RunTime:0.009441s ]
INFO: [ view_filter ] --START--
INFO: Run Behavior\WriteHtmlCacheBehavior [ RunTime:0.000236s ]
INFO: [ view_filter ] --END-- [ RunTime:0.000261s ]
INFO: [ app_end ] --START--
INFO: Run Behavior\ShowPageTraceBehavior [ RunTime:0.000459s ]
INFO: [ app_end ] --END-- [ RunTime:0.000502s ]
NOTIC: [8] Constant APP_DEBUG already defined G:\xampp\htdocs\hotel\index.php 第 30 行.

[ 2017-04-22T09:50:23+08:00 ] 127.0.0.1 /hotel/index.php?m=Home&c=login&a=verify_c
INFO: [ app_init ] --START--
INFO: Run Behavior\BuildLiteBehavior [ RunTime:0.000010s ]
INFO: [ app_init ] --END-- [ RunTime:0.000048s ]
INFO: [ app_begin ] --START--
INFO: Run Behavior\ReadHtmlCacheBehavior [ RunTime:0.000391s ]
INFO: [ app_begin ] --END-- [ RunTime:0.000431s ]
INFO: [ app_end ] --START--
INFO: Run Behavior\ShowPageTraceBehavior [ RunTime:0.000971s ]
INFO: [ app_end ] --END-- [ RunTime:0.001067s ]
NOTIC: [8] Constant APP_DEBUG already defined G:\xampp\htdocs\hotel\index.php 第 30 行.

[ 2017-04-22T09:50:24+08:00 ] 127.0.0.1 /hotel/index.php?m=Home&c=login&a=verify_c&random=0.5769354948565264
INFO: [ app_init ] --START--
INFO: Run Behavior\BuildLiteBehavior [ RunTime:0.000013s ]
INFO: [ app_init ] --END-- [ RunTime:0.000072s ]
INFO: [ app_begin ] --START--
INFO: Run Behavior\ReadHtmlCacheBehavior [ RunTime:0.000436s ]
INFO: [ app_begin ] --END-- [ RunTime:0.000477s ]
INFO: [ app_end ] --START--
INFO: Run Behavior\ShowPageTraceBehavior [ RunTime:0.000573s ]
INFO: [ app_end ] --END-- [ RunTime:0.000627s ]
NOTIC: [8] Constant APP_DEBUG already defined G:\xampp\htdocs\hotel\index.php 第 30 行.

[ 2017-04-22T09:50:29+08:00 ] 127.0.0.1 /hotel/index.php?m=Home&c=login&a=login
INFO: [ app_init ] --START--
INFO: Run Behavior\BuildLiteBehavior [ RunTime:0.000009s ]
INFO: [ app_init ] --END-- [ RunTime:0.000047s ]
INFO: [ app_begin ] --START--
INFO: Run Behavior\ReadHtmlCacheBehavior [ RunTime:0.000425s ]
INFO: [ app_begin ] --END-- [ RunTime:0.000466s ]
SQL: SHOW COLUMNS FROM `hotel_user` [ RunTime:0.1042s ]
SQL: SELECT * FROM `hotel_user` WHERE ( user_nickname='davan' AND user_password='e10adc3949ba59abbe56e057f20f883e' ) LIMIT 1   [ RunTime:0.0003s ]
SQL: SELECT * FROM `hotel_user` WHERE ( user_nickname='davan'AND user_password='e10adc3949ba59abbe56e057f20f883e' AND user_status='正常' )  [ RunTime:0.0002s ]
SQL: SELECT * FROM `hotel_user` WHERE ( user_nickname='davan'AND user_password='e10adc3949ba59abbe56e057f20f883e' AND user_status='黑名单' )  [ RunTime:0.0002s ]

[ 2017-04-22T09:50:29+08:00 ] 127.0.0.1 /hotel/index.php?m=Home&c=Index&a=index
INFO: [ app_init ] --START--
INFO: Run Behavior\BuildLiteBehavior [ RunTime:0.000016s ]
INFO: [ app_init ] --END-- [ RunTime:0.000091s ]
INFO: [ app_begin ] --START--
INFO: Run Behavior\ReadHtmlCacheBehavior [ RunTime:0.000813s ]
INFO: [ app_begin ] --END-- [ RunTime:0.000892s ]
INFO: [ view_parse ] --START--
INFO: [ template_filter ] --START--
INFO: Run Behavior\ContentReplaceBehavior [ RunTime:0.000122s ]
INFO: [ template_filter ] --END-- [ RunTime:0.000203s ]
INFO: Run Behavior\ParseTemplateBehavior [ RunTime:0.014524s ]
INFO: [ view_parse ] --END-- [ RunTime:0.014608s ]
INFO: [ view_filter ] --START--
INFO: Run Behavior\WriteHtmlCacheBehavior [ RunTime:0.000581s ]
INFO: [ view_filter ] --END-- [ RunTime:0.000654s ]
INFO: [ app_end ] --START--
INFO: Run Behavior\ShowPageTraceBehavior [ RunTime:0.001270s ]
INFO: [ app_end ] --END-- [ RunTime:0.001372s ]
NOTIC: [8] Constant APP_DEBUG already defined G:\xampp\htdocs\hotel\index.php 第 30 行.

[ 2017-04-22T09:50:31+08:00 ] 127.0.0.1 /hotel/index.php?m=Home&c=center&a=index
INFO: [ app_init ] --START--
INFO: Run Behavior\BuildLiteBehavior [ RunTime:0.000020s ]
INFO: [ app_init ] --END-- [ RunTime:0.000095s ]
INFO: [ app_begin ] --START--
INFO: Run Behavior\ReadHtmlCacheBehavior [ RunTime:0.000674s ]
INFO: [ app_begin ] --END-- [ RunTime:0.000743s ]
INFO: [ view_parse ] --START--
INFO: [ template_filter ] --START--
INFO: Run Behavior\ContentReplaceBehavior [ RunTime:0.000059s ]
INFO: [ template_filter ] --END-- [ RunTime:0.000133s ]
INFO: Run Behavior\ParseTemplateBehavior [ RunTime:0.012713s ]
INFO: [ view_parse ] --END-- [ RunTime:0.012770s ]
INFO: [ view_filter ] --START--
INFO: Run Behavior\WriteHtmlCacheBehavior [ RunTime:0.000261s ]
INFO: [ view_filter ] --END-- [ RunTime:0.000288s ]
INFO: [ app_end ] --START--
INFO: Run Behavior\ShowPageTraceBehavior [ RunTime:0.000375s ]
INFO: [ app_end ] --END-- [ RunTime:0.000405s ]
NOTIC: [8] Constant APP_DEBUG already defined G:\xampp\htdocs\hotel\index.php 第 30 行.

[ 2017-04-22T09:50:31+08:00 ] 127.0.0.1 /hotel/index.php?m=Home&c=center&a=info
INFO: [ app_init ] --START--
INFO: Run Behavior\BuildLiteBehavior [ RunTime:0.000010s ]
INFO: [ app_init ] --END-- [ RunTime:0.000054s ]
INFO: [ app_begin ] --START--
INFO: Run Behavior\ReadHtmlCacheBehavior [ RunTime:0.000415s ]
INFO: [ app_begin ] --END-- [ RunTime:0.000458s ]
SQL: SHOW COLUMNS FROM `hotel_user` [ RunTime:0.0037s ]
SQL: SELECT * FROM `hotel_user` WHERE ( user_nickname='davan' ) LIMIT 1   [ RunTime:0.0004s ]
INFO: [ view_parse ] --START--
INFO: [ template_filter ] --START--
INFO: Run Behavior\ContentReplaceBehavior [ RunTime:0.000032s ]
INFO: [ template_filter ] --END-- [ RunTime:0.000078s ]
INFO: Run Behavior\ParseTemplateBehavior [ RunTime:0.005667s ]
INFO: [ view_parse ] --END-- [ RunTime:0.005713s ]
INFO: [ view_filter ] --START--
INFO: Run Behavior\WriteHtmlCacheBehavior [ RunTime:0.000348s ]
INFO: [ view_filter ] --END-- [ RunTime:0.000387s ]
INFO: [ app_end ] --START--
INFO: Run Behavior\ShowPageTraceBehavior [ RunTime:0.000577s ]
INFO: [ app_end ] --END-- [ RunTime:0.000621s ]
NOTIC: [8] Constant APP_DEBUG already defined G:\xampp\htdocs\hotel\index.php 第 30 行.

[ 2017-04-22T09:50:33+08:00 ] 127.0.0.1 /hotel/index.php?m=Home&c=center&a=user_info
INFO: [ app_init ] --START--
INFO: Run Behavior\BuildLiteBehavior [ RunTime:0.000010s ]
INFO: [ app_init ] --END-- [ RunTime:0.000052s ]
INFO: [ app_begin ] --START--
INFO: Run Behavior\ReadHtmlCacheBehavior [ RunTime:0.000419s ]
INFO: [ app_begin ] --END-- [ RunTime:0.000461s ]
SQL: SHOW COLUMNS FROM `hotel_user` [ RunTime:0.0039s ]
SQL: SELECT * FROM `hotel_user` WHERE ( user_nickname='davan' ) LIMIT 1   [ RunTime:0.0004s ]
INFO: [ view_parse ] --START--
INFO: [ template_filter ] --START--
INFO: Run Behavior\ContentReplaceBehavior [ RunTime:0.000034s ]
INFO: [ template_filter ] --END-- [ RunTime:0.000075s ]
INFO: Run Behavior\ParseTemplateBehavior [ RunTime:0.041331s ]
INFO: [ view_parse ] --END-- [ RunTime:0.041371s ]
INFO: [ view_filter ] --START--
INFO: Run Behavior\WriteHtmlCacheBehavior [ RunTime:0.000224s ]
INFO: [ view_filter ] --END-- [ RunTime:0.000248s ]
INFO: [ app_end ] --START--
INFO: Run Behavior\ShowPageTraceBehavior [ RunTime:0.000379s ]
INFO: [ app_end ] --END-- [ RunTime:0.000407s ]
NOTIC: [8] Constant APP_DEBUG already defined G:\xampp\htdocs\hotel\index.php 第 30 行.

[ 2017-04-22T09:50:35+08:00 ] 127.0.0.1 /hotel/index.php?m=Home&c=center&a=pass
INFO: [ app_init ] --START--
INFO: Run Behavior\BuildLiteBehavior [ RunTime:0.000010s ]
INFO: [ app_init ] --END-- [ RunTime:0.000048s ]
INFO: [ app_begin ] --START--
INFO: Run Behavior\ReadHtmlCacheBehavior [ RunTime:0.000409s ]
INFO: [ app_begin ] --END-- [ RunTime:0.000449s ]
INFO: [ view_parse ] --START--
INFO: [ template_filter ] --START--
INFO: Run Behavior\ContentReplaceBehavior [ RunTime:0.000039s ]
INFO: [ template_filter ] --END-- [ RunTime:0.000087s ]
INFO: Run Behavior\ParseTemplateBehavior [ RunTime:0.047124s ]
INFO: [ view_parse ] --END-- [ RunTime:0.047174s ]
INFO: [ view_filter ] --START--
INFO: Run Behavior\WriteHtmlCacheBehavior [ RunTime:0.000268s ]
INFO: [ view_filter ] --END-- [ RunTime:0.000299s ]
INFO: [ app_end ] --START--
INFO: Run Behavior\ShowPageTraceBehavior [ RunTime:0.000446s ]
INFO: [ app_end ] --END-- [ RunTime:0.000481s ]
NOTIC: [8] Constant APP_DEBUG already defined G:\xampp\htdocs\hotel\index.php 第 30 行.

[ 2017-04-22T09:50:37+08:00 ] 127.0.0.1 /hotel/index.php?m=Home&c=center&a=user_order
INFO: [ app_init ] --START--
INFO: Run Behavior\BuildLiteBehavior [ RunTime:0.000009s ]
INFO: [ app_init ] --END-- [ RunTime:0.000051s ]
INFO: [ app_begin ] --START--
INFO: Run Behavior\ReadHtmlCacheBehavior [ RunTime:0.000414s ]
INFO: [ app_begin ] --END-- [ RunTime:0.000454s ]
SQL: SHOW COLUMNS FROM `hotel_room_order` [ RunTime:0.1769s ]
SQL: SELECT COUNT(*) AS tp_count FROM `hotel_room_order` WHERE ( user_id='3040' ) LIMIT 1   [ RunTime:0.0005s ]
SQL: select * from hotel_room_order where user_id='3040'Limit 0, 15 [ RunTime:0.0009s ]
INFO: [ view_parse ] --START--
INFO: [ template_filter ] --START--
INFO: Run Behavior\ContentReplaceBehavior [ RunTime:0.000071s ]
INFO: [ template_filter ] --END-- [ RunTime:0.000143s ]
NOTIC: [8] Use of undefined constant r_order_id - assumed 'r_order_id' G:\xampp\htdocs\hotel\Application\Runtime\Cache\Home\67dbaa714328b129c9e973fc1dca4a4b.php 第 66 行.
NOTIC: [8] Use of undefined constant r_order_id - assumed 'r_order_id' G:\xampp\htdocs\hotel\Application\Runtime\Cache\Home\67dbaa714328b129c9e973fc1dca4a4b.php 第 66 行.
NOTIC: [8] Use of undefined constant r_order_id - assumed 'r_order_id' G:\xampp\htdocs\hotel\Application\Runtime\Cache\Home\67dbaa714328b129c9e973fc1dca4a4b.php 第 66 行.
NOTIC: [8] Use of undefined constant r_order_id - assumed 'r_order_id' G:\xampp\htdocs\hotel\Application\Runtime\Cache\Home\67dbaa714328b129c9e973fc1dca4a4b.php 第 66 行.
NOTIC: [8] Use of undefined constant r_order_id - assumed 'r_order_id' G:\xampp\htdocs\hotel\Application\Runtime\Cache\Home\67dbaa714328b129c9e973fc1dca4a4b.php 第 66 行.
NOTIC: [8] Use of undefined constant r_order_id - assumed 'r_order_id' G:\xampp\htdocs\hotel\Application\Runtime\Cache\Home\67dbaa714328b129c9e973fc1dca4a4b.php 第 66 行.
INFO: Run Behavior\ParseTemplateBehavior [ RunTime:0.067695s ]
INFO: [ view_parse ] --END-- [ RunTime:0.067794s ]
INFO: [ view_filter ] --START--
INFO: Run Behavior\WriteHtmlCacheBehavior [ RunTime:0.000706s ]
INFO: [ view_filter ] --END-- [ RunTime:0.000793s ]
INFO: [ app_end ] --START--
INFO: Run Behavior\ShowPageTraceBehavior [ RunTime:0.000889s ]
INFO: [ app_end ] --END-- [ RunTime:0.000960s ]
NOTIC: [8] Constant APP_DEBUG already defined G:\xampp\htdocs\hotel\index.php 第 30 行.

[ 2017-04-22T09:50:40+08:00 ] 127.0.0.1 /hotel/index.php?m=Home&c=center&a=user_productionorder
INFO: [ app_init ] --START--
INFO: Run Behavior\BuildLiteBehavior [ RunTime:0.000009s ]
INFO: [ app_init ] --END-- [ RunTime:0.000048s ]
INFO: [ app_begin ] --START--
INFO: Run Behavior\ReadHtmlCacheBehavior [ RunTime:0.000418s ]
INFO: [ app_begin ] --END-- [ RunTime:0.000458s ]
SQL: SHOW COLUMNS FROM `hotel_production_order` [ RunTime:0.2602s ]
SQL: SELECT COUNT(*) AS tp_count FROM `hotel_production_order` WHERE ( user_id='3040' ) LIMIT 1   [ RunTime:0.0016s ]
SQL: select * from hotel_production_order where user_id='3040'Limit 0, 15 [ RunTime:0.0010s ]
INFO: [ view_parse ] --START--
INFO: [ template_filter ] --START--
INFO: Run Behavior\ContentReplaceBehavior [ RunTime:0.000056s ]
INFO: [ template_filter ] --END-- [ RunTime:0.000126s ]
INFO: Run Behavior\ParseTemplateBehavior [ RunTime:0.073985s ]
INFO: [ view_parse ] --END-- [ RunTime:0.074126s ]
INFO: [ view_filter ] --START--
INFO: Run Behavior\WriteHtmlCacheBehavior [ RunTime:0.000462s ]
INFO: [ view_filter ] --END-- [ RunTime:0.000516s ]
INFO: [ app_end ] --START--
INFO: Run Behavior\ShowPageTraceBehavior [ RunTime:0.000740s ]
INFO: [ app_end ] --END-- [ RunTime:0.000799s ]
NOTIC: [8] Constant APP_DEBUG already defined G:\xampp\htdocs\hotel\index.php 第 30 行.

[ 2017-04-22T09:50:41+08:00 ] 127.0.0.1 /hotel/index.php?m=Home&c=center&a=user_order
INFO: [ app_init ] --START--
INFO: Run Behavior\BuildLiteBehavior [ RunTime:0.000009s ]
INFO: [ app_init ] --END-- [ RunTime:0.000051s ]
INFO: [ app_begin ] --START--
INFO: Run Behavior\ReadHtmlCacheBehavior [ RunTime:0.000389s ]
INFO: [ app_begin ] --END-- [ RunTime:0.000435s ]
SQL: SHOW COLUMNS FROM `hotel_room_order` [ RunTime:0.0037s ]
SQL: SELECT COUNT(*) AS tp_count FROM `hotel_room_order` WHERE ( user_id='3040' ) LIMIT 1   [ RunTime:0.0003s ]
SQL: select * from hotel_room_order where user_id='3040'Limit 0, 15 [ RunTime:0.0004s ]
INFO: [ view_parse ] --START--
INFO: [ template_filter ] --START--
INFO: Run Behavior\ContentReplaceBehavior [ RunTime:0.000035s ]
INFO: [ template_filter ] --END-- [ RunTime:0.000069s ]
NOTIC: [8] Use of undefined constant r_order_id - assumed 'r_order_id' G:\xampp\htdocs\hotel\Application\Runtime\Cache\Home\67dbaa714328b129c9e973fc1dca4a4b.php 第 66 行.
NOTIC: [8] Use of undefined constant r_order_id - assumed 'r_order_id' G:\xampp\htdocs\hotel\Application\Runtime\Cache\Home\67dbaa714328b129c9e973fc1dca4a4b.php 第 66 行.
NOTIC: [8] Use of undefined constant r_order_id - assumed 'r_order_id' G:\xampp\htdocs\hotel\Application\Runtime\Cache\Home\67dbaa714328b129c9e973fc1dca4a4b.php 第 66 行.
NOTIC: [8] Use of undefined constant r_order_id - assumed 'r_order_id' G:\xampp\htdocs\hotel\Application\Runtime\Cache\Home\67dbaa714328b129c9e973fc1dca4a4b.php 第 66 行.
NOTIC: [8] Use of undefined constant r_order_id - assumed 'r_order_id' G:\xampp\htdocs\hotel\Application\Runtime\Cache\Home\67dbaa714328b129c9e973fc1dca4a4b.php 第 66 行.
NOTIC: [8] Use of undefined constant r_order_id - assumed 'r_order_id' G:\xampp\htdocs\hotel\Application\Runtime\Cache\Home\67dbaa714328b129c9e973fc1dca4a4b.php 第 66 行.
INFO: Run Behavior\ParseTemplateBehavior [ RunTime:0.005558s ]
INFO: [ view_parse ] --END-- [ RunTime:0.005604s ]
INFO: [ view_filter ] --START--
INFO: Run Behavior\WriteHtmlCacheBehavior [ RunTime:0.000225s ]
INFO: [ view_filter ] --END-- [ RunTime:0.000251s ]
INFO: [ app_end ] --START--
INFO: Run Behavior\ShowPageTraceBehavior [ RunTime:0.000424s ]
INFO: [ app_end ] --END-- [ RunTime:0.000458s ]
NOTIC: [8] Constant APP_DEBUG already defined G:\xampp\htdocs\hotel\index.php 第 30 行.

[ 2017-04-22T09:52:23+08:00 ] 127.0.0.1 /hotel/index.php?m=Home&c=index&a=index
INFO: [ app_init ] --START--
INFO: Run Behavior\BuildLiteBehavior [ RunTime:0.000009s ]
INFO: [ app_init ] --END-- [ RunTime:0.000042s ]
INFO: [ app_begin ] --START--
INFO: Run Behavior\ReadHtmlCacheBehavior [ RunTime:0.000369s ]
INFO: [ app_begin ] --END-- [ RunTime:0.000404s ]
INFO: [ view_parse ] --START--
INFO: [ template_filter ] --START--
INFO: Run Behavior\ContentReplaceBehavior [ RunTime:0.000077s ]
INFO: [ template_filter ] --END-- [ RunTime:0.000131s ]
INFO: Run Behavior\ParseTemplateBehavior [ RunTime:0.007337s ]
INFO: [ view_parse ] --END-- [ RunTime:0.007383s ]
INFO: [ view_filter ] --START--
INFO: Run Behavior\WriteHtmlCacheBehavior [ RunTime:0.000307s ]
INFO: [ view_filter ] --END-- [ RunTime:0.000341s ]
INFO: [ app_end ] --START--
INFO: Run Behavior\ShowPageTraceBehavior [ RunTime:0.000512s ]
INFO: [ app_end ] --END-- [ RunTime:0.000566s ]
NOTIC: [8] Constant APP_DEBUG already defined G:\xampp\htdocs\hotel\index.php 第 30 行.

[ 2017-04-22T09:52:24+08:00 ] 127.0.0.1 /hotel/index.php?m=Home&c=index&a=environment
INFO: [ app_init ] --START--
INFO: Run Behavior\BuildLiteBehavior [ RunTime:0.000010s ]
INFO: [ app_init ] --END-- [ RunTime:0.000049s ]
INFO: [ app_begin ] --START--
INFO: Run Behavior\ReadHtmlCacheBehavior [ RunTime:0.000388s ]
INFO: [ app_begin ] --END-- [ RunTime:0.000425s ]
SQL: SHOW COLUMNS FROM `hotel_room` [ RunTime:0.0040s ]
SQL: SELECT `room_price` FROM `hotel_room` WHERE ( room_category='标准单人房' )  [ RunTime:0.0003s ]
SQL: SELECT `room_price` FROM `hotel_room` WHERE ( room_category='标准双人房' )  [ RunTime:0.0002s ]
SQL: SELECT `room_price` FROM `hotel_room` WHERE ( room_category='豪华单人房' )  [ RunTime:0.0002s ]
SQL: SELECT `room_price` FROM `hotel_room` WHERE ( room_category='豪华双人房' )  [ RunTime:0.0002s ]
NOTIC: [8] Undefined index: startDate G:\xampp\htdocs\hotel\Application\Home\Controller\IndexController.class.php 第 57 行.
NOTIC: [8] Undefined index: endDate G:\xampp\htdocs\hotel\Application\Home\Controller\IndexController.class.php 第 58 行.
SQL: SELECT COUNT(*) AS tp_count FROM `hotel_room` WHERE ( room_category='标准单人房' ) LIMIT 1   [ RunTime:0.0002s ]
SQL: SELECT `room_id` FROM `hotel_room` WHERE ( room_category='标准单人房' )  [ RunTime:0.0002s ]
SQL: SELECT COUNT(*) AS tp_count FROM `hotel_room` WHERE ( room_category='标准双人房' ) LIMIT 1   [ RunTime:0.0002s ]
SQL: SELECT `room_id` FROM `hotel_room` WHERE ( room_category='标准双人房' )  [ RunTime:0.0002s ]
SQL: SELECT COUNT(*) AS tp_count FROM `hotel_room` WHERE ( room_category='豪华单人房' ) LIMIT 1   [ RunTime:0.0002s ]
SQL: SELECT `room_id` FROM `hotel_room` WHERE ( room_category='豪华单人房' )  [ RunTime:0.0002s ]
SQL: SELECT COUNT(*) AS tp_count FROM `hotel_room` WHERE ( room_category='豪华双人房' ) LIMIT 1   [ RunTime:0.0002s ]
SQL: SELECT `room_id` FROM `hotel_room` WHERE ( room_category='豪华双人房' )  [ RunTime:0.0002s ]
SQL: SHOW COLUMNS FROM `hotel_room_order` [ RunTime:0.0033s ]
SQL: SELECT * FROM `hotel_room_order` WHERE ( room_id='103'and starttime<=''and endtime>'' and starttime<'' and endtime>=''and order_status='到店付' )  [ RunTime:0.0004s ]
SQL: SELECT * FROM `hotel_room_order` WHERE ( room_id='103'and starttime<=''and endtime>'' and starttime<'' and endtime>=''and order_status='已支付' )  [ RunTime:0.0003s ]
SQL: SELECT * FROM `hotel_room_order` WHERE ( room_id='103'and starttime<=''and endtime>'' and  endtime<=''and order_status='到店付' )  [ RunTime:0.0003s ]
SQL: SELECT * FROM `hotel_room_order` WHERE ( room_id='103'and starttime<=''and endtime>'' and  endtime<=''and order_status='已支付' )  [ RunTime:0.0003s ]
SQL: SELECT * FROM `hotel_room_order` WHERE ( room_id='103'and starttime>=''and  starttime<'' and endtime>=''and order_status='到店付' )  [ RunTime:0.0003s ]
SQL: SELECT * FROM `hotel_room_order` WHERE ( room_id='103'and starttime>=''and  starttime<'' and endtime>=''and order_status='已支付' )  [ RunTime:0.0003s ]
SQL: SELECT * FROM `hotel_room_order` WHERE ( room_id='103'and starttime>='' and endtime<=''and order_status='到店付' )  [ RunTime:0.0003s ]
SQL: SELECT * FROM `hotel_room_order` WHERE ( room_id='103'and starttime>='' and endtime<=''and order_status='已支付' )  [ RunTime:0.0005s ]
NOTIC: [8] Undefined offset: 6 G:\xampp\htdocs\hotel\Application\Home\Controller\IndexController.class.php 第 95 行.
SQL: SELECT * FROM `hotel_room_order` WHERE ( room_id='105'and starttime<=''and endtime>'' and starttime<'' and endtime>=''and order_status='到店付' )  [ RunTime:0.0009s ]
SQL: SELECT * FROM `hotel_room_order` WHERE ( room_id='105'and starttime<=''and endtime>'' and starttime<'' and endtime>=''and order_status='已支付' )  [ RunTime:0.0008s ]
SQL: SELECT * FROM `hotel_room_order` WHERE ( room_id='105'and starttime<=''and endtime>'' and  endtime<=''and order_status='到店付' )  [ RunTime:0.0014s ]
SQL: SELECT * FROM `hotel_room_order` WHERE ( room_id='105'and starttime<=''and endtime>'' and  endtime<=''and order_status='已支付' )  [ RunTime:0.0004s ]
SQL: SELECT * FROM `hotel_room_order` WHERE ( room_id='105'and starttime>=''and  starttime<'' and endtime>=''and order_status='到店付' )  [ RunTime:0.0003s ]
SQL: SELECT * FROM `hotel_room_order` WHERE ( room_id='105'and starttime>=''and  starttime<'' and endtime>=''and order_status='已支付' )  [ RunTime:0.0003s ]
SQL: SELECT * FROM `hotel_room_order` WHERE ( room_id='105'and starttime>='' and endtime<=''and order_status='到店付' )  [ RunTime:0.0003s ]
SQL: SELECT * FROM `hotel_room_order` WHERE ( room_id='105'and starttime>='' and endtime<=''and order_status='已支付' )  [ RunTime:0.0003s ]
NOTIC: [8] Undefined offset: 6 G:\xampp\htdocs\hotel\Application\Home\Controller\IndexController.class.php 第 95 行.
SQL: SELECT * FROM `hotel_room_order` WHERE ( room_id='110'and starttime<=''and endtime>'' and starttime<'' and endtime>=''and order_status='到店付' )  [ RunTime:0.0004s ]
SQL: SELECT * FROM `hotel_room_order` WHERE ( room_id='110'and starttime<=''and endtime>'' and starttime<'' and endtime>=''and order_status='已支付' )  [ RunTime:0.0006s ]
SQL: SELECT * FROM `hotel_room_order` WHERE ( room_id='110'and starttime<=''and endtime>'' and  endtime<=''and order_status='到店付' )  [ RunTime:0.0005s ]
SQL: SELECT * FROM `hotel_room_order` WHERE ( room_id='110'and starttime<=''and endtime>'' and  endtime<=''and order_status='已支付' )  [ RunTime:0.0003s ]
SQL: SELECT * FROM `hotel_room_order` WHERE ( room_id='110'and starttime>=''and  starttime<'' and endtime>=''and order_status='到店付' )  [ RunTime:0.0003s ]
SQL: SELECT * FROM `hotel_room_order` WHERE ( room_id='110'and starttime>=''and  starttime<'' and endtime>=''and order_status='已支付' )  [ RunTime:0.0003s ]
SQL: SELECT * FROM `hotel_room_order` WHERE ( room_id='110'and starttime>='' and endtime<=''and order_status='到店付' )  [ RunTime:0.0003s ]
SQL: SELECT * FROM `hotel_room_order` WHERE ( room_id='110'and starttime>='' and endtime<=''and order_status='已支付' )  [ RunTime:0.0003s ]
NOTIC: [8] Undefined offset: 6 G:\xampp\htdocs\hotel\Application\Home\Controller\IndexController.class.php 第 95 行.
SQL: SELECT * FROM `hotel_room_order` WHERE ( room_id='113'and starttime<=''and endtime>'' and starttime<'' and endtime>=''and order_status='到店付' )  [ RunTime:0.0003s ]
SQL: SELECT * FROM `hotel_room_order` WHERE ( room_id='113'and starttime<=''and endtime>'' and starttime<'' and endtime>=''and order_status='已支付' )  [ RunTime:0.0003s ]
SQL: SELECT * FROM `hotel_room_order` WHERE ( room_id='113'and starttime<=''and endtime>'' and  endtime<=''and order_status='到店付' )  [ RunTime:0.0003s ]
SQL: SELECT * FROM `hotel_room_order` WHERE ( room_id='113'and starttime<=''and endtime>'' and  endtime<=''and order_status='已支付' )  [ RunTime:0.0003s ]
SQL: SELECT * FROM `hotel_room_order` WHERE ( room_id='113'and starttime>=''and  starttime<'' and endtime>=''and order_status='到店付' )  [ RunTime:0.0003s ]
SQL: SELECT * FROM `hotel_room_order` WHERE ( room_id='113'and starttime>=''and  starttime<'' and endtime>=''and order_status='已支付' )  [ RunTime:0.0003s ]
SQL: SELECT * FROM `hotel_room_order` WHERE ( room_id='113'and starttime>='' and endtime<=''and order_status='到店付' )  [ RunTime:0.0003s ]
SQL: SELECT * FROM `hotel_room_order` WHERE ( room_id='113'and starttime>='' and endtime<=''and order_status='已支付' )  [ RunTime:0.0003s ]
NOTIC: [8] Undefined offset: 6 G:\xampp\htdocs\hotel\Application\Home\Controller\IndexController.class.php 第 95 行.
SQL: SELECT * FROM `hotel_room_order` WHERE ( room_id='203'and starttime<=''and endtime>'' and starttime<'' and endtime>=''and order_status='到店付' )  [ RunTime:0.0003s ]
SQL: SELECT * FROM `hotel_room_order` WHERE ( room_id='203'and starttime<=''and endtime>'' and starttime<'' and endtime>=''and order_status='已支付' )  [ RunTime:0.0003s ]
SQL: SELECT * FROM `hotel_room_order` WHERE ( room_id='203'and starttime<=''and endtime>'' and  endtime<=''and order_status='到店付' )  [ RunTime:0.0003s ]
SQL: SELECT * FROM `hotel_room_order` WHERE ( room_id='203'and starttime<=''and endtime>'' and  endtime<=''and order_status='已支付' )  [ RunTime:0.0003s ]
SQL: SELECT * FROM `hotel_room_order` WHERE ( room_id='203'and starttime>=''and  starttime<'' and endtime>=''and order_status='到店付' )  [ RunTime:0.0003s ]
SQL: SELECT * FROM `hotel_room_order` WHERE ( room_id='203'and starttime>=''and  starttime<'' and endtime>=''and order_status='已支付' )  [ RunTime:0.0004s ]
SQL: SELECT * FROM `hotel_room_order` WHERE ( room_id='203'and starttime>='' and endtime<=''and order_status='到店付' )  [ RunTime:0.0009s ]
SQL: SELECT * FROM `hotel_room_order` WHERE ( room_id='203'and starttime>='' and endtime<=''and order_status='已支付' )  [ RunTime:0.0005s ]
NOTIC: [8] Undefined offset: 6 G:\xampp\htdocs\hotel\Application\Home\Controller\IndexController.class.php 第 95 行.
SQL: SELECT * FROM `hotel_room_order` WHERE ( room_id='206'and starttime<=''and endtime>'' and starttime<'' and endtime>=''and order_status='到店付' )  [ RunTime:0.0005s ]
SQL: SELECT * FROM `hotel_room_order` WHERE ( room_id='206'and starttime<=''and endtime>'' and starttime<'' and endtime>=''and order_status='已支付' )  [ RunTime:0.0006s ]
SQL: SELECT * FROM `hotel_room_order` WHERE ( room_id='206'and starttime<=''and endtime>'' and  endtime<=''and order_status='到店付' )  [ RunTime:0.0005s ]
SQL: SELECT * FROM `hotel_room_order` WHERE ( room_id='206'and starttime<=''and endtime>'' and  endtime<=''and order_status='已支付' )  [ RunTime:0.0004s ]
SQL: SELECT * FROM `hotel_room_order` WHERE ( room_id='206'and starttime>=''and  starttime<'' and endtime>=''and order_status='到店付' )  [ RunTime:0.0003s ]
SQL: SELECT * FROM `hotel_room_order` WHERE ( room_id='206'and starttime>=''and  starttime<'' and endtime>=''and order_status='已支付' )  [ RunTime:0.0003s ]
SQL: SELECT * FROM `hotel_room_order` WHERE ( room_id='206'and starttime>='' and endtime<=''and order_status='到店付' )  [ RunTime:0.0003s ]
SQL: SELECT * FROM `hotel_room_order` WHERE ( room_id='206'and starttime>='' and endtime<=''and order_status='已支付' )  [ RunTime:0.0003s ]
NOTIC: [8] Undefined offset: 6 G:\xampp\htdocs\hotel\Application\Home\Controller\IndexController.class.php 第 95 行.
NOTIC: [8] Undefined offset: 6 G:\xampp\htdocs\hotel\Application\Home\Controller\IndexController.class.php 第 81 行.
SQL: SELECT * FROM `hotel_room_order` WHERE ( room_id=''and starttime<=''and endtime>'' and starttime<'' and endtime>=''and order_status='到店付' )  [ RunTime:0.0003s ]
SQL: SELECT * FROM `hotel_room_order` WHERE ( room_id=''and starttime<=''and endtime>'' and starttime<'' and endtime>=''and order_status='已支付' )  [ RunTime:0.0003s ]
SQL: SELECT * FROM `hotel_room_order` WHERE ( room_id=''and starttime<=''and endtime>'' and  endtime<=''and order_status='到店付' )  [ RunTime:0.0003s ]
SQL: SELECT * FROM `hotel_room_order` WHERE ( room_id=''and starttime<=''and endtime>'' and  endtime<=''and order_status='已支付' )  [ RunTime:0.0003s ]
SQL: SELECT * FROM `hotel_room_order` WHERE ( room_id=''and starttime>=''and  starttime<'' and endtime>=''and order_status='到店付' )  [ RunTime:0.0003s ]
SQL: SELECT * FROM `hotel_room_order` WHERE ( room_id=''and starttime>=''and  starttime<'' and endtime>=''and order_status='已支付' )  [ RunTime:0.0003s ]
SQL: SELECT * FROM `hotel_room_order` WHERE ( room_id=''and starttime>='' and endtime<=''and order_status='到店付' )  [ RunTime:0.0003s ]
SQL: SELECT * FROM `hotel_room_order` WHERE ( room_id=''and starttime>='' and endtime<=''and order_status='已支付' )  [ RunTime:0.0003s ]
NOTIC: [8] Undefined offset: 6 G:\xampp\htdocs\hotel\Application\Home\Controller\IndexController.class.php 第 95 行.
SQL: SELECT * FROM `hotel_room_order` WHERE ( room_id='104'and starttime<=''and endtime>'' and starttime<'' and endtime>=''and order_status='到店付' )  [ RunTime:0.0003s ]
SQL: SELECT * FROM `hotel_room_order` WHERE ( room_id='104'and starttime<=''and endtime>'' and starttime<'' and endtime>=''and order_status='已支付' )  [ RunTime:0.0003s ]
SQL: SELECT * FROM `hotel_room_order` WHERE ( room_id='104'and starttime<=''and endtime>'' and  endtime<=''and order_status='到店付' )  [ RunTime:0.0003s ]
SQL: SELECT * FROM `hotel_room_order` WHERE ( room_id='104'and starttime<=''and endtime>'' and  endtime<=''and order_status='已支付' )  [ RunTime:0.0004s ]
SQL: SELECT * FROM `hotel_room_order` WHERE ( room_id='104'and starttime>=''and  starttime<'' and endtime>=''and order_status='到店付' )  [ RunTime:0.0003s ]
SQL: SELECT * FROM `hotel_room_order` WHERE ( room_id='104'and starttime>=''and  starttime<'' and endtime>=''and order_status='已支付' )  [ RunTime:0.0003s ]
SQL: SELECT * FROM `hotel_room_order` WHERE ( room_id='104'and starttime>='' and endtime<=''and order_status='到店付' )  [ RunTime:0.0003s ]
SQL: SELECT * FROM `hotel_room_order` WHERE ( room_id='104'and starttime>='' and endtime<=''and order_status='已支付' )  [ RunTime:0.0003s ]
NOTIC: [8] Undefined offset: 5 G:\xampp\htdocs\hotel\Application\Home\Controller\IndexController.class.php 第 121 行.
SQL: SELECT * FROM `hotel_room_order` WHERE ( room_id='106'and starttime<=''and endtime>'' and starttime<'' and endtime>=''and order_status='到店付' )  [ RunTime:0.0003s ]
SQL: SELECT * FROM `hotel_room_order` WHERE ( room_id='106'and starttime<=''and endtime>'' and starttime<'' and endtime>=''and order_status='已支付' )  [ RunTime:0.0003s ]
SQL: SELECT * FROM `hotel_room_order` WHERE ( room_id='106'and starttime<=''and endtime>'' and  endtime<=''and order_status='到店付' )  [ RunTime:0.0003s ]
SQL: SELECT * FROM `hotel_room_order` WHERE ( room_id='106'and starttime<=''and endtime>'' and  endtime<=''and order_status='已支付' )  [ RunTime:0.0003s ]
SQL: SELECT * FROM `hotel_room_order` WHERE ( room_id='106'and starttime>=''and  starttime<'' and endtime>=''and order_status='到店付' )  [ RunTime:0.0003s ]
SQL: SELECT * FROM `hotel_room_order` WHERE ( room_id='106'and starttime>=''and  starttime<'' and endtime>=''and order_status='已支付' )  [ RunTime:0.0003s ]
SQL: SELECT * FROM `hotel_room_order` WHERE ( room_id='106'and starttime>='' and endtime<=''and order_status='到店付' )  [ RunTime:0.0003s ]
SQL: SELECT * FROM `hotel_room_order` WHERE ( room_id='106'and starttime>='' and endtime<=''and order_status='已支付' )  [ RunTime:0.0005s ]
NOTIC: [8] Undefined offset: 5 G:\xampp\htdocs\hotel\Application\Home\Controller\IndexController.class.php 第 121 行.
SQL: SELECT * FROM `hotel_room_order` WHERE ( room_id='201'and starttime<=''and endtime>'' and starttime<'' and endtime>=''and order_status='到店付' )  [ RunTime:0.0006s ]
SQL: SELECT * FROM `hotel_room_order` WHERE ( room_id='201'and starttime<=''and endtime>'' and starttime<'' and endtime>=''and order_status='已支付' )  [ RunTime:0.0004s ]
SQL: SELECT * FROM `hotel_room_order` WHERE ( room_id='201'and starttime<=''and endtime>'' and  endtime<=''and order_status='到店付' )  [ RunTime:0.0005s ]
SQL: SELECT * FROM `hotel_room_order` WHERE ( room_id='201'and starttime<=''and endtime>'' and  endtime<=''and order_status='已支付' )  [ RunTime:0.0004s ]
SQL: SELECT * FROM `hotel_room_order` WHERE ( room_id='201'and starttime>=''and  starttime<'' and endtime>=''and order_status='到店付' )  [ RunTime:0.0005s ]
SQL: SELECT * FROM `hotel_room_order` WHERE ( room_id='201'and starttime>=''and  starttime<'' and endtime>=''and order_status='已支付' )  [ RunTime:0.0004s ]
SQL: SELECT * FROM `hotel_room_order` WHERE ( room_id='201'and starttime>='' and endtime<=''and order_status='到店付' )  [ RunTime:0.0003s ]
SQL: SELECT * FROM `hotel_room_order` WHERE ( room_id='201'and starttime>='' and endtime<=''and order_status='已支付' )  [ RunTime:0.0003s ]
NOTIC: [8] Undefined offset: 5 G:\xampp\htdocs\hotel\Application\Home\Controller\IndexController.class.php 第 121 行.
SQL: SELECT * FROM `hotel_room_order` WHERE ( room_id='204'and starttime<=''and endtime>'' and starttime<'' and endtime>=''and order_status='到店付' )  [ RunTime:0.0003s ]
SQL: SELECT * FROM `hotel_room_order` WHERE ( room_id='204'and starttime<=''and endtime>'' and starttime<'' and endtime>=''and order_status='已支付' )  [ RunTime:0.0004s ]
SQL: SELECT * FROM `hotel_room_order` WHERE ( room_id='204'and starttime<=''and endtime>'' and  endtime<=''and order_status='到店付' )  [ RunTime:0.0005s ]
SQL: SELECT * FROM `hotel_room_order` WHERE ( room_id='204'and starttime<=''and endtime>'' and  endtime<=''and order_status='已支付' )  [ RunTime:0.0004s ]
SQL: SELECT * FROM `hotel_room_order` WHERE ( room_id='204'and starttime>=''and  starttime<'' and endtime>=''and order_status='到店付' )  [ RunTime:0.0003s ]
SQL: SELECT * FROM `hotel_room_order` WHERE ( room_id='204'and starttime>=''and  starttime<'' and endtime>=''and order_status='已支付' )  [ RunTime:0.0004s ]
SQL: SELECT * FROM `hotel_room_order` WHERE ( room_id='204'and starttime>='' and endtime<=''and order_status='到店付' )  [ RunTime:0.0003s ]
SQL: SELECT * FROM `hotel_room_order` WHERE ( room_id='204'and starttime>='' and endtime<=''and order_status='已支付' )  [ RunTime:0.0003s ]
NOTIC: [8] Undefined offset: 5 G:\xampp\htdocs\hotel\Application\Home\Controller\IndexController.class.php 第 121 行.
SQL: SELECT * FROM `hotel_room_order` WHERE ( room_id='205'and starttime<=''and endtime>'' and starttime<'' and endtime>=''and order_status='到店付' )  [ RunTime:0.0003s ]
SQL: SELECT * FROM `hotel_room_order` WHERE ( room_id='205'and starttime<=''and endtime>'' and starttime<'' and endtime>=''and order_status='已支付' )  [ RunTime:0.0003s ]
SQL: SELECT * FROM `hotel_room_order` WHERE ( room_id='205'and starttime<=''and endtime>'' and  endtime<=''and order_status='到店付' )  [ RunTime:0.0003s ]
SQL: SELECT * FROM `hotel_room_order` WHERE ( room_id='205'and starttime<=''and endtime>'' and  endtime<=''and order_status='已支付' )  [ RunTime:0.0003s ]
SQL: SELECT * FROM `hotel_room_order` WHERE ( room_id='205'and starttime>=''and  starttime<'' and endtime>=''and order_status='到店付' )  [ RunTime:0.0004s ]
SQL: SELECT * FROM `hotel_room_order` WHERE ( room_id='205'and starttime>=''and  starttime<'' and endtime>=''and order_status='已支付' )  [ RunTime:0.0004s ]
SQL: SELECT * FROM `hotel_room_order` WHERE ( room_id='205'and starttime>='' and endtime<=''and order_status='到店付' )  [ RunTime:0.0004s ]
SQL: SELECT * FROM `hotel_room_order` WHERE ( room_id='205'and starttime>='' and endtime<=''and order_status='已支付' )  [ RunTime:0.0003s ]
NOTIC: [8] Undefined offset: 5 G:\xampp\htdocs\hotel\Application\Home\Controller\IndexController.class.php 第 121 行.
NOTIC: [8] Undefined offset: 5 G:\xampp\htdocs\hotel\Application\Home\Controller\IndexController.class.php 第 107 行.
SQL: SELECT * FROM `hotel_room_order` WHERE ( room_id=''and starttime<=''and endtime>'' and starttime<'' and endtime>=''and order_status='到店付' )  [ RunTime:0.0003s ]
SQL: SELECT * FROM `hotel_room_order` WHERE ( room_id=''and starttime<=''and endtime>'' and starttime<'' and endtime>=''and order_status='已支付' )  [ RunTime:0.0003s ]
SQL: SELECT * FROM `hotel_room_order` WHERE ( room_id=''and starttime<=''and endtime>'' and  endtime<=''and order_status='到店付' )  [ RunTime:0.0003s ]
SQL: SELECT * FROM `hotel_room_order` WHERE ( room_id=''and starttime<=''and endtime>'' and  endtime<=''and order_status='已支付' )  [ RunTime:0.0003s ]
SQL: SELECT * FROM `hotel_room_order` WHERE ( room_id=''and starttime>=''and  starttime<'' and endtime>=''and order_status='到店付' )  [ RunTime:0.0003s ]
SQL: SELECT * FROM `hotel_room_order` WHERE ( room_id=''and starttime>=''and  starttime<'' and endtime>=''and order_status='已支付' )  [ RunTime:0.0003s ]
SQL: SELECT * FROM `hotel_room_order` WHERE ( room_id=''and starttime>='' and endtime<=''and order_status='到店付' )  [ RunTime:0.0004s ]
SQL: SELECT * FROM `hotel_room_order` WHERE ( room_id=''and starttime>='' and endtime<=''and order_status='已支付' )  [ RunTime:0.0004s ]
NOTIC: [8] Undefined offset: 5 G:\xampp\htdocs\hotel\Application\Home\Controller\IndexController.class.php 第 121 行.
SQL: SELECT * FROM `hotel_room_order` WHERE ( room_id='102'and starttime<=''and endtime>'' and starttime<'' and endtime>=''and order_status='到店付' )  [ RunTime:0.0003s ]
SQL: SELECT * FROM `hotel_room_order` WHERE ( room_id='102'and starttime<=''and endtime>'' and starttime<'' and endtime>=''and order_status='已支付' )  [ RunTime:0.0003s ]
SQL: SELECT * FROM `hotel_room_order` WHERE ( room_id='102'and starttime<=''and endtime>'' and  endtime<=''and order_status='到店付' )  [ RunTime:0.0007s ]
SQL: SELECT * FROM `hotel_room_order` WHERE ( room_id='102'and starttime<=''and endtime>'' and  endtime<=''and order_status='已支付' )  [ RunTime:0.0008s ]
SQL: SELECT * FROM `hotel_room_order` WHERE ( room_id='102'and starttime>=''and  starttime<'' and endtime>=''and order_status='到店付' )  [ RunTime:0.0006s ]
SQL: SELECT * FROM `hotel_room_order` WHERE ( room_id='102'and starttime>=''and  starttime<'' and endtime>=''and order_status='已支付' )  [ RunTime:0.0004s ]
SQL: SELECT * FROM `hotel_room_order` WHERE ( room_id='102'and starttime>='' and endtime<=''and order_status='到店付' )  [ RunTime:0.0004s ]
SQL: SELECT * FROM `hotel_room_order` WHERE ( room_id='102'and starttime>='' and endtime<=''and order_status='已支付' )  [ RunTime:0.0004s ]
NOTIC: [8] Undefined offset: 3 G:\xampp\htdocs\hotel\Application\Home\Controller\IndexController.class.php 第 147 行.
SQL: SELECT * FROM `hotel_room_order` WHERE ( room_id='107'and starttime<=''and endtime>'' and starttime<'' and endtime>=''and order_status='到店付' )  [ RunTime:0.0003s ]
SQL: SELECT * FROM `hotel_room_order` WHERE ( room_id='107'and starttime<=''and endtime>'' and starttime<'' and endtime>=''and order_status='已支付' )  [ RunTime:0.0003s ]
SQL: SELECT * FROM `hotel_room_order` WHERE ( room_id='107'and starttime<=''and endtime>'' and  endtime<=''and order_status='到店付' )  [ RunTime:0.0003s ]
SQL: SELECT * FROM `hotel_room_order` WHERE ( room_id='107'and starttime<=''and endtime>'' and  endtime<=''and order_status='已支付' )  [ RunTime:0.0003s ]
SQL: SELECT * FROM `hotel_room_order` WHERE ( room_id='107'and starttime>=''and  starttime<'' and endtime>=''and order_status='到店付' )  [ RunTime:0.0003s ]
SQL: SELECT * FROM `hotel_room_order` WHERE ( room_id='107'and starttime>=''and  starttime<'' and endtime>=''and order_status='已支付' )  [ RunTime:0.0003s ]
SQL: SELECT * FROM `hotel_room_order` WHERE ( room_id='107'and starttime>='' and endtime<=''and order_status='到店付' )  [ RunTime:0.0003s ]
SQL: SELECT * FROM `hotel_room_order` WHERE ( room_id='107'and starttime>='' and endtime<=''and order_status='已支付' )  [ RunTime:0.0003s ]
NOTIC: [8] Undefined offset: 3 G:\xampp\htdocs\hotel\Application\Home\Controller\IndexController.class.php 第 147 行.
SQL: SELECT * FROM `hotel_room_order` WHERE ( room_id='109'and starttime<=''and endtime>'' and starttime<'' and endtime>=''and order_status='到店付' )  [ RunTime:0.0003s ]
SQL: SELECT * FROM `hotel_room_order` WHERE ( room_id='109'and starttime<=''and endtime>'' and starttime<'' and endtime>=''and order_status='已支付' )  [ RunTime:0.0003s ]
SQL: SELECT * FROM `hotel_room_order` WHERE ( room_id='109'and starttime<=''and endtime>'' and  endtime<=''and order_status='到店付' )  [ RunTime:0.0003s ]
SQL: SELECT * FROM `hotel_room_order` WHERE ( room_id='109'and starttime<=''and endtime>'' and  endtime<=''and order_status='已支付' )  [ RunTime:0.0003s ]
SQL: SELECT * FROM `hotel_room_order` WHERE ( room_id='109'and starttime>=''and  starttime<'' and endtime>=''and order_status='到店付' )  [ RunTime:0.0003s ]
SQL: SELECT * FROM `hotel_room_order` WHERE ( room_id='109'and starttime>=''and  starttime<'' and endtime>=''and order_status='已支付' )  [ RunTime:0.0003s ]
SQL: SELECT * FROM `hotel_room_order` WHERE ( room_id='109'and starttime>='' and endtime<=''and order_status='到店付' )  [ RunTime:0.0003s ]
SQL: SELECT * FROM `hotel_room_order` WHERE ( room_id='109'and starttime>='' and endtime<=''and order_status='已支付' )  [ RunTime:0.0003s ]
NOTIC: [8] Undefined offset: 3 G:\xampp\htdocs\hotel\Application\Home\Controller\IndexController.class.php 第 147 行.
NOTIC: [8] Undefined offset: 3 G:\xampp\htdocs\hotel\Application\Home\Controller\IndexController.class.php 第 133 行.
SQL: SELECT * FROM `hotel_room_order` WHERE ( room_id=''and starttime<=''and endtime>'' and starttime<'' and endtime>=''and order_status='到店付' )  [ RunTime:0.0162s ]
SQL: SELECT * FROM `hotel_room_order` WHERE ( room_id=''and starttime<=''and endtime>'' and starttime<'' and endtime>=''and order_status='已支付' )  [ RunTime:0.0004s ]
SQL: SELECT * FROM `hotel_room_order` WHERE ( room_id=''and starttime<=''and endtime>'' and  endtime<=''and order_status='到店付' )  [ RunTime:0.0004s ]
SQL: SELECT * FROM `hotel_room_order` WHERE ( room_id=''and starttime<=''and endtime>'' and  endtime<=''and order_status='已支付' )  [ RunTime:0.0003s ]
SQL: SELECT * FROM `hotel_room_order` WHERE ( room_id=''and starttime>=''and  starttime<'' and endtime>=''and order_status='到店付' )  [ RunTime:0.0003s ]
SQL: SELECT * FROM `hotel_room_order` WHERE ( room_id=''and starttime>=''and  starttime<'' and endtime>=''and order_status='已支付' )  [ RunTime:0.0004s ]
SQL: SELECT * FROM `hotel_room_order` WHERE ( room_id=''and starttime>='' and endtime<=''and order_status='到店付' )  [ RunTime:0.0003s ]
SQL: SELECT * FROM `hotel_room_order` WHERE ( room_id=''and starttime>='' and endtime<=''and order_status='已支付' )  [ RunTime:0.0003s ]
NOTIC: [8] Undefined offset: 3 G:\xampp\htdocs\hotel\Application\Home\Controller\IndexController.class.php 第 147 行.
SQL: SELECT * FROM `hotel_room_order` WHERE ( room_id='101'and starttime<=''and endtime>'' and starttime<'' and endtime>=''and order_status='到店付' )  [ RunTime:0.0003s ]
SQL: SELECT * FROM `hotel_room_order` WHERE ( room_id='101'and starttime<=''and endtime>'' and starttime<'' and endtime>=''and order_status='已支付' )  [ RunTime:0.0003s ]
SQL: SELECT * FROM `hotel_room_order` WHERE ( room_id='101'and starttime<=''and endtime>'' and  endtime<=''and order_status='到店付' )  [ RunTime:0.0003s ]
SQL: SELECT * FROM `hotel_room_order` WHERE ( room_id='101'and starttime<=''and endtime>'' and  endtime<=''and order_status='已支付' )  [ RunTime:0.0003s ]
SQL: SELECT * FROM `hotel_room_order` WHERE ( room_id='101'and starttime>=''and  starttime<'' and endtime>=''and order_status='到店付' )  [ RunTime:0.0003s ]
SQL: SELECT * FROM `hotel_room_order` WHERE ( room_id='101'and starttime>=''and  starttime<'' and endtime>=''and order_status='已支付' )  [ RunTime:0.0006s ]
SQL: SELECT * FROM `hotel_room_order` WHERE ( room_id='101'and starttime>='' and endtime<=''and order_status='到店付' )  [ RunTime:0.0008s ]
SQL: SELECT * FROM `hotel_room_order` WHERE ( room_id='101'and starttime>='' and endtime<=''and order_status='已支付' )  [ RunTime:0.0004s ]
NOTIC: [8] Undefined offset: 3 G:\xampp\htdocs\hotel\Application\Home\Controller\IndexController.class.php 第 173 行.
SQL: SELECT * FROM `hotel_room_order` WHERE ( room_id='202'and starttime<=''and endtime>'' and starttime<'' and endtime>=''and order_status='到店付' )  [ RunTime:0.0005s ]
SQL: SELECT * FROM `hotel_room_order` WHERE ( room_id='202'and starttime<=''and endtime>'' and starttime<'' and endtime>=''and order_status='已支付' )  [ RunTime:0.0005s ]
SQL: SELECT * FROM `hotel_room_order` WHERE ( room_id='202'and starttime<=''and endtime>'' and  endtime<=''and order_status='到店付' )  [ RunTime:0.0004s ]
SQL: SELECT * FROM `hotel_room_order` WHERE ( room_id='202'and starttime<=''and endtime>'' and  endtime<=''and order_status='已支付' )  [ RunTime:0.0003s ]
SQL: SELECT * FROM `hotel_room_order` WHERE ( room_id='202'and starttime>=''and  starttime<'' and endtime>=''and order_status='到店付' )  [ RunTime:0.0003s ]
SQL: SELECT * FROM `hotel_room_order` WHERE ( room_id='202'and starttime>=''and  starttime<'' and endtime>=''and order_status='已支付' )  [ RunTime:0.0003s ]
SQL: SELECT * FROM `hotel_room_order` WHERE ( room_id='202'and starttime>='' and endtime<=''and order_status='到店付' )  [ RunTime:0.0003s ]
SQL: SELECT * FROM `hotel_room_order` WHERE ( room_id='202'and starttime>='' and endtime<=''and order_status='已支付' )  [ RunTime:0.0003s ]
NOTIC: [8] Undefined offset: 3 G:\xampp\htdocs\hotel\Application\Home\Controller\IndexController.class.php 第 173 行.
SQL: SELECT * FROM `hotel_room_order` WHERE ( room_id='207'and starttime<=''and endtime>'' and starttime<'' and endtime>=''and order_status='到店付' )  [ RunTime:0.0003s ]
SQL: SELECT * FROM `hotel_room_order` WHERE ( room_id='207'and starttime<=''and endtime>'' and starttime<'' and endtime>=''and order_status='已支付' )  [ RunTime:0.0003s ]
SQL: SELECT * FROM `hotel_room_order` WHERE ( room_id='207'and starttime<=''and endtime>'' and  endtime<=''and order_status='到店付' )  [ RunTime:0.0003s ]
SQL: SELECT * FROM `hotel_room_order` WHERE ( room_id='207'and starttime<=''and endtime>'' and  endtime<=''and order_status='已支付' )  [ RunTime:0.0003s ]
SQL: SELECT * FROM `hotel_room_order` WHERE ( room_id='207'and starttime>=''and  starttime<'' and endtime>=''and order_status='到店付' )  [ RunTime:0.0003s ]
SQL: SELECT * FROM `hotel_room_order` WHERE ( room_id='207'and starttime>=''and  starttime<'' and endtime>=''and order_status='已支付' )  [ RunTime:0.0003s ]
SQL: SELECT * FROM `hotel_room_order` WHERE ( room_id='207'and starttime>='' and endtime<=''and order_status='到店付' )  [ RunTime:0.0003s ]
SQL: SELECT * FROM `hotel_room_order` WHERE ( room_id='207'and starttime>='' and endtime<=''and order_status='已支付' )  [ RunTime:0.0003s ]
NOTIC: [8] Undefined offset: 3 G:\xampp\htdocs\hotel\Application\Home\Controller\IndexController.class.php 第 173 行.
NOTIC: [8] Undefined offset: 3 G:\xampp\htdocs\hotel\Application\Home\Controller\IndexController.class.php 第 159 行.
SQL: SELECT * FROM `hotel_room_order` WHERE ( room_id=''and starttime<=''and endtime>'' and starttime<'' and endtime>=''and order_status='到店付' )  [ RunTime:0.0003s ]
SQL: SELECT * FROM `hotel_room_order` WHERE ( room_id=''and starttime<=''and endtime>'' and starttime<'' and endtime>=''and order_status='已支付' )  [ RunTime:0.0003s ]
SQL: SELECT * FROM `hotel_room_order` WHERE ( room_id=''and starttime<=''and endtime>'' and  endtime<=''and order_status='到店付' )  [ RunTime:0.0003s ]
SQL: SELECT * FROM `hotel_room_order` WHERE ( room_id=''and starttime<=''and endtime>'' and  endtime<=''and order_status='已支付' )  [ RunTime:0.0003s ]
SQL: SELECT * FROM `hotel_room_order` WHERE ( room_id=''and starttime>=''and  starttime<'' and endtime>=''and order_status='到店付' )  [ RunTime:0.0003s ]
SQL: SELECT * FROM `hotel_room_order` WHERE ( room_id=''and starttime>=''and  starttime<'' and endtime>=''and order_status='已支付' )  [ RunTime:0.0003s ]
SQL: SELECT * FROM `hotel_room_order` WHERE ( room_id=''and starttime>='' and endtime<=''and order_status='到店付' )  [ RunTime:0.0003s ]
SQL: SELECT * FROM `hotel_room_order` WHERE ( room_id=''and starttime>='' and endtime<=''and order_status='已支付' )  [ RunTime:0.0003s ]
NOTIC: [8] Undefined offset: 3 G:\xampp\htdocs\hotel\Application\Home\Controller\IndexController.class.php 第 173 行.
SQL: SHOW COLUMNS FROM `hotel_room_show` [ RunTime:0.0029s ]
SQL: SELECT `room_description` FROM `hotel_room_show` WHERE ( room_category='标准单人房' )  [ RunTime:0.0002s ]
SQL: SELECT `room_description` FROM `hotel_room_show` WHERE ( room_category='标准双人房' )  [ RunTime:0.0005s ]
SQL: SELECT `room_description` FROM `hotel_room_show` WHERE ( room_category='豪华单人房' )  [ RunTime:0.0005s ]
SQL: SELECT `room_description` FROM `hotel_room_show` WHERE ( room_category='豪华双人房' )  [ RunTime:0.0002s ]
SQL: SELECT `room_pictures` FROM `hotel_room_show` WHERE ( room_category='标准单人房' )  [ RunTime:0.0001s ]
SQL: SELECT `room_pictures` FROM `hotel_room_show` WHERE ( room_category='标准双人房' )  [ RunTime:0.0002s ]
SQL: SELECT `room_pictures` FROM `hotel_room_show` WHERE ( room_category='豪华单人房' )  [ RunTime:0.0002s ]
SQL: SELECT `room_pictures` FROM `hotel_room_show` WHERE ( room_category='豪华双人房' )  [ RunTime:0.0004s ]
INFO: [ view_parse ] --START--
INFO: [ template_filter ] --START--
INFO: Run Behavior\ContentReplaceBehavior [ RunTime:0.000053s ]
INFO: [ template_filter ] --END-- [ RunTime:0.000091s ]
INFO: Run Behavior\ParseTemplateBehavior [ RunTime:0.036764s ]
INFO: [ view_parse ] --END-- [ RunTime:0.036812s ]
INFO: [ view_filter ] --START--
INFO: Run Behavior\WriteHtmlCacheBehavior [ RunTime:0.000241s ]
INFO: [ view_filter ] --END-- [ RunTime:0.000266s ]
INFO: [ app_end ] --START--
INFO: Run Behavior\ShowPageTraceBehavior [ RunTime:0.000488s ]
INFO: [ app_end ] --END-- [ RunTime:0.000532s ]
NOTIC: [8] Constant APP_DEBUG already defined G:\xampp\htdocs\hotel\index.php 第 30 行.

[ 2017-04-22T12:41:19+08:00 ] 127.0.0.1 /hotel/index.php?m=Home&c=index&a=index
INFO: [ app_init ] --START--
INFO: Run Behavior\BuildLiteBehavior [ RunTime:0.000010s ]
INFO: [ app_init ] --END-- [ RunTime:0.000254s ]
INFO: [ app_begin ] --START--
INFO: Run Behavior\ReadHtmlCacheBehavior [ RunTime:0.000669s ]
INFO: [ app_begin ] --END-- [ RunTime:0.000718s ]
INFO: [ view_parse ] --START--
INFO: [ template_filter ] --START--
INFO: Run Behavior\ContentReplaceBehavior [ RunTime:0.000063s ]
INFO: [ template_filter ] --END-- [ RunTime:0.000109s ]
INFO: Run Behavior\ParseTemplateBehavior [ RunTime:0.008740s ]
INFO: [ view_parse ] --END-- [ RunTime:0.008787s ]
INFO: [ view_filter ] --START--
INFO: Run Behavior\WriteHtmlCacheBehavior [ RunTime:0.000471s ]
INFO: [ view_filter ] --END-- [ RunTime:0.000505s ]
INFO: [ app_end ] --START--
INFO: Run Behavior\ShowPageTraceBehavior [ RunTime:0.000864s ]
INFO: [ app_end ] --END-- [ RunTime:0.000922s ]
NOTIC: [8] Constant APP_DEBUG already defined G:\xampp\htdocs\hotel\index.php 第 30 行.

[ 2017-04-22T13:05:05+08:00 ] 127.0.0.1 /hotel/index.php?m=Home&c=index&a=index
INFO: [ app_init ] --START--
INFO: Run Behavior\BuildLiteBehavior [ RunTime:0.000009s ]
INFO: [ app_init ] --END-- [ RunTime:0.000051s ]
INFO: [ app_begin ] --START--
INFO: Run Behavior\ReadHtmlCacheBehavior [ RunTime:0.000643s ]
INFO: [ app_begin ] --END-- [ RunTime:0.000686s ]
INFO: [ view_parse ] --START--
INFO: [ template_filter ] --START--
INFO: Run Behavior\ContentReplaceBehavior [ RunTime:0.000096s ]
INFO: [ template_filter ] --END-- [ RunTime:0.000203s ]
INFO: Run Behavior\ParseTemplateBehavior [ RunTime:0.012036s ]
INFO: [ view_parse ] --END-- [ RunTime:0.012100s ]
INFO: [ view_filter ] --START--
INFO: Run Behavior\WriteHtmlCacheBehavior [ RunTime:0.000769s ]
INFO: [ view_filter ] --END-- [ RunTime:0.000815s ]
INFO: [ app_end ] --START--
INFO: Run Behavior\ShowPageTraceBehavior [ RunTime:0.001045s ]
INFO: [ app_end ] --END-- [ RunTime:0.001117s ]
NOTIC: [8] Constant APP_DEBUG already defined G:\xampp\htdocs\hotel\index.php 第 30 行.

