[ 2018-02-08T11:24:29+08:00 ] ::1 /hotel/index.php/Home/Index/index
INFO: [ app_init ] --START--
INFO: Run Behavior\BuildLiteBehavior [ RunTime:0.000021s ]
INFO: [ app_init ] --END-- [ RunTime:0.000129s ]
INFO: [ app_begin ] --START--
INFO: Run Behavior\ReadHtmlCacheBehavior [ RunTime:0.000729s ]
INFO: [ app_begin ] --END-- [ RunTime:0.000837s ]
INFO: [ view_parse ] --START--
INFO: [ template_filter ] --START--
INFO: Run Behavior\ContentReplaceBehavior [ RunTime:0.000120s ]
INFO: [ template_filter ] --END-- [ RunTime:0.000238s ]
INFO: Run Behavior\ParseTemplateBehavior [ RunTime:0.010078s ]
INFO: [ view_parse ] --END-- [ RunTime:0.010186s ]
INFO: [ view_filter ] --START--
INFO: Run Behavior\WriteHtmlCacheBehavior [ RunTime:0.000602s ]
INFO: [ view_filter ] --END-- [ RunTime:0.000699s ]
INFO: [ app_end ] --START--
INFO: Run Behavior\ShowPageTraceBehavior [ RunTime:0.000807s ]
INFO: [ app_end ] --END-- [ RunTime:0.000944s ]
NOTIC: [8] Constant APP_DEBUG already defined D:\wamp\www\hotel\index.php 第 30 行.

[ 2018-02-08T11:29:20+08:00 ] ::1 /hotel/index.php?m=Home&c=center&a=index
INFO: [ app_init ] --START--
INFO: Run Behavior\BuildLiteBehavior [ RunTime:0.000021s ]
INFO: [ app_init ] --END-- [ RunTime:0.000129s ]
INFO: [ app_begin ] --START--
INFO: Run Behavior\ReadHtmlCacheBehavior [ RunTime:0.000703s ]
INFO: [ app_begin ] --END-- [ RunTime:0.000827s ]
INFO: [ view_parse ] --START--
INFO: [ template_filter ] --START--
INFO: Run Behavior\ContentReplaceBehavior [ RunTime:0.000062s ]
INFO: [ template_filter ] --END-- [ RunTime:0.000166s ]
INFO: Run Behavior\ParseTemplateBehavior [ RunTime:0.008304s ]
INFO: [ view_parse ] --END-- [ RunTime:0.008420s ]
INFO: [ view_filter ] --START--
INFO: Run Behavior\WriteHtmlCacheBehavior [ RunTime:0.000657s ]
INFO: [ view_filter ] --END-- [ RunTime:0.000756s ]
INFO: [ app_end ] --START--
INFO: Run Behavior\ShowPageTraceBehavior [ RunTime:0.000742s ]
INFO: [ app_end ] --END-- [ RunTime:0.000841s ]
NOTIC: [8] Constant APP_DEBUG already defined D:\wamp\www\hotel\index.php 第 30 行.

[ 2018-02-08T11:29:20+08:00 ] ::1 /hotel/index.php?m=Home&c=center&a=info
INFO: [ app_init ] --START--
INFO: Run Behavior\BuildLiteBehavior [ RunTime:0.000020s ]
INFO: [ app_init ] --END-- [ RunTime:0.000122s ]
INFO: [ app_begin ] --START--
INFO: Run Behavior\ReadHtmlCacheBehavior [ RunTime:0.000684s ]
INFO: [ app_begin ] --END-- [ RunTime:0.000785s ]
SQL: SHOW COLUMNS FROM `hotel_user` [ RunTime:0.0014s ]
SQL: SELECT * FROM `hotel_user` WHERE ( user_nickname='zsq336' ) LIMIT 1   [ RunTime:0.0003s ]
INFO: [ view_parse ] --START--
INFO: [ template_filter ] --START--
INFO: Run Behavior\ContentReplaceBehavior [ RunTime:0.000053s ]
INFO: [ template_filter ] --END-- [ RunTime:0.000184s ]
INFO: Run Behavior\ParseTemplateBehavior [ RunTime:0.007300s ]
INFO: [ view_parse ] --END-- [ RunTime:0.007408s ]
INFO: [ view_filter ] --START--
INFO: Run Behavior\WriteHtmlCacheBehavior [ RunTime:0.000580s ]
INFO: [ view_filter ] --END-- [ RunTime:0.000686s ]
INFO: [ app_end ] --START--
INFO: Run Behavior\ShowPageTraceBehavior [ RunTime:0.000694s ]
INFO: [ app_end ] --END-- [ RunTime:0.000789s ]
NOTIC: [8] Constant APP_DEBUG already defined D:\wamp\www\hotel\index.php 第 30 行.

[ 2018-02-08T11:31:11+08:00 ] ::1 /hotel/index.php?m=Home&c=login&a=logout
INFO: [ app_init ] --START--
INFO: Run Behavior\BuildLiteBehavior [ RunTime:0.000024s ]
INFO: [ app_init ] --END-- [ RunTime:0.000136s ]
INFO: [ app_begin ] --START--
INFO: Run Behavior\ReadHtmlCacheBehavior [ RunTime:0.000700s ]
INFO: [ app_begin ] --END-- [ RunTime:0.000806s ]

[ 2018-02-08T11:31:11+08:00 ] ::1 /hotel/index.php?m=Home&c=index&a=index
INFO: [ app_init ] --START--
INFO: Run Behavior\BuildLiteBehavior [ RunTime:0.000021s ]
INFO: [ app_init ] --END-- [ RunTime:0.000123s ]
INFO: [ app_begin ] --START--
INFO: Run Behavior\ReadHtmlCacheBehavior [ RunTime:0.000742s ]
INFO: [ app_begin ] --END-- [ RunTime:0.000849s ]
NOTIC: [8] Undefined index: user_nickname D:\wamp\www\hotel\Application\Home\Controller\IndexController.class.php 第 17 行.
INFO: [ view_parse ] --START--
INFO: [ template_filter ] --START--
INFO: Run Behavior\ContentReplaceBehavior [ RunTime:0.000081s ]
INFO: [ template_filter ] --END-- [ RunTime:0.000189s ]
INFO: Run Behavior\ParseTemplateBehavior [ RunTime:0.009985s ]
INFO: [ view_parse ] --END-- [ RunTime:0.010092s ]
INFO: [ view_filter ] --START--
INFO: Run Behavior\WriteHtmlCacheBehavior [ RunTime:0.000583s ]
INFO: [ view_filter ] --END-- [ RunTime:0.000680s ]
INFO: [ app_end ] --START--
INFO: Run Behavior\ShowPageTraceBehavior [ RunTime:0.000722s ]
INFO: [ app_end ] --END-- [ RunTime:0.000824s ]
NOTIC: [8] Constant APP_DEBUG already defined D:\wamp\www\hotel\index.php 第 30 行.

[ 2018-02-08T11:31:16+08:00 ] ::1 /hotel/index.php?m=Home&c=login&a=index
INFO: [ app_init ] --START--
INFO: Run Behavior\BuildLiteBehavior [ RunTime:0.000021s ]
INFO: [ app_init ] --END-- [ RunTime:0.000123s ]
INFO: [ app_begin ] --START--
INFO: Run Behavior\ReadHtmlCacheBehavior [ RunTime:0.000748s ]
INFO: [ app_begin ] --END-- [ RunTime:0.000853s ]
NOTIC: [8] Undefined index: user_nickname D:\wamp\www\hotel\Application\Home\Controller\LoginController.class.php 第 56 行.
INFO: [ view_parse ] --START--
INFO: [ template_filter ] --START--
INFO: Run Behavior\ContentReplaceBehavior [ RunTime:0.000086s ]
INFO: [ template_filter ] --END-- [ RunTime:0.000196s ]
INFO: Run Behavior\ParseTemplateBehavior [ RunTime:0.010154s ]
INFO: [ view_parse ] --END-- [ RunTime:0.010263s ]
INFO: [ view_filter ] --START--
INFO: Run Behavior\WriteHtmlCacheBehavior [ RunTime:0.000555s ]
INFO: [ view_filter ] --END-- [ RunTime:0.000654s ]
INFO: [ app_end ] --START--
INFO: Run Behavior\ShowPageTraceBehavior [ RunTime:0.000652s ]
INFO: [ app_end ] --END-- [ RunTime:0.000757s ]
NOTIC: [8] Constant APP_DEBUG already defined D:\wamp\www\hotel\index.php 第 30 行.

[ 2018-02-08T11:31:16+08:00 ] ::1 /hotel/index.php?m=Home&c=login&a=verify_c
INFO: [ app_init ] --START--
INFO: Run Behavior\BuildLiteBehavior [ RunTime:0.000021s ]
INFO: [ app_init ] --END-- [ RunTime:0.000121s ]
INFO: [ app_begin ] --START--
INFO: Run Behavior\ReadHtmlCacheBehavior [ RunTime:0.000649s ]
INFO: [ app_begin ] --END-- [ RunTime:0.000754s ]
INFO: [ app_end ] --START--
INFO: Run Behavior\ShowPageTraceBehavior [ RunTime:0.000668s ]
INFO: [ app_end ] --END-- [ RunTime:0.000777s ]
NOTIC: [8] Constant APP_DEBUG already defined D:\wamp\www\hotel\index.php 第 30 行.

[ 2018-02-08T11:36:05+08:00 ] ::1 /hotel/index.php?m=Home&c=login&a=index
INFO: [ app_init ] --START--
INFO: Run Behavior\BuildLiteBehavior [ RunTime:0.000023s ]
INFO: [ app_init ] --END-- [ RunTime:0.000135s ]
INFO: [ app_begin ] --START--
INFO: Run Behavior\ReadHtmlCacheBehavior [ RunTime:0.000638s ]
INFO: [ app_begin ] --END-- [ RunTime:0.000745s ]
NOTIC: [8] Undefined index: user_nickname D:\wamp\www\hotel\Application\Home\Controller\LoginController.class.php 第 56 行.
INFO: [ view_parse ] --START--
INFO: [ template_filter ] --START--
INFO: Run Behavior\ContentReplaceBehavior [ RunTime:0.000088s ]
INFO: [ template_filter ] --END-- [ RunTime:0.000193s ]
INFO: Run Behavior\ParseTemplateBehavior [ RunTime:0.010147s ]
INFO: [ view_parse ] --END-- [ RunTime:0.010254s ]
INFO: [ view_filter ] --START--
INFO: Run Behavior\WriteHtmlCacheBehavior [ RunTime:0.000541s ]
INFO: [ view_filter ] --END-- [ RunTime:0.000638s ]
INFO: [ app_end ] --START--
INFO: Run Behavior\ShowPageTraceBehavior [ RunTime:0.000737s ]
INFO: [ app_end ] --END-- [ RunTime:0.000850s ]
NOTIC: [8] Constant APP_DEBUG already defined D:\wamp\www\hotel\index.php 第 30 行.

[ 2018-02-08T11:36:05+08:00 ] ::1 /hotel/index.php?m=Home&c=login&a=verify_c
INFO: [ app_init ] --START--
INFO: Run Behavior\BuildLiteBehavior [ RunTime:0.000021s ]
INFO: [ app_init ] --END-- [ RunTime:0.000122s ]
INFO: [ app_begin ] --START--
INFO: Run Behavior\ReadHtmlCacheBehavior [ RunTime:0.000663s ]
INFO: [ app_begin ] --END-- [ RunTime:0.000770s ]
INFO: [ app_end ] --START--
INFO: Run Behavior\ShowPageTraceBehavior [ RunTime:0.000834s ]
INFO: [ app_end ] --END-- [ RunTime:0.000969s ]
NOTIC: [8] Constant APP_DEBUG already defined D:\wamp\www\hotel\index.php 第 30 行.

[ 2018-02-08T11:36:06+08:00 ] ::1 /hotel/index.php?m=Home&c=login&a=index
INFO: [ app_init ] --START--
INFO: Run Behavior\BuildLiteBehavior [ RunTime:0.000021s ]
INFO: [ app_init ] --END-- [ RunTime:0.000130s ]
INFO: [ app_begin ] --START--
INFO: Run Behavior\ReadHtmlCacheBehavior [ RunTime:0.000588s ]
INFO: [ app_begin ] --END-- [ RunTime:0.000694s ]
NOTIC: [8] Undefined index: user_nickname D:\wamp\www\hotel\Application\Home\Controller\LoginController.class.php 第 56 行.
INFO: [ view_parse ] --START--
INFO: [ template_filter ] --START--
INFO: Run Behavior\ContentReplaceBehavior [ RunTime:0.000085s ]
INFO: [ template_filter ] --END-- [ RunTime:0.000191s ]
INFO: Run Behavior\ParseTemplateBehavior [ RunTime:0.009940s ]
INFO: [ view_parse ] --END-- [ RunTime:0.010045s ]
INFO: [ view_filter ] --START--
INFO: Run Behavior\WriteHtmlCacheBehavior [ RunTime:0.000515s ]
INFO: [ view_filter ] --END-- [ RunTime:0.000611s ]
INFO: [ app_end ] --START--
INFO: Run Behavior\ShowPageTraceBehavior [ RunTime:0.000617s ]
INFO: [ app_end ] --END-- [ RunTime:0.000721s ]
NOTIC: [8] Constant APP_DEBUG already defined D:\wamp\www\hotel\index.php 第 30 行.

[ 2018-02-08T11:36:06+08:00 ] ::1 /hotel/index.php?m=Home&c=login&a=verify_c
INFO: [ app_init ] --START--
INFO: Run Behavior\BuildLiteBehavior [ RunTime:0.000020s ]
INFO: [ app_init ] --END-- [ RunTime:0.000120s ]
INFO: [ app_begin ] --START--
INFO: Run Behavior\ReadHtmlCacheBehavior [ RunTime:0.000607s ]
INFO: [ app_begin ] --END-- [ RunTime:0.000715s ]
INFO: [ app_end ] --START--
INFO: Run Behavior\ShowPageTraceBehavior [ RunTime:0.000744s ]
INFO: [ app_end ] --END-- [ RunTime:0.000868s ]
NOTIC: [8] Constant APP_DEBUG already defined D:\wamp\www\hotel\index.php 第 30 行.

[ 2018-02-08T11:36:15+08:00 ] ::1 /hotel/index.php?m=Home&c=index&a=index
INFO: [ app_init ] --START--
INFO: Run Behavior\BuildLiteBehavior [ RunTime:0.000021s ]
INFO: [ app_init ] --END-- [ RunTime:0.000124s ]
INFO: [ app_begin ] --START--
INFO: Run Behavior\ReadHtmlCacheBehavior [ RunTime:0.000616s ]
INFO: [ app_begin ] --END-- [ RunTime:0.000720s ]
NOTIC: [8] Undefined index: user_nickname D:\wamp\www\hotel\Application\Home\Controller\IndexController.class.php 第 17 行.
INFO: [ view_parse ] --START--
INFO: [ template_filter ] --START--
INFO: Run Behavior\ContentReplaceBehavior [ RunTime:0.000079s ]
INFO: [ template_filter ] --END-- [ RunTime:0.000234s ]
INFO: Run Behavior\ParseTemplateBehavior [ RunTime:0.009752s ]
INFO: [ view_parse ] --END-- [ RunTime:0.009853s ]
INFO: [ view_filter ] --START--
INFO: Run Behavior\WriteHtmlCacheBehavior [ RunTime:0.000525s ]
INFO: [ view_filter ] --END-- [ RunTime:0.000614s ]
INFO: [ app_end ] --START--
INFO: Run Behavior\ShowPageTraceBehavior [ RunTime:0.000871s ]
INFO: [ app_end ] --END-- [ RunTime:0.001007s ]
NOTIC: [8] Constant APP_DEBUG already defined D:\wamp\www\hotel\index.php 第 30 行.

[ 2018-02-08T11:39:54+08:00 ] ::1 /hotel/index.php?m=Home&c=index&a=index
INFO: [ app_init ] --START--
INFO: Run Behavior\BuildLiteBehavior [ RunTime:0.000021s ]
INFO: [ app_init ] --END-- [ RunTime:0.000126s ]
INFO: [ app_begin ] --START--
INFO: Run Behavior\ReadHtmlCacheBehavior [ RunTime:0.000674s ]
INFO: [ app_begin ] --END-- [ RunTime:0.000781s ]
NOTIC: [8] Undefined index: user_nickname D:\wamp\www\hotel\Application\Home\Controller\IndexController.class.php 第 17 行.
INFO: [ view_parse ] --START--
INFO: [ template_filter ] --START--
INFO: Run Behavior\ContentReplaceBehavior [ RunTime:0.000078s ]
INFO: [ template_filter ] --END-- [ RunTime:0.000187s ]
INFO: Run Behavior\ParseTemplateBehavior [ RunTime:0.009682s ]
INFO: [ view_parse ] --END-- [ RunTime:0.009788s ]
INFO: [ view_filter ] --START--
INFO: Run Behavior\WriteHtmlCacheBehavior [ RunTime:0.000492s ]
INFO: [ view_filter ] --END-- [ RunTime:0.000587s ]
INFO: [ app_end ] --START--
INFO: Run Behavior\ShowPageTraceBehavior [ RunTime:0.000644s ]
INFO: [ app_end ] --END-- [ RunTime:0.000747s ]
NOTIC: [8] Constant APP_DEBUG already defined D:\wamp\www\hotel\index.php 第 30 行.

[ 2018-02-08T11:40:14+08:00 ] ::1 /hotel/index.php?m=Home&c=index&a=index
INFO: [ app_init ] --START--
INFO: Run Behavior\BuildLiteBehavior [ RunTime:0.000021s ]
INFO: [ app_init ] --END-- [ RunTime:0.000124s ]
INFO: [ app_begin ] --START--
INFO: Run Behavior\ReadHtmlCacheBehavior [ RunTime:0.000678s ]
INFO: [ app_begin ] --END-- [ RunTime:0.000784s ]
NOTIC: [8] Undefined index: user_nickname D:\wamp\www\hotel\Application\Home\Controller\IndexController.class.php 第 17 行.
INFO: [ view_parse ] --START--
INFO: [ template_filter ] --START--
INFO: Run Behavior\ContentReplaceBehavior [ RunTime:0.000077s ]
INFO: [ template_filter ] --END-- [ RunTime:0.000184s ]
INFO: Run Behavior\ParseTemplateBehavior [ RunTime:0.010212s ]
INFO: [ view_parse ] --END-- [ RunTime:0.010315s ]
INFO: [ view_filter ] --START--
INFO: Run Behavior\WriteHtmlCacheBehavior [ RunTime:0.000542s ]
INFO: [ view_filter ] --END-- [ RunTime:0.000633s ]
INFO: [ app_end ] --START--
INFO: Run Behavior\ShowPageTraceBehavior [ RunTime:0.000864s ]
INFO: [ app_end ] --END-- [ RunTime:0.000975s ]
NOTIC: [8] Constant APP_DEBUG already defined D:\wamp\www\hotel\index.php 第 30 行.

[ 2018-02-08T11:40:40+08:00 ] ::1 /hotel/index.php?m=Home&c=index&a=environment
INFO: [ app_init ] --START--
INFO: Run Behavior\BuildLiteBehavior [ RunTime:0.000022s ]
INFO: [ app_init ] --END-- [ RunTime:0.000128s ]
INFO: [ app_begin ] --START--
INFO: Run Behavior\ReadHtmlCacheBehavior [ RunTime:0.000667s ]
INFO: [ app_begin ] --END-- [ RunTime:0.000783s ]
NOTIC: [8] Undefined index: user_nickname D:\wamp\www\hotel\Application\Home\Controller\IndexController.class.php 第 17 行.
SQL: SHOW COLUMNS FROM `hotel_room` [ RunTime:0.0006s ]
SQL: SELECT `room_price` FROM `hotel_room` WHERE ( room_category='标准单人房' )  [ RunTime:0.0004s ]
SQL: SELECT `room_price` FROM `hotel_room` WHERE ( room_category='标准双人房' )  [ RunTime:0.0002s ]
SQL: SELECT `room_price` FROM `hotel_room` WHERE ( room_category='豪华单人房' )  [ RunTime:0.0002s ]
SQL: SELECT `room_price` FROM `hotel_room` WHERE ( room_category='豪华双人房' )  [ RunTime:0.0002s ]
SQL: SELECT COUNT(*) AS tp_count FROM `hotel_room` WHERE ( room_category='标准单人房' ) LIMIT 1   [ RunTime:0.0003s ]
SQL: SELECT `room_id` FROM `hotel_room` WHERE ( room_category='标准单人房' )  [ RunTime:0.0003s ]
SQL: SELECT COUNT(*) AS tp_count FROM `hotel_room` WHERE ( room_category='标准双人房' ) LIMIT 1   [ RunTime:0.0002s ]
SQL: SELECT `room_id` FROM `hotel_room` WHERE ( room_category='标准双人房' )  [ RunTime:0.0002s ]
SQL: SELECT COUNT(*) AS tp_count FROM `hotel_room` WHERE ( room_category='豪华单人房' ) LIMIT 1   [ RunTime:0.0002s ]
SQL: SELECT `room_id` FROM `hotel_room` WHERE ( room_category='豪华单人房' )  [ RunTime:0.0002s ]
SQL: SELECT COUNT(*) AS tp_count FROM `hotel_room` WHERE ( room_category='豪华双人房' ) LIMIT 1   [ RunTime:0.0002s ]
SQL: SELECT `room_id` FROM `hotel_room` WHERE ( room_category='豪华双人房' )  [ RunTime:0.0002s ]
SQL: SHOW COLUMNS FROM `hotel_room_order` [ RunTime:0.0006s ]
SQL: SELECT * FROM `hotel_room_order` WHERE ( room_id='103'and starttime<='2018-02-09'and endtime>'2018-02-09' and starttime<'2018-02-16' and endtime>='2018-02-16'and order_status='到店付' )  [ RunTime:0.0005s ]
SQL: SELECT * FROM `hotel_room_order` WHERE ( room_id='103'and starttime<='2018-02-09'and endtime>'2018-02-09' and starttime<'2018-02-16' and endtime>='2018-02-16'and order_status='已支付' )  [ RunTime:0.0004s ]
SQL: SELECT * FROM `hotel_room_order` WHERE ( room_id='103'and starttime<='2018-02-09'and endtime>'2018-02-09' and  endtime<='2018-02-16'and order_status='到店付' )  [ RunTime:0.0003s ]
SQL: SELECT * FROM `hotel_room_order` WHERE ( room_id='103'and starttime<='2018-02-09'and endtime>'2018-02-09' and  endtime<='2018-02-16'and order_status='已支付' )  [ RunTime:0.0004s ]
SQL: SELECT * FROM `hotel_room_order` WHERE ( room_id='103'and starttime>='2018-02-09'and  starttime<'2018-02-16' and endtime>='2018-02-16'and order_status='到店付' )  [ RunTime:0.0003s ]
SQL: SELECT * FROM `hotel_room_order` WHERE ( room_id='103'and starttime>='2018-02-09'and  starttime<'2018-02-16' and endtime>='2018-02-16'and order_status='已支付' )  [ RunTime:0.0004s ]
SQL: SELECT * FROM `hotel_room_order` WHERE ( room_id='103'and starttime>='2018-02-09' and endtime<='2018-02-16'and order_status='到店付' )  [ RunTime:0.0003s ]
SQL: SELECT * FROM `hotel_room_order` WHERE ( room_id='103'and starttime>='2018-02-09' and endtime<='2018-02-16'and order_status='已支付' )  [ RunTime:0.0003s ]
NOTIC: [8] Undefined offset: 6 D:\wamp\www\hotel\Application\Home\Controller\IndexController.class.php 第 98 行.
SQL: SELECT * FROM `hotel_room_order` WHERE ( room_id='105'and starttime<='2018-02-09'and endtime>'2018-02-09' and starttime<'2018-02-16' and endtime>='2018-02-16'and order_status='到店付' )  [ RunTime:0.0004s ]
SQL: SELECT * FROM `hotel_room_order` WHERE ( room_id='105'and starttime<='2018-02-09'and endtime>'2018-02-09' and starttime<'2018-02-16' and endtime>='2018-02-16'and order_status='已支付' )  [ RunTime:0.0004s ]
SQL: SELECT * FROM `hotel_room_order` WHERE ( room_id='105'and starttime<='2018-02-09'and endtime>'2018-02-09' and  endtime<='2018-02-16'and order_status='到店付' )  [ RunTime:0.0004s ]
SQL: SELECT * FROM `hotel_room_order` WHERE ( room_id='105'and starttime<='2018-02-09'and endtime>'2018-02-09' and  endtime<='2018-02-16'and order_status='已支付' )  [ RunTime:0.0004s ]
SQL: SELECT * FROM `hotel_room_order` WHERE ( room_id='105'and starttime>='2018-02-09'and  starttime<'2018-02-16' and endtime>='2018-02-16'and order_status='到店付' )  [ RunTime:0.0004s ]
SQL: SELECT * FROM `hotel_room_order` WHERE ( room_id='105'and starttime>='2018-02-09'and  starttime<'2018-02-16' and endtime>='2018-02-16'and order_status='已支付' )  [ RunTime:0.0003s ]
SQL: SELECT * FROM `hotel_room_order` WHERE ( room_id='105'and starttime>='2018-02-09' and endtime<='2018-02-16'and order_status='到店付' )  [ RunTime:0.0004s ]
SQL: SELECT * FROM `hotel_room_order` WHERE ( room_id='105'and starttime>='2018-02-09' and endtime<='2018-02-16'and order_status='已支付' )  [ RunTime:0.0004s ]
NOTIC: [8] Undefined offset: 6 D:\wamp\www\hotel\Application\Home\Controller\IndexController.class.php 第 98 行.
SQL: SELECT * FROM `hotel_room_order` WHERE ( room_id='110'and starttime<='2018-02-09'and endtime>'2018-02-09' and starttime<'2018-02-16' and endtime>='2018-02-16'and order_status='到店付' )  [ RunTime:0.0004s ]
SQL: SELECT * FROM `hotel_room_order` WHERE ( room_id='110'and starttime<='2018-02-09'and endtime>'2018-02-09' and starttime<'2018-02-16' and endtime>='2018-02-16'and order_status='已支付' )  [ RunTime:0.0004s ]
SQL: SELECT * FROM `hotel_room_order` WHERE ( room_id='110'and starttime<='2018-02-09'and endtime>'2018-02-09' and  endtime<='2018-02-16'and order_status='到店付' )  [ RunTime:0.0004s ]
SQL: SELECT * FROM `hotel_room_order` WHERE ( room_id='110'and starttime<='2018-02-09'and endtime>'2018-02-09' and  endtime<='2018-02-16'and order_status='已支付' )  [ RunTime:0.0004s ]
SQL: SELECT * FROM `hotel_room_order` WHERE ( room_id='110'and starttime>='2018-02-09'and  starttime<'2018-02-16' and endtime>='2018-02-16'and order_status='到店付' )  [ RunTime:0.0004s ]
SQL: SELECT * FROM `hotel_room_order` WHERE ( room_id='110'and starttime>='2018-02-09'and  starttime<'2018-02-16' and endtime>='2018-02-16'and order_status='已支付' )  [ RunTime:0.0004s ]
SQL: SELECT * FROM `hotel_room_order` WHERE ( room_id='110'and starttime>='2018-02-09' and endtime<='2018-02-16'and order_status='到店付' )  [ RunTime:0.0004s ]
SQL: SELECT * FROM `hotel_room_order` WHERE ( room_id='110'and starttime>='2018-02-09' and endtime<='2018-02-16'and order_status='已支付' )  [ RunTime:0.0004s ]
NOTIC: [8] Undefined offset: 6 D:\wamp\www\hotel\Application\Home\Controller\IndexController.class.php 第 98 行.
SQL: SELECT * FROM `hotel_room_order` WHERE ( room_id='113'and starttime<='2018-02-09'and endtime>'2018-02-09' and starttime<'2018-02-16' and endtime>='2018-02-16'and order_status='到店付' )  [ RunTime:0.0004s ]
SQL: SELECT * FROM `hotel_room_order` WHERE ( room_id='113'and starttime<='2018-02-09'and endtime>'2018-02-09' and starttime<'2018-02-16' and endtime>='2018-02-16'and order_status='已支付' )  [ RunTime:0.0003s ]
SQL: SELECT * FROM `hotel_room_order` WHERE ( room_id='113'and starttime<='2018-02-09'and endtime>'2018-02-09' and  endtime<='2018-02-16'and order_status='到店付' )  [ RunTime:0.0004s ]
SQL: SELECT * FROM `hotel_room_order` WHERE ( room_id='113'and starttime<='2018-02-09'and endtime>'2018-02-09' and  endtime<='2018-02-16'and order_status='已支付' )  [ RunTime:0.0005s ]
SQL: SELECT * FROM `hotel_room_order` WHERE ( room_id='113'and starttime>='2018-02-09'and  starttime<'2018-02-16' and endtime>='2018-02-16'and order_status='到店付' )  [ RunTime:0.0004s ]
SQL: SELECT * FROM `hotel_room_order` WHERE ( room_id='113'and starttime>='2018-02-09'and  starttime<'2018-02-16' and endtime>='2018-02-16'and order_status='已支付' )  [ RunTime:0.0004s ]
SQL: SELECT * FROM `hotel_room_order` WHERE ( room_id='113'and starttime>='2018-02-09' and endtime<='2018-02-16'and order_status='到店付' )  [ RunTime:0.0003s ]
SQL: SELECT * FROM `hotel_room_order` WHERE ( room_id='113'and starttime>='2018-02-09' and endtime<='2018-02-16'and order_status='已支付' )  [ RunTime:0.0004s ]
NOTIC: [8] Undefined offset: 6 D:\wamp\www\hotel\Application\Home\Controller\IndexController.class.php 第 98 行.
SQL: SELECT * FROM `hotel_room_order` WHERE ( room_id='203'and starttime<='2018-02-09'and endtime>'2018-02-09' and starttime<'2018-02-16' and endtime>='2018-02-16'and order_status='到店付' )  [ RunTime:0.0003s ]
SQL: SELECT * FROM `hotel_room_order` WHERE ( room_id='203'and starttime<='2018-02-09'and endtime>'2018-02-09' and starttime<'2018-02-16' and endtime>='2018-02-16'and order_status='已支付' )  [ RunTime:0.0003s ]
SQL: SELECT * FROM `hotel_room_order` WHERE ( room_id='203'and starttime<='2018-02-09'and endtime>'2018-02-09' and  endtime<='2018-02-16'and order_status='到店付' )  [ RunTime:0.0003s ]
SQL: SELECT * FROM `hotel_room_order` WHERE ( room_id='203'and starttime<='2018-02-09'and endtime>'2018-02-09' and  endtime<='2018-02-16'and order_status='已支付' )  [ RunTime:0.0004s ]
SQL: SELECT * FROM `hotel_room_order` WHERE ( room_id='203'and starttime>='2018-02-09'and  starttime<'2018-02-16' and endtime>='2018-02-16'and order_status='到店付' )  [ RunTime:0.0004s ]
SQL: SELECT * FROM `hotel_room_order` WHERE ( room_id='203'and starttime>='2018-02-09'and  starttime<'2018-02-16' and endtime>='2018-02-16'and order_status='已支付' )  [ RunTime:0.0004s ]
SQL: SELECT * FROM `hotel_room_order` WHERE ( room_id='203'and starttime>='2018-02-09' and endtime<='2018-02-16'and order_status='到店付' )  [ RunTime:0.0003s ]
SQL: SELECT * FROM `hotel_room_order` WHERE ( room_id='203'and starttime>='2018-02-09' and endtime<='2018-02-16'and order_status='已支付' )  [ RunTime:0.0004s ]
NOTIC: [8] Undefined offset: 6 D:\wamp\www\hotel\Application\Home\Controller\IndexController.class.php 第 98 行.
SQL: SELECT * FROM `hotel_room_order` WHERE ( room_id='206'and starttime<='2018-02-09'and endtime>'2018-02-09' and starttime<'2018-02-16' and endtime>='2018-02-16'and order_status='到店付' )  [ RunTime:0.0004s ]
SQL: SELECT * FROM `hotel_room_order` WHERE ( room_id='206'and starttime<='2018-02-09'and endtime>'2018-02-09' and starttime<'2018-02-16' and endtime>='2018-02-16'and order_status='已支付' )  [ RunTime:0.0004s ]
SQL: SELECT * FROM `hotel_room_order` WHERE ( room_id='206'and starttime<='2018-02-09'and endtime>'2018-02-09' and  endtime<='2018-02-16'and order_status='到店付' )  [ RunTime:0.0004s ]
SQL: SELECT * FROM `hotel_room_order` WHERE ( room_id='206'and starttime<='2018-02-09'and endtime>'2018-02-09' and  endtime<='2018-02-16'and order_status='已支付' )  [ RunTime:0.0004s ]
SQL: SELECT * FROM `hotel_room_order` WHERE ( room_id='206'and starttime>='2018-02-09'and  starttime<'2018-02-16' and endtime>='2018-02-16'and order_status='到店付' )  [ RunTime:0.0004s ]
SQL: SELECT * FROM `hotel_room_order` WHERE ( room_id='206'and starttime>='2018-02-09'and  starttime<'2018-02-16' and endtime>='2018-02-16'and order_status='已支付' )  [ RunTime:0.0004s ]
SQL: SELECT * FROM `hotel_room_order` WHERE ( room_id='206'and starttime>='2018-02-09' and endtime<='2018-02-16'and order_status='到店付' )  [ RunTime:0.0004s ]
SQL: SELECT * FROM `hotel_room_order` WHERE ( room_id='206'and starttime>='2018-02-09' and endtime<='2018-02-16'and order_status='已支付' )  [ RunTime:0.0004s ]
NOTIC: [8] Undefined offset: 6 D:\wamp\www\hotel\Application\Home\Controller\IndexController.class.php 第 98 行.
NOTIC: [8] Undefined offset: 6 D:\wamp\www\hotel\Application\Home\Controller\IndexController.class.php 第 84 行.
SQL: SELECT * FROM `hotel_room_order` WHERE ( room_id=''and starttime<='2018-02-09'and endtime>'2018-02-09' and starttime<'2018-02-16' and endtime>='2018-02-16'and order_status='到店付' )  [ RunTime:0.0004s ]
SQL: SELECT * FROM `hotel_room_order` WHERE ( room_id=''and starttime<='2018-02-09'and endtime>'2018-02-09' and starttime<'2018-02-16' and endtime>='2018-02-16'and order_status='已支付' )  [ RunTime:0.0004s ]
SQL: SELECT * FROM `hotel_room_order` WHERE ( room_id=''and starttime<='2018-02-09'and endtime>'2018-02-09' and  endtime<='2018-02-16'and order_status='到店付' )  [ RunTime:0.0004s ]
SQL: SELECT * FROM `hotel_room_order` WHERE ( room_id=''and starttime<='2018-02-09'and endtime>'2018-02-09' and  endtime<='2018-02-16'and order_status='已支付' )  [ RunTime:0.0004s ]
SQL: SELECT * FROM `hotel_room_order` WHERE ( room_id=''and starttime>='2018-02-09'and  starttime<'2018-02-16' and endtime>='2018-02-16'and order_status='到店付' )  [ RunTime:0.0004s ]
SQL: SELECT * FROM `hotel_room_order` WHERE ( room_id=''and starttime>='2018-02-09'and  starttime<'2018-02-16' and endtime>='2018-02-16'and order_status='已支付' )  [ RunTime:0.0004s ]
SQL: SELECT * FROM `hotel_room_order` WHERE ( room_id=''and starttime>='2018-02-09' and endtime<='2018-02-16'and order_status='到店付' )  [ RunTime:0.0004s ]
SQL: SELECT * FROM `hotel_room_order` WHERE ( room_id=''and starttime>='2018-02-09' and endtime<='2018-02-16'and order_status='已支付' )  [ RunTime:0.0004s ]
NOTIC: [8] Undefined offset: 6 D:\wamp\www\hotel\Application\Home\Controller\IndexController.class.php 第 98 行.
SQL: SELECT * FROM `hotel_room_order` WHERE ( room_id='104'and starttime<='2018-02-09'and endtime>'2018-02-09' and starttime<'2018-02-16' and endtime>='2018-02-16'and order_status='到店付' )  [ RunTime:0.0004s ]
SQL: SELECT * FROM `hotel_room_order` WHERE ( room_id='104'and starttime<='2018-02-09'and endtime>'2018-02-09' and starttime<'2018-02-16' and endtime>='2018-02-16'and order_status='已支付' )  [ RunTime:0.0004s ]
SQL: SELECT * FROM `hotel_room_order` WHERE ( room_id='104'and starttime<='2018-02-09'and endtime>'2018-02-09' and  endtime<='2018-02-16'and order_status='到店付' )  [ RunTime:0.0004s ]
SQL: SELECT * FROM `hotel_room_order` WHERE ( room_id='104'and starttime<='2018-02-09'and endtime>'2018-02-09' and  endtime<='2018-02-16'and order_status='已支付' )  [ RunTime:0.0004s ]
SQL: SELECT * FROM `hotel_room_order` WHERE ( room_id='104'and starttime>='2018-02-09'and  starttime<'2018-02-16' and endtime>='2018-02-16'and order_status='到店付' )  [ RunTime:0.0004s ]
SQL: SELECT * FROM `hotel_room_order` WHERE ( room_id='104'and starttime>='2018-02-09'and  starttime<'2018-02-16' and endtime>='2018-02-16'and order_status='已支付' )  [ RunTime:0.0004s ]
SQL: SELECT * FROM `hotel_room_order` WHERE ( room_id='104'and starttime>='2018-02-09' and endtime<='2018-02-16'and order_status='到店付' )  [ RunTime:0.0004s ]
SQL: SELECT * FROM `hotel_room_order` WHERE ( room_id='104'and starttime>='2018-02-09' and endtime<='2018-02-16'and order_status='已支付' )  [ RunTime:0.0004s ]
NOTIC: [8] Undefined offset: 5 D:\wamp\www\hotel\Application\Home\Controller\IndexController.class.php 第 124 行.
SQL: SELECT * FROM `hotel_room_order` WHERE ( room_id='106'and starttime<='2018-02-09'and endtime>'2018-02-09' and starttime<'2018-02-16' and endtime>='2018-02-16'and order_status='到店付' )  [ RunTime:0.0004s ]
SQL: SELECT * FROM `hotel_room_order` WHERE ( room_id='106'and starttime<='2018-02-09'and endtime>'2018-02-09' and starttime<'2018-02-16' and endtime>='2018-02-16'and order_status='已支付' )  [ RunTime:0.0004s ]
SQL: SELECT * FROM `hotel_room_order` WHERE ( room_id='106'and starttime<='2018-02-09'and endtime>'2018-02-09' and  endtime<='2018-02-16'and order_status='到店付' )  [ RunTime:0.0004s ]
SQL: SELECT * FROM `hotel_room_order` WHERE ( room_id='106'and starttime<='2018-02-09'and endtime>'2018-02-09' and  endtime<='2018-02-16'and order_status='已支付' )  [ RunTime:0.0004s ]
SQL: SELECT * FROM `hotel_room_order` WHERE ( room_id='106'and starttime>='2018-02-09'and  starttime<'2018-02-16' and endtime>='2018-02-16'and order_status='到店付' )  [ RunTime:0.0004s ]
SQL: SELECT * FROM `hotel_room_order` WHERE ( room_id='106'and starttime>='2018-02-09'and  starttime<'2018-02-16' and endtime>='2018-02-16'and order_status='已支付' )  [ RunTime:0.0003s ]
SQL: SELECT * FROM `hotel_room_order` WHERE ( room_id='106'and starttime>='2018-02-09' and endtime<='2018-02-16'and order_status='到店付' )  [ RunTime:0.0004s ]
SQL: SELECT * FROM `hotel_room_order` WHERE ( room_id='106'and starttime>='2018-02-09' and endtime<='2018-02-16'and order_status='已支付' )  [ RunTime:0.0004s ]
NOTIC: [8] Undefined offset: 5 D:\wamp\www\hotel\Application\Home\Controller\IndexController.class.php 第 124 行.
SQL: SELECT * FROM `hotel_room_order` WHERE ( room_id='201'and starttime<='2018-02-09'and endtime>'2018-02-09' and starttime<'2018-02-16' and endtime>='2018-02-16'and order_status='到店付' )  [ RunTime:0.0004s ]
SQL: SELECT * FROM `hotel_room_order` WHERE ( room_id='201'and starttime<='2018-02-09'and endtime>'2018-02-09' and starttime<'2018-02-16' and endtime>='2018-02-16'and order_status='已支付' )  [ RunTime:0.0004s ]
SQL: SELECT * FROM `hotel_room_order` WHERE ( room_id='201'and starttime<='2018-02-09'and endtime>'2018-02-09' and  endtime<='2018-02-16'and order_status='到店付' )  [ RunTime:0.0004s ]
SQL: SELECT * FROM `hotel_room_order` WHERE ( room_id='201'and starttime<='2018-02-09'and endtime>'2018-02-09' and  endtime<='2018-02-16'and order_status='已支付' )  [ RunTime:0.0004s ]
SQL: SELECT * FROM `hotel_room_order` WHERE ( room_id='201'and starttime>='2018-02-09'and  starttime<'2018-02-16' and endtime>='2018-02-16'and order_status='到店付' )  [ RunTime:0.0004s ]
SQL: SELECT * FROM `hotel_room_order` WHERE ( room_id='201'and starttime>='2018-02-09'and  starttime<'2018-02-16' and endtime>='2018-02-16'and order_status='已支付' )  [ RunTime:0.0004s ]
SQL: SELECT * FROM `hotel_room_order` WHERE ( room_id='201'and starttime>='2018-02-09' and endtime<='2018-02-16'and order_status='到店付' )  [ RunTime:0.0004s ]
SQL: SELECT * FROM `hotel_room_order` WHERE ( room_id='201'and starttime>='2018-02-09' and endtime<='2018-02-16'and order_status='已支付' )  [ RunTime:0.0004s ]
NOTIC: [8] Undefined offset: 5 D:\wamp\www\hotel\Application\Home\Controller\IndexController.class.php 第 124 行.
SQL: SELECT * FROM `hotel_room_order` WHERE ( room_id='204'and starttime<='2018-02-09'and endtime>'2018-02-09' and starttime<'2018-02-16' and endtime>='2018-02-16'and order_status='到店付' )  [ RunTime:0.0004s ]
SQL: SELECT * FROM `hotel_room_order` WHERE ( room_id='204'and starttime<='2018-02-09'and endtime>'2018-02-09' and starttime<'2018-02-16' and endtime>='2018-02-16'and order_status='已支付' )  [ RunTime:0.0004s ]
SQL: SELECT * FROM `hotel_room_order` WHERE ( room_id='204'and starttime<='2018-02-09'and endtime>'2018-02-09' and  endtime<='2018-02-16'and order_status='到店付' )  [ RunTime:0.0004s ]
SQL: SELECT * FROM `hotel_room_order` WHERE ( room_id='204'and starttime<='2018-02-09'and endtime>'2018-02-09' and  endtime<='2018-02-16'and order_status='已支付' )  [ RunTime:0.0004s ]
SQL: SELECT * FROM `hotel_room_order` WHERE ( room_id='204'and starttime>='2018-02-09'and  starttime<'2018-02-16' and endtime>='2018-02-16'and order_status='到店付' )  [ RunTime:0.0004s ]
SQL: SELECT * FROM `hotel_room_order` WHERE ( room_id='204'and starttime>='2018-02-09'and  starttime<'2018-02-16' and endtime>='2018-02-16'and order_status='已支付' )  [ RunTime:0.0004s ]
SQL: SELECT * FROM `hotel_room_order` WHERE ( room_id='204'and starttime>='2018-02-09' and endtime<='2018-02-16'and order_status='到店付' )  [ RunTime:0.0004s ]
SQL: SELECT * FROM `hotel_room_order` WHERE ( room_id='204'and starttime>='2018-02-09' and endtime<='2018-02-16'and order_status='已支付' )  [ RunTime:0.0004s ]
NOTIC: [8] Undefined offset: 5 D:\wamp\www\hotel\Application\Home\Controller\IndexController.class.php 第 124 行.
SQL: SELECT * FROM `hotel_room_order` WHERE ( room_id='205'and starttime<='2018-02-09'and endtime>'2018-02-09' and starttime<'2018-02-16' and endtime>='2018-02-16'and order_status='到店付' )  [ RunTime:0.0004s ]
SQL: SELECT * FROM `hotel_room_order` WHERE ( room_id='205'and starttime<='2018-02-09'and endtime>'2018-02-09' and starttime<'2018-02-16' and endtime>='2018-02-16'and order_status='已支付' )  [ RunTime:0.0004s ]
SQL: SELECT * FROM `hotel_room_order` WHERE ( room_id='205'and starttime<='2018-02-09'and endtime>'2018-02-09' and  endtime<='2018-02-16'and order_status='到店付' )  [ RunTime:0.0004s ]
SQL: SELECT * FROM `hotel_room_order` WHERE ( room_id='205'and starttime<='2018-02-09'and endtime>'2018-02-09' and  endtime<='2018-02-16'and order_status='已支付' )  [ RunTime:0.0004s ]
SQL: SELECT * FROM `hotel_room_order` WHERE ( room_id='205'and starttime>='2018-02-09'and  starttime<'2018-02-16' and endtime>='2018-02-16'and order_status='到店付' )  [ RunTime:0.0003s ]
SQL: SELECT * FROM `hotel_room_order` WHERE ( room_id='205'and starttime>='2018-02-09'and  starttime<'2018-02-16' and endtime>='2018-02-16'and order_status='已支付' )  [ RunTime:0.0004s ]
SQL: SELECT * FROM `hotel_room_order` WHERE ( room_id='205'and starttime>='2018-02-09' and endtime<='2018-02-16'and order_status='到店付' )  [ RunTime:0.0004s ]
SQL: SELECT * FROM `hotel_room_order` WHERE ( room_id='205'and starttime>='2018-02-09' and endtime<='2018-02-16'and order_status='已支付' )  [ RunTime:0.0004s ]
NOTIC: [8] Undefined offset: 5 D:\wamp\www\hotel\Application\Home\Controller\IndexController.class.php 第 124 行.
NOTIC: [8] Undefined offset: 5 D:\wamp\www\hotel\Application\Home\Controller\IndexController.class.php 第 110 行.
SQL: SELECT * FROM `hotel_room_order` WHERE ( room_id=''and starttime<='2018-02-09'and endtime>'2018-02-09' and starttime<'2018-02-16' and endtime>='2018-02-16'and order_status='到店付' )  [ RunTime:0.0004s ]
SQL: SELECT * FROM `hotel_room_order` WHERE ( room_id=''and starttime<='2018-02-09'and endtime>'2018-02-09' and starttime<'2018-02-16' and endtime>='2018-02-16'and order_status='已支付' )  [ RunTime:0.0005s ]
SQL: SELECT * FROM `hotel_room_order` WHERE ( room_id=''and starttime<='2018-02-09'and endtime>'2018-02-09' and  endtime<='2018-02-16'and order_status='到店付' )  [ RunTime:0.0003s ]
SQL: SELECT * FROM `hotel_room_order` WHERE ( room_id=''and starttime<='2018-02-09'and endtime>'2018-02-09' and  endtime<='2018-02-16'and order_status='已支付' )  [ RunTime:0.0004s ]
SQL: SELECT * FROM `hotel_room_order` WHERE ( room_id=''and starttime>='2018-02-09'and  starttime<'2018-02-16' and endtime>='2018-02-16'and order_status='到店付' )  [ RunTime:0.0004s ]
SQL: SELECT * FROM `hotel_room_order` WHERE ( room_id=''and starttime>='2018-02-09'and  starttime<'2018-02-16' and endtime>='2018-02-16'and order_status='已支付' )  [ RunTime:0.0004s ]
SQL: SELECT * FROM `hotel_room_order` WHERE ( room_id=''and starttime>='2018-02-09' and endtime<='2018-02-16'and order_status='到店付' )  [ RunTime:0.0004s ]
SQL: SELECT * FROM `hotel_room_order` WHERE ( room_id=''and starttime>='2018-02-09' and endtime<='2018-02-16'and order_status='已支付' )  [ RunTime:0.0004s ]
NOTIC: [8] Undefined offset: 5 D:\wamp\www\hotel\Application\Home\Controller\IndexController.class.php 第 124 行.
SQL: SELECT * FROM `hotel_room_order` WHERE ( room_id='102'and starttime<='2018-02-09'and endtime>'2018-02-09' and starttime<'2018-02-16' and endtime>='2018-02-16'and order_status='到店付' )  [ RunTime:0.0004s ]
SQL: SELECT * FROM `hotel_room_order` WHERE ( room_id='102'and starttime<='2018-02-09'and endtime>'2018-02-09' and starttime<'2018-02-16' and endtime>='2018-02-16'and order_status='已支付' )  [ RunTime:0.0004s ]
SQL: SELECT * FROM `hotel_room_order` WHERE ( room_id='102'and starttime<='2018-02-09'and endtime>'2018-02-09' and  endtime<='2018-02-16'and order_status='到店付' )  [ RunTime:0.0004s ]
SQL: SELECT * FROM `hotel_room_order` WHERE ( room_id='102'and starttime<='2018-02-09'and endtime>'2018-02-09' and  endtime<='2018-02-16'and order_status='已支付' )  [ RunTime:0.0004s ]
SQL: SELECT * FROM `hotel_room_order` WHERE ( room_id='102'and starttime>='2018-02-09'and  starttime<'2018-02-16' and endtime>='2018-02-16'and order_status='到店付' )  [ RunTime:0.0003s ]
SQL: SELECT * FROM `hotel_room_order` WHERE ( room_id='102'and starttime>='2018-02-09'and  starttime<'2018-02-16' and endtime>='2018-02-16'and order_status='已支付' )  [ RunTime:0.0003s ]
SQL: SELECT * FROM `hotel_room_order` WHERE ( room_id='102'and starttime>='2018-02-09' and endtime<='2018-02-16'and order_status='到店付' )  [ RunTime:0.0003s ]
SQL: SELECT * FROM `hotel_room_order` WHERE ( room_id='102'and starttime>='2018-02-09' and endtime<='2018-02-16'and order_status='已支付' )  [ RunTime:0.0003s ]
NOTIC: [8] Undefined offset: 3 D:\wamp\www\hotel\Application\Home\Controller\IndexController.class.php 第 150 行.
SQL: SELECT * FROM `hotel_room_order` WHERE ( room_id='107'and starttime<='2018-02-09'and endtime>'2018-02-09' and starttime<'2018-02-16' and endtime>='2018-02-16'and order_status='到店付' )  [ RunTime:0.0003s ]
SQL: SELECT * FROM `hotel_room_order` WHERE ( room_id='107'and starttime<='2018-02-09'and endtime>'2018-02-09' and starttime<'2018-02-16' and endtime>='2018-02-16'and order_status='已支付' )  [ RunTime:0.0003s ]
SQL: SELECT * FROM `hotel_room_order` WHERE ( room_id='107'and starttime<='2018-02-09'and endtime>'2018-02-09' and  endtime<='2018-02-16'and order_status='到店付' )  [ RunTime:0.0004s ]
SQL: SELECT * FROM `hotel_room_order` WHERE ( room_id='107'and starttime<='2018-02-09'and endtime>'2018-02-09' and  endtime<='2018-02-16'and order_status='已支付' )  [ RunTime:0.0003s ]
SQL: SELECT * FROM `hotel_room_order` WHERE ( room_id='107'and starttime>='2018-02-09'and  starttime<'2018-02-16' and endtime>='2018-02-16'and order_status='到店付' )  [ RunTime:0.0003s ]
SQL: SELECT * FROM `hotel_room_order` WHERE ( room_id='107'and starttime>='2018-02-09'and  starttime<'2018-02-16' and endtime>='2018-02-16'and order_status='已支付' )  [ RunTime:0.0004s ]
SQL: SELECT * FROM `hotel_room_order` WHERE ( room_id='107'and starttime>='2018-02-09' and endtime<='2018-02-16'and order_status='到店付' )  [ RunTime:0.0003s ]
SQL: SELECT * FROM `hotel_room_order` WHERE ( room_id='107'and starttime>='2018-02-09' and endtime<='2018-02-16'and order_status='已支付' )  [ RunTime:0.0003s ]
NOTIC: [8] Undefined offset: 3 D:\wamp\www\hotel\Application\Home\Controller\IndexController.class.php 第 150 行.
SQL: SELECT * FROM `hotel_room_order` WHERE ( room_id='109'and starttime<='2018-02-09'and endtime>'2018-02-09' and starttime<'2018-02-16' and endtime>='2018-02-16'and order_status='到店付' )  [ RunTime:0.0003s ]
SQL: SELECT * FROM `hotel_room_order` WHERE ( room_id='109'and starttime<='2018-02-09'and endtime>'2018-02-09' and starttime<'2018-02-16' and endtime>='2018-02-16'and order_status='已支付' )  [ RunTime:0.0004s ]
SQL: SELECT * FROM `hotel_room_order` WHERE ( room_id='109'and starttime<='2018-02-09'and endtime>'2018-02-09' and  endtime<='2018-02-16'and order_status='到店付' )  [ RunTime:0.0004s ]
SQL: SELECT * FROM `hotel_room_order` WHERE ( room_id='109'and starttime<='2018-02-09'and endtime>'2018-02-09' and  endtime<='2018-02-16'and order_status='已支付' )  [ RunTime:0.0004s ]
SQL: SELECT * FROM `hotel_room_order` WHERE ( room_id='109'and starttime>='2018-02-09'and  starttime<'2018-02-16' and endtime>='2018-02-16'and order_status='到店付' )  [ RunTime:0.0004s ]
SQL: SELECT * FROM `hotel_room_order` WHERE ( room_id='109'and starttime>='2018-02-09'and  starttime<'2018-02-16' and endtime>='2018-02-16'and order_status='已支付' )  [ RunTime:0.0004s ]
SQL: SELECT * FROM `hotel_room_order` WHERE ( room_id='109'and starttime>='2018-02-09' and endtime<='2018-02-16'and order_status='到店付' )  [ RunTime:0.0004s ]
SQL: SELECT * FROM `hotel_room_order` WHERE ( room_id='109'and starttime>='2018-02-09' and endtime<='2018-02-16'and order_status='已支付' )  [ RunTime:0.0004s ]
NOTIC: [8] Undefined offset: 3 D:\wamp\www\hotel\Application\Home\Controller\IndexController.class.php 第 150 行.
NOTIC: [8] Undefined offset: 3 D:\wamp\www\hotel\Application\Home\Controller\IndexController.class.php 第 136 行.
SQL: SELECT * FROM `hotel_room_order` WHERE ( room_id=''and starttime<='2018-02-09'and endtime>'2018-02-09' and starttime<'2018-02-16' and endtime>='2018-02-16'and order_status='到店付' )  [ RunTime:0.0003s ]
SQL: SELECT * FROM `hotel_room_order` WHERE ( room_id=''and starttime<='2018-02-09'and endtime>'2018-02-09' and starttime<'2018-02-16' and endtime>='2018-02-16'and order_status='已支付' )  [ RunTime:0.0003s ]
SQL: SELECT * FROM `hotel_room_order` WHERE ( room_id=''and starttime<='2018-02-09'and endtime>'2018-02-09' and  endtime<='2018-02-16'and order_status='到店付' )  [ RunTime:0.0003s ]
SQL: SELECT * FROM `hotel_room_order` WHERE ( room_id=''and starttime<='2018-02-09'and endtime>'2018-02-09' and  endtime<='2018-02-16'and order_status='已支付' )  [ RunTime:0.0004s ]
SQL: SELECT * FROM `hotel_room_order` WHERE ( room_id=''and starttime>='2018-02-09'and  starttime<'2018-02-16' and endtime>='2018-02-16'and order_status='到店付' )  [ RunTime:0.0003s ]
SQL: SELECT * FROM `hotel_room_order` WHERE ( room_id=''and starttime>='2018-02-09'and  starttime<'2018-02-16' and endtime>='2018-02-16'and order_status='已支付' )  [ RunTime:0.0004s ]
SQL: SELECT * FROM `hotel_room_order` WHERE ( room_id=''and starttime>='2018-02-09' and endtime<='2018-02-16'and order_status='到店付' )  [ RunTime:0.0004s ]
SQL: SELECT * FROM `hotel_room_order` WHERE ( room_id=''and starttime>='2018-02-09' and endtime<='2018-02-16'and order_status='已支付' )  [ RunTime:0.0003s ]
NOTIC: [8] Undefined offset: 3 D:\wamp\www\hotel\Application\Home\Controller\IndexController.class.php 第 150 行.
SQL: SELECT * FROM `hotel_room_order` WHERE ( room_id='101'and starttime<='2018-02-09'and endtime>'2018-02-09' and starttime<'2018-02-16' and endtime>='2018-02-16'and order_status='到店付' )  [ RunTime:0.0004s ]
SQL: SELECT * FROM `hotel_room_order` WHERE ( room_id='101'and starttime<='2018-02-09'and endtime>'2018-02-09' and starttime<'2018-02-16' and endtime>='2018-02-16'and order_status='已支付' )  [ RunTime:0.0003s ]
SQL: SELECT * FROM `hotel_room_order` WHERE ( room_id='101'and starttime<='2018-02-09'and endtime>'2018-02-09' and  endtime<='2018-02-16'and order_status='到店付' )  [ RunTime:0.0003s ]
SQL: SELECT * FROM `hotel_room_order` WHERE ( room_id='101'and starttime<='2018-02-09'and endtime>'2018-02-09' and  endtime<='2018-02-16'and order_status='已支付' )  [ RunTime:0.0004s ]
SQL: SELECT * FROM `hotel_room_order` WHERE ( room_id='101'and starttime>='2018-02-09'and  starttime<'2018-02-16' and endtime>='2018-02-16'and order_status='到店付' )  [ RunTime:0.0004s ]
SQL: SELECT * FROM `hotel_room_order` WHERE ( room_id='101'and starttime>='2018-02-09'and  starttime<'2018-02-16' and endtime>='2018-02-16'and order_status='已支付' )  [ RunTime:0.0003s ]
SQL: SELECT * FROM `hotel_room_order` WHERE ( room_id='101'and starttime>='2018-02-09' and endtime<='2018-02-16'and order_status='到店付' )  [ RunTime:0.0004s ]
SQL: SELECT * FROM `hotel_room_order` WHERE ( room_id='101'and starttime>='2018-02-09' and endtime<='2018-02-16'and order_status='已支付' )  [ RunTime:0.0004s ]
NOTIC: [8] Undefined offset: 3 D:\wamp\www\hotel\Application\Home\Controller\IndexController.class.php 第 176 行.
SQL: SELECT * FROM `hotel_room_order` WHERE ( room_id='202'and starttime<='2018-02-09'and endtime>'2018-02-09' and starttime<'2018-02-16' and endtime>='2018-02-16'and order_status='到店付' )  [ RunTime:0.0004s ]
SQL: SELECT * FROM `hotel_room_order` WHERE ( room_id='202'and starttime<='2018-02-09'and endtime>'2018-02-09' and starttime<'2018-02-16' and endtime>='2018-02-16'and order_status='已支付' )  [ RunTime:0.0004s ]
SQL: SELECT * FROM `hotel_room_order` WHERE ( room_id='202'and starttime<='2018-02-09'and endtime>'2018-02-09' and  endtime<='2018-02-16'and order_status='到店付' )  [ RunTime:0.0004s ]
SQL: SELECT * FROM `hotel_room_order` WHERE ( room_id='202'and starttime<='2018-02-09'and endtime>'2018-02-09' and  endtime<='2018-02-16'and order_status='已支付' )  [ RunTime:0.0004s ]
SQL: SELECT * FROM `hotel_room_order` WHERE ( room_id='202'and starttime>='2018-02-09'and  starttime<'2018-02-16' and endtime>='2018-02-16'and order_status='到店付' )  [ RunTime:0.0004s ]
SQL: SELECT * FROM `hotel_room_order` WHERE ( room_id='202'and starttime>='2018-02-09'and  starttime<'2018-02-16' and endtime>='2018-02-16'and order_status='已支付' )  [ RunTime:0.0004s ]
SQL: SELECT * FROM `hotel_room_order` WHERE ( room_id='202'and starttime>='2018-02-09' and endtime<='2018-02-16'and order_status='到店付' )  [ RunTime:0.0003s ]
SQL: SELECT * FROM `hotel_room_order` WHERE ( room_id='202'and starttime>='2018-02-09' and endtime<='2018-02-16'and order_status='已支付' )  [ RunTime:0.0004s ]
NOTIC: [8] Undefined offset: 3 D:\wamp\www\hotel\Application\Home\Controller\IndexController.class.php 第 176 行.
SQL: SELECT * FROM `hotel_room_order` WHERE ( room_id='207'and starttime<='2018-02-09'and endtime>'2018-02-09' and starttime<'2018-02-16' and endtime>='2018-02-16'and order_status='到店付' )  [ RunTime:0.0004s ]
SQL: SELECT * FROM `hotel_room_order` WHERE ( room_id='207'and starttime<='2018-02-09'and endtime>'2018-02-09' and starttime<'2018-02-16' and endtime>='2018-02-16'and order_status='已支付' )  [ RunTime:0.0004s ]
SQL: SELECT * FROM `hotel_room_order` WHERE ( room_id='207'and starttime<='2018-02-09'and endtime>'2018-02-09' and  endtime<='2018-02-16'and order_status='到店付' )  [ RunTime:0.0003s ]
SQL: SELECT * FROM `hotel_room_order` WHERE ( room_id='207'and starttime<='2018-02-09'and endtime>'2018-02-09' and  endtime<='2018-02-16'and order_status='已支付' )  [ RunTime:0.0004s ]
SQL: SELECT * FROM `hotel_room_order` WHERE ( room_id='207'and starttime>='2018-02-09'and  starttime<'2018-02-16' and endtime>='2018-02-16'and order_status='到店付' )  [ RunTime:0.0004s ]
SQL: SELECT * FROM `hotel_room_order` WHERE ( room_id='207'and starttime>='2018-02-09'and  starttime<'2018-02-16' and endtime>='2018-02-16'and order_status='已支付' )  [ RunTime:0.0003s ]
SQL: SELECT * FROM `hotel_room_order` WHERE ( room_id='207'and starttime>='2018-02-09' and endtime<='2018-02-16'and order_status='到店付' )  [ RunTime:0.0004s ]
SQL: SELECT * FROM `hotel_room_order` WHERE ( room_id='207'and starttime>='2018-02-09' and endtime<='2018-02-16'and order_status='已支付' )  [ RunTime:0.0003s ]
NOTIC: [8] Undefined offset: 3 D:\wamp\www\hotel\Application\Home\Controller\IndexController.class.php 第 176 行.
NOTIC: [8] Undefined offset: 3 D:\wamp\www\hotel\Application\Home\Controller\IndexController.class.php 第 162 行.
SQL: SELECT * FROM `hotel_room_order` WHERE ( room_id=''and starttime<='2018-02-09'and endtime>'2018-02-09' and starttime<'2018-02-16' and endtime>='2018-02-16'and order_status='到店付' )  [ RunTime:0.0004s ]
SQL: SELECT * FROM `hotel_room_order` WHERE ( room_id=''and starttime<='2018-02-09'and endtime>'2018-02-09' and starttime<'2018-02-16' and endtime>='2018-02-16'and order_status='已支付' )  [ RunTime:0.0004s ]
SQL: SELECT * FROM `hotel_room_order` WHERE ( room_id=''and starttime<='2018-02-09'and endtime>'2018-02-09' and  endtime<='2018-02-16'and order_status='到店付' )  [ RunTime:0.0004s ]
SQL: SELECT * FROM `hotel_room_order` WHERE ( room_id=''and starttime<='2018-02-09'and endtime>'2018-02-09' and  endtime<='2018-02-16'and order_status='已支付' )  [ RunTime:0.0004s ]
SQL: SELECT * FROM `hotel_room_order` WHERE ( room_id=''and starttime>='2018-02-09'and  starttime<'2018-02-16' and endtime>='2018-02-16'and order_status='到店付' )  [ RunTime:0.0004s ]
SQL: SELECT * FROM `hotel_room_order` WHERE ( room_id=''and starttime>='2018-02-09'and  starttime<'2018-02-16' and endtime>='2018-02-16'and order_status='已支付' )  [ RunTime:0.0004s ]
SQL: SELECT * FROM `hotel_room_order` WHERE ( room_id=''and starttime>='2018-02-09' and endtime<='2018-02-16'and order_status='到店付' )  [ RunTime:0.0003s ]
SQL: SELECT * FROM `hotel_room_order` WHERE ( room_id=''and starttime>='2018-02-09' and endtime<='2018-02-16'and order_status='已支付' )  [ RunTime:0.0004s ]
NOTIC: [8] Undefined offset: 3 D:\wamp\www\hotel\Application\Home\Controller\IndexController.class.php 第 176 行.
SQL: SHOW COLUMNS FROM `hotel_room_show` [ RunTime:0.0005s ]
SQL: SELECT `room_description` FROM `hotel_room_show` WHERE ( room_category='标准单人房' )  [ RunTime:0.0003s ]
SQL: SELECT `room_description` FROM `hotel_room_show` WHERE ( room_category='标准双人房' )  [ RunTime:0.0002s ]
SQL: SELECT `room_description` FROM `hotel_room_show` WHERE ( room_category='豪华单人房' )  [ RunTime:0.0003s ]
SQL: SELECT `room_description` FROM `hotel_room_show` WHERE ( room_category='豪华双人房' )  [ RunTime:0.0003s ]
SQL: SELECT `room_pictures` FROM `hotel_room_show` WHERE ( room_category='标准单人房' )  [ RunTime:0.0002s ]
SQL: SELECT `room_pictures` FROM `hotel_room_show` WHERE ( room_category='标准双人房' )  [ RunTime:0.0002s ]
SQL: SELECT `room_pictures` FROM `hotel_room_show` WHERE ( room_category='豪华单人房' )  [ RunTime:0.0002s ]
SQL: SELECT `room_pictures` FROM `hotel_room_show` WHERE ( room_category='豪华双人房' )  [ RunTime:0.0002s ]
INFO: [ view_parse ] --START--
INFO: [ template_filter ] --START--
INFO: Run Behavior\ContentReplaceBehavior [ RunTime:0.000083s ]
INFO: [ template_filter ] --END-- [ RunTime:0.000210s ]
INFO: Run Behavior\ParseTemplateBehavior [ RunTime:0.011803s ]
INFO: [ view_parse ] --END-- [ RunTime:0.011926s ]
INFO: [ view_filter ] --START--
INFO: Run Behavior\WriteHtmlCacheBehavior [ RunTime:0.000559s ]
INFO: [ view_filter ] --END-- [ RunTime:0.000667s ]
INFO: [ app_end ] --START--
INFO: Run Behavior\ShowPageTraceBehavior [ RunTime:0.000632s ]
INFO: [ app_end ] --END-- [ RunTime:0.000746s ]
NOTIC: [8] Constant APP_DEBUG already defined D:\wamp\www\hotel\index.php 第 30 行.

[ 2018-02-08T14:51:49+08:00 ] ::1 /hotel/index.php?m=Home&c=index&a=environment
INFO: [ app_init ] --START--
INFO: Run Behavior\BuildLiteBehavior [ RunTime:0.000021s ]
INFO: [ app_init ] --END-- [ RunTime:0.000132s ]
INFO: [ app_begin ] --START--
INFO: Run Behavior\ReadHtmlCacheBehavior [ RunTime:0.000636s ]
INFO: [ app_begin ] --END-- [ RunTime:0.000746s ]
NOTIC: [8] Undefined index: user_nickname D:\wamp\www\hotel\Application\Home\Controller\IndexController.class.php 第 17 行.
SQL: SHOW COLUMNS FROM `hotel_room` [ RunTime:0.0009s ]
SQL: SELECT `room_price` FROM `hotel_room` WHERE ( room_category='标准单人房' )  [ RunTime:0.0004s ]
SQL: SELECT `room_price` FROM `hotel_room` WHERE ( room_category='标准双人房' )  [ RunTime:0.0003s ]
SQL: SELECT `room_price` FROM `hotel_room` WHERE ( room_category='豪华单人房' )  [ RunTime:0.0003s ]
SQL: SELECT `room_price` FROM `hotel_room` WHERE ( room_category='豪华双人房' )  [ RunTime:0.0003s ]
NOTIC: [8] Undefined index: startDate D:\wamp\www\hotel\Application\Home\Controller\IndexController.class.php 第 60 行.
NOTIC: [8] Undefined index: endDate D:\wamp\www\hotel\Application\Home\Controller\IndexController.class.php 第 61 行.
SQL: SELECT COUNT(*) AS tp_count FROM `hotel_room` WHERE ( room_category='标准单人房' ) LIMIT 1   [ RunTime:0.0003s ]
SQL: SELECT `room_id` FROM `hotel_room` WHERE ( room_category='标准单人房' )  [ RunTime:0.0003s ]
SQL: SELECT COUNT(*) AS tp_count FROM `hotel_room` WHERE ( room_category='标准双人房' ) LIMIT 1   [ RunTime:0.0003s ]
SQL: SELECT `room_id` FROM `hotel_room` WHERE ( room_category='标准双人房' )  [ RunTime:0.0003s ]
SQL: SELECT COUNT(*) AS tp_count FROM `hotel_room` WHERE ( room_category='豪华单人房' ) LIMIT 1   [ RunTime:0.0003s ]
SQL: SELECT `room_id` FROM `hotel_room` WHERE ( room_category='豪华单人房' )  [ RunTime:0.0002s ]
SQL: SELECT COUNT(*) AS tp_count FROM `hotel_room` WHERE ( room_category='豪华双人房' ) LIMIT 1   [ RunTime:0.0002s ]
SQL: SELECT `room_id` FROM `hotel_room` WHERE ( room_category='豪华双人房' )  [ RunTime:0.0002s ]
SQL: SHOW COLUMNS FROM `hotel_room_order` [ RunTime:0.0007s ]
SQL: SELECT * FROM `hotel_room_order` WHERE ( room_id='103'and starttime<=''and endtime>'' and starttime<'' and endtime>=''and order_status='到店付' )  [ RunTime:0.0005s ]
SQL: SELECT * FROM `hotel_room_order` WHERE ( room_id='103'and starttime<=''and endtime>'' and starttime<'' and endtime>=''and order_status='已支付' )  [ RunTime:0.0004s ]
SQL: SELECT * FROM `hotel_room_order` WHERE ( room_id='103'and starttime<=''and endtime>'' and  endtime<=''and order_status='到店付' )  [ RunTime:0.0003s ]
SQL: SELECT * FROM `hotel_room_order` WHERE ( room_id='103'and starttime<=''and endtime>'' and  endtime<=''and order_status='已支付' )  [ RunTime:0.0004s ]
SQL: SELECT * FROM `hotel_room_order` WHERE ( room_id='103'and starttime>=''and  starttime<'' and endtime>=''and order_status='到店付' )  [ RunTime:0.0004s ]
SQL: SELECT * FROM `hotel_room_order` WHERE ( room_id='103'and starttime>=''and  starttime<'' and endtime>=''and order_status='已支付' )  [ RunTime:0.0004s ]
SQL: SELECT * FROM `hotel_room_order` WHERE ( room_id='103'and starttime>='' and endtime<=''and order_status='到店付' )  [ RunTime:0.0004s ]
SQL: SELECT * FROM `hotel_room_order` WHERE ( room_id='103'and starttime>='' and endtime<=''and order_status='已支付' )  [ RunTime:0.0003s ]
NOTIC: [8] Undefined offset: 6 D:\wamp\www\hotel\Application\Home\Controller\IndexController.class.php 第 98 行.
SQL: SELECT * FROM `hotel_room_order` WHERE ( room_id='105'and starttime<=''and endtime>'' and starttime<'' and endtime>=''and order_status='到店付' )  [ RunTime:0.0002s ]
SQL: SELECT * FROM `hotel_room_order` WHERE ( room_id='105'and starttime<=''and endtime>'' and starttime<'' and endtime>=''and order_status='已支付' )  [ RunTime:0.0003s ]
SQL: SELECT * FROM `hotel_room_order` WHERE ( room_id='105'and starttime<=''and endtime>'' and  endtime<=''and order_status='到店付' )  [ RunTime:0.0002s ]
SQL: SELECT * FROM `hotel_room_order` WHERE ( room_id='105'and starttime<=''and endtime>'' and  endtime<=''and order_status='已支付' )  [ RunTime:0.0003s ]
SQL: SELECT * FROM `hotel_room_order` WHERE ( room_id='105'and starttime>=''and  starttime<'' and endtime>=''and order_status='到店付' )  [ RunTime:0.0003s ]
SQL: SELECT * FROM `hotel_room_order` WHERE ( room_id='105'and starttime>=''and  starttime<'' and endtime>=''and order_status='已支付' )  [ RunTime:0.0002s ]
SQL: SELECT * FROM `hotel_room_order` WHERE ( room_id='105'and starttime>='' and endtime<=''and order_status='到店付' )  [ RunTime:0.0003s ]
SQL: SELECT * FROM `hotel_room_order` WHERE ( room_id='105'and starttime>='' and endtime<=''and order_status='已支付' )  [ RunTime:0.0003s ]
NOTIC: [8] Undefined offset: 6 D:\wamp\www\hotel\Application\Home\Controller\IndexController.class.php 第 98 行.
SQL: SELECT * FROM `hotel_room_order` WHERE ( room_id='110'and starttime<=''and endtime>'' and starttime<'' and endtime>=''and order_status='到店付' )  [ RunTime:0.0003s ]
SQL: SELECT * FROM `hotel_room_order` WHERE ( room_id='110'and starttime<=''and endtime>'' and starttime<'' and endtime>=''and order_status='已支付' )  [ RunTime:0.0004s ]
SQL: SELECT * FROM `hotel_room_order` WHERE ( room_id='110'and starttime<=''and endtime>'' and  endtime<=''and order_status='到店付' )  [ RunTime:0.0003s ]
SQL: SELECT * FROM `hotel_room_order` WHERE ( room_id='110'and starttime<=''and endtime>'' and  endtime<=''and order_status='已支付' )  [ RunTime:0.0004s ]
SQL: SELECT * FROM `hotel_room_order` WHERE ( room_id='110'and starttime>=''and  starttime<'' and endtime>=''and order_status='到店付' )  [ RunTime:0.0004s ]
SQL: SELECT * FROM `hotel_room_order` WHERE ( room_id='110'and starttime>=''and  starttime<'' and endtime>=''and order_status='已支付' )  [ RunTime:0.0004s ]
SQL: SELECT * FROM `hotel_room_order` WHERE ( room_id='110'and starttime>='' and endtime<=''and order_status='到店付' )  [ RunTime:0.0004s ]
SQL: SELECT * FROM `hotel_room_order` WHERE ( room_id='110'and starttime>='' and endtime<=''and order_status='已支付' )  [ RunTime:0.0004s ]
NOTIC: [8] Undefined offset: 6 D:\wamp\www\hotel\Application\Home\Controller\IndexController.class.php 第 98 行.
SQL: SELECT * FROM `hotel_room_order` WHERE ( room_id='113'and starttime<=''and endtime>'' and starttime<'' and endtime>=''and order_status='到店付' )  [ RunTime:0.0004s ]
SQL: SELECT * FROM `hotel_room_order` WHERE ( room_id='113'and starttime<=''and endtime>'' and starttime<'' and endtime>=''and order_status='已支付' )  [ RunTime:0.0004s ]
SQL: SELECT * FROM `hotel_room_order` WHERE ( room_id='113'and starttime<=''and endtime>'' and  endtime<=''and order_status='到店付' )  [ RunTime:0.0004s ]
SQL: SELECT * FROM `hotel_room_order` WHERE ( room_id='113'and starttime<=''and endtime>'' and  endtime<=''and order_status='已支付' )  [ RunTime:0.0004s ]
SQL: SELECT * FROM `hotel_room_order` WHERE ( room_id='113'and starttime>=''and  starttime<'' and endtime>=''and order_status='到店付' )  [ RunTime:0.0004s ]
SQL: SELECT * FROM `hotel_room_order` WHERE ( room_id='113'and starttime>=''and  starttime<'' and endtime>=''and order_status='已支付' )  [ RunTime:0.0004s ]
SQL: SELECT * FROM `hotel_room_order` WHERE ( room_id='113'and starttime>='' and endtime<=''and order_status='到店付' )  [ RunTime:0.0004s ]
SQL: SELECT * FROM `hotel_room_order` WHERE ( room_id='113'and starttime>='' and endtime<=''and order_status='已支付' )  [ RunTime:0.0004s ]
NOTIC: [8] Undefined offset: 6 D:\wamp\www\hotel\Application\Home\Controller\IndexController.class.php 第 98 行.
SQL: SELECT * FROM `hotel_room_order` WHERE ( room_id='203'and starttime<=''and endtime>'' and starttime<'' and endtime>=''and order_status='到店付' )  [ RunTime:0.0004s ]
SQL: SELECT * FROM `hotel_room_order` WHERE ( room_id='203'and starttime<=''and endtime>'' and starttime<'' and endtime>=''and order_status='已支付' )  [ RunTime:0.0004s ]
SQL: SELECT * FROM `hotel_room_order` WHERE ( room_id='203'and starttime<=''and endtime>'' and  endtime<=''and order_status='到店付' )  [ RunTime:0.0004s ]
SQL: SELECT * FROM `hotel_room_order` WHERE ( room_id='203'and starttime<=''and endtime>'' and  endtime<=''and order_status='已支付' )  [ RunTime:0.0004s ]
SQL: SELECT * FROM `hotel_room_order` WHERE ( room_id='203'and starttime>=''and  starttime<'' and endtime>=''and order_status='到店付' )  [ RunTime:0.0004s ]
SQL: SELECT * FROM `hotel_room_order` WHERE ( room_id='203'and starttime>=''and  starttime<'' and endtime>=''and order_status='已支付' )  [ RunTime:0.0004s ]
SQL: SELECT * FROM `hotel_room_order` WHERE ( room_id='203'and starttime>='' and endtime<=''and order_status='到店付' )  [ RunTime:0.0004s ]
SQL: SELECT * FROM `hotel_room_order` WHERE ( room_id='203'and starttime>='' and endtime<=''and order_status='已支付' )  [ RunTime:0.0004s ]
NOTIC: [8] Undefined offset: 6 D:\wamp\www\hotel\Application\Home\Controller\IndexController.class.php 第 98 行.
SQL: SELECT * FROM `hotel_room_order` WHERE ( room_id='206'and starttime<=''and endtime>'' and starttime<'' and endtime>=''and order_status='到店付' )  [ RunTime:0.0004s ]
SQL: SELECT * FROM `hotel_room_order` WHERE ( room_id='206'and starttime<=''and endtime>'' and starttime<'' and endtime>=''and order_status='已支付' )  [ RunTime:0.0004s ]
SQL: SELECT * FROM `hotel_room_order` WHERE ( room_id='206'and starttime<=''and endtime>'' and  endtime<=''and order_status='到店付' )  [ RunTime:0.0004s ]
SQL: SELECT * FROM `hotel_room_order` WHERE ( room_id='206'and starttime<=''and endtime>'' and  endtime<=''and order_status='已支付' )  [ RunTime:0.0004s ]
SQL: SELECT * FROM `hotel_room_order` WHERE ( room_id='206'and starttime>=''and  starttime<'' and endtime>=''and order_status='到店付' )  [ RunTime:0.0004s ]
SQL: SELECT * FROM `hotel_room_order` WHERE ( room_id='206'and starttime>=''and  starttime<'' and endtime>=''and order_status='已支付' )  [ RunTime:0.0004s ]
SQL: SELECT * FROM `hotel_room_order` WHERE ( room_id='206'and starttime>='' and endtime<=''and order_status='到店付' )  [ RunTime:0.0004s ]
SQL: SELECT * FROM `hotel_room_order` WHERE ( room_id='206'and starttime>='' and endtime<=''and order_status='已支付' )  [ RunTime:0.0004s ]
NOTIC: [8] Undefined offset: 6 D:\wamp\www\hotel\Application\Home\Controller\IndexController.class.php 第 98 行.
NOTIC: [8] Undefined offset: 6 D:\wamp\www\hotel\Application\Home\Controller\IndexController.class.php 第 84 行.
SQL: SELECT * FROM `hotel_room_order` WHERE ( room_id=''and starttime<=''and endtime>'' and starttime<'' and endtime>=''and order_status='到店付' )  [ RunTime:0.0004s ]
SQL: SELECT * FROM `hotel_room_order` WHERE ( room_id=''and starttime<=''and endtime>'' and starttime<'' and endtime>=''and order_status='已支付' )  [ RunTime:0.0003s ]
SQL: SELECT * FROM `hotel_room_order` WHERE ( room_id=''and starttime<=''and endtime>'' and  endtime<=''and order_status='到店付' )  [ RunTime:0.0003s ]
SQL: SELECT * FROM `hotel_room_order` WHERE ( room_id=''and starttime<=''and endtime>'' and  endtime<=''and order_status='已支付' )  [ RunTime:0.0004s ]
SQL: SELECT * FROM `hotel_room_order` WHERE ( room_id=''and starttime>=''and  starttime<'' and endtime>=''and order_status='到店付' )  [ RunTime:0.0004s ]
SQL: SELECT * FROM `hotel_room_order` WHERE ( room_id=''and starttime>=''and  starttime<'' and endtime>=''and order_status='已支付' )  [ RunTime:0.0005s ]
SQL: SELECT * FROM `hotel_room_order` WHERE ( room_id=''and starttime>='' and endtime<=''and order_status='到店付' )  [ RunTime:0.0004s ]
SQL: SELECT * FROM `hotel_room_order` WHERE ( room_id=''and starttime>='' and endtime<=''and order_status='已支付' )  [ RunTime:0.0004s ]
NOTIC: [8] Undefined offset: 6 D:\wamp\www\hotel\Application\Home\Controller\IndexController.class.php 第 98 行.
SQL: SELECT * FROM `hotel_room_order` WHERE ( room_id='104'and starttime<=''and endtime>'' and starttime<'' and endtime>=''and order_status='到店付' )  [ RunTime:0.0004s ]
SQL: SELECT * FROM `hotel_room_order` WHERE ( room_id='104'and starttime<=''and endtime>'' and starttime<'' and endtime>=''and order_status='已支付' )  [ RunTime:0.0004s ]
SQL: SELECT * FROM `hotel_room_order` WHERE ( room_id='104'and starttime<=''and endtime>'' and  endtime<=''and order_status='到店付' )  [ RunTime:0.0003s ]
SQL: SELECT * FROM `hotel_room_order` WHERE ( room_id='104'and starttime<=''and endtime>'' and  endtime<=''and order_status='已支付' )  [ RunTime:0.0004s ]
SQL: SELECT * FROM `hotel_room_order` WHERE ( room_id='104'and starttime>=''and  starttime<'' and endtime>=''and order_status='到店付' )  [ RunTime:0.0004s ]
SQL: SELECT * FROM `hotel_room_order` WHERE ( room_id='104'and starttime>=''and  starttime<'' and endtime>=''and order_status='已支付' )  [ RunTime:0.0004s ]
SQL: SELECT * FROM `hotel_room_order` WHERE ( room_id='104'and starttime>='' and endtime<=''and order_status='到店付' )  [ RunTime:0.0004s ]
SQL: SELECT * FROM `hotel_room_order` WHERE ( room_id='104'and starttime>='' and endtime<=''and order_status='已支付' )  [ RunTime:0.0004s ]
NOTIC: [8] Undefined offset: 5 D:\wamp\www\hotel\Application\Home\Controller\IndexController.class.php 第 124 行.
SQL: SELECT * FROM `hotel_room_order` WHERE ( room_id='106'and starttime<=''and endtime>'' and starttime<'' and endtime>=''and order_status='到店付' )  [ RunTime:0.0004s ]
SQL: SELECT * FROM `hotel_room_order` WHERE ( room_id='106'and starttime<=''and endtime>'' and starttime<'' and endtime>=''and order_status='已支付' )  [ RunTime:0.0004s ]
SQL: SELECT * FROM `hotel_room_order` WHERE ( room_id='106'and starttime<=''and endtime>'' and  endtime<=''and order_status='到店付' )  [ RunTime:0.0004s ]
SQL: SELECT * FROM `hotel_room_order` WHERE ( room_id='106'and starttime<=''and endtime>'' and  endtime<=''and order_status='已支付' )  [ RunTime:0.0004s ]
SQL: SELECT * FROM `hotel_room_order` WHERE ( room_id='106'and starttime>=''and  starttime<'' and endtime>=''and order_status='到店付' )  [ RunTime:0.0004s ]
SQL: SELECT * FROM `hotel_room_order` WHERE ( room_id='106'and starttime>=''and  starttime<'' and endtime>=''and order_status='已支付' )  [ RunTime:0.0004s ]
SQL: SELECT * FROM `hotel_room_order` WHERE ( room_id='106'and starttime>='' and endtime<=''and order_status='到店付' )  [ RunTime:0.0004s ]
SQL: SELECT * FROM `hotel_room_order` WHERE ( room_id='106'and starttime>='' and endtime<=''and order_status='已支付' )  [ RunTime:0.0004s ]
NOTIC: [8] Undefined offset: 5 D:\wamp\www\hotel\Application\Home\Controller\IndexController.class.php 第 124 行.
SQL: SELECT * FROM `hotel_room_order` WHERE ( room_id='201'and starttime<=''and endtime>'' and starttime<'' and endtime>=''and order_status='到店付' )  [ RunTime:0.0004s ]
SQL: SELECT * FROM `hotel_room_order` WHERE ( room_id='201'and starttime<=''and endtime>'' and starttime<'' and endtime>=''and order_status='已支付' )  [ RunTime:0.0004s ]
SQL: SELECT * FROM `hotel_room_order` WHERE ( room_id='201'and starttime<=''and endtime>'' and  endtime<=''and order_status='到店付' )  [ RunTime:0.0004s ]
SQL: SELECT * FROM `hotel_room_order` WHERE ( room_id='201'and starttime<=''and endtime>'' and  endtime<=''and order_status='已支付' )  [ RunTime:0.0004s ]
SQL: SELECT * FROM `hotel_room_order` WHERE ( room_id='201'and starttime>=''and  starttime<'' and endtime>=''and order_status='到店付' )  [ RunTime:0.0004s ]
SQL: SELECT * FROM `hotel_room_order` WHERE ( room_id='201'and starttime>=''and  starttime<'' and endtime>=''and order_status='已支付' )  [ RunTime:0.0004s ]
SQL: SELECT * FROM `hotel_room_order` WHERE ( room_id='201'and starttime>='' and endtime<=''and order_status='到店付' )  [ RunTime:0.0006s ]
SQL: SELECT * FROM `hotel_room_order` WHERE ( room_id='201'and starttime>='' and endtime<=''and order_status='已支付' )  [ RunTime:0.0004s ]
NOTIC: [8] Undefined offset: 5 D:\wamp\www\hotel\Application\Home\Controller\IndexController.class.php 第 124 行.
SQL: SELECT * FROM `hotel_room_order` WHERE ( room_id='204'and starttime<=''and endtime>'' and starttime<'' and endtime>=''and order_status='到店付' )  [ RunTime:0.0004s ]
SQL: SELECT * FROM `hotel_room_order` WHERE ( room_id='204'and starttime<=''and endtime>'' and starttime<'' and endtime>=''and order_status='已支付' )  [ RunTime:0.0004s ]
SQL: SELECT * FROM `hotel_room_order` WHERE ( room_id='204'and starttime<=''and endtime>'' and  endtime<=''and order_status='到店付' )  [ RunTime:0.0004s ]
SQL: SELECT * FROM `hotel_room_order` WHERE ( room_id='204'and starttime<=''and endtime>'' and  endtime<=''and order_status='已支付' )  [ RunTime:0.0004s ]
SQL: SELECT * FROM `hotel_room_order` WHERE ( room_id='204'and starttime>=''and  starttime<'' and endtime>=''and order_status='到店付' )  [ RunTime:0.0004s ]
SQL: SELECT * FROM `hotel_room_order` WHERE ( room_id='204'and starttime>=''and  starttime<'' and endtime>=''and order_status='已支付' )  [ RunTime:0.0005s ]
SQL: SELECT * FROM `hotel_room_order` WHERE ( room_id='204'and starttime>='' and endtime<=''and order_status='到店付' )  [ RunTime:0.0004s ]
SQL: SELECT * FROM `hotel_room_order` WHERE ( room_id='204'and starttime>='' and endtime<=''and order_status='已支付' )  [ RunTime:0.0004s ]
NOTIC: [8] Undefined offset: 5 D:\wamp\www\hotel\Application\Home\Controller\IndexController.class.php 第 124 行.
SQL: SELECT * FROM `hotel_room_order` WHERE ( room_id='205'and starttime<=''and endtime>'' and starttime<'' and endtime>=''and order_status='到店付' )  [ RunTime:0.0004s ]
SQL: SELECT * FROM `hotel_room_order` WHERE ( room_id='205'and starttime<=''and endtime>'' and starttime<'' and endtime>=''and order_status='已支付' )  [ RunTime:0.0004s ]
SQL: SELECT * FROM `hotel_room_order` WHERE ( room_id='205'and starttime<=''and endtime>'' and  endtime<=''and order_status='到店付' )  [ RunTime:0.0004s ]
SQL: SELECT * FROM `hotel_room_order` WHERE ( room_id='205'and starttime<=''and endtime>'' and  endtime<=''and order_status='已支付' )  [ RunTime:0.0004s ]
SQL: SELECT * FROM `hotel_room_order` WHERE ( room_id='205'and starttime>=''and  starttime<'' and endtime>=''and order_status='到店付' )  [ RunTime:0.0004s ]
SQL: SELECT * FROM `hotel_room_order` WHERE ( room_id='205'and starttime>=''and  starttime<'' and endtime>=''and order_status='已支付' )  [ RunTime:0.0004s ]
SQL: SELECT * FROM `hotel_room_order` WHERE ( room_id='205'and starttime>='' and endtime<=''and order_status='到店付' )  [ RunTime:0.0004s ]
SQL: SELECT * FROM `hotel_room_order` WHERE ( room_id='205'and starttime>='' and endtime<=''and order_status='已支付' )  [ RunTime:0.0004s ]
NOTIC: [8] Undefined offset: 5 D:\wamp\www\hotel\Application\Home\Controller\IndexController.class.php 第 124 行.
NOTIC: [8] Undefined offset: 5 D:\wamp\www\hotel\Application\Home\Controller\IndexController.class.php 第 110 行.
SQL: SELECT * FROM `hotel_room_order` WHERE ( room_id=''and starttime<=''and endtime>'' and starttime<'' and endtime>=''and order_status='到店付' )  [ RunTime:0.0004s ]
SQL: SELECT * FROM `hotel_room_order` WHERE ( room_id=''and starttime<=''and endtime>'' and starttime<'' and endtime>=''and order_status='已支付' )  [ RunTime:0.0004s ]
SQL: SELECT * FROM `hotel_room_order` WHERE ( room_id=''and starttime<=''and endtime>'' and  endtime<=''and order_status='到店付' )  [ RunTime:0.0004s ]
SQL: SELECT * FROM `hotel_room_order` WHERE ( room_id=''and starttime<=''and endtime>'' and  endtime<=''and order_status='已支付' )  [ RunTime:0.0004s ]
SQL: SELECT * FROM `hotel_room_order` WHERE ( room_id=''and starttime>=''and  starttime<'' and endtime>=''and order_status='到店付' )  [ RunTime:0.0004s ]
SQL: SELECT * FROM `hotel_room_order` WHERE ( room_id=''and starttime>=''and  starttime<'' and endtime>=''and order_status='已支付' )  [ RunTime:0.0004s ]
SQL: SELECT * FROM `hotel_room_order` WHERE ( room_id=''and starttime>='' and endtime<=''and order_status='到店付' )  [ RunTime:0.0003s ]
SQL: SELECT * FROM `hotel_room_order` WHERE ( room_id=''and starttime>='' and endtime<=''and order_status='已支付' )  [ RunTime:0.0004s ]
NOTIC: [8] Undefined offset: 5 D:\wamp\www\hotel\Application\Home\Controller\IndexController.class.php 第 124 行.
SQL: SELECT * FROM `hotel_room_order` WHERE ( room_id='102'and starttime<=''and endtime>'' and starttime<'' and endtime>=''and order_status='到店付' )  [ RunTime:0.0004s ]
SQL: SELECT * FROM `hotel_room_order` WHERE ( room_id='102'and starttime<=''and endtime>'' and starttime<'' and endtime>=''and order_status='已支付' )  [ RunTime:0.0004s ]
SQL: SELECT * FROM `hotel_room_order` WHERE ( room_id='102'and starttime<=''and endtime>'' and  endtime<=''and order_status='到店付' )  [ RunTime:0.0004s ]
SQL: SELECT * FROM `hotel_room_order` WHERE ( room_id='102'and starttime<=''and endtime>'' and  endtime<=''and order_status='已支付' )  [ RunTime:0.0004s ]
SQL: SELECT * FROM `hotel_room_order` WHERE ( room_id='102'and starttime>=''and  starttime<'' and endtime>=''and order_status='到店付' )  [ RunTime:0.0004s ]
SQL: SELECT * FROM `hotel_room_order` WHERE ( room_id='102'and starttime>=''and  starttime<'' and endtime>=''and order_status='已支付' )  [ RunTime:0.0004s ]
SQL: SELECT * FROM `hotel_room_order` WHERE ( room_id='102'and starttime>='' and endtime<=''and order_status='到店付' )  [ RunTime:0.0004s ]
SQL: SELECT * FROM `hotel_room_order` WHERE ( room_id='102'and starttime>='' and endtime<=''and order_status='已支付' )  [ RunTime:0.0003s ]
NOTIC: [8] Undefined offset: 3 D:\wamp\www\hotel\Application\Home\Controller\IndexController.class.php 第 150 行.
SQL: SELECT * FROM `hotel_room_order` WHERE ( room_id='107'and starttime<=''and endtime>'' and starttime<'' and endtime>=''and order_status='到店付' )  [ RunTime:0.0004s ]
SQL: SELECT * FROM `hotel_room_order` WHERE ( room_id='107'and starttime<=''and endtime>'' and starttime<'' and endtime>=''and order_status='已支付' )  [ RunTime:0.0004s ]
SQL: SELECT * FROM `hotel_room_order` WHERE ( room_id='107'and starttime<=''and endtime>'' and  endtime<=''and order_status='到店付' )  [ RunTime:0.0003s ]
SQL: SELECT * FROM `hotel_room_order` WHERE ( room_id='107'and starttime<=''and endtime>'' and  endtime<=''and order_status='已支付' )  [ RunTime:0.0004s ]
SQL: SELECT * FROM `hotel_room_order` WHERE ( room_id='107'and starttime>=''and  starttime<'' and endtime>=''and order_status='到店付' )  [ RunTime:0.0003s ]
SQL: SELECT * FROM `hotel_room_order` WHERE ( room_id='107'and starttime>=''and  starttime<'' and endtime>=''and order_status='已支付' )  [ RunTime:0.0004s ]
SQL: SELECT * FROM `hotel_room_order` WHERE ( room_id='107'and starttime>='' and endtime<=''and order_status='到店付' )  [ RunTime:0.0004s ]
SQL: SELECT * FROM `hotel_room_order` WHERE ( room_id='107'and starttime>='' and endtime<=''and order_status='已支付' )  [ RunTime:0.0004s ]
NOTIC: [8] Undefined offset: 3 D:\wamp\www\hotel\Application\Home\Controller\IndexController.class.php 第 150 行.
SQL: SELECT * FROM `hotel_room_order` WHERE ( room_id='109'and starttime<=''and endtime>'' and starttime<'' and endtime>=''and order_status='到店付' )  [ RunTime:0.0004s ]
SQL: SELECT * FROM `hotel_room_order` WHERE ( room_id='109'and starttime<=''and endtime>'' and starttime<'' and endtime>=''and order_status='已支付' )  [ RunTime:0.0003s ]
SQL: SELECT * FROM `hotel_room_order` WHERE ( room_id='109'and starttime<=''and endtime>'' and  endtime<=''and order_status='到店付' )  [ RunTime:0.0004s ]
SQL: SELECT * FROM `hotel_room_order` WHERE ( room_id='109'and starttime<=''and endtime>'' and  endtime<=''and order_status='已支付' )  [ RunTime:0.0004s ]
SQL: SELECT * FROM `hotel_room_order` WHERE ( room_id='109'and starttime>=''and  starttime<'' and endtime>=''and order_status='到店付' )  [ RunTime:0.0007s ]
SQL: SELECT * FROM `hotel_room_order` WHERE ( room_id='109'and starttime>=''and  starttime<'' and endtime>=''and order_status='已支付' )  [ RunTime:0.0004s ]
SQL: SELECT * FROM `hotel_room_order` WHERE ( room_id='109'and starttime>='' and endtime<=''and order_status='到店付' )  [ RunTime:0.0004s ]
SQL: SELECT * FROM `hotel_room_order` WHERE ( room_id='109'and starttime>='' and endtime<=''and order_status='已支付' )  [ RunTime:0.0004s ]
NOTIC: [8] Undefined offset: 3 D:\wamp\www\hotel\Application\Home\Controller\IndexController.class.php 第 150 行.
NOTIC: [8] Undefined offset: 3 D:\wamp\www\hotel\Application\Home\Controller\IndexController.class.php 第 136 行.
SQL: SELECT * FROM `hotel_room_order` WHERE ( room_id=''and starttime<=''and endtime>'' and starttime<'' and endtime>=''and order_status='到店付' )  [ RunTime:0.0004s ]
SQL: SELECT * FROM `hotel_room_order` WHERE ( room_id=''and starttime<=''and endtime>'' and starttime<'' and endtime>=''and order_status='已支付' )  [ RunTime:0.0004s ]
SQL: SELECT * FROM `hotel_room_order` WHERE ( room_id=''and starttime<=''and endtime>'' and  endtime<=''and order_status='到店付' )  [ RunTime:0.0004s ]
SQL: SELECT * FROM `hotel_room_order` WHERE ( room_id=''and starttime<=''and endtime>'' and  endtime<=''and order_status='已支付' )  [ RunTime:0.0005s ]
SQL: SELECT * FROM `hotel_room_order` WHERE ( room_id=''and starttime>=''and  starttime<'' and endtime>=''and order_status='到店付' )  [ RunTime:0.0004s ]
SQL: SELECT * FROM `hotel_room_order` WHERE ( room_id=''and starttime>=''and  starttime<'' and endtime>=''and order_status='已支付' )  [ RunTime:0.0005s ]
SQL: SELECT * FROM `hotel_room_order` WHERE ( room_id=''and starttime>='' and endtime<=''and order_status='到店付' )  [ RunTime:0.0004s ]
SQL: SELECT * FROM `hotel_room_order` WHERE ( room_id=''and starttime>='' and endtime<=''and order_status='已支付' )  [ RunTime:0.0004s ]
NOTIC: [8] Undefined offset: 3 D:\wamp\www\hotel\Application\Home\Controller\IndexController.class.php 第 150 行.
SQL: SELECT * FROM `hotel_room_order` WHERE ( room_id='101'and starttime<=''and endtime>'' and starttime<'' and endtime>=''and order_status='到店付' )  [ RunTime:0.0004s ]
SQL: SELECT * FROM `hotel_room_order` WHERE ( room_id='101'and starttime<=''and endtime>'' and starttime<'' and endtime>=''and order_status='已支付' )  [ RunTime:0.0004s ]
SQL: SELECT * FROM `hotel_room_order` WHERE ( room_id='101'and starttime<=''and endtime>'' and  endtime<=''and order_status='到店付' )  [ RunTime:0.0004s ]
SQL: SELECT * FROM `hotel_room_order` WHERE ( room_id='101'and starttime<=''and endtime>'' and  endtime<=''and order_status='已支付' )  [ RunTime:0.0004s ]
SQL: SELECT * FROM `hotel_room_order` WHERE ( room_id='101'and starttime>=''and  starttime<'' and endtime>=''and order_status='到店付' )  [ RunTime:0.0004s ]
SQL: SELECT * FROM `hotel_room_order` WHERE ( room_id='101'and starttime>=''and  starttime<'' and endtime>=''and order_status='已支付' )  [ RunTime:0.0004s ]
SQL: SELECT * FROM `hotel_room_order` WHERE ( room_id='101'and starttime>='' and endtime<=''and order_status='到店付' )  [ RunTime:0.0004s ]
SQL: SELECT * FROM `hotel_room_order` WHERE ( room_id='101'and starttime>='' and endtime<=''and order_status='已支付' )  [ RunTime:0.0004s ]
NOTIC: [8] Undefined offset: 3 D:\wamp\www\hotel\Application\Home\Controller\IndexController.class.php 第 176 行.
SQL: SELECT * FROM `hotel_room_order` WHERE ( room_id='202'and starttime<=''and endtime>'' and starttime<'' and endtime>=''and order_status='到店付' )  [ RunTime:0.0005s ]
SQL: SELECT * FROM `hotel_room_order` WHERE ( room_id='202'and starttime<=''and endtime>'' and starttime<'' and endtime>=''and order_status='已支付' )  [ RunTime:0.0004s ]
SQL: SELECT * FROM `hotel_room_order` WHERE ( room_id='202'and starttime<=''and endtime>'' and  endtime<=''and order_status='到店付' )  [ RunTime:0.0003s ]
SQL: SELECT * FROM `hotel_room_order` WHERE ( room_id='202'and starttime<=''and endtime>'' and  endtime<=''and order_status='已支付' )  [ RunTime:0.0004s ]
SQL: SELECT * FROM `hotel_room_order` WHERE ( room_id='202'and starttime>=''and  starttime<'' and endtime>=''and order_status='到店付' )  [ RunTime:0.0004s ]
SQL: SELECT * FROM `hotel_room_order` WHERE ( room_id='202'and starttime>=''and  starttime<'' and endtime>=''and order_status='已支付' )  [ RunTime:0.0004s ]
SQL: SELECT * FROM `hotel_room_order` WHERE ( room_id='202'and starttime>='' and endtime<=''and order_status='到店付' )  [ RunTime:0.0004s ]
SQL: SELECT * FROM `hotel_room_order` WHERE ( room_id='202'and starttime>='' and endtime<=''and order_status='已支付' )  [ RunTime:0.0004s ]
NOTIC: [8] Undefined offset: 3 D:\wamp\www\hotel\Application\Home\Controller\IndexController.class.php 第 176 行.
SQL: SELECT * FROM `hotel_room_order` WHERE ( room_id='207'and starttime<=''and endtime>'' and starttime<'' and endtime>=''and order_status='到店付' )  [ RunTime:0.0004s ]
SQL: SELECT * FROM `hotel_room_order` WHERE ( room_id='207'and starttime<=''and endtime>'' and starttime<'' and endtime>=''and order_status='已支付' )  [ RunTime:0.0004s ]
SQL: SELECT * FROM `hotel_room_order` WHERE ( room_id='207'and starttime<=''and endtime>'' and  endtime<=''and order_status='到店付' )  [ RunTime:0.0004s ]
SQL: SELECT * FROM `hotel_room_order` WHERE ( room_id='207'and starttime<=''and endtime>'' and  endtime<=''and order_status='已支付' )  [ RunTime:0.0004s ]
SQL: SELECT * FROM `hotel_room_order` WHERE ( room_id='207'and starttime>=''and  starttime<'' and endtime>=''and order_status='到店付' )  [ RunTime:0.0004s ]
SQL: SELECT * FROM `hotel_room_order` WHERE ( room_id='207'and starttime>=''and  starttime<'' and endtime>=''and order_status='已支付' )  [ RunTime:0.0005s ]
SQL: SELECT * FROM `hotel_room_order` WHERE ( room_id='207'and starttime>='' and endtime<=''and order_status='到店付' )  [ RunTime:0.0004s ]
SQL: SELECT * FROM `hotel_room_order` WHERE ( room_id='207'and starttime>='' and endtime<=''and order_status='已支付' )  [ RunTime:0.0004s ]
NOTIC: [8] Undefined offset: 3 D:\wamp\www\hotel\Application\Home\Controller\IndexController.class.php 第 176 行.
NOTIC: [8] Undefined offset: 3 D:\wamp\www\hotel\Application\Home\Controller\IndexController.class.php 第 162 行.
SQL: SELECT * FROM `hotel_room_order` WHERE ( room_id=''and starttime<=''and endtime>'' and starttime<'' and endtime>=''and order_status='到店付' )  [ RunTime:0.0004s ]
SQL: SELECT * FROM `hotel_room_order` WHERE ( room_id=''and starttime<=''and endtime>'' and starttime<'' and endtime>=''and order_status='已支付' )  [ RunTime:0.0004s ]
SQL: SELECT * FROM `hotel_room_order` WHERE ( room_id=''and starttime<=''and endtime>'' and  endtime<=''and order_status='到店付' )  [ RunTime:0.0004s ]
SQL: SELECT * FROM `hotel_room_order` WHERE ( room_id=''and starttime<=''and endtime>'' and  endtime<=''and order_status='已支付' )  [ RunTime:0.0004s ]
SQL: SELECT * FROM `hotel_room_order` WHERE ( room_id=''and starttime>=''and  starttime<'' and endtime>=''and order_status='到店付' )  [ RunTime:0.0004s ]
SQL: SELECT * FROM `hotel_room_order` WHERE ( room_id=''and starttime>=''and  starttime<'' and endtime>=''and order_status='已支付' )  [ RunTime:0.0004s ]
SQL: SELECT * FROM `hotel_room_order` WHERE ( room_id=''and starttime>='' and endtime<=''and order_status='到店付' )  [ RunTime:0.0004s ]
SQL: SELECT * FROM `hotel_room_order` WHERE ( room_id=''and starttime>='' and endtime<=''and order_status='已支付' )  [ RunTime:0.0004s ]
NOTIC: [8] Undefined offset: 3 D:\wamp\www\hotel\Application\Home\Controller\IndexController.class.php 第 176 行.
SQL: SHOW COLUMNS FROM `hotel_room_show` [ RunTime:0.0004s ]
SQL: SELECT `room_description` FROM `hotel_room_show` WHERE ( room_category='标准单人房' )  [ RunTime:0.0004s ]
SQL: SELECT `room_description` FROM `hotel_room_show` WHERE ( room_category='标准双人房' )  [ RunTime:0.0003s ]
SQL: SELECT `room_description` FROM `hotel_room_show` WHERE ( room_category='豪华单人房' )  [ RunTime:0.0003s ]
SQL: SELECT `room_description` FROM `hotel_room_show` WHERE ( room_category='豪华双人房' )  [ RunTime:0.0003s ]
SQL: SELECT `room_pictures` FROM `hotel_room_show` WHERE ( room_category='标准单人房' )  [ RunTime:0.0002s ]
SQL: SELECT `room_pictures` FROM `hotel_room_show` WHERE ( room_category='标准双人房' )  [ RunTime:0.0003s ]
SQL: SELECT `room_pictures` FROM `hotel_room_show` WHERE ( room_category='豪华单人房' )  [ RunTime:0.0002s ]
SQL: SELECT `room_pictures` FROM `hotel_room_show` WHERE ( room_category='豪华双人房' )  [ RunTime:0.0003s ]
INFO: [ view_parse ] --START--
INFO: [ template_filter ] --START--
INFO: Run Behavior\ContentReplaceBehavior [ RunTime:0.000083s ]
INFO: [ template_filter ] --END-- [ RunTime:0.000181s ]
INFO: Run Behavior\ParseTemplateBehavior [ RunTime:0.011941s ]
INFO: [ view_parse ] --END-- [ RunTime:0.012043s ]
INFO: [ view_filter ] --START--
INFO: Run Behavior\WriteHtmlCacheBehavior [ RunTime:0.000618s ]
INFO: [ view_filter ] --END-- [ RunTime:0.000774s ]
INFO: [ app_end ] --START--
INFO: Run Behavior\ShowPageTraceBehavior [ RunTime:0.000639s ]
INFO: [ app_end ] --END-- [ RunTime:0.000792s ]
NOTIC: [8] Constant APP_DEBUG already defined D:\wamp\www\hotel\index.php 第 30 行.

