[ 2017-03-29T01:01:01+08:00 ] 127.0.0.1 /hotel/index.php?m=Admin&c=login&a=index
INFO: [ app_init ] --START--
INFO: Run Behavior\BuildLiteBehavior [ RunTime:0.000016s ]
INFO: [ app_init ] --END-- [ RunTime:0.020837s ]
INFO: [ app_begin ] --START--
INFO: Run Behavior\ReadHtmlCacheBehavior [ RunTime:0.017417s ]
INFO: [ app_begin ] --END-- [ RunTime:0.017492s ]
INFO: [ view_parse ] --START--
INFO: [ template_filter ] --START--
INFO: Run Behavior\ContentReplaceBehavior [ RunTime:0.042853s ]
INFO: [ template_filter ] --END-- [ RunTime:0.042938s ]
INFO: Run Behavior\ParseTemplateBehavior [ RunTime:0.123512s ]
INFO: [ view_parse ] --END-- [ RunTime:0.123579s ]
INFO: [ view_filter ] --START--
INFO: Run Behavior\WriteHtmlCacheBehavior [ RunTime:0.024075s ]
INFO: [ view_filter ] --END-- [ RunTime:0.024141s ]
INFO: [ app_end ] --START--
INFO: Run Behavior\ShowPageTraceBehavior [ RunTime:0.011859s ]
INFO: [ app_end ] --END-- [ RunTime:0.011912s ]
NOTIC: [8] Constant APP_DEBUG already defined G:\xampp\htdocs\hotel\index.php 第 30 行.

[ 2017-03-29T01:01:04+08:00 ] 127.0.0.1 /hotel/index.php?m=Admin&c=login&a=login
INFO: [ app_init ] --START--
INFO: Run Behavior\BuildLiteBehavior [ RunTime:0.000014s ]
INFO: [ app_init ] --END-- [ RunTime:0.000077s ]
INFO: [ app_begin ] --START--
INFO: Run Behavior\ReadHtmlCacheBehavior [ RunTime:0.000604s ]
INFO: [ app_begin ] --END-- [ RunTime:0.000669s ]
SQL: SHOW COLUMNS FROM `hotel_employe` [ RunTime:0.0325s ]
SQL: SELECT * FROM `hotel_employe` WHERE ( employe_id='1001' AND employe_password='e10adc3949ba59abbe56e057f20f883e' ) LIMIT 1   [ RunTime:0.0007s ]
SQL: UPDATE `hotel_employe` SET `last_login_time`='2017-03-29 01:01:04' WHERE ( employe_id=1001 ) [ RunTime:0.0636s ]

[ 2017-03-29T01:01:05+08:00 ] 127.0.0.1 /hotel/index.php?m=Admin&c=Index&a=index
INFO: [ app_init ] --START--
INFO: Run Behavior\BuildLiteBehavior [ RunTime:0.000014s ]
INFO: [ app_init ] --END-- [ RunTime:0.000074s ]
INFO: [ app_begin ] --START--
INFO: Run Behavior\ReadHtmlCacheBehavior [ RunTime:0.000654s ]
INFO: [ app_begin ] --END-- [ RunTime:0.000722s ]
INFO: [ view_parse ] --START--
INFO: [ template_filter ] --START--
INFO: Run Behavior\ContentReplaceBehavior [ RunTime:0.000053s ]
INFO: [ template_filter ] --END-- [ RunTime:0.000113s ]
INFO: Run Behavior\ParseTemplateBehavior [ RunTime:0.030357s ]
INFO: [ view_parse ] --END-- [ RunTime:0.030431s ]
INFO: [ view_filter ] --START--
INFO: Run Behavior\WriteHtmlCacheBehavior [ RunTime:0.000355s ]
INFO: [ view_filter ] --END-- [ RunTime:0.000392s ]
INFO: [ app_end ] --START--
INFO: Run Behavior\ShowPageTraceBehavior [ RunTime:0.000445s ]
INFO: [ app_end ] --END-- [ RunTime:0.000482s ]
NOTIC: [8] Constant APP_DEBUG already defined G:\xampp\htdocs\hotel\index.php 第 30 行.

[ 2017-03-29T01:01:05+08:00 ] 127.0.0.1 /hotel/index.php?m=Admin&c=index&a=info
INFO: [ app_init ] --START--
INFO: Run Behavior\BuildLiteBehavior [ RunTime:0.000015s ]
INFO: [ app_init ] --END-- [ RunTime:0.000080s ]
INFO: [ app_begin ] --START--
INFO: Run Behavior\ReadHtmlCacheBehavior [ RunTime:0.000701s ]
INFO: [ app_begin ] --END-- [ RunTime:0.000779s ]
SQL: SHOW COLUMNS FROM `hotel_employe` [ RunTime:0.0055s ]
SQL: SELECT * FROM `hotel_employe` WHERE ( employe_name='张三' ) LIMIT 1   [ RunTime:0.0004s ]
INFO: [ view_parse ] --START--
INFO: [ template_filter ] --START--
INFO: Run Behavior\ContentReplaceBehavior [ RunTime:0.000048s ]
INFO: [ template_filter ] --END-- [ RunTime:0.000183s ]
INFO: Run Behavior\ParseTemplateBehavior [ RunTime:0.036896s ]
INFO: [ view_parse ] --END-- [ RunTime:0.036970s ]
INFO: [ view_filter ] --START--
INFO: Run Behavior\WriteHtmlCacheBehavior [ RunTime:0.000422s ]
INFO: [ view_filter ] --END-- [ RunTime:0.000469s ]
INFO: [ app_end ] --START--
INFO: Run Behavior\ShowPageTraceBehavior [ RunTime:0.000771s ]
INFO: [ app_end ] --END-- [ RunTime:0.000847s ]
NOTIC: [8] Constant APP_DEBUG already defined G:\xampp\htdocs\hotel\index.php 第 30 行.

[ 2017-03-29T01:01:07+08:00 ] 127.0.0.1 /hotel/index.php?m=Admin&c=self&a=index
INFO: [ app_init ] --START--
INFO: Run Behavior\BuildLiteBehavior [ RunTime:0.000013s ]
INFO: [ app_init ] --END-- [ RunTime:0.000074s ]
INFO: [ app_begin ] --START--
INFO: Run Behavior\ReadHtmlCacheBehavior [ RunTime:0.000571s ]
INFO: [ app_begin ] --END-- [ RunTime:0.000629s ]
INFO: [ view_parse ] --START--
INFO: [ template_filter ] --START--
INFO: Run Behavior\ContentReplaceBehavior [ RunTime:0.000055s ]
INFO: [ template_filter ] --END-- [ RunTime:0.000122s ]
INFO: Run Behavior\ParseTemplateBehavior [ RunTime:0.015588s ]
INFO: [ view_parse ] --END-- [ RunTime:0.015648s ]
INFO: [ view_filter ] --START--
INFO: Run Behavior\WriteHtmlCacheBehavior [ RunTime:0.000389s ]
INFO: [ view_filter ] --END-- [ RunTime:0.000429s ]
INFO: [ app_end ] --START--
INFO: Run Behavior\ShowPageTraceBehavior [ RunTime:0.000574s ]
INFO: [ app_end ] --END-- [ RunTime:0.000619s ]
NOTIC: [8] Constant APP_DEBUG already defined G:\xampp\htdocs\hotel\index.php 第 30 行.

