[ 2017-01-08T11:00:46+08:00 ] 127.0.0.1 /hotel/index.php?m=Admin&c=login&a=index
INFO: [ app_init ] --START--
INFO: Run Behavior\BuildLiteBehavior [ RunTime:0.000020s ]
INFO: [ app_init ] --END-- [ RunTime:0.000058s ]
INFO: [ app_begin ] --START--
INFO: Run Behavior\ReadHtmlCacheBehavior [ RunTime:0.000354s ]
INFO: [ app_begin ] --END-- [ RunTime:0.000389s ]
INFO: [ view_parse ] --START--
INFO: [ template_filter ] --START--
INFO: Run Behavior\ContentReplaceBehavior [ RunTime:0.000064s ]
INFO: [ template_filter ] --END-- [ RunTime:0.000107s ]
INFO: Run Behavior\ParseTemplateBehavior [ RunTime:0.274835s ]
INFO: [ view_parse ] --END-- [ RunTime:0.274895s ]
INFO: [ view_filter ] --START--
INFO: Run Behavior\WriteHtmlCacheBehavior [ RunTime:0.000269s ]
INFO: [ view_filter ] --END-- [ RunTime:0.000298s ]
INFO: [ app_end ] --START--
INFO: Run Behavior\ShowPageTraceBehavior [ RunTime:0.000725s ]
INFO: [ app_end ] --END-- [ RunTime:0.000778s ]
NOTIC: [8] Constant APP_DEBUG already defined H:\xampp\htdocs\hotel\index.php 第 30 行.

[ 2017-01-08T11:00:51+08:00 ] 127.0.0.1 /hotel/index.php?m=Admin&c=login&a=login
INFO: [ app_init ] --START--
INFO: Run Behavior\BuildLiteBehavior [ RunTime:0.000019s ]
INFO: [ app_init ] --END-- [ RunTime:0.000094s ]
INFO: [ app_begin ] --START--
INFO: Run Behavior\ReadHtmlCacheBehavior [ RunTime:0.000660s ]
INFO: [ app_begin ] --END-- [ RunTime:0.000738s ]
SQL: SHOW COLUMNS FROM `hotel_employe` [ RunTime:0.0415s ]
SQL: SELECT * FROM `hotel_employe` WHERE ( employe_id='1001' AND employe_password='e10adc3949ba59abbe56e057f20f883e' ) LIMIT 1   [ RunTime:0.0008s ]
SQL: UPDATE `hotel_employe` SET `last_login_time`='2017-01-08 11:00:51' WHERE ( employe_id=1001 ) [ RunTime:0.0931s ]

[ 2017-01-08T11:00:51+08:00 ] 127.0.0.1 /hotel/index.php?m=Admin&c=Index&a=index
INFO: [ app_init ] --START--
INFO: Run Behavior\BuildLiteBehavior [ RunTime:0.000009s ]
INFO: [ app_init ] --END-- [ RunTime:0.000048s ]
INFO: [ app_begin ] --START--
INFO: Run Behavior\ReadHtmlCacheBehavior [ RunTime:0.000376s ]
INFO: [ app_begin ] --END-- [ RunTime:0.000414s ]
INFO: [ view_parse ] --START--
INFO: [ template_filter ] --START--
INFO: Run Behavior\ContentReplaceBehavior [ RunTime:0.000041s ]
INFO: [ template_filter ] --END-- [ RunTime:0.000087s ]
INFO: Run Behavior\ParseTemplateBehavior [ RunTime:0.022184s ]
INFO: [ view_parse ] --END-- [ RunTime:0.022256s ]
INFO: [ view_filter ] --START--
INFO: Run Behavior\WriteHtmlCacheBehavior [ RunTime:0.000634s ]
INFO: [ view_filter ] --END-- [ RunTime:0.000701s ]
INFO: [ app_end ] --START--
INFO: Run Behavior\ShowPageTraceBehavior [ RunTime:0.000776s ]
INFO: [ app_end ] --END-- [ RunTime:0.000837s ]
NOTIC: [8] Constant APP_DEBUG already defined H:\xampp\htdocs\hotel\index.php 第 30 行.

[ 2017-01-08T11:00:51+08:00 ] 127.0.0.1 /hotel/index.php?m=Admin&c=index&a=info
INFO: [ app_init ] --START--
INFO: Run Behavior\BuildLiteBehavior [ RunTime:0.000009s ]
INFO: [ app_init ] --END-- [ RunTime:0.000046s ]
INFO: [ app_begin ] --START--
INFO: Run Behavior\ReadHtmlCacheBehavior [ RunTime:0.000385s ]
INFO: [ app_begin ] --END-- [ RunTime:0.000421s ]
SQL: SHOW COLUMNS FROM `hotel_employe` [ RunTime:0.0037s ]
SQL: SELECT * FROM `hotel_employe` WHERE ( employe_name='张三' ) LIMIT 1   [ RunTime:0.0002s ]
INFO: [ view_parse ] --START--
INFO: [ template_filter ] --START--
INFO: Run Behavior\ContentReplaceBehavior [ RunTime:0.000043s ]
INFO: [ template_filter ] --END-- [ RunTime:0.000103s ]
INFO: Run Behavior\ParseTemplateBehavior [ RunTime:0.028403s ]
INFO: [ view_parse ] --END-- [ RunTime:0.028466s ]
INFO: [ view_filter ] --START--
INFO: Run Behavior\WriteHtmlCacheBehavior [ RunTime:0.000455s ]
INFO: [ view_filter ] --END-- [ RunTime:0.000497s ]
INFO: [ app_end ] --START--
INFO: Run Behavior\ShowPageTraceBehavior [ RunTime:0.000557s ]
INFO: [ app_end ] --END-- [ RunTime:0.000602s ]
NOTIC: [8] Constant APP_DEBUG already defined H:\xampp\htdocs\hotel\index.php 第 30 行.

[ 2017-01-08T11:00:54+08:00 ] 127.0.0.1 /hotel/index.php?m=Admin&c=roomorder&a=index
INFO: [ app_init ] --START--
INFO: Run Behavior\BuildLiteBehavior [ RunTime:0.000014s ]
INFO: [ app_init ] --END-- [ RunTime:0.000074s ]
INFO: [ app_begin ] --START--
INFO: Run Behavior\ReadHtmlCacheBehavior [ RunTime:0.000529s ]
INFO: [ app_begin ] --END-- [ RunTime:0.000594s ]
INFO: [ view_parse ] --START--
INFO: [ template_filter ] --START--
INFO: Run Behavior\ContentReplaceBehavior [ RunTime:0.000053s ]
INFO: [ template_filter ] --END-- [ RunTime:0.000130s ]
INFO: Run Behavior\ParseTemplateBehavior [ RunTime:0.081962s ]
INFO: [ view_parse ] --END-- [ RunTime:0.082026s ]
INFO: [ view_filter ] --START--
INFO: Run Behavior\WriteHtmlCacheBehavior [ RunTime:0.000370s ]
INFO: [ view_filter ] --END-- [ RunTime:0.000421s ]
INFO: [ app_end ] --START--
INFO: Run Behavior\ShowPageTraceBehavior [ RunTime:0.000724s ]
INFO: [ app_end ] --END-- [ RunTime:0.000780s ]
NOTIC: [8] Constant APP_DEBUG already defined H:\xampp\htdocs\hotel\index.php 第 30 行.

[ 2017-01-08T11:00:54+08:00 ] 127.0.0.1 /hotel/index.php?m=Admin&c=roomorder&a=replace
INFO: [ app_init ] --START--
INFO: Run Behavior\BuildLiteBehavior [ RunTime:0.000014s ]
INFO: [ app_init ] --END-- [ RunTime:0.000069s ]
INFO: [ app_begin ] --START--
INFO: Run Behavior\ReadHtmlCacheBehavior [ RunTime:0.000552s ]
INFO: [ app_begin ] --END-- [ RunTime:0.000608s ]
INFO: [ view_parse ] --START--
INFO: [ template_filter ] --START--
INFO: Run Behavior\ContentReplaceBehavior [ RunTime:0.000031s ]
INFO: [ template_filter ] --END-- [ RunTime:0.000071s ]
INFO: Run Behavior\ParseTemplateBehavior [ RunTime:0.022952s ]
INFO: [ view_parse ] --END-- [ RunTime:0.023012s ]
INFO: [ view_filter ] --START--
INFO: Run Behavior\WriteHtmlCacheBehavior [ RunTime:0.000379s ]
INFO: [ view_filter ] --END-- [ RunTime:0.000421s ]
INFO: [ app_end ] --START--
INFO: Run Behavior\ShowPageTraceBehavior [ RunTime:0.000562s ]
INFO: [ app_end ] --END-- [ RunTime:0.000606s ]
NOTIC: [8] Constant APP_DEBUG already defined H:\xampp\htdocs\hotel\index.php 第 30 行.

[ 2017-01-08T11:00:55+08:00 ] 127.0.0.1 /hotel/index.php?m=Admin&c=roomorder&a=endstay
INFO: [ app_init ] --START--
INFO: Run Behavior\BuildLiteBehavior [ RunTime:0.000013s ]
INFO: [ app_init ] --END-- [ RunTime:0.000071s ]
INFO: [ app_begin ] --START--
INFO: Run Behavior\ReadHtmlCacheBehavior [ RunTime:0.000656s ]
INFO: [ app_begin ] --END-- [ RunTime:0.000721s ]
INFO: [ view_parse ] --START--
INFO: [ template_filter ] --START--
INFO: Run Behavior\ContentReplaceBehavior [ RunTime:0.000031s ]
INFO: [ template_filter ] --END-- [ RunTime:0.000074s ]
INFO: Run Behavior\ParseTemplateBehavior [ RunTime:0.018816s ]
INFO: [ view_parse ] --END-- [ RunTime:0.018868s ]
INFO: [ view_filter ] --START--
INFO: Run Behavior\WriteHtmlCacheBehavior [ RunTime:0.000268s ]
INFO: [ view_filter ] --END-- [ RunTime:0.000295s ]
INFO: [ app_end ] --START--
INFO: Run Behavior\ShowPageTraceBehavior [ RunTime:0.000379s ]
INFO: [ app_end ] --END-- [ RunTime:0.000408s ]
NOTIC: [8] Constant APP_DEBUG already defined H:\xampp\htdocs\hotel\index.php 第 30 行.

[ 2017-01-08T11:00:56+08:00 ] 127.0.0.1 /hotel/index.php?m=Admin&c=roomorder&a=storepay
INFO: [ app_init ] --START--
INFO: Run Behavior\BuildLiteBehavior [ RunTime:0.000009s ]
INFO: [ app_init ] --END-- [ RunTime:0.000043s ]
INFO: [ app_begin ] --START--
INFO: Run Behavior\ReadHtmlCacheBehavior [ RunTime:0.000373s ]
INFO: [ app_begin ] --END-- [ RunTime:0.000406s ]
INFO: [ view_parse ] --START--
INFO: [ template_filter ] --START--
INFO: Run Behavior\ContentReplaceBehavior [ RunTime:0.000042s ]
INFO: [ template_filter ] --END-- [ RunTime:0.000089s ]
INFO: Run Behavior\ParseTemplateBehavior [ RunTime:0.022496s ]
INFO: [ view_parse ] --END-- [ RunTime:0.022553s ]
INFO: [ view_filter ] --START--
INFO: Run Behavior\WriteHtmlCacheBehavior [ RunTime:0.000285s ]
INFO: [ view_filter ] --END-- [ RunTime:0.000313s ]
INFO: [ app_end ] --START--
INFO: Run Behavior\ShowPageTraceBehavior [ RunTime:0.000394s ]
INFO: [ app_end ] --END-- [ RunTime:0.000421s ]
NOTIC: [8] Constant APP_DEBUG already defined H:\xampp\htdocs\hotel\index.php 第 30 行.

[ 2017-01-08T11:00:58+08:00 ] 127.0.0.1 /hotel/index.php?m=Admin&c=roomorder&a=storepay_result
INFO: [ app_init ] --START--
INFO: Run Behavior\BuildLiteBehavior [ RunTime:0.000010s ]
INFO: [ app_init ] --END-- [ RunTime:0.000049s ]
INFO: [ app_begin ] --START--
INFO: Run Behavior\ReadHtmlCacheBehavior [ RunTime:0.000500s ]
INFO: [ app_begin ] --END-- [ RunTime:0.000539s ]
SQL: SHOW COLUMNS FROM `hotel_room` [ RunTime:0.0662s ]
SQL: SELECT COUNT(*) AS tp_count FROM `hotel_room` WHERE ( room_category='标准双人房' ) LIMIT 1   [ RunTime:0.0004s ]
SQL: SELECT `room_id` FROM `hotel_room` WHERE ( room_category='标准双人房' )  [ RunTime:0.0002s ]
SQL: SHOW COLUMNS FROM `hotel_room_order` [ RunTime:0.0654s ]
SQL: SELECT * FROM `hotel_room_order` WHERE ( room_id='104'and starttime<='2017-01-08'and endtime>'2017-01-08' and starttime<'2017-01-09' and endtime>='2017-01-09'and order_status='到店付' )  [ RunTime:0.0004s ]
SQL: SELECT * FROM `hotel_room_order` WHERE ( room_id='104'and starttime<='2017-01-08'and endtime>'2017-01-08' and starttime<'2017-01-09' and endtime>='2017-01-09'and order_status='已支付' )  [ RunTime:0.0003s ]
SQL: SELECT * FROM `hotel_room_order` WHERE ( room_id='104'and starttime<='2017-01-08'and endtime>'2017-01-08' and  endtime<='2017-01-09'and order_status='到店付' )  [ RunTime:0.0003s ]
SQL: SELECT * FROM `hotel_room_order` WHERE ( room_id='104'and starttime<='2017-01-08'and endtime>'2017-01-08' and  endtime<='2017-01-09'and order_status='已支付' )  [ RunTime:0.0004s ]
SQL: SELECT * FROM `hotel_room_order` WHERE ( room_id='104'and starttime>='2017-01-08'and  starttime<'2017-01-09' and endtime>='2017-01-09'and order_status='到店付' )  [ RunTime:0.0004s ]
SQL: SELECT * FROM `hotel_room_order` WHERE ( room_id='104'and starttime>='2017-01-08'and  starttime<'2017-01-09' and endtime>='2017-01-09'and order_status='已支付' )  [ RunTime:0.0004s ]
SQL: SELECT * FROM `hotel_room_order` WHERE ( room_id='104'and starttime>='2017-01-08' and endtime<='2017-01-09'and order_status='到店付' )  [ RunTime:0.0004s ]
SQL: SELECT * FROM `hotel_room_order` WHERE ( room_id='104'and starttime>='2017-01-08' and endtime<='2017-01-09'and order_status='已支付' )  [ RunTime:0.0004s ]
NOTIC: [8] Undefined offset: 5 H:\xampp\htdocs\hotel\Application\Admin\Controller\RoomorderController.class.php 第 305 行.
SQL: SELECT `room_price` FROM `hotel_room` WHERE ( room_id='104' )  [ RunTime:0.0002s ]
SQL: SELECT * FROM `hotel_room_order` WHERE ( room_id='106'and starttime<='2017-01-08'and endtime>'2017-01-08' and starttime<'2017-01-09' and endtime>='2017-01-09'and order_status='到店付' )  [ RunTime:0.0004s ]
SQL: SELECT * FROM `hotel_room_order` WHERE ( room_id='106'and starttime<='2017-01-08'and endtime>'2017-01-08' and starttime<'2017-01-09' and endtime>='2017-01-09'and order_status='已支付' )  [ RunTime:0.0005s ]
SQL: SELECT * FROM `hotel_room_order` WHERE ( room_id='106'and starttime<='2017-01-08'and endtime>'2017-01-08' and  endtime<='2017-01-09'and order_status='到店付' )  [ RunTime:0.0004s ]
SQL: SELECT * FROM `hotel_room_order` WHERE ( room_id='106'and starttime<='2017-01-08'and endtime>'2017-01-08' and  endtime<='2017-01-09'and order_status='已支付' )  [ RunTime:0.0004s ]
SQL: SELECT * FROM `hotel_room_order` WHERE ( room_id='106'and starttime>='2017-01-08'and  starttime<'2017-01-09' and endtime>='2017-01-09'and order_status='到店付' )  [ RunTime:0.0004s ]
SQL: SELECT * FROM `hotel_room_order` WHERE ( room_id='106'and starttime>='2017-01-08'and  starttime<'2017-01-09' and endtime>='2017-01-09'and order_status='已支付' )  [ RunTime:0.0004s ]
SQL: SELECT * FROM `hotel_room_order` WHERE ( room_id='106'and starttime>='2017-01-08' and endtime<='2017-01-09'and order_status='到店付' )  [ RunTime:0.0005s ]
SQL: SELECT * FROM `hotel_room_order` WHERE ( room_id='106'and starttime>='2017-01-08' and endtime<='2017-01-09'and order_status='已支付' )  [ RunTime:0.0005s ]
NOTIC: [8] Undefined offset: 5 H:\xampp\htdocs\hotel\Application\Admin\Controller\RoomorderController.class.php 第 305 行.
SQL: SELECT `room_price` FROM `hotel_room` WHERE ( room_id='106' )  [ RunTime:0.0002s ]
SQL: SELECT * FROM `hotel_room_order` WHERE ( room_id='201'and starttime<='2017-01-08'and endtime>'2017-01-08' and starttime<'2017-01-09' and endtime>='2017-01-09'and order_status='到店付' )  [ RunTime:0.0004s ]
SQL: SELECT * FROM `hotel_room_order` WHERE ( room_id='201'and starttime<='2017-01-08'and endtime>'2017-01-08' and starttime<'2017-01-09' and endtime>='2017-01-09'and order_status='已支付' )  [ RunTime:0.0003s ]
SQL: SELECT * FROM `hotel_room_order` WHERE ( room_id='201'and starttime<='2017-01-08'and endtime>'2017-01-08' and  endtime<='2017-01-09'and order_status='到店付' )  [ RunTime:0.0005s ]
SQL: SELECT * FROM `hotel_room_order` WHERE ( room_id='201'and starttime<='2017-01-08'and endtime>'2017-01-08' and  endtime<='2017-01-09'and order_status='已支付' )  [ RunTime:0.0006s ]
SQL: SELECT * FROM `hotel_room_order` WHERE ( room_id='201'and starttime>='2017-01-08'and  starttime<'2017-01-09' and endtime>='2017-01-09'and order_status='到店付' )  [ RunTime:0.0004s ]
SQL: SELECT * FROM `hotel_room_order` WHERE ( room_id='201'and starttime>='2017-01-08'and  starttime<'2017-01-09' and endtime>='2017-01-09'and order_status='已支付' )  [ RunTime:0.0004s ]
SQL: SELECT * FROM `hotel_room_order` WHERE ( room_id='201'and starttime>='2017-01-08' and endtime<='2017-01-09'and order_status='到店付' )  [ RunTime:0.0004s ]
SQL: SELECT * FROM `hotel_room_order` WHERE ( room_id='201'and starttime>='2017-01-08' and endtime<='2017-01-09'and order_status='已支付' )  [ RunTime:0.0003s ]
NOTIC: [8] Undefined offset: 5 H:\xampp\htdocs\hotel\Application\Admin\Controller\RoomorderController.class.php 第 305 行.
SQL: SELECT `room_price` FROM `hotel_room` WHERE ( room_id='201' )  [ RunTime:0.0001s ]
SQL: SELECT * FROM `hotel_room_order` WHERE ( room_id='204'and starttime<='2017-01-08'and endtime>'2017-01-08' and starttime<'2017-01-09' and endtime>='2017-01-09'and order_status='到店付' )  [ RunTime:0.0003s ]
SQL: SELECT * FROM `hotel_room_order` WHERE ( room_id='204'and starttime<='2017-01-08'and endtime>'2017-01-08' and starttime<'2017-01-09' and endtime>='2017-01-09'and order_status='已支付' )  [ RunTime:0.0003s ]
SQL: SELECT * FROM `hotel_room_order` WHERE ( room_id='204'and starttime<='2017-01-08'and endtime>'2017-01-08' and  endtime<='2017-01-09'and order_status='到店付' )  [ RunTime:0.0004s ]
SQL: SELECT * FROM `hotel_room_order` WHERE ( room_id='204'and starttime<='2017-01-08'and endtime>'2017-01-08' and  endtime<='2017-01-09'and order_status='已支付' )  [ RunTime:0.0004s ]
SQL: SELECT * FROM `hotel_room_order` WHERE ( room_id='204'and starttime>='2017-01-08'and  starttime<'2017-01-09' and endtime>='2017-01-09'and order_status='到店付' )  [ RunTime:0.0004s ]
SQL: SELECT * FROM `hotel_room_order` WHERE ( room_id='204'and starttime>='2017-01-08'and  starttime<'2017-01-09' and endtime>='2017-01-09'and order_status='已支付' )  [ RunTime:0.0003s ]
SQL: SELECT * FROM `hotel_room_order` WHERE ( room_id='204'and starttime>='2017-01-08' and endtime<='2017-01-09'and order_status='到店付' )  [ RunTime:0.0003s ]
SQL: SELECT * FROM `hotel_room_order` WHERE ( room_id='204'and starttime>='2017-01-08' and endtime<='2017-01-09'and order_status='已支付' )  [ RunTime:0.0003s ]
NOTIC: [8] Undefined offset: 5 H:\xampp\htdocs\hotel\Application\Admin\Controller\RoomorderController.class.php 第 305 行.
SQL: SELECT `room_price` FROM `hotel_room` WHERE ( room_id='204' )  [ RunTime:0.0002s ]
SQL: SELECT * FROM `hotel_room_order` WHERE ( room_id='205'and starttime<='2017-01-08'and endtime>'2017-01-08' and starttime<'2017-01-09' and endtime>='2017-01-09'and order_status='到店付' )  [ RunTime:0.0004s ]
SQL: SELECT * FROM `hotel_room_order` WHERE ( room_id='205'and starttime<='2017-01-08'and endtime>'2017-01-08' and starttime<'2017-01-09' and endtime>='2017-01-09'and order_status='已支付' )  [ RunTime:0.0003s ]
SQL: SELECT * FROM `hotel_room_order` WHERE ( room_id='205'and starttime<='2017-01-08'and endtime>'2017-01-08' and  endtime<='2017-01-09'and order_status='到店付' )  [ RunTime:0.0003s ]
SQL: SELECT * FROM `hotel_room_order` WHERE ( room_id='205'and starttime<='2017-01-08'and endtime>'2017-01-08' and  endtime<='2017-01-09'and order_status='已支付' )  [ RunTime:0.0003s ]
SQL: SELECT * FROM `hotel_room_order` WHERE ( room_id='205'and starttime>='2017-01-08'and  starttime<'2017-01-09' and endtime>='2017-01-09'and order_status='到店付' )  [ RunTime:0.0003s ]
SQL: SELECT * FROM `hotel_room_order` WHERE ( room_id='205'and starttime>='2017-01-08'and  starttime<'2017-01-09' and endtime>='2017-01-09'and order_status='已支付' )  [ RunTime:0.0003s ]
SQL: SELECT * FROM `hotel_room_order` WHERE ( room_id='205'and starttime>='2017-01-08' and endtime<='2017-01-09'and order_status='到店付' )  [ RunTime:0.0005s ]
SQL: SELECT * FROM `hotel_room_order` WHERE ( room_id='205'and starttime>='2017-01-08' and endtime<='2017-01-09'and order_status='已支付' )  [ RunTime:0.0004s ]
NOTIC: [8] Undefined offset: 5 H:\xampp\htdocs\hotel\Application\Admin\Controller\RoomorderController.class.php 第 305 行.
SQL: SELECT `room_price` FROM `hotel_room` WHERE ( room_id='205' )  [ RunTime:0.0002s ]
NOTIC: [8] Undefined offset: 5 H:\xampp\htdocs\hotel\Application\Admin\Controller\RoomorderController.class.php 第 288 行.
SQL: SELECT * FROM `hotel_room_order` WHERE ( room_id=''and starttime<='2017-01-08'and endtime>'2017-01-08' and starttime<'2017-01-09' and endtime>='2017-01-09'and order_status='到店付' )  [ RunTime:0.0004s ]
SQL: SELECT * FROM `hotel_room_order` WHERE ( room_id=''and starttime<='2017-01-08'and endtime>'2017-01-08' and starttime<'2017-01-09' and endtime>='2017-01-09'and order_status='已支付' )  [ RunTime:0.0004s ]
SQL: SELECT * FROM `hotel_room_order` WHERE ( room_id=''and starttime<='2017-01-08'and endtime>'2017-01-08' and  endtime<='2017-01-09'and order_status='到店付' )  [ RunTime:0.0004s ]
SQL: SELECT * FROM `hotel_room_order` WHERE ( room_id=''and starttime<='2017-01-08'and endtime>'2017-01-08' and  endtime<='2017-01-09'and order_status='已支付' )  [ RunTime:0.0004s ]
SQL: SELECT * FROM `hotel_room_order` WHERE ( room_id=''and starttime>='2017-01-08'and  starttime<'2017-01-09' and endtime>='2017-01-09'and order_status='到店付' )  [ RunTime:0.0002s ]
SQL: SELECT * FROM `hotel_room_order` WHERE ( room_id=''and starttime>='2017-01-08'and  starttime<'2017-01-09' and endtime>='2017-01-09'and order_status='已支付' )  [ RunTime:0.0003s ]
SQL: SELECT * FROM `hotel_room_order` WHERE ( room_id=''and starttime>='2017-01-08' and endtime<='2017-01-09'and order_status='到店付' )  [ RunTime:0.0003s ]
SQL: SELECT * FROM `hotel_room_order` WHERE ( room_id=''and starttime>='2017-01-08' and endtime<='2017-01-09'and order_status='已支付' )  [ RunTime:0.0003s ]
NOTIC: [8] Undefined offset: 5 H:\xampp\htdocs\hotel\Application\Admin\Controller\RoomorderController.class.php 第 305 行.
INFO: [ view_parse ] --START--
INFO: [ template_filter ] --START--
INFO: Run Behavior\ContentReplaceBehavior [ RunTime:0.000064s ]
INFO: [ template_filter ] --END-- [ RunTime:0.000122s ]
INFO: Run Behavior\ParseTemplateBehavior [ RunTime:0.064577s ]
INFO: [ view_parse ] --END-- [ RunTime:0.064633s ]
INFO: [ view_filter ] --START--
INFO: Run Behavior\WriteHtmlCacheBehavior [ RunTime:0.000332s ]
INFO: [ view_filter ] --END-- [ RunTime:0.000371s ]
INFO: [ app_end ] --START--
INFO: Run Behavior\ShowPageTraceBehavior [ RunTime:0.000535s ]
INFO: [ app_end ] --END-- [ RunTime:0.000579s ]
NOTIC: [8] Constant APP_DEBUG already defined H:\xampp\htdocs\hotel\index.php 第 30 行.

[ 2017-01-08T11:01:07+08:00 ] 127.0.0.1 /hotel/index.php?m=Admin&c=room&a=notice
INFO: [ app_init ] --START--
INFO: Run Behavior\BuildLiteBehavior [ RunTime:0.000016s ]
INFO: [ app_init ] --END-- [ RunTime:0.000083s ]
INFO: [ app_begin ] --START--
INFO: Run Behavior\ReadHtmlCacheBehavior [ RunTime:0.000634s ]
INFO: [ app_begin ] --END-- [ RunTime:0.000696s ]
SQL: SHOW COLUMNS FROM `hotel_room_order` [ RunTime:0.0031s ]
SQL: SELECT COUNT(*) AS tp_count FROM `hotel_room_order` WHERE ( instatus='已入住'and endtime='2017-01-08' ) LIMIT 1   [ RunTime:0.0002s ]
INFO: [ view_parse ] --START--
INFO: [ template_filter ] --START--
INFO: Run Behavior\ContentReplaceBehavior [ RunTime:0.000031s ]
INFO: [ template_filter ] --END-- [ RunTime:0.000078s ]
NOTIC: [8] Undefined variable: param H:\xampp\htdocs\hotel\Application\Runtime\Cache\Admin\a1eafe70c6548cd1cf518c4f141a7761.php 第 34 行.
NOTIC: [8] Undefined variable: pageList H:\xampp\htdocs\hotel\Application\Runtime\Cache\Admin\a1eafe70c6548cd1cf518c4f141a7761.php 第 46 行.
INFO: Run Behavior\ParseTemplateBehavior [ RunTime:0.023290s ]
INFO: [ view_parse ] --END-- [ RunTime:0.023343s ]
INFO: [ view_filter ] --START--
INFO: Run Behavior\WriteHtmlCacheBehavior [ RunTime:0.000279s ]
INFO: [ view_filter ] --END-- [ RunTime:0.000311s ]
INFO: [ app_end ] --START--
INFO: Run Behavior\ShowPageTraceBehavior [ RunTime:0.000422s ]
INFO: [ app_end ] --END-- [ RunTime:0.000453s ]
NOTIC: [8] Constant APP_DEBUG already defined H:\xampp\htdocs\hotel\index.php 第 30 行.

[ 2017-01-08T11:01:09+08:00 ] 127.0.0.1 /hotel/index.php?m=Admin&c=productionorder&a=index
INFO: [ app_init ] --START--
INFO: Run Behavior\BuildLiteBehavior [ RunTime:0.000013s ]
INFO: [ app_init ] --END-- [ RunTime:0.000073s ]
INFO: [ app_begin ] --START--
INFO: Run Behavior\ReadHtmlCacheBehavior [ RunTime:0.000648s ]
INFO: [ app_begin ] --END-- [ RunTime:0.000722s ]
SQL: SHOW COLUMNS FROM `hotel_production` [ RunTime:0.0390s ]
SQL: SELECT `production_price` FROM `hotel_production` WHERE ( production_name='纯净水' )  [ RunTime:0.0002s ]
SQL: SELECT `production_price` FROM `hotel_production` WHERE ( production_name='方便面' )  [ RunTime:0.0002s ]
SQL: SELECT `production_price` FROM `hotel_production` WHERE ( production_name='牙膏' )  [ RunTime:0.0002s ]
SQL: SELECT `production_price` FROM `hotel_production` WHERE ( production_name='牙刷' )  [ RunTime:0.0002s ]
SQL: SELECT `production_price` FROM `hotel_production` WHERE ( production_name='毛巾' )  [ RunTime:0.0002s ]
SQL: SELECT `production_number` FROM `hotel_production` WHERE ( production_name='纯净水' )  [ RunTime:0.0002s ]
SQL: SELECT `production_number` FROM `hotel_production` WHERE ( production_name='方便面' )  [ RunTime:0.0002s ]
SQL: SELECT `production_number` FROM `hotel_production` WHERE ( production_name='牙膏' )  [ RunTime:0.0002s ]
SQL: SELECT `production_number` FROM `hotel_production` WHERE ( production_name='牙刷' )  [ RunTime:0.0002s ]
SQL: SELECT `production_number` FROM `hotel_production` WHERE ( production_name='毛巾' )  [ RunTime:0.0003s ]
INFO: [ view_parse ] --START--
INFO: [ template_filter ] --START--
INFO: Run Behavior\ContentReplaceBehavior [ RunTime:0.000062s ]
INFO: [ template_filter ] --END-- [ RunTime:0.000124s ]
INFO: Run Behavior\ParseTemplateBehavior [ RunTime:0.013532s ]
INFO: [ view_parse ] --END-- [ RunTime:0.013604s ]
INFO: [ view_filter ] --START--
INFO: Run Behavior\WriteHtmlCacheBehavior [ RunTime:0.000540s ]
INFO: [ view_filter ] --END-- [ RunTime:0.000580s ]
INFO: [ app_end ] --START--
INFO: Run Behavior\ShowPageTraceBehavior [ RunTime:0.000501s ]
INFO: [ app_end ] --END-- [ RunTime:0.000536s ]
NOTIC: [8] Constant APP_DEBUG already defined H:\xampp\htdocs\hotel\index.php 第 30 行.

[ 2017-01-08T11:01:10+08:00 ] 127.0.0.1 /hotel/index.php?m=Admin&c=self&a=index
INFO: [ app_init ] --START--
INFO: Run Behavior\BuildLiteBehavior [ RunTime:0.000010s ]
INFO: [ app_init ] --END-- [ RunTime:0.000050s ]
INFO: [ app_begin ] --START--
INFO: Run Behavior\ReadHtmlCacheBehavior [ RunTime:0.001172s ]
INFO: [ app_begin ] --END-- [ RunTime:0.001246s ]
INFO: [ view_parse ] --START--
INFO: [ template_filter ] --START--
INFO: Run Behavior\ContentReplaceBehavior [ RunTime:0.000051s ]
INFO: [ template_filter ] --END-- [ RunTime:0.000113s ]
INFO: Run Behavior\ParseTemplateBehavior [ RunTime:0.033205s ]
INFO: [ view_parse ] --END-- [ RunTime:0.033288s ]
INFO: [ view_filter ] --START--
INFO: Run Behavior\WriteHtmlCacheBehavior [ RunTime:0.000718s ]
INFO: [ view_filter ] --END-- [ RunTime:0.000752s ]
INFO: [ app_end ] --START--
INFO: Run Behavior\ShowPageTraceBehavior [ RunTime:0.000735s ]
INFO: [ app_end ] --END-- [ RunTime:0.000775s ]
NOTIC: [8] Constant APP_DEBUG already defined H:\xampp\htdocs\hotel\index.php 第 30 行.

[ 2017-01-08T11:01:11+08:00 ] 127.0.0.1 /hotel/index.php?m=Admin&c=self&a=log
INFO: [ app_init ] --START--
INFO: Run Behavior\BuildLiteBehavior [ RunTime:0.000011s ]
INFO: [ app_init ] --END-- [ RunTime:0.000055s ]
INFO: [ app_begin ] --START--
INFO: Run Behavior\ReadHtmlCacheBehavior [ RunTime:0.000422s ]
INFO: [ app_begin ] --END-- [ RunTime:0.000465s ]
SQL: SHOW COLUMNS FROM `hotel_log` [ RunTime:0.0753s ]
SQL: SELECT COUNT(*) AS tp_count FROM `hotel_log` WHERE ( operator='1001'and time>='2017-01-08 00:00:00' ) LIMIT 1   [ RunTime:0.0003s ]
INFO: [ view_parse ] --START--
INFO: [ template_filter ] --START--
INFO: Run Behavior\ContentReplaceBehavior [ RunTime:0.000030s ]
INFO: [ template_filter ] --END-- [ RunTime:0.000068s ]
INFO: Run Behavior\ParseTemplateBehavior [ RunTime:0.015076s ]
INFO: [ view_parse ] --END-- [ RunTime:0.015114s ]
INFO: [ view_filter ] --START--
INFO: Run Behavior\WriteHtmlCacheBehavior [ RunTime:0.000221s ]
INFO: [ view_filter ] --END-- [ RunTime:0.000245s ]

[ 2017-01-08T11:01:16+08:00 ] 127.0.0.1 /hotel/index.php?m=Admin&c=self&a=log
INFO: [ app_init ] --START--
INFO: Run Behavior\BuildLiteBehavior [ RunTime:0.000008s ]
INFO: [ app_init ] --END-- [ RunTime:0.000041s ]
INFO: [ app_begin ] --START--
INFO: Run Behavior\ReadHtmlCacheBehavior [ RunTime:0.000376s ]
INFO: [ app_begin ] --END-- [ RunTime:0.000409s ]
SQL: SHOW COLUMNS FROM `hotel_log` [ RunTime:0.0031s ]
SQL: SELECT COUNT(*) AS tp_count FROM `hotel_log` WHERE ( operator='1001'and time>='2017-01-08 00:00:00' ) LIMIT 1   [ RunTime:0.0003s ]
INFO: [ view_parse ] --START--
INFO: [ template_filter ] --START--
INFO: Run Behavior\ContentReplaceBehavior [ RunTime:0.000044s ]
INFO: [ template_filter ] --END-- [ RunTime:0.000104s ]
INFO: Run Behavior\ParseTemplateBehavior [ RunTime:0.005410s ]
INFO: [ view_parse ] --END-- [ RunTime:0.005468s ]
INFO: [ view_filter ] --START--
INFO: Run Behavior\WriteHtmlCacheBehavior [ RunTime:0.000300s ]
INFO: [ view_filter ] --END-- [ RunTime:0.000335s ]

[ 2017-01-08T11:01:34+08:00 ] 127.0.0.1 /hotel/index.php?m=Admin&c=self&a=index
INFO: [ app_init ] --START--
INFO: Run Behavior\BuildLiteBehavior [ RunTime:0.000009s ]
INFO: [ app_init ] --END-- [ RunTime:0.000046s ]
INFO: [ app_begin ] --START--
INFO: Run Behavior\ReadHtmlCacheBehavior [ RunTime:0.000677s ]
INFO: [ app_begin ] --END-- [ RunTime:0.000727s ]
INFO: [ view_parse ] --START--
INFO: [ template_filter ] --START--
INFO: Run Behavior\ContentReplaceBehavior [ RunTime:0.000031s ]
INFO: [ template_filter ] --END-- [ RunTime:0.000069s ]
INFO: Run Behavior\ParseTemplateBehavior [ RunTime:0.005400s ]
INFO: [ view_parse ] --END-- [ RunTime:0.005437s ]
INFO: [ view_filter ] --START--
INFO: Run Behavior\WriteHtmlCacheBehavior [ RunTime:0.000429s ]
INFO: [ view_filter ] --END-- [ RunTime:0.000456s ]
INFO: [ app_end ] --START--
INFO: Run Behavior\ShowPageTraceBehavior [ RunTime:0.000571s ]
INFO: [ app_end ] --END-- [ RunTime:0.000607s ]
NOTIC: [8] Constant APP_DEBUG already defined H:\xampp\htdocs\hotel\index.php 第 30 行.

[ 2017-01-08T11:01:35+08:00 ] 127.0.0.1 /hotel/index.php?m=Admin&c=self&a=log
INFO: [ app_init ] --START--
INFO: Run Behavior\BuildLiteBehavior [ RunTime:0.000011s ]
INFO: [ app_init ] --END-- [ RunTime:0.000054s ]
INFO: [ app_begin ] --START--
INFO: Run Behavior\ReadHtmlCacheBehavior [ RunTime:0.000664s ]
INFO: [ app_begin ] --END-- [ RunTime:0.000730s ]
SQL: SHOW COLUMNS FROM `hotel_log` [ RunTime:0.0037s ]
SQL: SELECT COUNT(*) AS tp_count FROM `hotel_log` WHERE ( operator='1001'and time>='2017-01-08 00:00:00' ) LIMIT 1   [ RunTime:0.0003s ]
INFO: [ view_parse ] --START--
INFO: [ template_filter ] --START--
INFO: Run Behavior\ContentReplaceBehavior [ RunTime:0.000047s ]
INFO: [ template_filter ] --END-- [ RunTime:0.000107s ]
INFO: Run Behavior\ParseTemplateBehavior [ RunTime:0.008063s ]
INFO: [ view_parse ] --END-- [ RunTime:0.008152s ]
INFO: [ view_filter ] --START--
INFO: Run Behavior\WriteHtmlCacheBehavior [ RunTime:0.000499s ]
INFO: [ view_filter ] --END-- [ RunTime:0.000555s ]

[ 2017-01-08T11:01:37+08:00 ] 127.0.0.1 /hotel/index.php?m=Admin&c=productionorder&a=index
INFO: [ app_init ] --START--
INFO: Run Behavior\BuildLiteBehavior [ RunTime:0.000010s ]
INFO: [ app_init ] --END-- [ RunTime:0.000052s ]
INFO: [ app_begin ] --START--
INFO: Run Behavior\ReadHtmlCacheBehavior [ RunTime:0.000472s ]
INFO: [ app_begin ] --END-- [ RunTime:0.000513s ]
SQL: SHOW COLUMNS FROM `hotel_production` [ RunTime:0.0034s ]
SQL: SELECT `production_price` FROM `hotel_production` WHERE ( production_name='纯净水' )  [ RunTime:0.0002s ]
SQL: SELECT `production_price` FROM `hotel_production` WHERE ( production_name='方便面' )  [ RunTime:0.0002s ]
SQL: SELECT `production_price` FROM `hotel_production` WHERE ( production_name='牙膏' )  [ RunTime:0.0002s ]
SQL: SELECT `production_price` FROM `hotel_production` WHERE ( production_name='牙刷' )  [ RunTime:0.0002s ]
SQL: SELECT `production_price` FROM `hotel_production` WHERE ( production_name='毛巾' )  [ RunTime:0.0002s ]
SQL: SELECT `production_number` FROM `hotel_production` WHERE ( production_name='纯净水' )  [ RunTime:0.0002s ]
SQL: SELECT `production_number` FROM `hotel_production` WHERE ( production_name='方便面' )  [ RunTime:0.0002s ]
SQL: SELECT `production_number` FROM `hotel_production` WHERE ( production_name='牙膏' )  [ RunTime:0.0002s ]
SQL: SELECT `production_number` FROM `hotel_production` WHERE ( production_name='牙刷' )  [ RunTime:0.0002s ]
SQL: SELECT `production_number` FROM `hotel_production` WHERE ( production_name='毛巾' )  [ RunTime:0.0002s ]
INFO: [ view_parse ] --START--
INFO: [ template_filter ] --START--
INFO: Run Behavior\ContentReplaceBehavior [ RunTime:0.000036s ]
INFO: [ template_filter ] --END-- [ RunTime:0.000071s ]
INFO: Run Behavior\ParseTemplateBehavior [ RunTime:0.004931s ]
INFO: [ view_parse ] --END-- [ RunTime:0.005027s ]
INFO: [ view_filter ] --START--
INFO: Run Behavior\WriteHtmlCacheBehavior [ RunTime:0.000255s ]
INFO: [ view_filter ] --END-- [ RunTime:0.000281s ]
INFO: [ app_end ] --START--
INFO: Run Behavior\ShowPageTraceBehavior [ RunTime:0.000455s ]
INFO: [ app_end ] --END-- [ RunTime:0.000486s ]
NOTIC: [8] Constant APP_DEBUG already defined H:\xampp\htdocs\hotel\index.php 第 30 行.

[ 2017-01-08T11:01:43+08:00 ] 127.0.0.1 /hotel/index.php?m=Admin&c=productionorder&a=info
INFO: [ app_init ] --START--
INFO: Run Behavior\BuildLiteBehavior [ RunTime:0.000008s ]
INFO: [ app_init ] --END-- [ RunTime:0.000045s ]
INFO: [ app_begin ] --START--
INFO: Run Behavior\ReadHtmlCacheBehavior [ RunTime:0.000366s ]
INFO: [ app_begin ] --END-- [ RunTime:0.000403s ]
SQL: SHOW COLUMNS FROM `hotel_production` [ RunTime:0.0824s ]
SQL: SELECT `production_price` FROM `hotel_production` WHERE ( production_name='纯净水' )  [ RunTime:0.0002s ]
SQL: SELECT `production_price` FROM `hotel_production` WHERE ( production_name='方便面' )  [ RunTime:0.0002s ]
SQL: SELECT `production_price` FROM `hotel_production` WHERE ( production_name='牙膏' )  [ RunTime:0.0001s ]
SQL: SELECT `production_price` FROM `hotel_production` WHERE ( production_name='牙刷' )  [ RunTime:0.0002s ]
SQL: SELECT `production_price` FROM `hotel_production` WHERE ( production_name='毛巾' )  [ RunTime:0.0002s ]
SQL: SHOW COLUMNS FROM `hotel_room_order` [ RunTime:0.1389s ]
SQL: SELECT `user_id` FROM `hotel_room_order` WHERE ( room_id='1231'and starttime='2017-01-08'and instatus='已入住' )  [ RunTime:0.0003s ]
SQL: SELECT `user_id` FROM `hotel_room_order` WHERE ( room_id='1231'and endtime='2017-01-08'and instatus='已入住' )  [ RunTime:0.0002s ]
NOTIC: [8] Undefined offset: 0 H:\xampp\htdocs\hotel\Application\Admin\Controller\ProductionorderController.class.php 第 52 行.
NOTIC: [8] Undefined offset: 0 H:\xampp\htdocs\hotel\Application\Admin\Controller\ProductionorderController.class.php 第 53 行.
SQL: SELECT `production_number` FROM `hotel_production` WHERE ( production_name='纯净水' )  [ RunTime:0.0001s ]
SQL: SELECT `production_number` FROM `hotel_production` WHERE ( production_name='方便面' )  [ RunTime:0.0001s ]
SQL: SELECT `production_number` FROM `hotel_production` WHERE ( production_name='牙膏' )  [ RunTime:0.0002s ]
SQL: SELECT `production_number` FROM `hotel_production` WHERE ( production_name='牙刷' )  [ RunTime:0.0002s ]
SQL: SELECT `production_number` FROM `hotel_production` WHERE ( production_name='毛巾' )  [ RunTime:0.0003s ]
SQL: UPDATE `hotel_production` SET `production_number`='335' WHERE `production_name` = '纯净水' [ RunTime:0.0967s ]
SQL: UPDATE `hotel_production` SET `production_number`='29' WHERE `production_name` = '方便面' [ RunTime:0.0547s ]
SQL: UPDATE `hotel_production` SET `production_number`='126' WHERE `production_name` = '牙膏' [ RunTime:0.0533s ]
SQL: UPDATE `hotel_production` SET `production_number`='150' WHERE `production_name` = '牙刷' [ RunTime:0.0547s ]
SQL: UPDATE `hotel_production` SET `production_number`='160' WHERE `production_name` = '毛巾' [ RunTime:0.0421s ]
INFO: [ view_parse ] --START--
INFO: [ template_filter ] --START--
INFO: Run Behavior\ContentReplaceBehavior [ RunTime:0.000034s ]
INFO: [ template_filter ] --END-- [ RunTime:0.000074s ]
INFO: Run Behavior\ParseTemplateBehavior [ RunTime:0.004532s ]
INFO: [ view_parse ] --END-- [ RunTime:0.004575s ]
INFO: [ view_filter ] --START--
INFO: Run Behavior\WriteHtmlCacheBehavior [ RunTime:0.000270s ]
INFO: [ view_filter ] --END-- [ RunTime:0.000302s ]

[ 2017-01-08T11:01:48+08:00 ] 127.0.0.1 /hotel/index.php?m=Admin&c=productionorder&a=info
INFO: [ app_init ] --START--
INFO: Run Behavior\BuildLiteBehavior [ RunTime:0.000014s ]
INFO: [ app_init ] --END-- [ RunTime:0.000079s ]
INFO: [ app_begin ] --START--
INFO: Run Behavior\ReadHtmlCacheBehavior [ RunTime:0.000593s ]
INFO: [ app_begin ] --END-- [ RunTime:0.000667s ]
SQL: SHOW COLUMNS FROM `hotel_production` [ RunTime:0.0046s ]
SQL: SELECT `production_price` FROM `hotel_production` WHERE ( production_name='纯净水' )  [ RunTime:0.0003s ]
SQL: SELECT `production_price` FROM `hotel_production` WHERE ( production_name='方便面' )  [ RunTime:0.0002s ]
SQL: SELECT `production_price` FROM `hotel_production` WHERE ( production_name='牙膏' )  [ RunTime:0.0002s ]
SQL: SELECT `production_price` FROM `hotel_production` WHERE ( production_name='牙刷' )  [ RunTime:0.0002s ]
SQL: SELECT `production_price` FROM `hotel_production` WHERE ( production_name='毛巾' )  [ RunTime:0.0002s ]
SQL: SHOW COLUMNS FROM `hotel_room_order` [ RunTime:0.0038s ]
SQL: SELECT `user_id` FROM `hotel_room_order` WHERE ( room_id='1231'and starttime='2017-01-08'and instatus='已入住' )  [ RunTime:0.0003s ]
SQL: SELECT `user_id` FROM `hotel_room_order` WHERE ( room_id='1231'and endtime='2017-01-08'and instatus='已入住' )  [ RunTime:0.0002s ]
NOTIC: [8] Undefined offset: 0 H:\xampp\htdocs\hotel\Application\Admin\Controller\ProductionorderController.class.php 第 52 行.
NOTIC: [8] Undefined offset: 0 H:\xampp\htdocs\hotel\Application\Admin\Controller\ProductionorderController.class.php 第 53 行.
SQL: SELECT `production_number` FROM `hotel_production` WHERE ( production_name='纯净水' )  [ RunTime:0.0001s ]
SQL: SELECT `production_number` FROM `hotel_production` WHERE ( production_name='方便面' )  [ RunTime:0.0001s ]
SQL: SELECT `production_number` FROM `hotel_production` WHERE ( production_name='牙膏' )  [ RunTime:0.0001s ]
SQL: SELECT `production_number` FROM `hotel_production` WHERE ( production_name='牙刷' )  [ RunTime:0.0001s ]
SQL: SELECT `production_number` FROM `hotel_production` WHERE ( production_name='毛巾' )  [ RunTime:0.0001s ]
SQL: UPDATE `hotel_production` SET `production_number`='335' WHERE `production_name` = '纯净水' [ RunTime:0.1594s ]
SQL: UPDATE `hotel_production` SET `production_number`='28' WHERE `production_name` = '方便面' [ RunTime:0.1220s ]
SQL: UPDATE `hotel_production` SET `production_number`='126' WHERE `production_name` = '牙膏' [ RunTime:0.0676s ]
SQL: UPDATE `hotel_production` SET `production_number`='150' WHERE `production_name` = '牙刷' [ RunTime:0.0408s ]
SQL: UPDATE `hotel_production` SET `production_number`='160' WHERE `production_name` = '毛巾' [ RunTime:0.0953s ]
INFO: [ view_parse ] --START--
INFO: [ template_filter ] --START--
INFO: Run Behavior\ContentReplaceBehavior [ RunTime:0.000045s ]
INFO: [ template_filter ] --END-- [ RunTime:0.000106s ]
INFO: Run Behavior\ParseTemplateBehavior [ RunTime:0.005407s ]
INFO: [ view_parse ] --END-- [ RunTime:0.005453s ]
INFO: [ view_filter ] --START--
INFO: Run Behavior\WriteHtmlCacheBehavior [ RunTime:0.000307s ]
INFO: [ view_filter ] --END-- [ RunTime:0.000349s ]

[ 2017-01-08T11:01:50+08:00 ] 127.0.0.1 /hotel/index.php?m=Admin&c=room&a=notice
INFO: [ app_init ] --START--
INFO: Run Behavior\BuildLiteBehavior [ RunTime:0.000009s ]
INFO: [ app_init ] --END-- [ RunTime:0.000063s ]
INFO: [ app_begin ] --START--
INFO: Run Behavior\ReadHtmlCacheBehavior [ RunTime:0.000426s ]
INFO: [ app_begin ] --END-- [ RunTime:0.000470s ]
SQL: SHOW COLUMNS FROM `hotel_room_order` [ RunTime:0.0044s ]
SQL: SELECT COUNT(*) AS tp_count FROM `hotel_room_order` WHERE ( instatus='已入住'and endtime='2017-01-08' ) LIMIT 1   [ RunTime:0.0007s ]
INFO: [ view_parse ] --START--
INFO: [ template_filter ] --START--
INFO: Run Behavior\ContentReplaceBehavior [ RunTime:0.000071s ]
INFO: [ template_filter ] --END-- [ RunTime:0.000167s ]
NOTIC: [8] Undefined variable: param H:\xampp\htdocs\hotel\Application\Runtime\Cache\Admin\a1eafe70c6548cd1cf518c4f141a7761.php 第 34 行.
NOTIC: [8] Undefined variable: pageList H:\xampp\htdocs\hotel\Application\Runtime\Cache\Admin\a1eafe70c6548cd1cf518c4f141a7761.php 第 46 行.
INFO: Run Behavior\ParseTemplateBehavior [ RunTime:0.006279s ]
INFO: [ view_parse ] --END-- [ RunTime:0.006341s ]
INFO: [ view_filter ] --START--
INFO: Run Behavior\WriteHtmlCacheBehavior [ RunTime:0.000249s ]
INFO: [ view_filter ] --END-- [ RunTime:0.000276s ]
INFO: [ app_end ] --START--
INFO: Run Behavior\ShowPageTraceBehavior [ RunTime:0.000380s ]
INFO: [ app_end ] --END-- [ RunTime:0.000407s ]
NOTIC: [8] Constant APP_DEBUG already defined H:\xampp\htdocs\hotel\index.php 第 30 行.

