[ 2017-03-15T22:04:42+08:00 ] 127.0.0.1 /hotel/index.php?m=Admin&c=login&a=index
INFO: [ app_init ] --START--
INFO: Run Behavior\BuildLiteBehavior [ RunTime:0.000009s ]
INFO: [ app_init ] --END-- [ RunTime:0.000046s ]
INFO: [ app_begin ] --START--
INFO: Run Behavior\ReadHtmlCacheBehavior [ RunTime:0.000564s ]
INFO: [ app_begin ] --END-- [ RunTime:0.000613s ]
INFO: [ view_parse ] --START--
INFO: [ template_filter ] --START--
INFO: Run Behavior\ContentReplaceBehavior [ RunTime:0.000035s ]
INFO: [ template_filter ] --END-- [ RunTime:0.000073s ]
INFO: Run Behavior\ParseTemplateBehavior [ RunTime:0.005110s ]
INFO: [ view_parse ] --END-- [ RunTime:0.005159s ]
INFO: [ view_filter ] --START--
INFO: Run Behavior\WriteHtmlCacheBehavior [ RunTime:0.000263s ]
INFO: [ view_filter ] --END-- [ RunTime:0.000290s ]
INFO: [ app_end ] --START--
INFO: Run Behavior\ShowPageTraceBehavior [ RunTime:0.000386s ]
INFO: [ app_end ] --END-- [ RunTime:0.000422s ]
NOTIC: [8] Constant APP_DEBUG already defined G:\xampp\htdocs\hotel\index.php 第 30 行.

[ 2017-03-15T22:04:45+08:00 ] 127.0.0.1 /hotel/index.php?m=Admin&c=login&a=login
INFO: [ app_init ] --START--
INFO: Run Behavior\BuildLiteBehavior [ RunTime:0.000016s ]
INFO: [ app_init ] --END-- [ RunTime:0.000087s ]
INFO: [ app_begin ] --START--
INFO: Run Behavior\ReadHtmlCacheBehavior [ RunTime:0.000573s ]
INFO: [ app_begin ] --END-- [ RunTime:0.000636s ]
SQL: SHOW COLUMNS FROM `hotel_employe` [ RunTime:0.2078s ]
SQL: SELECT * FROM `hotel_employe` WHERE ( employe_id='1001' AND employe_password='e10adc3949ba59abbe56e057f20f883e' ) LIMIT 1   [ RunTime:0.0003s ]
SQL: UPDATE `hotel_employe` SET `last_login_time`='2017-03-15 22:04:44' WHERE ( employe_id=1001 ) [ RunTime:0.2036s ]

[ 2017-03-15T22:04:45+08:00 ] 127.0.0.1 /hotel/index.php?m=Admin&c=Index&a=index
INFO: [ app_init ] --START--
INFO: Run Behavior\BuildLiteBehavior [ RunTime:0.000015s ]
INFO: [ app_init ] --END-- [ RunTime:0.000079s ]
INFO: [ app_begin ] --START--
INFO: Run Behavior\ReadHtmlCacheBehavior [ RunTime:0.000759s ]
INFO: [ app_begin ] --END-- [ RunTime:0.000840s ]
INFO: [ view_parse ] --START--
INFO: [ template_filter ] --START--
INFO: Run Behavior\ContentReplaceBehavior [ RunTime:0.000037s ]
INFO: [ template_filter ] --END-- [ RunTime:0.000086s ]
INFO: Run Behavior\ParseTemplateBehavior [ RunTime:0.006902s ]
INFO: [ view_parse ] --END-- [ RunTime:0.006959s ]
INFO: [ view_filter ] --START--
INFO: Run Behavior\WriteHtmlCacheBehavior [ RunTime:0.000308s ]
INFO: [ view_filter ] --END-- [ RunTime:0.000334s ]
INFO: [ app_end ] --START--
INFO: Run Behavior\ShowPageTraceBehavior [ RunTime:0.000393s ]
INFO: [ app_end ] --END-- [ RunTime:0.000420s ]
NOTIC: [8] Constant APP_DEBUG already defined G:\xampp\htdocs\hotel\index.php 第 30 行.

[ 2017-03-15T22:04:45+08:00 ] 127.0.0.1 /hotel/index.php?m=Admin&c=index&a=info
INFO: [ app_init ] --START--
INFO: Run Behavior\BuildLiteBehavior [ RunTime:0.000015s ]
INFO: [ app_init ] --END-- [ RunTime:0.000083s ]
INFO: [ app_begin ] --START--
INFO: Run Behavior\ReadHtmlCacheBehavior [ RunTime:0.000690s ]
INFO: [ app_begin ] --END-- [ RunTime:0.000769s ]
SQL: SHOW COLUMNS FROM `hotel_employe` [ RunTime:0.0066s ]
SQL: SELECT * FROM `hotel_employe` WHERE ( employe_name='张三' ) LIMIT 1   [ RunTime:0.0003s ]
INFO: [ view_parse ] --START--
INFO: [ template_filter ] --START--
INFO: Run Behavior\ContentReplaceBehavior [ RunTime:0.000029s ]
INFO: [ template_filter ] --END-- [ RunTime:0.000067s ]
INFO: Run Behavior\ParseTemplateBehavior [ RunTime:0.006174s ]
INFO: [ view_parse ] --END-- [ RunTime:0.006232s ]
INFO: [ view_filter ] --START--
INFO: Run Behavior\WriteHtmlCacheBehavior [ RunTime:0.000265s ]
INFO: [ view_filter ] --END-- [ RunTime:0.000291s ]
INFO: [ app_end ] --START--
INFO: Run Behavior\ShowPageTraceBehavior [ RunTime:0.000386s ]
INFO: [ app_end ] --END-- [ RunTime:0.000415s ]
NOTIC: [8] Constant APP_DEBUG already defined G:\xampp\htdocs\hotel\index.php 第 30 行.

[ 2017-03-15T22:04:47+08:00 ] 127.0.0.1 /hotel/index.php?m=Admin&c=self&a=index
INFO: [ app_init ] --START--
INFO: Run Behavior\BuildLiteBehavior [ RunTime:0.000008s ]
INFO: [ app_init ] --END-- [ RunTime:0.000041s ]
INFO: [ app_begin ] --START--
INFO: Run Behavior\ReadHtmlCacheBehavior [ RunTime:0.000448s ]
INFO: [ app_begin ] --END-- [ RunTime:0.000498s ]
INFO: [ view_parse ] --START--
INFO: [ template_filter ] --START--
INFO: Run Behavior\ContentReplaceBehavior [ RunTime:0.000035s ]
INFO: [ template_filter ] --END-- [ RunTime:0.000078s ]
INFO: Run Behavior\ParseTemplateBehavior [ RunTime:0.007628s ]
INFO: [ view_parse ] --END-- [ RunTime:0.007677s ]
INFO: [ view_filter ] --START--
INFO: Run Behavior\WriteHtmlCacheBehavior [ RunTime:0.000255s ]
INFO: [ view_filter ] --END-- [ RunTime:0.000279s ]
INFO: [ app_end ] --START--
INFO: Run Behavior\ShowPageTraceBehavior [ RunTime:0.000371s ]
INFO: [ app_end ] --END-- [ RunTime:0.000398s ]
NOTIC: [8] Constant APP_DEBUG already defined G:\xampp\htdocs\hotel\index.php 第 30 行.

[ 2017-03-15T22:05:23+08:00 ] 127.0.0.1 /hotel/index.php?m=Admin&c=self&a=update_pass
INFO: [ app_init ] --START--
INFO: Run Behavior\BuildLiteBehavior [ RunTime:0.000011s ]
INFO: [ app_init ] --END-- [ RunTime:0.000055s ]
INFO: [ app_begin ] --START--
INFO: Run Behavior\ReadHtmlCacheBehavior [ RunTime:0.000904s ]
INFO: [ app_begin ] --END-- [ RunTime:0.000960s ]
SQL: SHOW COLUMNS FROM `hotel_employe` [ RunTime:0.0043s ]
SQL: SELECT * FROM `hotel_employe` WHERE ( employe_id='1001' ) LIMIT 1   [ RunTime:0.0003s ]
SQL: UPDATE `hotel_employe` SET `employe_password`='7fa8282ad93047a4d6fe6111c93b308a' WHERE `employe_id` = 1001 [ RunTime:0.1106s ]
INFO: [ view_parse ] --START--
INFO: [ template_filter ] --START--
INFO: Run Behavior\ContentReplaceBehavior [ RunTime:0.000033s ]
INFO: [ template_filter ] --END-- [ RunTime:0.000070s ]
INFO: Run Behavior\ParseTemplateBehavior [ RunTime:0.006697s ]
INFO: [ view_parse ] --END-- [ RunTime:0.006766s ]
INFO: [ view_filter ] --START--
INFO: Run Behavior\WriteHtmlCacheBehavior [ RunTime:0.000434s ]
INFO: [ view_filter ] --END-- [ RunTime:0.000460s ]
INFO: [ app_end ] --START--
INFO: Run Behavior\ShowPageTraceBehavior [ RunTime:0.000599s ]
INFO: [ app_end ] --END-- [ RunTime:0.000627s ]
NOTIC: [8] Constant APP_DEBUG already defined G:\xampp\htdocs\hotel\index.php 第 30 行.

[ 2017-03-15T22:07:36+08:00 ] 127.0.0.1 /hotel/index.php?m=Admin&c=self&a=index
INFO: [ app_init ] --START--
INFO: Run Behavior\BuildLiteBehavior [ RunTime:0.000010s ]
INFO: [ app_init ] --END-- [ RunTime:0.000052s ]
INFO: [ app_begin ] --START--
INFO: Run Behavior\ReadHtmlCacheBehavior [ RunTime:0.000670s ]
INFO: [ app_begin ] --END-- [ RunTime:0.000710s ]
INFO: [ view_parse ] --START--
INFO: [ template_filter ] --START--
INFO: Run Behavior\ContentReplaceBehavior [ RunTime:0.000058s ]
INFO: [ template_filter ] --END-- [ RunTime:0.000121s ]
INFO: Run Behavior\ParseTemplateBehavior [ RunTime:0.007272s ]
INFO: [ view_parse ] --END-- [ RunTime:0.007331s ]
INFO: [ view_filter ] --START--
INFO: Run Behavior\WriteHtmlCacheBehavior [ RunTime:0.000506s ]
INFO: [ view_filter ] --END-- [ RunTime:0.000532s ]
INFO: [ app_end ] --START--
INFO: Run Behavior\ShowPageTraceBehavior [ RunTime:0.000597s ]
INFO: [ app_end ] --END-- [ RunTime:0.000623s ]
NOTIC: [8] Constant APP_DEBUG already defined G:\xampp\htdocs\hotel\index.php 第 30 行.

[ 2017-03-15T22:27:28+08:00 ] 127.0.0.1 /hotel/index.php?m=Admin&c=productionorder&a=index
INFO: [ app_init ] --START--
INFO: Run Behavior\BuildLiteBehavior [ RunTime:0.000009s ]
INFO: [ app_init ] --END-- [ RunTime:0.000061s ]
INFO: [ app_begin ] --START--
INFO: Run Behavior\ReadHtmlCacheBehavior [ RunTime:0.001660s ]
INFO: [ app_begin ] --END-- [ RunTime:0.001726s ]
SQL: SHOW COLUMNS FROM `hotel_production` [ RunTime:0.0401s ]
SQL: SELECT `production_price` FROM `hotel_production` WHERE ( production_name='纯净水' )  [ RunTime:0.0002s ]
SQL: SELECT `production_price` FROM `hotel_production` WHERE ( production_name='方便面' )  [ RunTime:0.0002s ]
SQL: SELECT `production_price` FROM `hotel_production` WHERE ( production_name='牙膏' )  [ RunTime:0.0002s ]
SQL: SELECT `production_price` FROM `hotel_production` WHERE ( production_name='牙刷' )  [ RunTime:0.0002s ]
SQL: SELECT `production_price` FROM `hotel_production` WHERE ( production_name='毛巾' )  [ RunTime:0.0002s ]
SQL: SELECT `production_number` FROM `hotel_production` WHERE ( production_name='纯净水' )  [ RunTime:0.0002s ]
SQL: SELECT `production_number` FROM `hotel_production` WHERE ( production_name='方便面' )  [ RunTime:0.0002s ]
SQL: SELECT `production_number` FROM `hotel_production` WHERE ( production_name='牙膏' )  [ RunTime:0.0002s ]
SQL: SELECT `production_number` FROM `hotel_production` WHERE ( production_name='牙刷' )  [ RunTime:0.0002s ]
SQL: SELECT `production_number` FROM `hotel_production` WHERE ( production_name='毛巾' )  [ RunTime:0.0002s ]
INFO: [ view_parse ] --START--
INFO: [ template_filter ] --START--
INFO: Run Behavior\ContentReplaceBehavior [ RunTime:0.000041s ]
INFO: [ template_filter ] --END-- [ RunTime:0.000082s ]
INFO: Run Behavior\ParseTemplateBehavior [ RunTime:0.008382s ]
INFO: [ view_parse ] --END-- [ RunTime:0.008457s ]
INFO: [ view_filter ] --START--
INFO: Run Behavior\WriteHtmlCacheBehavior [ RunTime:0.001419s ]
INFO: [ view_filter ] --END-- [ RunTime:0.001455s ]
INFO: [ app_end ] --START--
INFO: Run Behavior\ShowPageTraceBehavior [ RunTime:0.001165s ]
INFO: [ app_end ] --END-- [ RunTime:0.001195s ]
NOTIC: [8] Constant APP_DEBUG already defined G:\xampp\htdocs\hotel\index.php 第 30 行.

[ 2017-03-15T22:27:33+08:00 ] 127.0.0.1 /hotel/index.php?m=Admin&c=productionorder&a=info
INFO: [ app_init ] --START--
INFO: Run Behavior\BuildLiteBehavior [ RunTime:0.000010s ]
INFO: [ app_init ] --END-- [ RunTime:0.000046s ]
INFO: [ app_begin ] --START--
INFO: Run Behavior\ReadHtmlCacheBehavior [ RunTime:0.001286s ]
INFO: [ app_begin ] --END-- [ RunTime:0.001344s ]
SQL: SHOW COLUMNS FROM `hotel_production` [ RunTime:0.1187s ]
SQL: SELECT `production_price` FROM `hotel_production` WHERE ( production_name='纯净水' )  [ RunTime:0.0004s ]
SQL: SELECT `production_price` FROM `hotel_production` WHERE ( production_name='方便面' )  [ RunTime:0.0003s ]
SQL: SELECT `production_price` FROM `hotel_production` WHERE ( production_name='牙膏' )  [ RunTime:0.0002s ]
SQL: SELECT `production_price` FROM `hotel_production` WHERE ( production_name='牙刷' )  [ RunTime:0.0002s ]
SQL: SELECT `production_price` FROM `hotel_production` WHERE ( production_name='毛巾' )  [ RunTime:0.0002s ]
SQL: SHOW COLUMNS FROM `hotel_room_order` [ RunTime:0.1277s ]
SQL: SELECT `user_id` FROM `hotel_room_order` WHERE ( room_id='2'and starttime='2017-03-15'and instatus='已入住' )  [ RunTime:0.0003s ]
SQL: SELECT `user_id` FROM `hotel_room_order` WHERE ( room_id='2'and endtime='2017-03-15'and instatus='已入住' )  [ RunTime:0.0002s ]
NOTIC: [8] Undefined offset: 0 G:\xampp\htdocs\hotel\Application\Admin\Controller\ProductionorderController.class.php 第 52 行.
NOTIC: [8] Undefined offset: 0 G:\xampp\htdocs\hotel\Application\Admin\Controller\ProductionorderController.class.php 第 53 行.
SQL: SELECT `production_number` FROM `hotel_production` WHERE ( production_name='纯净水' )  [ RunTime:0.0002s ]
SQL: SELECT `production_number` FROM `hotel_production` WHERE ( production_name='方便面' )  [ RunTime:0.0002s ]
SQL: SELECT `production_number` FROM `hotel_production` WHERE ( production_name='牙膏' )  [ RunTime:0.0002s ]
SQL: SELECT `production_number` FROM `hotel_production` WHERE ( production_name='牙刷' )  [ RunTime:0.0002s ]
SQL: SELECT `production_number` FROM `hotel_production` WHERE ( production_name='毛巾' )  [ RunTime:0.0002s ]
SQL: UPDATE `hotel_production` SET `production_number`='58' WHERE `production_name` = '纯净水' [ RunTime:0.1034s ]
SQL: UPDATE `hotel_production` SET `production_number`='49' WHERE `production_name` = '方便面' [ RunTime:0.1732s ]
SQL: UPDATE `hotel_production` SET `production_number`='60' WHERE `production_name` = '牙膏' [ RunTime:0.0837s ]
SQL: UPDATE `hotel_production` SET `production_number`='50' WHERE `production_name` = '牙刷' [ RunTime:0.1079s ]
SQL: UPDATE `hotel_production` SET `production_number`='60' WHERE `production_name` = '毛巾' [ RunTime:0.0663s ]
INFO: [ view_parse ] --START--
INFO: [ template_filter ] --START--
INFO: Run Behavior\ContentReplaceBehavior [ RunTime:0.000031s ]
INFO: [ template_filter ] --END-- [ RunTime:0.000075s ]
INFO: Run Behavior\ParseTemplateBehavior [ RunTime:0.009036s ]
INFO: [ view_parse ] --END-- [ RunTime:0.009074s ]
INFO: [ view_filter ] --START--
INFO: Run Behavior\WriteHtmlCacheBehavior [ RunTime:0.000996s ]
INFO: [ view_filter ] --END-- [ RunTime:0.001023s ]

[ 2017-03-15T22:31:00+08:00 ] 127.0.0.1 /hotel/index.php?m=Admin&c=productionorder&a=info
INFO: [ app_init ] --START--
INFO: Run Behavior\BuildLiteBehavior [ RunTime:0.000015s ]
INFO: [ app_init ] --END-- [ RunTime:0.000085s ]
INFO: [ app_begin ] --START--
INFO: Run Behavior\ReadHtmlCacheBehavior [ RunTime:0.001118s ]
INFO: [ app_begin ] --END-- [ RunTime:0.001197s ]
SQL: SHOW COLUMNS FROM `hotel_production` [ RunTime:0.0038s ]
SQL: SELECT `production_price` FROM `hotel_production` WHERE ( production_name='纯净水' )  [ RunTime:0.0003s ]
SQL: SELECT `production_price` FROM `hotel_production` WHERE ( production_name='方便面' )  [ RunTime:0.0002s ]
SQL: SELECT `production_price` FROM `hotel_production` WHERE ( production_name='牙膏' )  [ RunTime:0.0002s ]
SQL: SELECT `production_price` FROM `hotel_production` WHERE ( production_name='牙刷' )  [ RunTime:0.0002s ]
SQL: SELECT `production_price` FROM `hotel_production` WHERE ( production_name='毛巾' )  [ RunTime:0.0002s ]
SQL: SHOW COLUMNS FROM `hotel_room_order` [ RunTime:0.0042s ]
SQL: SELECT `user_id` FROM `hotel_room_order` WHERE ( room_id='2'and starttime='2017-03-15'and instatus='已入住' )  [ RunTime:0.0003s ]
SQL: SELECT `user_id` FROM `hotel_room_order` WHERE ( room_id='2'and endtime='2017-03-15'and instatus='已入住' )  [ RunTime:0.0003s ]
NOTIC: [8] Undefined offset: 0 G:\xampp\htdocs\hotel\Application\Admin\Controller\ProductionorderController.class.php 第 52 行.
NOTIC: [8] Undefined offset: 0 G:\xampp\htdocs\hotel\Application\Admin\Controller\ProductionorderController.class.php 第 53 行.
SQL: SELECT `production_number` FROM `hotel_production` WHERE ( production_name='纯净水' )  [ RunTime:0.0002s ]
SQL: SELECT `production_number` FROM `hotel_production` WHERE ( production_name='方便面' )  [ RunTime:0.0001s ]
SQL: SELECT `production_number` FROM `hotel_production` WHERE ( production_name='牙膏' )  [ RunTime:0.0002s ]
SQL: SELECT `production_number` FROM `hotel_production` WHERE ( production_name='牙刷' )  [ RunTime:0.0002s ]
SQL: SELECT `production_number` FROM `hotel_production` WHERE ( production_name='毛巾' )  [ RunTime:0.0002s ]
INFO: [ view_parse ] --START--
INFO: [ template_filter ] --START--
INFO: Run Behavior\ContentReplaceBehavior [ RunTime:0.000033s ]
INFO: [ template_filter ] --END-- [ RunTime:0.000071s ]
INFO: Run Behavior\ParseTemplateBehavior [ RunTime:0.008116s ]
INFO: [ view_parse ] --END-- [ RunTime:0.008158s ]
INFO: [ view_filter ] --START--
INFO: Run Behavior\WriteHtmlCacheBehavior [ RunTime:0.000740s ]
INFO: [ view_filter ] --END-- [ RunTime:0.000766s ]

[ 2017-03-15T22:36:47+08:00 ] 127.0.0.1 /hotel/index.php?m=Admin&c=productionorder&a=info
INFO: [ app_init ] --START--
INFO: Run Behavior\BuildLiteBehavior [ RunTime:0.000011s ]
INFO: [ app_init ] --END-- [ RunTime:0.000056s ]
INFO: [ app_begin ] --START--
INFO: Run Behavior\ReadHtmlCacheBehavior [ RunTime:0.000699s ]
INFO: [ app_begin ] --END-- [ RunTime:0.000740s ]
SQL: SHOW COLUMNS FROM `hotel_production` [ RunTime:0.0040s ]
SQL: SELECT `production_price` FROM `hotel_production` WHERE ( production_name='纯净水' )  [ RunTime:0.0003s ]
SQL: SELECT `production_price` FROM `hotel_production` WHERE ( production_name='方便面' )  [ RunTime:0.0002s ]
SQL: SELECT `production_price` FROM `hotel_production` WHERE ( production_name='牙膏' )  [ RunTime:0.0002s ]
SQL: SELECT `production_price` FROM `hotel_production` WHERE ( production_name='牙刷' )  [ RunTime:0.0002s ]
SQL: SELECT `production_price` FROM `hotel_production` WHERE ( production_name='毛巾' )  [ RunTime:0.0002s ]
SQL: SHOW COLUMNS FROM `hotel_room_order` [ RunTime:0.0041s ]
SQL: SELECT `user_id` FROM `hotel_room_order` WHERE ( room_id='2'and starttime='2017-03-15'and instatus='已入住' )  [ RunTime:0.0004s ]
SQL: SELECT `user_id` FROM `hotel_room_order` WHERE ( room_id='2'and endtime='2017-03-15'and instatus='已入住' )  [ RunTime:0.0002s ]
NOTIC: [8] Undefined offset: 0 G:\xampp\htdocs\hotel\Application\Admin\Controller\ProductionorderController.class.php 第 52 行.
NOTIC: [8] Undefined offset: 0 G:\xampp\htdocs\hotel\Application\Admin\Controller\ProductionorderController.class.php 第 53 行.
SQL: SELECT `production_number` FROM `hotel_production` WHERE ( production_name='纯净水' )  [ RunTime:0.0002s ]
SQL: SELECT `production_number` FROM `hotel_production` WHERE ( production_name='方便面' )  [ RunTime:0.0002s ]
SQL: SELECT `production_number` FROM `hotel_production` WHERE ( production_name='牙膏' )  [ RunTime:0.0001s ]
SQL: SELECT `production_number` FROM `hotel_production` WHERE ( production_name='牙刷' )  [ RunTime:0.0002s ]
SQL: SELECT `production_number` FROM `hotel_production` WHERE ( production_name='毛巾' )  [ RunTime:0.0002s ]
INFO: [ view_parse ] --START--
INFO: [ template_filter ] --START--
INFO: Run Behavior\ContentReplaceBehavior [ RunTime:0.000056s ]
INFO: [ template_filter ] --END-- [ RunTime:0.000108s ]
INFO: Run Behavior\ParseTemplateBehavior [ RunTime:0.006113s ]
INFO: [ view_parse ] --END-- [ RunTime:0.006174s ]
INFO: [ view_filter ] --START--
INFO: Run Behavior\WriteHtmlCacheBehavior [ RunTime:0.000677s ]
INFO: [ view_filter ] --END-- [ RunTime:0.000729s ]

[ 2017-03-15T22:37:35+08:00 ] 127.0.0.1 /hotel/index.php?m=Admin&c=roomorder&a=storepay
INFO: [ app_init ] --START--
INFO: Run Behavior\BuildLiteBehavior [ RunTime:0.000010s ]
INFO: [ app_init ] --END-- [ RunTime:0.000052s ]
INFO: [ app_begin ] --START--
INFO: Run Behavior\ReadHtmlCacheBehavior [ RunTime:0.000423s ]
INFO: [ app_begin ] --END-- [ RunTime:0.000459s ]
INFO: [ view_parse ] --START--
INFO: [ template_filter ] --START--
INFO: Run Behavior\ContentReplaceBehavior [ RunTime:0.000035s ]
INFO: [ template_filter ] --END-- [ RunTime:0.000083s ]
INFO: Run Behavior\ParseTemplateBehavior [ RunTime:0.006300s ]
INFO: [ view_parse ] --END-- [ RunTime:0.006343s ]
INFO: [ view_filter ] --START--
INFO: Run Behavior\WriteHtmlCacheBehavior [ RunTime:0.000275s ]
INFO: [ view_filter ] --END-- [ RunTime:0.000301s ]
INFO: [ app_end ] --START--
INFO: Run Behavior\ShowPageTraceBehavior [ RunTime:0.000375s ]
INFO: [ app_end ] --END-- [ RunTime:0.000402s ]
NOTIC: [8] Constant APP_DEBUG already defined G:\xampp\htdocs\hotel\index.php 第 30 行.

[ 2017-03-15T22:37:37+08:00 ] 127.0.0.1 /hotel/index.php?m=Admin&c=roomorder&a=storepay_result
INFO: [ app_init ] --START--
INFO: Run Behavior\BuildLiteBehavior [ RunTime:0.000007s ]
INFO: [ app_init ] --END-- [ RunTime:0.000042s ]
INFO: [ app_begin ] --START--
INFO: Run Behavior\ReadHtmlCacheBehavior [ RunTime:0.000417s ]
INFO: [ app_begin ] --END-- [ RunTime:0.000454s ]
SQL: SHOW COLUMNS FROM `hotel_room` [ RunTime:0.0043s ]
SQL: SELECT COUNT(*) AS tp_count FROM `hotel_room` WHERE ( room_category='豪华单人房' ) LIMIT 1   [ RunTime:0.0005s ]
SQL: SELECT `room_id` FROM `hotel_room` WHERE ( room_category='豪华单人房' )  [ RunTime:0.0002s ]
SQL: SHOW COLUMNS FROM `hotel_room_order` [ RunTime:0.0204s ]
SQL: SELECT * FROM `hotel_room_order` WHERE ( room_id='102'and starttime<='2017-03-15'and endtime>'2017-03-15' and starttime<'2017-03-16' and endtime>='2017-03-16'and order_status='到店付' )  [ RunTime:0.0005s ]
SQL: SELECT * FROM `hotel_room_order` WHERE ( room_id='102'and starttime<='2017-03-15'and endtime>'2017-03-15' and starttime<'2017-03-16' and endtime>='2017-03-16'and order_status='已支付' )  [ RunTime:0.0004s ]
SQL: SELECT * FROM `hotel_room_order` WHERE ( room_id='102'and starttime<='2017-03-15'and endtime>'2017-03-15' and  endtime<='2017-03-16'and order_status='到店付' )  [ RunTime:0.0003s ]
SQL: SELECT * FROM `hotel_room_order` WHERE ( room_id='102'and starttime<='2017-03-15'and endtime>'2017-03-15' and  endtime<='2017-03-16'and order_status='已支付' )  [ RunTime:0.0003s ]
SQL: SELECT * FROM `hotel_room_order` WHERE ( room_id='102'and starttime>='2017-03-15'and  starttime<'2017-03-16' and endtime>='2017-03-16'and order_status='到店付' )  [ RunTime:0.0004s ]
SQL: SELECT * FROM `hotel_room_order` WHERE ( room_id='102'and starttime>='2017-03-15'and  starttime<'2017-03-16' and endtime>='2017-03-16'and order_status='已支付' )  [ RunTime:0.0003s ]
SQL: SELECT * FROM `hotel_room_order` WHERE ( room_id='102'and starttime>='2017-03-15' and endtime<='2017-03-16'and order_status='到店付' )  [ RunTime:0.0003s ]
SQL: SELECT * FROM `hotel_room_order` WHERE ( room_id='102'and starttime>='2017-03-15' and endtime<='2017-03-16'and order_status='已支付' )  [ RunTime:0.0003s ]
NOTIC: [8] Undefined offset: 3 G:\xampp\htdocs\hotel\Application\Admin\Controller\RoomorderController.class.php 第 305 行.
SQL: SELECT `room_price` FROM `hotel_room` WHERE ( room_id='102' )  [ RunTime:0.0002s ]
SQL: SELECT * FROM `hotel_room_order` WHERE ( room_id='107'and starttime<='2017-03-15'and endtime>'2017-03-15' and starttime<'2017-03-16' and endtime>='2017-03-16'and order_status='到店付' )  [ RunTime:0.0003s ]
SQL: SELECT * FROM `hotel_room_order` WHERE ( room_id='107'and starttime<='2017-03-15'and endtime>'2017-03-15' and starttime<'2017-03-16' and endtime>='2017-03-16'and order_status='已支付' )  [ RunTime:0.0003s ]
SQL: SELECT * FROM `hotel_room_order` WHERE ( room_id='107'and starttime<='2017-03-15'and endtime>'2017-03-15' and  endtime<='2017-03-16'and order_status='到店付' )  [ RunTime:0.0003s ]
SQL: SELECT * FROM `hotel_room_order` WHERE ( room_id='107'and starttime<='2017-03-15'and endtime>'2017-03-15' and  endtime<='2017-03-16'and order_status='已支付' )  [ RunTime:0.0003s ]
SQL: SELECT * FROM `hotel_room_order` WHERE ( room_id='107'and starttime>='2017-03-15'and  starttime<'2017-03-16' and endtime>='2017-03-16'and order_status='到店付' )  [ RunTime:0.0003s ]
SQL: SELECT * FROM `hotel_room_order` WHERE ( room_id='107'and starttime>='2017-03-15'and  starttime<'2017-03-16' and endtime>='2017-03-16'and order_status='已支付' )  [ RunTime:0.0003s ]
SQL: SELECT * FROM `hotel_room_order` WHERE ( room_id='107'and starttime>='2017-03-15' and endtime<='2017-03-16'and order_status='到店付' )  [ RunTime:0.0003s ]
SQL: SELECT * FROM `hotel_room_order` WHERE ( room_id='107'and starttime>='2017-03-15' and endtime<='2017-03-16'and order_status='已支付' )  [ RunTime:0.0020s ]
NOTIC: [8] Undefined offset: 3 G:\xampp\htdocs\hotel\Application\Admin\Controller\RoomorderController.class.php 第 305 行.
SQL: SELECT `room_price` FROM `hotel_room` WHERE ( room_id='107' )  [ RunTime:0.0007s ]
SQL: SELECT * FROM `hotel_room_order` WHERE ( room_id='109'and starttime<='2017-03-15'and endtime>'2017-03-15' and starttime<'2017-03-16' and endtime>='2017-03-16'and order_status='到店付' )  [ RunTime:0.0006s ]
SQL: SELECT * FROM `hotel_room_order` WHERE ( room_id='109'and starttime<='2017-03-15'and endtime>'2017-03-15' and starttime<'2017-03-16' and endtime>='2017-03-16'and order_status='已支付' )  [ RunTime:0.0006s ]
SQL: SELECT * FROM `hotel_room_order` WHERE ( room_id='109'and starttime<='2017-03-15'and endtime>'2017-03-15' and  endtime<='2017-03-16'and order_status='到店付' )  [ RunTime:0.0006s ]
SQL: SELECT * FROM `hotel_room_order` WHERE ( room_id='109'and starttime<='2017-03-15'and endtime>'2017-03-15' and  endtime<='2017-03-16'and order_status='已支付' )  [ RunTime:0.0006s ]
SQL: SELECT * FROM `hotel_room_order` WHERE ( room_id='109'and starttime>='2017-03-15'and  starttime<'2017-03-16' and endtime>='2017-03-16'and order_status='到店付' )  [ RunTime:0.0005s ]
SQL: SELECT * FROM `hotel_room_order` WHERE ( room_id='109'and starttime>='2017-03-15'and  starttime<'2017-03-16' and endtime>='2017-03-16'and order_status='已支付' )  [ RunTime:0.0005s ]
SQL: SELECT * FROM `hotel_room_order` WHERE ( room_id='109'and starttime>='2017-03-15' and endtime<='2017-03-16'and order_status='到店付' )  [ RunTime:0.0006s ]
SQL: SELECT * FROM `hotel_room_order` WHERE ( room_id='109'and starttime>='2017-03-15' and endtime<='2017-03-16'and order_status='已支付' )  [ RunTime:0.0004s ]
NOTIC: [8] Undefined offset: 3 G:\xampp\htdocs\hotel\Application\Admin\Controller\RoomorderController.class.php 第 305 行.
SQL: SELECT `room_price` FROM `hotel_room` WHERE ( room_id='109' )  [ RunTime:0.0002s ]
NOTIC: [8] Undefined offset: 3 G:\xampp\htdocs\hotel\Application\Admin\Controller\RoomorderController.class.php 第 288 行.
SQL: SELECT * FROM `hotel_room_order` WHERE ( room_id=''and starttime<='2017-03-15'and endtime>'2017-03-15' and starttime<'2017-03-16' and endtime>='2017-03-16'and order_status='到店付' )  [ RunTime:0.0003s ]
SQL: SELECT * FROM `hotel_room_order` WHERE ( room_id=''and starttime<='2017-03-15'and endtime>'2017-03-15' and starttime<'2017-03-16' and endtime>='2017-03-16'and order_status='已支付' )  [ RunTime:0.0003s ]
SQL: SELECT * FROM `hotel_room_order` WHERE ( room_id=''and starttime<='2017-03-15'and endtime>'2017-03-15' and  endtime<='2017-03-16'and order_status='到店付' )  [ RunTime:0.0003s ]
SQL: SELECT * FROM `hotel_room_order` WHERE ( room_id=''and starttime<='2017-03-15'and endtime>'2017-03-15' and  endtime<='2017-03-16'and order_status='已支付' )  [ RunTime:0.0003s ]
SQL: SELECT * FROM `hotel_room_order` WHERE ( room_id=''and starttime>='2017-03-15'and  starttime<'2017-03-16' and endtime>='2017-03-16'and order_status='到店付' )  [ RunTime:0.0003s ]
SQL: SELECT * FROM `hotel_room_order` WHERE ( room_id=''and starttime>='2017-03-15'and  starttime<'2017-03-16' and endtime>='2017-03-16'and order_status='已支付' )  [ RunTime:0.0004s ]
SQL: SELECT * FROM `hotel_room_order` WHERE ( room_id=''and starttime>='2017-03-15' and endtime<='2017-03-16'and order_status='到店付' )  [ RunTime:0.0004s ]
SQL: SELECT * FROM `hotel_room_order` WHERE ( room_id=''and starttime>='2017-03-15' and endtime<='2017-03-16'and order_status='已支付' )  [ RunTime:0.0003s ]
NOTIC: [8] Undefined offset: 3 G:\xampp\htdocs\hotel\Application\Admin\Controller\RoomorderController.class.php 第 305 行.
INFO: [ view_parse ] --START--
INFO: [ template_filter ] --START--
INFO: Run Behavior\ContentReplaceBehavior [ RunTime:0.000041s ]
INFO: [ template_filter ] --END-- [ RunTime:0.000076s ]
INFO: Run Behavior\ParseTemplateBehavior [ RunTime:0.007386s ]
INFO: [ view_parse ] --END-- [ RunTime:0.007435s ]
INFO: [ view_filter ] --START--
INFO: Run Behavior\WriteHtmlCacheBehavior [ RunTime:0.000312s ]
INFO: [ view_filter ] --END-- [ RunTime:0.000341s ]
INFO: [ app_end ] --START--
INFO: Run Behavior\ShowPageTraceBehavior [ RunTime:0.000423s ]
INFO: [ app_end ] --END-- [ RunTime:0.000452s ]
NOTIC: [8] Constant APP_DEBUG already defined G:\xampp\htdocs\hotel\index.php 第 30 行.

[ 2017-03-15T22:37:41+08:00 ] 127.0.0.1 /hotel/index.php?m=Admin&c=roomorder&a=storepay_result
INFO: [ app_init ] --START--
INFO: Run Behavior\BuildLiteBehavior [ RunTime:0.000008s ]
INFO: [ app_init ] --END-- [ RunTime:0.000052s ]
INFO: [ app_begin ] --START--
INFO: Run Behavior\ReadHtmlCacheBehavior [ RunTime:0.000403s ]
INFO: [ app_begin ] --END-- [ RunTime:0.000446s ]
SQL: SHOW COLUMNS FROM `hotel_room` [ RunTime:0.0034s ]
SQL: SELECT COUNT(*) AS tp_count FROM `hotel_room` WHERE ( room_category='标准双人房' ) LIMIT 1   [ RunTime:0.0003s ]
SQL: SELECT `room_id` FROM `hotel_room` WHERE ( room_category='标准双人房' )  [ RunTime:0.0002s ]
SQL: SHOW COLUMNS FROM `hotel_room_order` [ RunTime:0.0037s ]
SQL: SELECT * FROM `hotel_room_order` WHERE ( room_id='104'and starttime<='2017-03-15'and endtime>'2017-03-15' and starttime<'2017-03-16' and endtime>='2017-03-16'and order_status='到店付' )  [ RunTime:0.0004s ]
SQL: SELECT * FROM `hotel_room_order` WHERE ( room_id='104'and starttime<='2017-03-15'and endtime>'2017-03-15' and starttime<'2017-03-16' and endtime>='2017-03-16'and order_status='已支付' )  [ RunTime:0.0003s ]
SQL: SELECT * FROM `hotel_room_order` WHERE ( room_id='104'and starttime<='2017-03-15'and endtime>'2017-03-15' and  endtime<='2017-03-16'and order_status='到店付' )  [ RunTime:0.0003s ]
SQL: SELECT * FROM `hotel_room_order` WHERE ( room_id='104'and starttime<='2017-03-15'and endtime>'2017-03-15' and  endtime<='2017-03-16'and order_status='已支付' )  [ RunTime:0.0003s ]
SQL: SELECT * FROM `hotel_room_order` WHERE ( room_id='104'and starttime>='2017-03-15'and  starttime<'2017-03-16' and endtime>='2017-03-16'and order_status='到店付' )  [ RunTime:0.0003s ]
SQL: SELECT * FROM `hotel_room_order` WHERE ( room_id='104'and starttime>='2017-03-15'and  starttime<'2017-03-16' and endtime>='2017-03-16'and order_status='已支付' )  [ RunTime:0.0003s ]
SQL: SELECT * FROM `hotel_room_order` WHERE ( room_id='104'and starttime>='2017-03-15' and endtime<='2017-03-16'and order_status='到店付' )  [ RunTime:0.0004s ]
SQL: SELECT * FROM `hotel_room_order` WHERE ( room_id='104'and starttime>='2017-03-15' and endtime<='2017-03-16'and order_status='已支付' )  [ RunTime:0.0015s ]
NOTIC: [8] Undefined offset: 5 G:\xampp\htdocs\hotel\Application\Admin\Controller\RoomorderController.class.php 第 305 行.
SQL: SELECT `room_price` FROM `hotel_room` WHERE ( room_id='104' )  [ RunTime:0.0003s ]
SQL: SELECT * FROM `hotel_room_order` WHERE ( room_id='106'and starttime<='2017-03-15'and endtime>'2017-03-15' and starttime<'2017-03-16' and endtime>='2017-03-16'and order_status='到店付' )  [ RunTime:0.0005s ]
SQL: SELECT * FROM `hotel_room_order` WHERE ( room_id='106'and starttime<='2017-03-15'and endtime>'2017-03-15' and starttime<'2017-03-16' and endtime>='2017-03-16'and order_status='已支付' )  [ RunTime:0.0005s ]
SQL: SELECT * FROM `hotel_room_order` WHERE ( room_id='106'and starttime<='2017-03-15'and endtime>'2017-03-15' and  endtime<='2017-03-16'and order_status='到店付' )  [ RunTime:0.0003s ]
SQL: SELECT * FROM `hotel_room_order` WHERE ( room_id='106'and starttime<='2017-03-15'and endtime>'2017-03-15' and  endtime<='2017-03-16'and order_status='已支付' )  [ RunTime:0.0003s ]
SQL: SELECT * FROM `hotel_room_order` WHERE ( room_id='106'and starttime>='2017-03-15'and  starttime<'2017-03-16' and endtime>='2017-03-16'and order_status='到店付' )  [ RunTime:0.0004s ]
SQL: SELECT * FROM `hotel_room_order` WHERE ( room_id='106'and starttime>='2017-03-15'and  starttime<'2017-03-16' and endtime>='2017-03-16'and order_status='已支付' )  [ RunTime:0.0003s ]
SQL: SELECT * FROM `hotel_room_order` WHERE ( room_id='106'and starttime>='2017-03-15' and endtime<='2017-03-16'and order_status='到店付' )  [ RunTime:0.0003s ]
SQL: SELECT * FROM `hotel_room_order` WHERE ( room_id='106'and starttime>='2017-03-15' and endtime<='2017-03-16'and order_status='已支付' )  [ RunTime:0.0003s ]
NOTIC: [8] Undefined offset: 5 G:\xampp\htdocs\hotel\Application\Admin\Controller\RoomorderController.class.php 第 305 行.
SQL: SELECT `room_price` FROM `hotel_room` WHERE ( room_id='106' )  [ RunTime:0.0002s ]
SQL: SELECT * FROM `hotel_room_order` WHERE ( room_id='201'and starttime<='2017-03-15'and endtime>'2017-03-15' and starttime<'2017-03-16' and endtime>='2017-03-16'and order_status='到店付' )  [ RunTime:0.0003s ]
SQL: SELECT * FROM `hotel_room_order` WHERE ( room_id='201'and starttime<='2017-03-15'and endtime>'2017-03-15' and starttime<'2017-03-16' and endtime>='2017-03-16'and order_status='已支付' )  [ RunTime:0.0003s ]
SQL: SELECT * FROM `hotel_room_order` WHERE ( room_id='201'and starttime<='2017-03-15'and endtime>'2017-03-15' and  endtime<='2017-03-16'and order_status='到店付' )  [ RunTime:0.0004s ]
SQL: SELECT * FROM `hotel_room_order` WHERE ( room_id='201'and starttime<='2017-03-15'and endtime>'2017-03-15' and  endtime<='2017-03-16'and order_status='已支付' )  [ RunTime:0.0004s ]
SQL: SELECT * FROM `hotel_room_order` WHERE ( room_id='201'and starttime>='2017-03-15'and  starttime<'2017-03-16' and endtime>='2017-03-16'and order_status='到店付' )  [ RunTime:0.0004s ]
SQL: SELECT * FROM `hotel_room_order` WHERE ( room_id='201'and starttime>='2017-03-15'and  starttime<'2017-03-16' and endtime>='2017-03-16'and order_status='已支付' )  [ RunTime:0.0003s ]
SQL: SELECT * FROM `hotel_room_order` WHERE ( room_id='201'and starttime>='2017-03-15' and endtime<='2017-03-16'and order_status='到店付' )  [ RunTime:0.0003s ]
SQL: SELECT * FROM `hotel_room_order` WHERE ( room_id='201'and starttime>='2017-03-15' and endtime<='2017-03-16'and order_status='已支付' )  [ RunTime:0.0003s ]
NOTIC: [8] Undefined offset: 5 G:\xampp\htdocs\hotel\Application\Admin\Controller\RoomorderController.class.php 第 305 行.
SQL: SELECT `room_price` FROM `hotel_room` WHERE ( room_id='201' )  [ RunTime:0.0002s ]
SQL: SELECT * FROM `hotel_room_order` WHERE ( room_id='204'and starttime<='2017-03-15'and endtime>'2017-03-15' and starttime<'2017-03-16' and endtime>='2017-03-16'and order_status='到店付' )  [ RunTime:0.0003s ]
SQL: SELECT * FROM `hotel_room_order` WHERE ( room_id='204'and starttime<='2017-03-15'and endtime>'2017-03-15' and starttime<'2017-03-16' and endtime>='2017-03-16'and order_status='已支付' )  [ RunTime:0.0003s ]
SQL: SELECT * FROM `hotel_room_order` WHERE ( room_id='204'and starttime<='2017-03-15'and endtime>'2017-03-15' and  endtime<='2017-03-16'and order_status='到店付' )  [ RunTime:0.0003s ]
SQL: SELECT * FROM `hotel_room_order` WHERE ( room_id='204'and starttime<='2017-03-15'and endtime>'2017-03-15' and  endtime<='2017-03-16'and order_status='已支付' )  [ RunTime:0.0004s ]
SQL: SELECT * FROM `hotel_room_order` WHERE ( room_id='204'and starttime>='2017-03-15'and  starttime<'2017-03-16' and endtime>='2017-03-16'and order_status='到店付' )  [ RunTime:0.0003s ]
SQL: SELECT * FROM `hotel_room_order` WHERE ( room_id='204'and starttime>='2017-03-15'and  starttime<'2017-03-16' and endtime>='2017-03-16'and order_status='已支付' )  [ RunTime:0.0003s ]
SQL: SELECT * FROM `hotel_room_order` WHERE ( room_id='204'and starttime>='2017-03-15' and endtime<='2017-03-16'and order_status='到店付' )  [ RunTime:0.0003s ]
SQL: SELECT * FROM `hotel_room_order` WHERE ( room_id='204'and starttime>='2017-03-15' and endtime<='2017-03-16'and order_status='已支付' )  [ RunTime:0.0004s ]
NOTIC: [8] Undefined offset: 5 G:\xampp\htdocs\hotel\Application\Admin\Controller\RoomorderController.class.php 第 305 行.
SQL: SELECT `room_price` FROM `hotel_room` WHERE ( room_id='204' )  [ RunTime:0.0002s ]
SQL: SELECT * FROM `hotel_room_order` WHERE ( room_id='205'and starttime<='2017-03-15'and endtime>'2017-03-15' and starttime<'2017-03-16' and endtime>='2017-03-16'and order_status='到店付' )  [ RunTime:0.0005s ]
SQL: SELECT * FROM `hotel_room_order` WHERE ( room_id='205'and starttime<='2017-03-15'and endtime>'2017-03-15' and starttime<'2017-03-16' and endtime>='2017-03-16'and order_status='已支付' )  [ RunTime:0.0003s ]
SQL: SELECT * FROM `hotel_room_order` WHERE ( room_id='205'and starttime<='2017-03-15'and endtime>'2017-03-15' and  endtime<='2017-03-16'and order_status='到店付' )  [ RunTime:0.0004s ]
SQL: SELECT * FROM `hotel_room_order` WHERE ( room_id='205'and starttime<='2017-03-15'and endtime>'2017-03-15' and  endtime<='2017-03-16'and order_status='已支付' )  [ RunTime:0.0003s ]
SQL: SELECT * FROM `hotel_room_order` WHERE ( room_id='205'and starttime>='2017-03-15'and  starttime<'2017-03-16' and endtime>='2017-03-16'and order_status='到店付' )  [ RunTime:0.0006s ]
SQL: SELECT * FROM `hotel_room_order` WHERE ( room_id='205'and starttime>='2017-03-15'and  starttime<'2017-03-16' and endtime>='2017-03-16'and order_status='已支付' )  [ RunTime:0.0006s ]
SQL: SELECT * FROM `hotel_room_order` WHERE ( room_id='205'and starttime>='2017-03-15' and endtime<='2017-03-16'and order_status='到店付' )  [ RunTime:0.0004s ]
SQL: SELECT * FROM `hotel_room_order` WHERE ( room_id='205'and starttime>='2017-03-15' and endtime<='2017-03-16'and order_status='已支付' )  [ RunTime:0.0004s ]
NOTIC: [8] Undefined offset: 5 G:\xampp\htdocs\hotel\Application\Admin\Controller\RoomorderController.class.php 第 305 行.
SQL: SELECT `room_price` FROM `hotel_room` WHERE ( room_id='205' )  [ RunTime:0.0001s ]
NOTIC: [8] Undefined offset: 5 G:\xampp\htdocs\hotel\Application\Admin\Controller\RoomorderController.class.php 第 288 行.
SQL: SELECT * FROM `hotel_room_order` WHERE ( room_id=''and starttime<='2017-03-15'and endtime>'2017-03-15' and starttime<'2017-03-16' and endtime>='2017-03-16'and order_status='到店付' )  [ RunTime:0.0004s ]
SQL: SELECT * FROM `hotel_room_order` WHERE ( room_id=''and starttime<='2017-03-15'and endtime>'2017-03-15' and starttime<'2017-03-16' and endtime>='2017-03-16'and order_status='已支付' )  [ RunTime:0.0003s ]
SQL: SELECT * FROM `hotel_room_order` WHERE ( room_id=''and starttime<='2017-03-15'and endtime>'2017-03-15' and  endtime<='2017-03-16'and order_status='到店付' )  [ RunTime:0.0003s ]
SQL: SELECT * FROM `hotel_room_order` WHERE ( room_id=''and starttime<='2017-03-15'and endtime>'2017-03-15' and  endtime<='2017-03-16'and order_status='已支付' )  [ RunTime:0.0003s ]
SQL: SELECT * FROM `hotel_room_order` WHERE ( room_id=''and starttime>='2017-03-15'and  starttime<'2017-03-16' and endtime>='2017-03-16'and order_status='到店付' )  [ RunTime:0.0002s ]
SQL: SELECT * FROM `hotel_room_order` WHERE ( room_id=''and starttime>='2017-03-15'and  starttime<'2017-03-16' and endtime>='2017-03-16'and order_status='已支付' )  [ RunTime:0.0003s ]
SQL: SELECT * FROM `hotel_room_order` WHERE ( room_id=''and starttime>='2017-03-15' and endtime<='2017-03-16'and order_status='到店付' )  [ RunTime:0.0003s ]
SQL: SELECT * FROM `hotel_room_order` WHERE ( room_id=''and starttime>='2017-03-15' and endtime<='2017-03-16'and order_status='已支付' )  [ RunTime:0.0004s ]
NOTIC: [8] Undefined offset: 5 G:\xampp\htdocs\hotel\Application\Admin\Controller\RoomorderController.class.php 第 305 行.
INFO: [ view_parse ] --START--
INFO: [ template_filter ] --START--
INFO: Run Behavior\ContentReplaceBehavior [ RunTime:0.000042s ]
INFO: [ template_filter ] --END-- [ RunTime:0.000077s ]
INFO: Run Behavior\ParseTemplateBehavior [ RunTime:0.006826s ]
INFO: [ view_parse ] --END-- [ RunTime:0.006884s ]
INFO: [ view_filter ] --START--
INFO: Run Behavior\WriteHtmlCacheBehavior [ RunTime:0.000353s ]
INFO: [ view_filter ] --END-- [ RunTime:0.000399s ]
INFO: [ app_end ] --START--
INFO: Run Behavior\ShowPageTraceBehavior [ RunTime:0.000456s ]
INFO: [ app_end ] --END-- [ RunTime:0.000487s ]
NOTIC: [8] Constant APP_DEBUG already defined G:\xampp\htdocs\hotel\index.php 第 30 行.

[ 2017-03-15T22:37:43+08:00 ] 127.0.0.1 /hotel/index.php?m=Admin&c=roomorder&a=storepay_result
INFO: [ app_init ] --START--
INFO: Run Behavior\BuildLiteBehavior [ RunTime:0.000010s ]
INFO: [ app_init ] --END-- [ RunTime:0.000051s ]
INFO: [ app_begin ] --START--
INFO: Run Behavior\ReadHtmlCacheBehavior [ RunTime:0.000450s ]
INFO: [ app_begin ] --END-- [ RunTime:0.000506s ]
SQL: SHOW COLUMNS FROM `hotel_room` [ RunTime:0.0034s ]
SQL: SELECT COUNT(*) AS tp_count FROM `hotel_room` WHERE ( room_category='豪华双人房' ) LIMIT 1   [ RunTime:0.0010s ]
SQL: SELECT `room_id` FROM `hotel_room` WHERE ( room_category='豪华双人房' )  [ RunTime:0.0003s ]
SQL: SHOW COLUMNS FROM `hotel_room_order` [ RunTime:0.0046s ]
SQL: SELECT * FROM `hotel_room_order` WHERE ( room_id='101'and starttime<='2017-03-15'and endtime>'2017-03-15' and starttime<'2017-03-16' and endtime>='2017-03-16'and order_status='到店付' )  [ RunTime:0.0004s ]
SQL: SELECT * FROM `hotel_room_order` WHERE ( room_id='101'and starttime<='2017-03-15'and endtime>'2017-03-15' and starttime<'2017-03-16' and endtime>='2017-03-16'and order_status='已支付' )  [ RunTime:0.0004s ]
SQL: SELECT * FROM `hotel_room_order` WHERE ( room_id='101'and starttime<='2017-03-15'and endtime>'2017-03-15' and  endtime<='2017-03-16'and order_status='到店付' )  [ RunTime:0.0004s ]
SQL: SELECT * FROM `hotel_room_order` WHERE ( room_id='101'and starttime<='2017-03-15'and endtime>'2017-03-15' and  endtime<='2017-03-16'and order_status='已支付' )  [ RunTime:0.0004s ]
SQL: SELECT * FROM `hotel_room_order` WHERE ( room_id='101'and starttime>='2017-03-15'and  starttime<'2017-03-16' and endtime>='2017-03-16'and order_status='到店付' )  [ RunTime:0.0004s ]
SQL: SELECT * FROM `hotel_room_order` WHERE ( room_id='101'and starttime>='2017-03-15'and  starttime<'2017-03-16' and endtime>='2017-03-16'and order_status='已支付' )  [ RunTime:0.0004s ]
SQL: SELECT * FROM `hotel_room_order` WHERE ( room_id='101'and starttime>='2017-03-15' and endtime<='2017-03-16'and order_status='到店付' )  [ RunTime:0.0004s ]
SQL: SELECT * FROM `hotel_room_order` WHERE ( room_id='101'and starttime>='2017-03-15' and endtime<='2017-03-16'and order_status='已支付' )  [ RunTime:0.0003s ]
NOTIC: [8] Undefined offset: 3 G:\xampp\htdocs\hotel\Application\Admin\Controller\RoomorderController.class.php 第 305 行.
SQL: SELECT `room_price` FROM `hotel_room` WHERE ( room_id='101' )  [ RunTime:0.0002s ]
SQL: SELECT * FROM `hotel_room_order` WHERE ( room_id='202'and starttime<='2017-03-15'and endtime>'2017-03-15' and starttime<'2017-03-16' and endtime>='2017-03-16'and order_status='到店付' )  [ RunTime:0.0004s ]
SQL: SELECT * FROM `hotel_room_order` WHERE ( room_id='202'and starttime<='2017-03-15'and endtime>'2017-03-15' and starttime<'2017-03-16' and endtime>='2017-03-16'and order_status='已支付' )  [ RunTime:0.0003s ]
SQL: SELECT * FROM `hotel_room_order` WHERE ( room_id='202'and starttime<='2017-03-15'and endtime>'2017-03-15' and  endtime<='2017-03-16'and order_status='到店付' )  [ RunTime:0.0003s ]
SQL: SELECT * FROM `hotel_room_order` WHERE ( room_id='202'and starttime<='2017-03-15'and endtime>'2017-03-15' and  endtime<='2017-03-16'and order_status='已支付' )  [ RunTime:0.0003s ]
SQL: SELECT * FROM `hotel_room_order` WHERE ( room_id='202'and starttime>='2017-03-15'and  starttime<'2017-03-16' and endtime>='2017-03-16'and order_status='到店付' )  [ RunTime:0.0003s ]
SQL: SELECT * FROM `hotel_room_order` WHERE ( room_id='202'and starttime>='2017-03-15'and  starttime<'2017-03-16' and endtime>='2017-03-16'and order_status='已支付' )  [ RunTime:0.0003s ]
SQL: SELECT * FROM `hotel_room_order` WHERE ( room_id='202'and starttime>='2017-03-15' and endtime<='2017-03-16'and order_status='到店付' )  [ RunTime:0.0003s ]
SQL: SELECT * FROM `hotel_room_order` WHERE ( room_id='202'and starttime>='2017-03-15' and endtime<='2017-03-16'and order_status='已支付' )  [ RunTime:0.0004s ]
NOTIC: [8] Undefined offset: 3 G:\xampp\htdocs\hotel\Application\Admin\Controller\RoomorderController.class.php 第 305 行.
SQL: SELECT `room_price` FROM `hotel_room` WHERE ( room_id='202' )  [ RunTime:0.0002s ]
SQL: SELECT * FROM `hotel_room_order` WHERE ( room_id='207'and starttime<='2017-03-15'and endtime>'2017-03-15' and starttime<'2017-03-16' and endtime>='2017-03-16'and order_status='到店付' )  [ RunTime:0.0005s ]
SQL: SELECT * FROM `hotel_room_order` WHERE ( room_id='207'and starttime<='2017-03-15'and endtime>'2017-03-15' and starttime<'2017-03-16' and endtime>='2017-03-16'and order_status='已支付' )  [ RunTime:0.0004s ]
SQL: SELECT * FROM `hotel_room_order` WHERE ( room_id='207'and starttime<='2017-03-15'and endtime>'2017-03-15' and  endtime<='2017-03-16'and order_status='到店付' )  [ RunTime:0.0006s ]
SQL: SELECT * FROM `hotel_room_order` WHERE ( room_id='207'and starttime<='2017-03-15'and endtime>'2017-03-15' and  endtime<='2017-03-16'and order_status='已支付' )  [ RunTime:0.0005s ]
SQL: SELECT * FROM `hotel_room_order` WHERE ( room_id='207'and starttime>='2017-03-15'and  starttime<'2017-03-16' and endtime>='2017-03-16'and order_status='到店付' )  [ RunTime:0.0005s ]
SQL: SELECT * FROM `hotel_room_order` WHERE ( room_id='207'and starttime>='2017-03-15'and  starttime<'2017-03-16' and endtime>='2017-03-16'and order_status='已支付' )  [ RunTime:0.0003s ]
SQL: SELECT * FROM `hotel_room_order` WHERE ( room_id='207'and starttime>='2017-03-15' and endtime<='2017-03-16'and order_status='到店付' )  [ RunTime:0.0004s ]
SQL: SELECT * FROM `hotel_room_order` WHERE ( room_id='207'and starttime>='2017-03-15' and endtime<='2017-03-16'and order_status='已支付' )  [ RunTime:0.0004s ]
NOTIC: [8] Undefined offset: 3 G:\xampp\htdocs\hotel\Application\Admin\Controller\RoomorderController.class.php 第 305 行.
SQL: SELECT `room_price` FROM `hotel_room` WHERE ( room_id='207' )  [ RunTime:0.0002s ]
NOTIC: [8] Undefined offset: 3 G:\xampp\htdocs\hotel\Application\Admin\Controller\RoomorderController.class.php 第 288 行.
SQL: SELECT * FROM `hotel_room_order` WHERE ( room_id=''and starttime<='2017-03-15'and endtime>'2017-03-15' and starttime<'2017-03-16' and endtime>='2017-03-16'and order_status='到店付' )  [ RunTime:0.0004s ]
SQL: SELECT * FROM `hotel_room_order` WHERE ( room_id=''and starttime<='2017-03-15'and endtime>'2017-03-15' and starttime<'2017-03-16' and endtime>='2017-03-16'and order_status='已支付' )  [ RunTime:0.0004s ]
SQL: SELECT * FROM `hotel_room_order` WHERE ( room_id=''and starttime<='2017-03-15'and endtime>'2017-03-15' and  endtime<='2017-03-16'and order_status='到店付' )  [ RunTime:0.0003s ]
SQL: SELECT * FROM `hotel_room_order` WHERE ( room_id=''and starttime<='2017-03-15'and endtime>'2017-03-15' and  endtime<='2017-03-16'and order_status='已支付' )  [ RunTime:0.0003s ]
SQL: SELECT * FROM `hotel_room_order` WHERE ( room_id=''and starttime>='2017-03-15'and  starttime<'2017-03-16' and endtime>='2017-03-16'and order_status='到店付' )  [ RunTime:0.0003s ]
SQL: SELECT * FROM `hotel_room_order` WHERE ( room_id=''and starttime>='2017-03-15'and  starttime<'2017-03-16' and endtime>='2017-03-16'and order_status='已支付' )  [ RunTime:0.0003s ]
SQL: SELECT * FROM `hotel_room_order` WHERE ( room_id=''and starttime>='2017-03-15' and endtime<='2017-03-16'and order_status='到店付' )  [ RunTime:0.0003s ]
SQL: SELECT * FROM `hotel_room_order` WHERE ( room_id=''and starttime>='2017-03-15' and endtime<='2017-03-16'and order_status='已支付' )  [ RunTime:0.0003s ]
NOTIC: [8] Undefined offset: 3 G:\xampp\htdocs\hotel\Application\Admin\Controller\RoomorderController.class.php 第 305 行.
INFO: [ view_parse ] --START--
INFO: [ template_filter ] --START--
INFO: Run Behavior\ContentReplaceBehavior [ RunTime:0.000042s ]
INFO: [ template_filter ] --END-- [ RunTime:0.000076s ]
INFO: Run Behavior\ParseTemplateBehavior [ RunTime:0.006721s ]
INFO: [ view_parse ] --END-- [ RunTime:0.006799s ]
INFO: [ view_filter ] --START--
INFO: Run Behavior\WriteHtmlCacheBehavior [ RunTime:0.000423s ]
INFO: [ view_filter ] --END-- [ RunTime:0.000464s ]
INFO: [ app_end ] --START--
INFO: Run Behavior\ShowPageTraceBehavior [ RunTime:0.000943s ]
INFO: [ app_end ] --END-- [ RunTime:0.001004s ]
NOTIC: [8] Constant APP_DEBUG already defined G:\xampp\htdocs\hotel\index.php 第 30 行.

[ 2017-03-15T22:39:13+08:00 ] 127.0.0.1 /hotel/index.php?m=Admin&c=productionorder&a=index
INFO: [ app_init ] --START--
INFO: Run Behavior\BuildLiteBehavior [ RunTime:0.000037s ]
INFO: [ app_init ] --END-- [ RunTime:0.000172s ]
INFO: [ app_begin ] --START--
INFO: Run Behavior\ReadHtmlCacheBehavior [ RunTime:0.000450s ]
INFO: [ app_begin ] --END-- [ RunTime:0.000498s ]
SQL: SHOW COLUMNS FROM `hotel_production` [ RunTime:0.0042s ]
SQL: SELECT `production_price` FROM `hotel_production` WHERE ( production_name='纯净水' )  [ RunTime:0.0002s ]
SQL: SELECT `production_price` FROM `hotel_production` WHERE ( production_name='方便面' )  [ RunTime:0.0002s ]
SQL: SELECT `production_price` FROM `hotel_production` WHERE ( production_name='牙膏' )  [ RunTime:0.0002s ]
SQL: SELECT `production_price` FROM `hotel_production` WHERE ( production_name='牙刷' )  [ RunTime:0.0002s ]
SQL: SELECT `production_price` FROM `hotel_production` WHERE ( production_name='毛巾' )  [ RunTime:0.0002s ]
SQL: SELECT `production_number` FROM `hotel_production` WHERE ( production_name='纯净水' )  [ RunTime:0.0002s ]
SQL: SELECT `production_number` FROM `hotel_production` WHERE ( production_name='方便面' )  [ RunTime:0.0002s ]
SQL: SELECT `production_number` FROM `hotel_production` WHERE ( production_name='牙膏' )  [ RunTime:0.0002s ]
SQL: SELECT `production_number` FROM `hotel_production` WHERE ( production_name='牙刷' )  [ RunTime:0.0002s ]
SQL: SELECT `production_number` FROM `hotel_production` WHERE ( production_name='毛巾' )  [ RunTime:0.0002s ]
INFO: [ view_parse ] --START--
INFO: [ template_filter ] --START--
INFO: Run Behavior\ContentReplaceBehavior [ RunTime:0.000042s ]
INFO: [ template_filter ] --END-- [ RunTime:0.000083s ]
INFO: Run Behavior\ParseTemplateBehavior [ RunTime:0.008134s ]
INFO: [ view_parse ] --END-- [ RunTime:0.008192s ]
INFO: [ view_filter ] --START--
INFO: Run Behavior\WriteHtmlCacheBehavior [ RunTime:0.000269s ]
INFO: [ view_filter ] --END-- [ RunTime:0.000295s ]
INFO: [ app_end ] --START--
INFO: Run Behavior\ShowPageTraceBehavior [ RunTime:0.000396s ]
INFO: [ app_end ] --END-- [ RunTime:0.000427s ]
NOTIC: [8] Constant APP_DEBUG already defined G:\xampp\htdocs\hotel\index.php 第 30 行.

[ 2017-03-15T22:39:18+08:00 ] 127.0.0.1 /hotel/index.php?m=Admin&c=productionorder&a=info
INFO: [ app_init ] --START--
INFO: Run Behavior\BuildLiteBehavior [ RunTime:0.000013s ]
INFO: [ app_init ] --END-- [ RunTime:0.000077s ]
INFO: [ app_begin ] --START--
INFO: Run Behavior\ReadHtmlCacheBehavior [ RunTime:0.000439s ]
INFO: [ app_begin ] --END-- [ RunTime:0.000507s ]
SQL: SHOW COLUMNS FROM `hotel_production` [ RunTime:0.0036s ]
SQL: SELECT `production_price` FROM `hotel_production` WHERE ( production_name='纯净水' )  [ RunTime:0.0002s ]
SQL: SELECT `production_price` FROM `hotel_production` WHERE ( production_name='方便面' )  [ RunTime:0.0002s ]
SQL: SELECT `production_price` FROM `hotel_production` WHERE ( production_name='牙膏' )  [ RunTime:0.0001s ]
SQL: SELECT `production_price` FROM `hotel_production` WHERE ( production_name='牙刷' )  [ RunTime:0.0001s ]
SQL: SELECT `production_price` FROM `hotel_production` WHERE ( production_name='毛巾' )  [ RunTime:0.0002s ]
SQL: SHOW COLUMNS FROM `hotel_room_order` [ RunTime:0.0040s ]
SQL: SELECT `user_id` FROM `hotel_room_order` WHERE ( room_id='101'and starttime='2017-03-15'and instatus='已入住' )  [ RunTime:0.0003s ]
SQL: SELECT `user_id` FROM `hotel_room_order` WHERE ( room_id='101'and endtime='2017-03-15'and instatus='已入住' )  [ RunTime:0.0003s ]
NOTIC: [8] Undefined offset: 0 G:\xampp\htdocs\hotel\Application\Admin\Controller\ProductionorderController.class.php 第 52 行.
NOTIC: [8] Undefined offset: 0 G:\xampp\htdocs\hotel\Application\Admin\Controller\ProductionorderController.class.php 第 53 行.
SQL: SELECT `production_number` FROM `hotel_production` WHERE ( production_name='纯净水' )  [ RunTime:0.0002s ]
SQL: SELECT `production_number` FROM `hotel_production` WHERE ( production_name='方便面' )  [ RunTime:0.0002s ]
SQL: SELECT `production_number` FROM `hotel_production` WHERE ( production_name='牙膏' )  [ RunTime:0.0002s ]
SQL: SELECT `production_number` FROM `hotel_production` WHERE ( production_name='牙刷' )  [ RunTime:0.0002s ]
SQL: SELECT `production_number` FROM `hotel_production` WHERE ( production_name='毛巾' )  [ RunTime:0.0002s ]
SQL: UPDATE `hotel_production` SET `production_number`='56' WHERE `production_name` = '纯净水' [ RunTime:0.2284s ]
SQL: UPDATE `hotel_production` SET `production_number`='49' WHERE `production_name` = '方便面' [ RunTime:0.0501s ]
SQL: UPDATE `hotel_production` SET `production_number`='60' WHERE `production_name` = '牙膏' [ RunTime:0.0422s ]
SQL: UPDATE `hotel_production` SET `production_number`='50' WHERE `production_name` = '牙刷' [ RunTime:0.0825s ]
SQL: UPDATE `hotel_production` SET `production_number`='60' WHERE `production_name` = '毛巾' [ RunTime:0.0422s ]
INFO: [ view_parse ] --START--
INFO: [ template_filter ] --START--
INFO: Run Behavior\ContentReplaceBehavior [ RunTime:0.000041s ]
INFO: [ template_filter ] --END-- [ RunTime:0.000083s ]
INFO: Run Behavior\ParseTemplateBehavior [ RunTime:0.005503s ]
INFO: [ view_parse ] --END-- [ RunTime:0.005546s ]
INFO: [ view_filter ] --START--
INFO: Run Behavior\WriteHtmlCacheBehavior [ RunTime:0.000232s ]
INFO: [ view_filter ] --END-- [ RunTime:0.000259s ]

[ 2017-03-15T22:40:38+08:00 ] 127.0.0.1 /hotel/index.php?m=Admin&c=roomorder&a=index
INFO: [ app_init ] --START--
INFO: Run Behavior\BuildLiteBehavior [ RunTime:0.000014s ]
INFO: [ app_init ] --END-- [ RunTime:0.000089s ]
INFO: [ app_begin ] --START--
INFO: Run Behavior\ReadHtmlCacheBehavior [ RunTime:0.000879s ]
INFO: [ app_begin ] --END-- [ RunTime:0.000931s ]
INFO: [ view_parse ] --START--
INFO: [ template_filter ] --START--
INFO: Run Behavior\ContentReplaceBehavior [ RunTime:0.000032s ]
INFO: [ template_filter ] --END-- [ RunTime:0.000068s ]
INFO: Run Behavior\ParseTemplateBehavior [ RunTime:0.006357s ]
INFO: [ view_parse ] --END-- [ RunTime:0.006405s ]
INFO: [ view_filter ] --START--
INFO: Run Behavior\WriteHtmlCacheBehavior [ RunTime:0.000465s ]
INFO: [ view_filter ] --END-- [ RunTime:0.000497s ]
INFO: [ app_end ] --START--
INFO: Run Behavior\ShowPageTraceBehavior [ RunTime:0.000594s ]
INFO: [ app_end ] --END-- [ RunTime:0.000622s ]
NOTIC: [8] Constant APP_DEBUG already defined G:\xampp\htdocs\hotel\index.php 第 30 行.

[ 2017-03-15T22:41:02+08:00 ] 127.0.0.1 /hotel/index.php?m=Admin&c=roomorder&a=start_stay
INFO: [ app_init ] --START--
INFO: Run Behavior\BuildLiteBehavior [ RunTime:0.000012s ]
INFO: [ app_init ] --END-- [ RunTime:0.000069s ]
INFO: [ app_begin ] --START--
INFO: Run Behavior\ReadHtmlCacheBehavior [ RunTime:0.000632s ]
INFO: [ app_begin ] --END-- [ RunTime:0.000696s ]
SQL: SHOW COLUMNS FROM `hotel_room_order` [ RunTime:0.0880s ]
SQL: SELECT `room_id` FROM `hotel_room_order` WHERE ( user_name='刘达' and starttime='2017-03-15' and instatus='待入住'and order_status='到店付' )  [ RunTime:0.0003s ]
NOTIC: [8] Undefined offset: 0 G:\xampp\htdocs\hotel\Application\Admin\Controller\RoomorderController.class.php 第 36 行.
SQL: SELECT `room_id` FROM `hotel_room_order` WHERE ( user_name='刘达' and starttime='2017-03-15' and instatus='待入住'and order_status='已支付' )  [ RunTime:0.0009s ]
SQL: SELECT `room_id` FROM `hotel_room_order` WHERE ( room_id='' and endtime='2017-03-15' and instatus='已入住' and order_status='已支付' )  [ RunTime:0.0005s ]
NOTIC: [8] Undefined offset: 0 G:\xampp\htdocs\hotel\Application\Admin\Controller\RoomorderController.class.php 第 44 行.
SQL: SELECT `room_id` FROM `hotel_room_order` WHERE ( room_id='101' and endtime='2017-03-15' and instatus='已入住' and order_status='已支付' )  [ RunTime:0.0004s ]
NOTIC: [8] Undefined offset: 0 G:\xampp\htdocs\hotel\Application\Admin\Controller\RoomorderController.class.php 第 48 行.
SQL: select * from hotel_room_order where user_IDcard='441502199209090982'AND starttime>='2017-03-14'and instatus='待入住' and (order_status='到店付' or order_status='已支付')  [ RunTime:0.0004s ]
INFO: [ view_parse ] --START--
INFO: [ template_filter ] --START--
INFO: Run Behavior\ContentReplaceBehavior [ RunTime:0.000034s ]
INFO: [ template_filter ] --END-- [ RunTime:0.000072s ]
NOTIC: [8] Use of undefined constant r_order_id - assumed 'r_order_id' G:\xampp\htdocs\hotel\Application\Runtime\Cache\Admin\889ac38a85efe6959ca758047afa6020.php 第 51 行.
NOTIC: [8] Undefined variable: pageList G:\xampp\htdocs\hotel\Application\Runtime\Cache\Admin\889ac38a85efe6959ca758047afa6020.php 第 60 行.
INFO: Run Behavior\ParseTemplateBehavior [ RunTime:0.006053s ]
INFO: [ view_parse ] --END-- [ RunTime:0.006089s ]
INFO: [ view_filter ] --START--
INFO: Run Behavior\WriteHtmlCacheBehavior [ RunTime:0.000348s ]
INFO: [ view_filter ] --END-- [ RunTime:0.000373s ]
INFO: [ app_end ] --START--
INFO: Run Behavior\ShowPageTraceBehavior [ RunTime:0.000413s ]
INFO: [ app_end ] --END-- [ RunTime:0.000439s ]
NOTIC: [8] Constant APP_DEBUG already defined G:\xampp\htdocs\hotel\index.php 第 30 行.

[ 2017-03-15T22:41:04+08:00 ] 127.0.0.1 /hotel/index.php?m=Admin&c=roomorder&a=edit_instatus&r_order_id=261
INFO: [ app_init ] --START--
INFO: Run Behavior\BuildLiteBehavior [ RunTime:0.000009s ]
INFO: [ app_init ] --END-- [ RunTime:0.000043s ]
INFO: [ app_begin ] --START--
INFO: Run Behavior\ReadHtmlCacheBehavior [ RunTime:0.000365s ]
INFO: [ app_begin ] --END-- [ RunTime:0.000400s ]
SQL: SHOW COLUMNS FROM `hotel_room_order` [ RunTime:0.0037s ]
SQL: SELECT * FROM `hotel_room_order` WHERE ( r_order_id=261 ) LIMIT 1   [ RunTime:0.0003s ]
INFO: [ view_parse ] --START--
INFO: [ template_filter ] --START--
INFO: Run Behavior\ContentReplaceBehavior [ RunTime:0.000033s ]
INFO: [ template_filter ] --END-- [ RunTime:0.000071s ]
INFO: Run Behavior\ParseTemplateBehavior [ RunTime:0.005432s ]
INFO: [ view_parse ] --END-- [ RunTime:0.005487s ]
INFO: [ view_filter ] --START--
INFO: Run Behavior\WriteHtmlCacheBehavior [ RunTime:0.000365s ]
INFO: [ view_filter ] --END-- [ RunTime:0.000418s ]
INFO: [ app_end ] --START--
INFO: Run Behavior\ShowPageTraceBehavior [ RunTime:0.000391s ]
INFO: [ app_end ] --END-- [ RunTime:0.000418s ]
NOTIC: [8] Constant APP_DEBUG already defined G:\xampp\htdocs\hotel\index.php 第 30 行.

[ 2017-03-15T22:41:06+08:00 ] 127.0.0.1 /hotel/index.php?m=Admin&c=roomorder&a=edit_in
INFO: [ app_init ] --START--
INFO: Run Behavior\BuildLiteBehavior [ RunTime:0.000016s ]
INFO: [ app_init ] --END-- [ RunTime:0.000087s ]
INFO: [ app_begin ] --START--
INFO: Run Behavior\ReadHtmlCacheBehavior [ RunTime:0.000631s ]
INFO: [ app_begin ] --END-- [ RunTime:0.000704s ]
SQL: SHOW COLUMNS FROM `hotel_room_order` [ RunTime:0.0050s ]
SQL: SELECT `order_status` FROM `hotel_room_order` WHERE ( r_order_id='261' )  [ RunTime:0.0003s ]
SQL: SELECT `room_id` FROM `hotel_room_order` WHERE ( r_order_id='261' )  [ RunTime:0.0002s ]
SQL: UPDATE `hotel_room_order` SET `instatus`='已入住',`operator`='1001',`in_time`='2017-03-15 22-03-06' WHERE `r_order_id` = 261 [ RunTime:0.1367s ]
SQL: SHOW COLUMNS FROM `hotel_log` [ RunTime:0.0045s ]
SQL: INSERT INTO `hotel_log` (`operator`,`time`,`operation`,`order_id`,`room_id`) VALUES ('1001','2017-03-15 22-03-06','办理入住','261','101') [ RunTime:0.0782s ]
INFO: [ view_parse ] --START--
INFO: [ template_filter ] --START--
INFO: Run Behavior\ContentReplaceBehavior [ RunTime:0.000028s ]
INFO: [ template_filter ] --END-- [ RunTime:0.000062s ]
INFO: Run Behavior\ParseTemplateBehavior [ RunTime:0.004665s ]
INFO: [ view_parse ] --END-- [ RunTime:0.004704s ]
INFO: [ view_filter ] --START--
INFO: Run Behavior\WriteHtmlCacheBehavior [ RunTime:0.000501s ]
INFO: [ view_filter ] --END-- [ RunTime:0.000541s ]
INFO: [ app_end ] --START--
INFO: Run Behavior\ShowPageTraceBehavior [ RunTime:0.000679s ]
INFO: [ app_end ] --END-- [ RunTime:0.000750s ]
NOTIC: [8] Constant APP_DEBUG already defined G:\xampp\htdocs\hotel\index.php 第 30 行.

[ 2017-03-15T22:41:08+08:00 ] 127.0.0.1 /hotel/index.php?m=Admin&c=productionorder&a=index
INFO: [ app_init ] --START--
INFO: Run Behavior\BuildLiteBehavior [ RunTime:0.000008s ]
INFO: [ app_init ] --END-- [ RunTime:0.000042s ]
INFO: [ app_begin ] --START--
INFO: Run Behavior\ReadHtmlCacheBehavior [ RunTime:0.000508s ]
INFO: [ app_begin ] --END-- [ RunTime:0.000568s ]
SQL: SHOW COLUMNS FROM `hotel_production` [ RunTime:0.7075s ]
SQL: SELECT `production_price` FROM `hotel_production` WHERE ( production_name='纯净水' )  [ RunTime:0.0002s ]
SQL: SELECT `production_price` FROM `hotel_production` WHERE ( production_name='方便面' )  [ RunTime:0.0002s ]
SQL: SELECT `production_price` FROM `hotel_production` WHERE ( production_name='牙膏' )  [ RunTime:0.0003s ]
SQL: SELECT `production_price` FROM `hotel_production` WHERE ( production_name='牙刷' )  [ RunTime:0.0002s ]
SQL: SELECT `production_price` FROM `hotel_production` WHERE ( production_name='毛巾' )  [ RunTime:0.0003s ]
SQL: SELECT `production_number` FROM `hotel_production` WHERE ( production_name='纯净水' )  [ RunTime:0.0002s ]
SQL: SELECT `production_number` FROM `hotel_production` WHERE ( production_name='方便面' )  [ RunTime:0.0003s ]
SQL: SELECT `production_number` FROM `hotel_production` WHERE ( production_name='牙膏' )  [ RunTime:0.0003s ]
SQL: SELECT `production_number` FROM `hotel_production` WHERE ( production_name='牙刷' )  [ RunTime:0.0002s ]
SQL: SELECT `production_number` FROM `hotel_production` WHERE ( production_name='毛巾' )  [ RunTime:0.0002s ]
INFO: [ view_parse ] --START--
INFO: [ template_filter ] --START--
INFO: Run Behavior\ContentReplaceBehavior [ RunTime:0.000038s ]
INFO: [ template_filter ] --END-- [ RunTime:0.000073s ]
INFO: Run Behavior\ParseTemplateBehavior [ RunTime:0.005569s ]
INFO: [ view_parse ] --END-- [ RunTime:0.005637s ]
INFO: [ view_filter ] --START--
INFO: Run Behavior\WriteHtmlCacheBehavior [ RunTime:0.000341s ]
INFO: [ view_filter ] --END-- [ RunTime:0.000365s ]
INFO: [ app_end ] --START--
INFO: Run Behavior\ShowPageTraceBehavior [ RunTime:0.000401s ]
INFO: [ app_end ] --END-- [ RunTime:0.000427s ]
NOTIC: [8] Constant APP_DEBUG already defined G:\xampp\htdocs\hotel\index.php 第 30 行.

[ 2017-03-15T22:41:14+08:00 ] 127.0.0.1 /hotel/index.php?m=Admin&c=productionorder&a=info
INFO: [ app_init ] --START--
INFO: Run Behavior\BuildLiteBehavior [ RunTime:0.000009s ]
INFO: [ app_init ] --END-- [ RunTime:0.000044s ]
INFO: [ app_begin ] --START--
INFO: Run Behavior\ReadHtmlCacheBehavior [ RunTime:0.000370s ]
INFO: [ app_begin ] --END-- [ RunTime:0.000406s ]
SQL: SHOW COLUMNS FROM `hotel_production` [ RunTime:0.0038s ]
SQL: SELECT `production_price` FROM `hotel_production` WHERE ( production_name='纯净水' )  [ RunTime:0.0004s ]
SQL: SELECT `production_price` FROM `hotel_production` WHERE ( production_name='方便面' )  [ RunTime:0.0005s ]
SQL: SELECT `production_price` FROM `hotel_production` WHERE ( production_name='牙膏' )  [ RunTime:0.0004s ]
SQL: SELECT `production_price` FROM `hotel_production` WHERE ( production_name='牙刷' )  [ RunTime:0.0003s ]
SQL: SELECT `production_price` FROM `hotel_production` WHERE ( production_name='毛巾' )  [ RunTime:0.0002s ]
SQL: SHOW COLUMNS FROM `hotel_room_order` [ RunTime:0.0041s ]
SQL: SELECT `user_id` FROM `hotel_room_order` WHERE ( room_id='101'and starttime='2017-03-15'and instatus='已入住' )  [ RunTime:0.0003s ]
SQL: SELECT `user_id` FROM `hotel_room_order` WHERE ( room_id='101'and endtime='2017-03-15'and instatus='已入住' )  [ RunTime:0.0002s ]
NOTIC: [8] Undefined offset: 0 G:\xampp\htdocs\hotel\Application\Admin\Controller\ProductionorderController.class.php 第 53 行.
SQL: SELECT `production_number` FROM `hotel_production` WHERE ( production_name='纯净水' )  [ RunTime:0.0002s ]
SQL: SELECT `production_number` FROM `hotel_production` WHERE ( production_name='方便面' )  [ RunTime:0.0002s ]
SQL: SELECT `production_number` FROM `hotel_production` WHERE ( production_name='牙膏' )  [ RunTime:0.0002s ]
SQL: SELECT `production_number` FROM `hotel_production` WHERE ( production_name='牙刷' )  [ RunTime:0.0002s ]
SQL: SELECT `production_number` FROM `hotel_production` WHERE ( production_name='毛巾' )  [ RunTime:0.0002s ]
SQL: UPDATE `hotel_production` SET `production_number`='54' WHERE `production_name` = '纯净水' [ RunTime:0.1921s ]
SQL: UPDATE `hotel_production` SET `production_number`='49' WHERE `production_name` = '方便面' [ RunTime:0.1514s ]
SQL: UPDATE `hotel_production` SET `production_number`='60' WHERE `production_name` = '牙膏' [ RunTime:0.1212s ]
SQL: UPDATE `hotel_production` SET `production_number`='50' WHERE `production_name` = '牙刷' [ RunTime:0.0488s ]
SQL: UPDATE `hotel_production` SET `production_number`='60' WHERE `production_name` = '毛巾' [ RunTime:0.0671s ]
SQL: SHOW COLUMNS FROM `hotel_production_order` [ RunTime:0.0316s ]
SQL: INSERT INTO `hotel_production_order` (`user_id`,`description`,`pay_time`,`sum`,`operator`) VALUES ('3040','纯净水2 件，方便面0 件，牙膏0 件，牙刷0 件，毛巾0 件。','17-03-15:22:41:14','5','1001') [ RunTime:0.0898s ]
SQL: SHOW COLUMNS FROM `hotel_log` [ RunTime:0.0036s ]
SQL: INSERT INTO `hotel_log` (`operator`,`time`,`operation`,`order_id`,`room_id`) VALUES ('1001','2017-03-15 22-03-14','客房售卖商品','65','101') [ RunTime:0.1039s ]
INFO: [ view_parse ] --START--
INFO: [ template_filter ] --START--
INFO: Run Behavior\ContentReplaceBehavior [ RunTime:0.000051s ]
INFO: [ template_filter ] --END-- [ RunTime:0.000100s ]
INFO: Run Behavior\ParseTemplateBehavior [ RunTime:0.004555s ]
INFO: [ view_parse ] --END-- [ RunTime:0.004590s ]
INFO: [ view_filter ] --START--
INFO: Run Behavior\WriteHtmlCacheBehavior [ RunTime:0.000348s ]
INFO: [ view_filter ] --END-- [ RunTime:0.000373s ]
INFO: [ app_end ] --START--
INFO: Run Behavior\ShowPageTraceBehavior [ RunTime:0.000479s ]
INFO: [ app_end ] --END-- [ RunTime:0.000510s ]
NOTIC: [8] Constant APP_DEBUG already defined G:\xampp\htdocs\hotel\index.php 第 30 行.

[ 2017-03-15T22:41:29+08:00 ] 127.0.0.1 /hotel/index.php?m=Admin&c=productionorder&a=info
INFO: [ app_init ] --START--
INFO: Run Behavior\BuildLiteBehavior [ RunTime:0.000008s ]
INFO: [ app_init ] --END-- [ RunTime:0.000042s ]
INFO: [ app_begin ] --START--
INFO: Run Behavior\ReadHtmlCacheBehavior [ RunTime:0.000385s ]
INFO: [ app_begin ] --END-- [ RunTime:0.000422s ]
SQL: SHOW COLUMNS FROM `hotel_production` [ RunTime:0.0036s ]
SQL: SELECT `production_price` FROM `hotel_production` WHERE ( production_name='纯净水' )  [ RunTime:0.0002s ]
SQL: SELECT `production_price` FROM `hotel_production` WHERE ( production_name='方便面' )  [ RunTime:0.0002s ]
SQL: SELECT `production_price` FROM `hotel_production` WHERE ( production_name='牙膏' )  [ RunTime:0.0002s ]
SQL: SELECT `production_price` FROM `hotel_production` WHERE ( production_name='牙刷' )  [ RunTime:0.0002s ]
SQL: SELECT `production_price` FROM `hotel_production` WHERE ( production_name='毛巾' )  [ RunTime:0.0002s ]
SQL: SHOW COLUMNS FROM `hotel_room_order` [ RunTime:0.0037s ]
SQL: SELECT `user_id` FROM `hotel_room_order` WHERE ( room_id='101'and starttime='2017-03-15'and instatus='已入住' )  [ RunTime:0.0002s ]
SQL: SELECT `user_id` FROM `hotel_room_order` WHERE ( room_id='101'and endtime='2017-03-15'and instatus='已入住' )  [ RunTime:0.0002s ]
NOTIC: [8] Undefined offset: 0 G:\xampp\htdocs\hotel\Application\Admin\Controller\ProductionorderController.class.php 第 53 行.
SQL: SELECT `production_number` FROM `hotel_production` WHERE ( production_name='纯净水' )  [ RunTime:0.0001s ]
SQL: SELECT `production_number` FROM `hotel_production` WHERE ( production_name='方便面' )  [ RunTime:0.0001s ]
SQL: SELECT `production_number` FROM `hotel_production` WHERE ( production_name='牙膏' )  [ RunTime:0.0002s ]
SQL: SELECT `production_number` FROM `hotel_production` WHERE ( production_name='牙刷' )  [ RunTime:0.0002s ]
SQL: SELECT `production_number` FROM `hotel_production` WHERE ( production_name='毛巾' )  [ RunTime:0.0001s ]
INFO: [ view_parse ] --START--
INFO: [ template_filter ] --START--
INFO: Run Behavior\ContentReplaceBehavior [ RunTime:0.000049s ]
INFO: [ template_filter ] --END-- [ RunTime:0.000109s ]
INFO: Run Behavior\ParseTemplateBehavior [ RunTime:0.005821s ]
INFO: [ view_parse ] --END-- [ RunTime:0.005861s ]
INFO: [ view_filter ] --START--
INFO: Run Behavior\WriteHtmlCacheBehavior [ RunTime:0.000403s ]
INFO: [ view_filter ] --END-- [ RunTime:0.000429s ]

[ 2017-03-15T22:42:35+08:00 ] 127.0.0.1 /hotel/index.php?m=Admin&c=roomorder&a=endstay
INFO: [ app_init ] --START--
INFO: Run Behavior\BuildLiteBehavior [ RunTime:0.000013s ]
INFO: [ app_init ] --END-- [ RunTime:0.000066s ]
INFO: [ app_begin ] --START--
INFO: Run Behavior\ReadHtmlCacheBehavior [ RunTime:0.000436s ]
INFO: [ app_begin ] --END-- [ RunTime:0.000494s ]
INFO: [ view_parse ] --START--
INFO: [ template_filter ] --START--
INFO: Run Behavior\ContentReplaceBehavior [ RunTime:0.000045s ]
INFO: [ template_filter ] --END-- [ RunTime:0.000101s ]
INFO: Run Behavior\ParseTemplateBehavior [ RunTime:0.006700s ]
INFO: [ view_parse ] --END-- [ RunTime:0.006757s ]
INFO: [ view_filter ] --START--
INFO: Run Behavior\WriteHtmlCacheBehavior [ RunTime:0.000509s ]
INFO: [ view_filter ] --END-- [ RunTime:0.000551s ]
INFO: [ app_end ] --START--
INFO: Run Behavior\ShowPageTraceBehavior [ RunTime:0.000625s ]
INFO: [ app_end ] --END-- [ RunTime:0.000668s ]
NOTIC: [8] Constant APP_DEBUG already defined G:\xampp\htdocs\hotel\index.php 第 30 行.

[ 2017-03-15T22:42:43+08:00 ] 127.0.0.1 /hotel/index.php?m=Admin&c=roomorder&a=end_stay
INFO: [ app_init ] --START--
INFO: Run Behavior\BuildLiteBehavior [ RunTime:0.000008s ]
INFO: [ app_init ] --END-- [ RunTime:0.000046s ]
INFO: [ app_begin ] --START--
INFO: Run Behavior\ReadHtmlCacheBehavior [ RunTime:0.000673s ]
INFO: [ app_begin ] --END-- [ RunTime:0.000711s ]
SQL: SHOW COLUMNS FROM `hotel_room_order` [ RunTime:0.1044s ]
SQL: select * from hotel_room_order where user_name='刘达'and endtime>'2017-03-14' and room_id='101'  and  instatus='已入住' and order_status='已支付' [ RunTime:0.0006s ]
INFO: [ view_parse ] --START--
INFO: [ template_filter ] --START--
INFO: Run Behavior\ContentReplaceBehavior [ RunTime:0.000035s ]
INFO: [ template_filter ] --END-- [ RunTime:0.000073s ]
NOTIC: [8] Use of undefined constant r_order_id - assumed 'r_order_id' G:\xampp\htdocs\hotel\Application\Runtime\Cache\Admin\790f3043bc59d21a51e6a7f2f3ef95b5.php 第 52 行.
NOTIC: [8] Undefined variable: pageList G:\xampp\htdocs\hotel\Application\Runtime\Cache\Admin\790f3043bc59d21a51e6a7f2f3ef95b5.php 第 61 行.
INFO: Run Behavior\ParseTemplateBehavior [ RunTime:0.008868s ]
INFO: [ view_parse ] --END-- [ RunTime:0.008923s ]
INFO: [ view_filter ] --START--
INFO: Run Behavior\WriteHtmlCacheBehavior [ RunTime:0.000717s ]
INFO: [ view_filter ] --END-- [ RunTime:0.000769s ]
INFO: [ app_end ] --START--
INFO: Run Behavior\ShowPageTraceBehavior [ RunTime:0.000928s ]
INFO: [ app_end ] --END-- [ RunTime:0.000976s ]
NOTIC: [8] Constant APP_DEBUG already defined G:\xampp\htdocs\hotel\index.php 第 30 行.

[ 2017-03-15T22:42:45+08:00 ] 127.0.0.1 /hotel/index.php?m=Admin&c=roomorder&a=edit_outstatus&r_order_id=261
INFO: [ app_init ] --START--
INFO: Run Behavior\BuildLiteBehavior [ RunTime:0.000008s ]
INFO: [ app_init ] --END-- [ RunTime:0.000041s ]
INFO: [ app_begin ] --START--
INFO: Run Behavior\ReadHtmlCacheBehavior [ RunTime:0.000399s ]
INFO: [ app_begin ] --END-- [ RunTime:0.000437s ]
SQL: SHOW COLUMNS FROM `hotel_room_order` [ RunTime:0.0044s ]
SQL: SELECT * FROM `hotel_room_order` WHERE ( r_order_id=261 ) LIMIT 1   [ RunTime:0.0005s ]
INFO: [ view_parse ] --START--
INFO: [ template_filter ] --START--
INFO: Run Behavior\ContentReplaceBehavior [ RunTime:0.000035s ]
INFO: [ template_filter ] --END-- [ RunTime:0.000075s ]
INFO: Run Behavior\ParseTemplateBehavior [ RunTime:0.005568s ]
INFO: [ view_parse ] --END-- [ RunTime:0.005614s ]
INFO: [ view_filter ] --START--
INFO: Run Behavior\WriteHtmlCacheBehavior [ RunTime:0.000370s ]
INFO: [ view_filter ] --END-- [ RunTime:0.000395s ]
INFO: [ app_end ] --START--
INFO: Run Behavior\ShowPageTraceBehavior [ RunTime:0.000429s ]
INFO: [ app_end ] --END-- [ RunTime:0.000454s ]
NOTIC: [8] Constant APP_DEBUG already defined G:\xampp\htdocs\hotel\index.php 第 30 行.

[ 2017-03-15T22:42:47+08:00 ] 127.0.0.1 /hotel/index.php?m=Admin&c=roomorder&a=edit_out
INFO: [ app_init ] --START--
INFO: Run Behavior\BuildLiteBehavior [ RunTime:0.000011s ]
INFO: [ app_init ] --END-- [ RunTime:0.000058s ]
INFO: [ app_begin ] --START--
INFO: Run Behavior\ReadHtmlCacheBehavior [ RunTime:0.000451s ]
INFO: [ app_begin ] --END-- [ RunTime:0.000503s ]
NOTIC: [8] Undefined index: startDate G:\xampp\htdocs\hotel\Application\Admin\Controller\RoomorderController.class.php 第 189 行.
NOTIC: [8] Undefined index: endDate G:\xampp\htdocs\hotel\Application\Admin\Controller\RoomorderController.class.php 第 190 行.
SQL: SHOW COLUMNS FROM `hotel_room_order` [ RunTime:0.0043s ]
SQL: SELECT `endtime` FROM `hotel_room_order` WHERE ( r_order_id='261' )  [ RunTime:0.0003s ]
SQL: SELECT `starttime` FROM `hotel_room_order` WHERE ( r_order_id='261' )  [ RunTime:0.0002s ]
SQL: SELECT `price` FROM `hotel_room_order` WHERE ( r_order_id='261' )  [ RunTime:0.0002s ]
SQL: SELECT `room_id` FROM `hotel_room_order` WHERE ( r_order_id=261 )  [ RunTime:0.0002s ]
INFO: [ view_parse ] --START--
INFO: [ template_filter ] --START--
INFO: Run Behavior\ContentReplaceBehavior [ RunTime:0.000029s ]
INFO: [ template_filter ] --END-- [ RunTime:0.000066s ]
INFO: Run Behavior\ParseTemplateBehavior [ RunTime:0.004819s ]
INFO: [ view_parse ] --END-- [ RunTime:0.004856s ]
INFO: [ view_filter ] --START--
INFO: Run Behavior\WriteHtmlCacheBehavior [ RunTime:0.000361s ]
INFO: [ view_filter ] --END-- [ RunTime:0.000391s ]

[ 2017-03-15T22:42:50+08:00 ] 127.0.0.1 /hotel/index.php?m=Admin&c=roomorder&a=edit_out
INFO: [ app_init ] --START--
INFO: Run Behavior\BuildLiteBehavior [ RunTime:0.000022s ]
INFO: [ app_init ] --END-- [ RunTime:0.000122s ]
INFO: [ app_begin ] --START--
INFO: Run Behavior\ReadHtmlCacheBehavior [ RunTime:0.000735s ]
INFO: [ app_begin ] --END-- [ RunTime:0.000819s ]
NOTIC: [8] Undefined index: startDate G:\xampp\htdocs\hotel\Application\Admin\Controller\RoomorderController.class.php 第 189 行.
NOTIC: [8] Undefined index: endDate G:\xampp\htdocs\hotel\Application\Admin\Controller\RoomorderController.class.php 第 190 行.
SQL: SHOW COLUMNS FROM `hotel_room_order` [ RunTime:0.0086s ]
SQL: SELECT `endtime` FROM `hotel_room_order` WHERE ( r_order_id='261' )  [ RunTime:0.0003s ]
SQL: SELECT `starttime` FROM `hotel_room_order` WHERE ( r_order_id='261' )  [ RunTime:0.0002s ]
SQL: SELECT `price` FROM `hotel_room_order` WHERE ( r_order_id='261' )  [ RunTime:0.0002s ]
SQL: SELECT `room_id` FROM `hotel_room_order` WHERE ( r_order_id=261 )  [ RunTime:0.0002s ]
SQL: UPDATE `hotel_room_order` SET `out_time`='2017-03-15 22-03-50',`real_money`='300',`instatus`='已退房',`operator`='1001' WHERE `r_order_id` = 261 [ RunTime:0.1359s ]
SQL: SHOW COLUMNS FROM `hotel_log` [ RunTime:0.0053s ]
SQL: INSERT INTO `hotel_log` (`operator`,`time`,`operation`,`order_id`,`room_id`) VALUES ('1001','2017-03-15 22-03-50','办理退房','261','101') [ RunTime:0.1046s ]
INFO: [ view_parse ] --START--
INFO: [ template_filter ] --START--
INFO: Run Behavior\ContentReplaceBehavior [ RunTime:0.000048s ]
INFO: [ template_filter ] --END-- [ RunTime:0.000115s ]
INFO: Run Behavior\ParseTemplateBehavior [ RunTime:0.008334s ]
INFO: [ view_parse ] --END-- [ RunTime:0.008407s ]
INFO: [ view_filter ] --START--
INFO: Run Behavior\WriteHtmlCacheBehavior [ RunTime:0.000671s ]
INFO: [ view_filter ] --END-- [ RunTime:0.000725s ]
INFO: [ app_end ] --START--
INFO: Run Behavior\ShowPageTraceBehavior [ RunTime:0.000695s ]
INFO: [ app_end ] --END-- [ RunTime:0.000747s ]
NOTIC: [8] Constant APP_DEBUG already defined G:\xampp\htdocs\hotel\index.php 第 30 行.

[ 2017-03-15T22:42:57+08:00 ] 127.0.0.1 /hotel/index.php?m=Admin&c=productionorder&a=index
INFO: [ app_init ] --START--
INFO: Run Behavior\BuildLiteBehavior [ RunTime:0.000013s ]
INFO: [ app_init ] --END-- [ RunTime:0.000066s ]
INFO: [ app_begin ] --START--
INFO: Run Behavior\ReadHtmlCacheBehavior [ RunTime:0.000597s ]
INFO: [ app_begin ] --END-- [ RunTime:0.000673s ]
SQL: SHOW COLUMNS FROM `hotel_production` [ RunTime:0.0044s ]
SQL: SELECT `production_price` FROM `hotel_production` WHERE ( production_name='纯净水' )  [ RunTime:0.0003s ]
SQL: SELECT `production_price` FROM `hotel_production` WHERE ( production_name='方便面' )  [ RunTime:0.0002s ]
SQL: SELECT `production_price` FROM `hotel_production` WHERE ( production_name='牙膏' )  [ RunTime:0.0002s ]
SQL: SELECT `production_price` FROM `hotel_production` WHERE ( production_name='牙刷' )  [ RunTime:0.0002s ]
SQL: SELECT `production_price` FROM `hotel_production` WHERE ( production_name='毛巾' )  [ RunTime:0.0002s ]
SQL: SELECT `production_number` FROM `hotel_production` WHERE ( production_name='纯净水' )  [ RunTime:0.0002s ]
SQL: SELECT `production_number` FROM `hotel_production` WHERE ( production_name='方便面' )  [ RunTime:0.0002s ]
SQL: SELECT `production_number` FROM `hotel_production` WHERE ( production_name='牙膏' )  [ RunTime:0.0003s ]
SQL: SELECT `production_number` FROM `hotel_production` WHERE ( production_name='牙刷' )  [ RunTime:0.0003s ]
SQL: SELECT `production_number` FROM `hotel_production` WHERE ( production_name='毛巾' )  [ RunTime:0.0002s ]
INFO: [ view_parse ] --START--
INFO: [ template_filter ] --START--
INFO: Run Behavior\ContentReplaceBehavior [ RunTime:0.000059s ]
INFO: [ template_filter ] --END-- [ RunTime:0.000105s ]
INFO: Run Behavior\ParseTemplateBehavior [ RunTime:0.005691s ]
INFO: [ view_parse ] --END-- [ RunTime:0.005750s ]
INFO: [ view_filter ] --START--
INFO: Run Behavior\WriteHtmlCacheBehavior [ RunTime:0.000355s ]
INFO: [ view_filter ] --END-- [ RunTime:0.000381s ]
INFO: [ app_end ] --START--
INFO: Run Behavior\ShowPageTraceBehavior [ RunTime:0.000361s ]
INFO: [ app_end ] --END-- [ RunTime:0.000388s ]
NOTIC: [8] Constant APP_DEBUG already defined G:\xampp\htdocs\hotel\index.php 第 30 行.

[ 2017-03-15T22:43:05+08:00 ] 127.0.0.1 /hotel/index.php?m=Admin&c=productionorder&a=info
INFO: [ app_init ] --START--
INFO: Run Behavior\BuildLiteBehavior [ RunTime:0.000009s ]
INFO: [ app_init ] --END-- [ RunTime:0.000048s ]
INFO: [ app_begin ] --START--
INFO: Run Behavior\ReadHtmlCacheBehavior [ RunTime:0.000524s ]
INFO: [ app_begin ] --END-- [ RunTime:0.000577s ]
SQL: SHOW COLUMNS FROM `hotel_production` [ RunTime:0.0041s ]
SQL: SELECT `production_price` FROM `hotel_production` WHERE ( production_name='纯净水' )  [ RunTime:0.0004s ]
SQL: SELECT `production_price` FROM `hotel_production` WHERE ( production_name='方便面' )  [ RunTime:0.0003s ]
SQL: SELECT `production_price` FROM `hotel_production` WHERE ( production_name='牙膏' )  [ RunTime:0.0002s ]
SQL: SELECT `production_price` FROM `hotel_production` WHERE ( production_name='牙刷' )  [ RunTime:0.0002s ]
SQL: SELECT `production_price` FROM `hotel_production` WHERE ( production_name='毛巾' )  [ RunTime:0.0002s ]
SQL: SHOW COLUMNS FROM `hotel_room_order` [ RunTime:0.0054s ]
SQL: SELECT `user_id` FROM `hotel_room_order` WHERE ( room_id='101'and starttime='2017-03-15'and instatus='已入住' )  [ RunTime:0.0003s ]
SQL: SELECT `user_id` FROM `hotel_room_order` WHERE ( room_id='101'and endtime='2017-03-15'and instatus='已入住' )  [ RunTime:0.0002s ]
NOTIC: [8] Undefined offset: 0 G:\xampp\htdocs\hotel\Application\Admin\Controller\ProductionorderController.class.php 第 52 行.
NOTIC: [8] Undefined offset: 0 G:\xampp\htdocs\hotel\Application\Admin\Controller\ProductionorderController.class.php 第 53 行.
SQL: SELECT `production_number` FROM `hotel_production` WHERE ( production_name='纯净水' )  [ RunTime:0.0002s ]
SQL: SELECT `production_number` FROM `hotel_production` WHERE ( production_name='方便面' )  [ RunTime:0.0002s ]
SQL: SELECT `production_number` FROM `hotel_production` WHERE ( production_name='牙膏' )  [ RunTime:0.0002s ]
SQL: SELECT `production_number` FROM `hotel_production` WHERE ( production_name='牙刷' )  [ RunTime:0.0002s ]
SQL: SELECT `production_number` FROM `hotel_production` WHERE ( production_name='毛巾' )  [ RunTime:0.0002s ]
SQL: UPDATE `hotel_production` SET `production_number`='53' WHERE `production_name` = '纯净水' [ RunTime:0.1562s ]
SQL: UPDATE `hotel_production` SET `production_number`='49' WHERE `production_name` = '方便面' [ RunTime:0.0764s ]
SQL: UPDATE `hotel_production` SET `production_number`='59' WHERE `production_name` = '牙膏' [ RunTime:0.0563s ]
SQL: UPDATE `hotel_production` SET `production_number`='50' WHERE `production_name` = '牙刷' [ RunTime:0.0336s ]
SQL: UPDATE `hotel_production` SET `production_number`='60' WHERE `production_name` = '毛巾' [ RunTime:0.0494s ]
INFO: [ view_parse ] --START--
INFO: [ template_filter ] --START--
INFO: Run Behavior\ContentReplaceBehavior [ RunTime:0.000032s ]
INFO: [ template_filter ] --END-- [ RunTime:0.000068s ]
INFO: Run Behavior\ParseTemplateBehavior [ RunTime:0.004817s ]
INFO: [ view_parse ] --END-- [ RunTime:0.004874s ]
INFO: [ view_filter ] --START--
INFO: Run Behavior\WriteHtmlCacheBehavior [ RunTime:0.000334s ]
INFO: [ view_filter ] --END-- [ RunTime:0.000369s ]

