[ 2017-01-24T16:35:15+08:00 ] 127.0.0.1 /hotel/index.php?m=Roomer&c=login&a=index
INFO: [ app_init ] --START--
INFO: Run Behavior\BuildLiteBehavior [ RunTime:0.000013s ]
INFO: [ app_init ] --END-- [ RunTime:0.004202s ]
INFO: [ app_begin ] --START--
INFO: Run Behavior\ReadHtmlCacheBehavior [ RunTime:0.001161s ]
INFO: [ app_begin ] --END-- [ RunTime:0.001255s ]
INFO: [ view_parse ] --START--
INFO: [ template_filter ] --START--
INFO: Run Behavior\ContentReplaceBehavior [ RunTime:0.009336s ]
INFO: [ template_filter ] --END-- [ RunTime:0.009427s ]
INFO: Run Behavior\ParseTemplateBehavior [ RunTime:0.053632s ]
INFO: [ view_parse ] --END-- [ RunTime:0.053702s ]
INFO: [ view_filter ] --START--
INFO: Run Behavior\WriteHtmlCacheBehavior [ RunTime:0.001247s ]
INFO: [ view_filter ] --END-- [ RunTime:0.001289s ]
INFO: [ app_end ] --START--
INFO: Run Behavior\ShowPageTraceBehavior [ RunTime:0.001045s ]
INFO: [ app_end ] --END-- [ RunTime:0.001090s ]
NOTIC: [8] Constant APP_DEBUG already defined H:\xampp\htdocs\hotel\index.php 第 30 行.

[ 2017-01-24T16:53:07+08:00 ] 127.0.0.1 /hotel/index.php?m=Roomer&c=login&a=index
INFO: [ app_init ] --START--
INFO: Run Behavior\BuildLiteBehavior [ RunTime:0.000011s ]
INFO: [ app_init ] --END-- [ RunTime:0.000058s ]
INFO: [ app_begin ] --START--
INFO: Run Behavior\ReadHtmlCacheBehavior [ RunTime:0.000679s ]
INFO: [ app_begin ] --END-- [ RunTime:0.000727s ]
INFO: [ view_parse ] --START--
INFO: [ template_filter ] --START--
INFO: Run Behavior\ContentReplaceBehavior [ RunTime:0.000037s ]
INFO: [ template_filter ] --END-- [ RunTime:0.000080s ]
INFO: Run Behavior\ParseTemplateBehavior [ RunTime:0.005900s ]
INFO: [ view_parse ] --END-- [ RunTime:0.005950s ]
INFO: [ view_filter ] --START--
INFO: Run Behavior\WriteHtmlCacheBehavior [ RunTime:0.000764s ]
INFO: [ view_filter ] --END-- [ RunTime:0.000801s ]
INFO: [ app_end ] --START--
INFO: Run Behavior\ShowPageTraceBehavior [ RunTime:0.000538s ]
INFO: [ app_end ] --END-- [ RunTime:0.000613s ]
NOTIC: [8] Constant APP_DEBUG already defined H:\xampp\htdocs\hotel\index.php 第 30 行.

[ 2017-01-24T16:53:10+08:00 ] 127.0.0.1 /hotel/index.php?m=Roomer&c=login&a=login
INFO: [ app_init ] --START--
INFO: Run Behavior\BuildLiteBehavior [ RunTime:0.000010s ]
INFO: [ app_init ] --END-- [ RunTime:0.000052s ]
INFO: [ app_begin ] --START--
INFO: Run Behavior\ReadHtmlCacheBehavior [ RunTime:0.000419s ]
INFO: [ app_begin ] --END-- [ RunTime:0.000463s ]
SQL: SHOW COLUMNS FROM `hotel_roomer` [ RunTime:0.2763s ]
SQL: SELECT * FROM `hotel_roomer` WHERE ( roomer_id='4001' AND roomer_password='e10adc3949ba59abbe56e057f20f883e' ) LIMIT 1   [ RunTime:0.0404s ]
SQL: UPDATE `hotel_roomer` SET `last_login_time`='2017-01-24 16:53:10' WHERE ( roomer_id=4001 ) [ RunTime:0.0623s ]

[ 2017-01-24T16:53:10+08:00 ] 127.0.0.1 /hotel/index.php?m=Roomer&c=Index&a=index
INFO: [ app_init ] --START--
INFO: Run Behavior\BuildLiteBehavior [ RunTime:0.000009s ]
INFO: [ app_init ] --END-- [ RunTime:0.000044s ]
INFO: [ app_begin ] --START--
INFO: Run Behavior\ReadHtmlCacheBehavior [ RunTime:0.000574s ]
INFO: [ app_begin ] --END-- [ RunTime:0.000629s ]
INFO: [ view_parse ] --START--
INFO: [ template_filter ] --START--
INFO: Run Behavior\ContentReplaceBehavior [ RunTime:0.000039s ]
INFO: [ template_filter ] --END-- [ RunTime:0.000083s ]
INFO: Run Behavior\ParseTemplateBehavior [ RunTime:0.018620s ]
INFO: [ view_parse ] --END-- [ RunTime:0.018691s ]
INFO: [ view_filter ] --START--
INFO: Run Behavior\WriteHtmlCacheBehavior [ RunTime:0.000281s ]
INFO: [ view_filter ] --END-- [ RunTime:0.000309s ]
INFO: [ app_end ] --START--
INFO: Run Behavior\ShowPageTraceBehavior [ RunTime:0.000420s ]
INFO: [ app_end ] --END-- [ RunTime:0.000451s ]
NOTIC: [8] Constant APP_DEBUG already defined H:\xampp\htdocs\hotel\index.php 第 30 行.

[ 2017-01-24T16:53:10+08:00 ] 127.0.0.1 /hotel/index.php?m=Roomer&c=index&a=info
INFO: [ app_init ] --START--
INFO: Run Behavior\BuildLiteBehavior [ RunTime:0.000009s ]
INFO: [ app_init ] --END-- [ RunTime:0.000046s ]
INFO: [ app_begin ] --START--
INFO: Run Behavior\ReadHtmlCacheBehavior [ RunTime:0.000769s ]
INFO: [ app_begin ] --END-- [ RunTime:0.000828s ]
SQL: SHOW COLUMNS FROM `hotel_roomer` [ RunTime:0.0035s ]
SQL: SELECT * FROM `hotel_roomer` WHERE ( roomer_name='刘希' ) LIMIT 1   [ RunTime:0.0003s ]
INFO: [ view_parse ] --START--
INFO: [ template_filter ] --START--
INFO: Run Behavior\ContentReplaceBehavior [ RunTime:0.000032s ]
INFO: [ template_filter ] --END-- [ RunTime:0.000073s ]
INFO: Run Behavior\ParseTemplateBehavior [ RunTime:0.025635s ]
INFO: [ view_parse ] --END-- [ RunTime:0.025692s ]
INFO: [ view_filter ] --START--
INFO: Run Behavior\WriteHtmlCacheBehavior [ RunTime:0.000469s ]
INFO: [ view_filter ] --END-- [ RunTime:0.000501s ]
INFO: [ app_end ] --START--
INFO: Run Behavior\ShowPageTraceBehavior [ RunTime:0.000752s ]
INFO: [ app_end ] --END-- [ RunTime:0.000802s ]
NOTIC: [8] Constant APP_DEBUG already defined H:\xampp\htdocs\hotel\index.php 第 30 行.

[ 2017-01-24T16:53:15+08:00 ] 127.0.0.1 /hotel/index.php?m=Roomer&c=profit&a=pie
INFO: [ app_init ] --START--
INFO: Run Behavior\BuildLiteBehavior [ RunTime:0.000012s ]
INFO: [ app_init ] --END-- [ RunTime:0.000055s ]
INFO: [ app_begin ] --START--
INFO: Run Behavior\ReadHtmlCacheBehavior [ RunTime:0.000390s ]
INFO: [ app_begin ] --END-- [ RunTime:0.000429s ]
SQL: SHOW COLUMNS FROM `hotel_room_order` [ RunTime:0.1295s ]
NOTIC: [8] Use of undefined constant price - assumed 'price' H:\xampp\htdocs\hotel\Application\Roomer\Controller\ProfitController.class.php 第 74 行.
SQL: SELECT SUM(price) AS tp_sum FROM `hotel_room_order` WHERE ( category='豪华单人房'   AND order_status='已支付'  AND month(starttime) = '01' ) LIMIT 1   [ RunTime:0.0003s ]
NOTIC: [8] Use of undefined constant price - assumed 'price' H:\xampp\htdocs\hotel\Application\Roomer\Controller\ProfitController.class.php 第 75 行.
SQL: SELECT SUM(price) AS tp_sum FROM `hotel_room_order` WHERE ( category='豪华双人房'   AND order_status='已支付'  AND month(starttime) = '01' ) LIMIT 1   [ RunTime:0.0002s ]
NOTIC: [8] Use of undefined constant price - assumed 'price' H:\xampp\htdocs\hotel\Application\Roomer\Controller\ProfitController.class.php 第 76 行.
SQL: SELECT SUM(price) AS tp_sum FROM `hotel_room_order` WHERE ( category='标准单人房' AND order_status='已支付'  AND month(starttime) = '01' ) LIMIT 1   [ RunTime:0.0002s ]
NOTIC: [8] Use of undefined constant price - assumed 'price' H:\xampp\htdocs\hotel\Application\Roomer\Controller\ProfitController.class.php 第 77 行.
SQL: SELECT SUM(price) AS tp_sum FROM `hotel_room_order` WHERE ( category='标准双人房' AND order_status='已支付'  AND month(starttime) = '01'  ) LIMIT 1   [ RunTime:0.0002s ]
INFO: [ view_parse ] --START--
INFO: [ template_filter ] --START--
INFO: Run Behavior\ContentReplaceBehavior [ RunTime:0.000034s ]
INFO: [ template_filter ] --END-- [ RunTime:0.000079s ]
INFO: Run Behavior\ParseTemplateBehavior [ RunTime:0.040410s ]
INFO: [ view_parse ] --END-- [ RunTime:0.040511s ]
INFO: [ view_filter ] --START--
INFO: Run Behavior\WriteHtmlCacheBehavior [ RunTime:0.000280s ]
INFO: [ view_filter ] --END-- [ RunTime:0.000316s ]
INFO: [ app_end ] --START--
INFO: Run Behavior\ShowPageTraceBehavior [ RunTime:0.000416s ]
INFO: [ app_end ] --END-- [ RunTime:0.000449s ]
NOTIC: [8] Constant APP_DEBUG already defined H:\xampp\htdocs\hotel\index.php 第 30 行.

[ 2017-01-24T16:53:16+08:00 ] 127.0.0.1 /hotel/index.php?m=Roomer&c=profit&a=index
INFO: [ app_init ] --START--
INFO: Run Behavior\BuildLiteBehavior [ RunTime:0.000011s ]
INFO: [ app_init ] --END-- [ RunTime:0.000057s ]
INFO: [ app_begin ] --START--
INFO: Run Behavior\ReadHtmlCacheBehavior [ RunTime:0.000440s ]
INFO: [ app_begin ] --END-- [ RunTime:0.000494s ]
SQL: SHOW COLUMNS FROM `hotel_room_order` [ RunTime:0.0050s ]
NOTIC: [8] Use of undefined constant price - assumed 'price' H:\xampp\htdocs\hotel\Application\Roomer\Controller\ProfitController.class.php 第 28 行.
SQL: SELECT SUM(price) AS tp_sum FROM `hotel_room_order` WHERE ( category='豪华单人房' AND year(starttime)='2017' AND month(starttime) = '1' AND order_status='已支付'  ) LIMIT 1   [ RunTime:0.0003s ]
NOTIC: [8] Use of undefined constant price - assumed 'price' H:\xampp\htdocs\hotel\Application\Roomer\Controller\ProfitController.class.php 第 29 行.
SQL: SELECT SUM(price) AS tp_sum FROM `hotel_room_order` WHERE ( category='豪华双人房' AND year(starttime)='2017' AND month(starttime) = '1' AND order_status='已支付'  ) LIMIT 1   [ RunTime:0.0002s ]
NOTIC: [8] Use of undefined constant price - assumed 'price' H:\xampp\htdocs\hotel\Application\Roomer\Controller\ProfitController.class.php 第 30 行.
SQL: SELECT SUM(price) AS tp_sum FROM `hotel_room_order` WHERE ( category='标准单人房' AND year(starttime)='2017' AND month(starttime) = '1' AND order_status='已支付'  ) LIMIT 1   [ RunTime:0.0003s ]
NOTIC: [8] Use of undefined constant price - assumed 'price' H:\xampp\htdocs\hotel\Application\Roomer\Controller\ProfitController.class.php 第 31 行.
SQL: SELECT SUM(price) AS tp_sum FROM `hotel_room_order` WHERE ( category='标准双人房' AND year(starttime)='2017' AND month(starttime) = '1' AND order_status='已支付'  ) LIMIT 1   [ RunTime:0.0002s ]
NOTIC: [8] Use of undefined constant price - assumed 'price' H:\xampp\htdocs\hotel\Application\Roomer\Controller\ProfitController.class.php 第 42 行.
SQL: SELECT SUM(price) AS tp_sum FROM `hotel_room_order` WHERE ( category='豪华单人房' AND year(starttime)='2016' AND month(starttime) = '12' AND order_status='已支付'  ) LIMIT 1   [ RunTime:0.0002s ]
NOTIC: [8] Use of undefined constant price - assumed 'price' H:\xampp\htdocs\hotel\Application\Roomer\Controller\ProfitController.class.php 第 43 行.
SQL: SELECT SUM(price) AS tp_sum FROM `hotel_room_order` WHERE ( category='豪华双人房' AND year(starttime)='2016' AND month(starttime) = '12' AND order_status='已支付'  ) LIMIT 1   [ RunTime:0.0002s ]
NOTIC: [8] Use of undefined constant price - assumed 'price' H:\xampp\htdocs\hotel\Application\Roomer\Controller\ProfitController.class.php 第 44 行.
SQL: SELECT SUM(price) AS tp_sum FROM `hotel_room_order` WHERE ( category='标准单人房' AND year(starttime)='2016' AND month(starttime) = '12' AND order_status='已支付'  ) LIMIT 1   [ RunTime:0.0002s ]
NOTIC: [8] Use of undefined constant price - assumed 'price' H:\xampp\htdocs\hotel\Application\Roomer\Controller\ProfitController.class.php 第 45 行.
SQL: SELECT SUM(price) AS tp_sum FROM `hotel_room_order` WHERE ( category='标准双人房' AND year(starttime)='2016' AND month(starttime) = '12' AND order_status='已支付'  ) LIMIT 1   [ RunTime:0.0002s ]
NOTIC: [8] Use of undefined constant price - assumed 'price' H:\xampp\htdocs\hotel\Application\Roomer\Controller\ProfitController.class.php 第 42 行.
SQL: SELECT SUM(price) AS tp_sum FROM `hotel_room_order` WHERE ( category='豪华单人房' AND year(starttime)='2016' AND month(starttime) = '11' AND order_status='已支付'  ) LIMIT 1   [ RunTime:0.0003s ]
NOTIC: [8] Use of undefined constant price - assumed 'price' H:\xampp\htdocs\hotel\Application\Roomer\Controller\ProfitController.class.php 第 43 行.
SQL: SELECT SUM(price) AS tp_sum FROM `hotel_room_order` WHERE ( category='豪华双人房' AND year(starttime)='2016' AND month(starttime) = '11' AND order_status='已支付'  ) LIMIT 1   [ RunTime:0.0002s ]
NOTIC: [8] Use of undefined constant price - assumed 'price' H:\xampp\htdocs\hotel\Application\Roomer\Controller\ProfitController.class.php 第 44 行.
SQL: SELECT SUM(price) AS tp_sum FROM `hotel_room_order` WHERE ( category='标准单人房' AND year(starttime)='2016' AND month(starttime) = '11' AND order_status='已支付'  ) LIMIT 1   [ RunTime:0.0002s ]
NOTIC: [8] Use of undefined constant price - assumed 'price' H:\xampp\htdocs\hotel\Application\Roomer\Controller\ProfitController.class.php 第 45 行.
SQL: SELECT SUM(price) AS tp_sum FROM `hotel_room_order` WHERE ( category='标准双人房' AND year(starttime)='2016' AND month(starttime) = '11' AND order_status='已支付'  ) LIMIT 1   [ RunTime:0.0002s ]
NOTIC: [8] Use of undefined constant price - assumed 'price' H:\xampp\htdocs\hotel\Application\Roomer\Controller\ProfitController.class.php 第 42 行.
SQL: SELECT SUM(price) AS tp_sum FROM `hotel_room_order` WHERE ( category='豪华单人房' AND year(starttime)='2016' AND month(starttime) = '10' AND order_status='已支付'  ) LIMIT 1   [ RunTime:0.0002s ]
NOTIC: [8] Use of undefined constant price - assumed 'price' H:\xampp\htdocs\hotel\Application\Roomer\Controller\ProfitController.class.php 第 43 行.
SQL: SELECT SUM(price) AS tp_sum FROM `hotel_room_order` WHERE ( category='豪华双人房' AND year(starttime)='2016' AND month(starttime) = '10' AND order_status='已支付'  ) LIMIT 1   [ RunTime:0.0002s ]
NOTIC: [8] Use of undefined constant price - assumed 'price' H:\xampp\htdocs\hotel\Application\Roomer\Controller\ProfitController.class.php 第 44 行.
SQL: SELECT SUM(price) AS tp_sum FROM `hotel_room_order` WHERE ( category='标准单人房' AND year(starttime)='2016' AND month(starttime) = '10' AND order_status='已支付'  ) LIMIT 1   [ RunTime:0.0002s ]
NOTIC: [8] Use of undefined constant price - assumed 'price' H:\xampp\htdocs\hotel\Application\Roomer\Controller\ProfitController.class.php 第 45 行.
SQL: SELECT SUM(price) AS tp_sum FROM `hotel_room_order` WHERE ( category='标准双人房' AND year(starttime)='2016' AND month(starttime) = '10' AND order_status='已支付'  ) LIMIT 1   [ RunTime:0.0002s ]
NOTIC: [8] Use of undefined constant price - assumed 'price' H:\xampp\htdocs\hotel\Application\Roomer\Controller\ProfitController.class.php 第 42 行.
SQL: SELECT SUM(price) AS tp_sum FROM `hotel_room_order` WHERE ( category='豪华单人房' AND year(starttime)='2016' AND month(starttime) = '9' AND order_status='已支付'  ) LIMIT 1   [ RunTime:0.0002s ]
NOTIC: [8] Use of undefined constant price - assumed 'price' H:\xampp\htdocs\hotel\Application\Roomer\Controller\ProfitController.class.php 第 43 行.
SQL: SELECT SUM(price) AS tp_sum FROM `hotel_room_order` WHERE ( category='豪华双人房' AND year(starttime)='2016' AND month(starttime) = '9' AND order_status='已支付'  ) LIMIT 1   [ RunTime:0.0002s ]
NOTIC: [8] Use of undefined constant price - assumed 'price' H:\xampp\htdocs\hotel\Application\Roomer\Controller\ProfitController.class.php 第 44 行.
SQL: SELECT SUM(price) AS tp_sum FROM `hotel_room_order` WHERE ( category='标准单人房' AND year(starttime)='2016' AND month(starttime) = '9' AND order_status='已支付'  ) LIMIT 1   [ RunTime:0.0002s ]
NOTIC: [8] Use of undefined constant price - assumed 'price' H:\xampp\htdocs\hotel\Application\Roomer\Controller\ProfitController.class.php 第 45 行.
SQL: SELECT SUM(price) AS tp_sum FROM `hotel_room_order` WHERE ( category='标准双人房' AND year(starttime)='2016' AND month(starttime) = '9' AND order_status='已支付'  ) LIMIT 1   [ RunTime:0.0002s ]
NOTIC: [8] Use of undefined constant price - assumed 'price' H:\xampp\htdocs\hotel\Application\Roomer\Controller\ProfitController.class.php 第 42 行.
SQL: SELECT SUM(price) AS tp_sum FROM `hotel_room_order` WHERE ( category='豪华单人房' AND year(starttime)='2016' AND month(starttime) = '8' AND order_status='已支付'  ) LIMIT 1   [ RunTime:0.0002s ]
NOTIC: [8] Use of undefined constant price - assumed 'price' H:\xampp\htdocs\hotel\Application\Roomer\Controller\ProfitController.class.php 第 43 行.
SQL: SELECT SUM(price) AS tp_sum FROM `hotel_room_order` WHERE ( category='豪华双人房' AND year(starttime)='2016' AND month(starttime) = '8' AND order_status='已支付'  ) LIMIT 1   [ RunTime:0.0002s ]
NOTIC: [8] Use of undefined constant price - assumed 'price' H:\xampp\htdocs\hotel\Application\Roomer\Controller\ProfitController.class.php 第 44 行.
SQL: SELECT SUM(price) AS tp_sum FROM `hotel_room_order` WHERE ( category='标准单人房' AND year(starttime)='2016' AND month(starttime) = '8' AND order_status='已支付'  ) LIMIT 1   [ RunTime:0.0002s ]
NOTIC: [8] Use of undefined constant price - assumed 'price' H:\xampp\htdocs\hotel\Application\Roomer\Controller\ProfitController.class.php 第 45 行.
SQL: SELECT SUM(price) AS tp_sum FROM `hotel_room_order` WHERE ( category='标准双人房' AND year(starttime)='2016' AND month(starttime) = '8' AND order_status='已支付'  ) LIMIT 1   [ RunTime:0.0002s ]
NOTIC: [8] Use of undefined constant price - assumed 'price' H:\xampp\htdocs\hotel\Application\Roomer\Controller\ProfitController.class.php 第 42 行.
SQL: SELECT SUM(price) AS tp_sum FROM `hotel_room_order` WHERE ( category='豪华单人房' AND year(starttime)='2016' AND month(starttime) = '7' AND order_status='已支付'  ) LIMIT 1   [ RunTime:0.0002s ]
NOTIC: [8] Use of undefined constant price - assumed 'price' H:\xampp\htdocs\hotel\Application\Roomer\Controller\ProfitController.class.php 第 43 行.
SQL: SELECT SUM(price) AS tp_sum FROM `hotel_room_order` WHERE ( category='豪华双人房' AND year(starttime)='2016' AND month(starttime) = '7' AND order_status='已支付'  ) LIMIT 1   [ RunTime:0.0009s ]
NOTIC: [8] Use of undefined constant price - assumed 'price' H:\xampp\htdocs\hotel\Application\Roomer\Controller\ProfitController.class.php 第 44 行.
SQL: SELECT SUM(price) AS tp_sum FROM `hotel_room_order` WHERE ( category='标准单人房' AND year(starttime)='2016' AND month(starttime) = '7' AND order_status='已支付'  ) LIMIT 1   [ RunTime:0.0007s ]
NOTIC: [8] Use of undefined constant price - assumed 'price' H:\xampp\htdocs\hotel\Application\Roomer\Controller\ProfitController.class.php 第 45 行.
SQL: SELECT SUM(price) AS tp_sum FROM `hotel_room_order` WHERE ( category='标准双人房' AND year(starttime)='2016' AND month(starttime) = '7' AND order_status='已支付'  ) LIMIT 1   [ RunTime:0.0004s ]
NOTIC: [8] Use of undefined constant price - assumed 'price' H:\xampp\htdocs\hotel\Application\Roomer\Controller\ProfitController.class.php 第 42 行.
SQL: SELECT SUM(price) AS tp_sum FROM `hotel_room_order` WHERE ( category='豪华单人房' AND year(starttime)='2016' AND month(starttime) = '6' AND order_status='已支付'  ) LIMIT 1   [ RunTime:0.0003s ]
NOTIC: [8] Use of undefined constant price - assumed 'price' H:\xampp\htdocs\hotel\Application\Roomer\Controller\ProfitController.class.php 第 43 行.
SQL: SELECT SUM(price) AS tp_sum FROM `hotel_room_order` WHERE ( category='豪华双人房' AND year(starttime)='2016' AND month(starttime) = '6' AND order_status='已支付'  ) LIMIT 1   [ RunTime:0.0004s ]
NOTIC: [8] Use of undefined constant price - assumed 'price' H:\xampp\htdocs\hotel\Application\Roomer\Controller\ProfitController.class.php 第 44 行.
SQL: SELECT SUM(price) AS tp_sum FROM `hotel_room_order` WHERE ( category='标准单人房' AND year(starttime)='2016' AND month(starttime) = '6' AND order_status='已支付'  ) LIMIT 1   [ RunTime:0.0004s ]
NOTIC: [8] Use of undefined constant price - assumed 'price' H:\xampp\htdocs\hotel\Application\Roomer\Controller\ProfitController.class.php 第 45 行.
SQL: SELECT SUM(price) AS tp_sum FROM `hotel_room_order` WHERE ( category='标准双人房' AND year(starttime)='2016' AND month(starttime) = '6' AND order_status='已支付'  ) LIMIT 1   [ RunTime:0.0002s ]
NOTIC: [8] Use of undefined constant price - assumed 'price' H:\xampp\htdocs\hotel\Application\Roomer\Controller\ProfitController.class.php 第 42 行.
SQL: SELECT SUM(price) AS tp_sum FROM `hotel_room_order` WHERE ( category='豪华单人房' AND year(starttime)='2016' AND month(starttime) = '5' AND order_status='已支付'  ) LIMIT 1   [ RunTime:0.0002s ]
NOTIC: [8] Use of undefined constant price - assumed 'price' H:\xampp\htdocs\hotel\Application\Roomer\Controller\ProfitController.class.php 第 43 行.
SQL: SELECT SUM(price) AS tp_sum FROM `hotel_room_order` WHERE ( category='豪华双人房' AND year(starttime)='2016' AND month(starttime) = '5' AND order_status='已支付'  ) LIMIT 1   [ RunTime:0.0003s ]
NOTIC: [8] Use of undefined constant price - assumed 'price' H:\xampp\htdocs\hotel\Application\Roomer\Controller\ProfitController.class.php 第 44 行.
SQL: SELECT SUM(price) AS tp_sum FROM `hotel_room_order` WHERE ( category='标准单人房' AND year(starttime)='2016' AND month(starttime) = '5' AND order_status='已支付'  ) LIMIT 1   [ RunTime:0.0002s ]
NOTIC: [8] Use of undefined constant price - assumed 'price' H:\xampp\htdocs\hotel\Application\Roomer\Controller\ProfitController.class.php 第 45 行.
SQL: SELECT SUM(price) AS tp_sum FROM `hotel_room_order` WHERE ( category='标准双人房' AND year(starttime)='2016' AND month(starttime) = '5' AND order_status='已支付'  ) LIMIT 1   [ RunTime:0.0002s ]
NOTIC: [8] Use of undefined constant price - assumed 'price' H:\xampp\htdocs\hotel\Application\Roomer\Controller\ProfitController.class.php 第 42 行.
SQL: SELECT SUM(price) AS tp_sum FROM `hotel_room_order` WHERE ( category='豪华单人房' AND year(starttime)='2016' AND month(starttime) = '4' AND order_status='已支付'  ) LIMIT 1   [ RunTime:0.0003s ]
NOTIC: [8] Use of undefined constant price - assumed 'price' H:\xampp\htdocs\hotel\Application\Roomer\Controller\ProfitController.class.php 第 43 行.
SQL: SELECT SUM(price) AS tp_sum FROM `hotel_room_order` WHERE ( category='豪华双人房' AND year(starttime)='2016' AND month(starttime) = '4' AND order_status='已支付'  ) LIMIT 1   [ RunTime:0.0003s ]
NOTIC: [8] Use of undefined constant price - assumed 'price' H:\xampp\htdocs\hotel\Application\Roomer\Controller\ProfitController.class.php 第 44 行.
SQL: SELECT SUM(price) AS tp_sum FROM `hotel_room_order` WHERE ( category='标准单人房' AND year(starttime)='2016' AND month(starttime) = '4' AND order_status='已支付'  ) LIMIT 1   [ RunTime:0.0003s ]
NOTIC: [8] Use of undefined constant price - assumed 'price' H:\xampp\htdocs\hotel\Application\Roomer\Controller\ProfitController.class.php 第 45 行.
SQL: SELECT SUM(price) AS tp_sum FROM `hotel_room_order` WHERE ( category='标准双人房' AND year(starttime)='2016' AND month(starttime) = '4' AND order_status='已支付'  ) LIMIT 1   [ RunTime:0.0002s ]
NOTIC: [8] Use of undefined constant price - assumed 'price' H:\xampp\htdocs\hotel\Application\Roomer\Controller\ProfitController.class.php 第 42 行.
SQL: SELECT SUM(price) AS tp_sum FROM `hotel_room_order` WHERE ( category='豪华单人房' AND year(starttime)='2016' AND month(starttime) = '3' AND order_status='已支付'  ) LIMIT 1   [ RunTime:0.0002s ]
NOTIC: [8] Use of undefined constant price - assumed 'price' H:\xampp\htdocs\hotel\Application\Roomer\Controller\ProfitController.class.php 第 43 行.
SQL: SELECT SUM(price) AS tp_sum FROM `hotel_room_order` WHERE ( category='豪华双人房' AND year(starttime)='2016' AND month(starttime) = '3' AND order_status='已支付'  ) LIMIT 1   [ RunTime:0.0002s ]
NOTIC: [8] Use of undefined constant price - assumed 'price' H:\xampp\htdocs\hotel\Application\Roomer\Controller\ProfitController.class.php 第 44 行.
SQL: SELECT SUM(price) AS tp_sum FROM `hotel_room_order` WHERE ( category='标准单人房' AND year(starttime)='2016' AND month(starttime) = '3' AND order_status='已支付'  ) LIMIT 1   [ RunTime:0.0002s ]
NOTIC: [8] Use of undefined constant price - assumed 'price' H:\xampp\htdocs\hotel\Application\Roomer\Controller\ProfitController.class.php 第 45 行.
SQL: SELECT SUM(price) AS tp_sum FROM `hotel_room_order` WHERE ( category='标准双人房' AND year(starttime)='2016' AND month(starttime) = '3' AND order_status='已支付'  ) LIMIT 1   [ RunTime:0.0003s ]
NOTIC: [8] Use of undefined constant price - assumed 'price' H:\xampp\htdocs\hotel\Application\Roomer\Controller\ProfitController.class.php 第 42 行.
SQL: SELECT SUM(price) AS tp_sum FROM `hotel_room_order` WHERE ( category='豪华单人房' AND year(starttime)='2016' AND month(starttime) = '2' AND order_status='已支付'  ) LIMIT 1   [ RunTime:0.0002s ]
NOTIC: [8] Use of undefined constant price - assumed 'price' H:\xampp\htdocs\hotel\Application\Roomer\Controller\ProfitController.class.php 第 43 行.
SQL: SELECT SUM(price) AS tp_sum FROM `hotel_room_order` WHERE ( category='豪华双人房' AND year(starttime)='2016' AND month(starttime) = '2' AND order_status='已支付'  ) LIMIT 1   [ RunTime:0.0002s ]
NOTIC: [8] Use of undefined constant price - assumed 'price' H:\xampp\htdocs\hotel\Application\Roomer\Controller\ProfitController.class.php 第 44 行.
SQL: SELECT SUM(price) AS tp_sum FROM `hotel_room_order` WHERE ( category='标准单人房' AND year(starttime)='2016' AND month(starttime) = '2' AND order_status='已支付'  ) LIMIT 1   [ RunTime:0.0002s ]
NOTIC: [8] Use of undefined constant price - assumed 'price' H:\xampp\htdocs\hotel\Application\Roomer\Controller\ProfitController.class.php 第 45 行.
SQL: SELECT SUM(price) AS tp_sum FROM `hotel_room_order` WHERE ( category='标准双人房' AND year(starttime)='2016' AND month(starttime) = '2' AND order_status='已支付'  ) LIMIT 1   [ RunTime:0.0002s ]
INFO: [ view_parse ] --START--
INFO: [ template_filter ] --START--
INFO: Run Behavior\ContentReplaceBehavior [ RunTime:0.000069s ]
INFO: [ template_filter ] --END-- [ RunTime:0.000163s ]
INFO: Run Behavior\ParseTemplateBehavior [ RunTime:0.034777s ]
INFO: [ view_parse ] --END-- [ RunTime:0.034830s ]
INFO: [ view_filter ] --START--
INFO: Run Behavior\WriteHtmlCacheBehavior [ RunTime:0.000270s ]
INFO: [ view_filter ] --END-- [ RunTime:0.000297s ]
INFO: [ app_end ] --START--
INFO: Run Behavior\ShowPageTraceBehavior [ RunTime:0.000360s ]
INFO: [ app_end ] --END-- [ RunTime:0.000386s ]
NOTIC: [8] Constant APP_DEBUG already defined H:\xampp\htdocs\hotel\index.php 第 30 行.

[ 2017-01-24T16:53:24+08:00 ] 127.0.0.1 /hotel/index.php?m=Roomer&c=profit&a=analysis
INFO: [ app_init ] --START--
INFO: Run Behavior\BuildLiteBehavior [ RunTime:0.000011s ]
INFO: [ app_init ] --END-- [ RunTime:0.000055s ]
INFO: [ app_begin ] --START--
INFO: Run Behavior\ReadHtmlCacheBehavior [ RunTime:0.000630s ]
INFO: [ app_begin ] --END-- [ RunTime:0.000675s ]
SQL: SHOW COLUMNS FROM `hotel_user` [ RunTime:0.0036s ]
SQL: SELECT `user_IDcard` FROM `hotel_user`  [ RunTime:0.0003s ]
NOTIC: [8] Undefined index: 云南 H:\xampp\htdocs\hotel\Application\Roomer\Controller\ProfitController.class.php 第 165 行.
NOTIC: [8] Undefined index: 广东 H:\xampp\htdocs\hotel\Application\Roomer\Controller\ProfitController.class.php 第 165 行.
NOTIC: [8] Undefined index: 内蒙古 H:\xampp\htdocs\hotel\Application\Roomer\Controller\ProfitController.class.php 第 165 行.
NOTIC: [8] Undefined index: 四川 H:\xampp\htdocs\hotel\Application\Roomer\Controller\ProfitController.class.php 第 165 行.
INFO: [ view_parse ] --START--
INFO: [ template_filter ] --START--
INFO: Run Behavior\ContentReplaceBehavior [ RunTime:0.000040s ]
INFO: [ template_filter ] --END-- [ RunTime:0.000083s ]
NOTIC: [8] Undefined index: 北京 H:\xampp\htdocs\hotel\Application\Runtime\Cache\Roomer\ef585a7d7c19b041019ce64af69653cd.php 第 123 行.
NOTIC: [8] Undefined index: 天津 H:\xampp\htdocs\hotel\Application\Runtime\Cache\Roomer\ef585a7d7c19b041019ce64af69653cd.php 第 124 行.
NOTIC: [8] Undefined index: 上海 H:\xampp\htdocs\hotel\Application\Runtime\Cache\Roomer\ef585a7d7c19b041019ce64af69653cd.php 第 125 行.
NOTIC: [8] Undefined index: 重庆 H:\xampp\htdocs\hotel\Application\Runtime\Cache\Roomer\ef585a7d7c19b041019ce64af69653cd.php 第 126 行.
NOTIC: [8] Undefined index: 河北 H:\xampp\htdocs\hotel\Application\Runtime\Cache\Roomer\ef585a7d7c19b041019ce64af69653cd.php 第 127 行.
NOTIC: [8] Undefined index: 河南 H:\xampp\htdocs\hotel\Application\Runtime\Cache\Roomer\ef585a7d7c19b041019ce64af69653cd.php 第 128 行.
NOTIC: [8] Undefined index: 辽宁 H:\xampp\htdocs\hotel\Application\Runtime\Cache\Roomer\ef585a7d7c19b041019ce64af69653cd.php 第 130 行.
NOTIC: [8] Undefined index: 黑龙江 H:\xampp\htdocs\hotel\Application\Runtime\Cache\Roomer\ef585a7d7c19b041019ce64af69653cd.php 第 131 行.
NOTIC: [8] Undefined index: 湖南 H:\xampp\htdocs\hotel\Application\Runtime\Cache\Roomer\ef585a7d7c19b041019ce64af69653cd.php 第 132 行.
NOTIC: [8] Undefined index: 安徽 H:\xampp\htdocs\hotel\Application\Runtime\Cache\Roomer\ef585a7d7c19b041019ce64af69653cd.php 第 133 行.
NOTIC: [8] Undefined index: 山东 H:\xampp\htdocs\hotel\Application\Runtime\Cache\Roomer\ef585a7d7c19b041019ce64af69653cd.php 第 134 行.
NOTIC: [8] Undefined index: 新疆 H:\xampp\htdocs\hotel\Application\Runtime\Cache\Roomer\ef585a7d7c19b041019ce64af69653cd.php 第 135 行.
NOTIC: [8] Undefined index: 江苏 H:\xampp\htdocs\hotel\Application\Runtime\Cache\Roomer\ef585a7d7c19b041019ce64af69653cd.php 第 136 行.
NOTIC: [8] Undefined index: 浙江 H:\xampp\htdocs\hotel\Application\Runtime\Cache\Roomer\ef585a7d7c19b041019ce64af69653cd.php 第 137 行.
NOTIC: [8] Undefined index: 江西 H:\xampp\htdocs\hotel\Application\Runtime\Cache\Roomer\ef585a7d7c19b041019ce64af69653cd.php 第 138 行.
NOTIC: [8] Undefined index: 湖北 H:\xampp\htdocs\hotel\Application\Runtime\Cache\Roomer\ef585a7d7c19b041019ce64af69653cd.php 第 139 行.
NOTIC: [8] Undefined index: 广西 H:\xampp\htdocs\hotel\Application\Runtime\Cache\Roomer\ef585a7d7c19b041019ce64af69653cd.php 第 140 行.
NOTIC: [8] Undefined index: 甘肃 H:\xampp\htdocs\hotel\Application\Runtime\Cache\Roomer\ef585a7d7c19b041019ce64af69653cd.php 第 141 行.
NOTIC: [8] Undefined index: 山西 H:\xampp\htdocs\hotel\Application\Runtime\Cache\Roomer\ef585a7d7c19b041019ce64af69653cd.php 第 142 行.
NOTIC: [8] Undefined index: 陕西 H:\xampp\htdocs\hotel\Application\Runtime\Cache\Roomer\ef585a7d7c19b041019ce64af69653cd.php 第 144 行.
NOTIC: [8] Undefined index: 吉林 H:\xampp\htdocs\hotel\Application\Runtime\Cache\Roomer\ef585a7d7c19b041019ce64af69653cd.php 第 145 行.
NOTIC: [8] Undefined index: 福建 H:\xampp\htdocs\hotel\Application\Runtime\Cache\Roomer\ef585a7d7c19b041019ce64af69653cd.php 第 146 行.
NOTIC: [8] Undefined index: 贵州 H:\xampp\htdocs\hotel\Application\Runtime\Cache\Roomer\ef585a7d7c19b041019ce64af69653cd.php 第 147 行.
NOTIC: [8] Undefined index: 青海 H:\xampp\htdocs\hotel\Application\Runtime\Cache\Roomer\ef585a7d7c19b041019ce64af69653cd.php 第 149 行.
NOTIC: [8] Undefined index: 西藏 H:\xampp\htdocs\hotel\Application\Runtime\Cache\Roomer\ef585a7d7c19b041019ce64af69653cd.php 第 150 行.
NOTIC: [8] Undefined index: 宁夏 H:\xampp\htdocs\hotel\Application\Runtime\Cache\Roomer\ef585a7d7c19b041019ce64af69653cd.php 第 152 行.
NOTIC: [8] Undefined index: 海南 H:\xampp\htdocs\hotel\Application\Runtime\Cache\Roomer\ef585a7d7c19b041019ce64af69653cd.php 第 153 行.
NOTIC: [8] Undefined index: 台湾 H:\xampp\htdocs\hotel\Application\Runtime\Cache\Roomer\ef585a7d7c19b041019ce64af69653cd.php 第 154 行.
NOTIC: [8] Undefined index: 香港 H:\xampp\htdocs\hotel\Application\Runtime\Cache\Roomer\ef585a7d7c19b041019ce64af69653cd.php 第 155 行.
NOTIC: [8] Undefined index: 澳门 H:\xampp\htdocs\hotel\Application\Runtime\Cache\Roomer\ef585a7d7c19b041019ce64af69653cd.php 第 156 行.
INFO: Run Behavior\ParseTemplateBehavior [ RunTime:0.031308s ]
INFO: [ view_parse ] --END-- [ RunTime:0.031344s ]
INFO: [ view_filter ] --START--
INFO: Run Behavior\WriteHtmlCacheBehavior [ RunTime:0.000454s ]
INFO: [ view_filter ] --END-- [ RunTime:0.000483s ]
INFO: [ app_end ] --START--
INFO: Run Behavior\ShowPageTraceBehavior [ RunTime:0.000660s ]
INFO: [ app_end ] --END-- [ RunTime:0.000692s ]
NOTIC: [8] Constant APP_DEBUG already defined H:\xampp\htdocs\hotel\index.php 第 30 行.

