[ 2018-02-07T11:53:53+08:00 ] ::1 /hotel/index.php/Roomer/login/index
INFO: [ app_init ] --START--
INFO: Run Behavior\BuildLiteBehavior [ RunTime:0.000020s ]
INFO: [ app_init ] --END-- [ RunTime:0.000127s ]
INFO: [ app_begin ] --START--
INFO: Run Behavior\ReadHtmlCacheBehavior [ RunTime:0.000814s ]
INFO: [ app_begin ] --END-- [ RunTime:0.000953s ]
INFO: [ view_parse ] --START--
INFO: [ template_filter ] --START--
INFO: Run Behavior\ContentReplaceBehavior [ RunTime:0.000059s ]
INFO: [ template_filter ] --END-- [ RunTime:0.000168s ]
INFO: Run Behavior\ParseTemplateBehavior [ RunTime:0.006702s ]
INFO: [ view_parse ] --END-- [ RunTime:0.006812s ]
INFO: [ view_filter ] --START--
INFO: Run Behavior\WriteHtmlCacheBehavior [ RunTime:0.000527s ]
INFO: [ view_filter ] --END-- [ RunTime:0.000624s ]
INFO: [ app_end ] --START--
INFO: Run Behavior\ShowPageTraceBehavior [ RunTime:0.000691s ]
INFO: [ app_end ] --END-- [ RunTime:0.000792s ]
NOTIC: [8] Constant APP_DEBUG already defined D:\wamp\www\hotel\index.php Á¨¨ 30 Ë°å.

[ 2018-02-07T11:54:06+08:00 ] ::1 /hotel/index.php?m=Roomer&c=login&a=login
INFO: [ app_init ] --START--
INFO: Run Behavior\BuildLiteBehavior [ RunTime:0.000022s ]
INFO: [ app_init ] --END-- [ RunTime:0.000134s ]
INFO: [ app_begin ] --START--
INFO: Run Behavior\ReadHtmlCacheBehavior [ RunTime:0.000743s ]
INFO: [ app_begin ] --END-- [ RunTime:0.000881s ]
ERR: SQLSTATE[HY000] [2002] ”…”⁄ƒø±Íº∆À„ª˙ª˝º´æ‹æ¯£¨Œﬁ∑®¡¨Ω”°£


[ 2018-02-07T11:54:21+08:00 ] ::1 /hotel/index.php?m=Roomer&c=login&a=login
INFO: [ app_init ] --START--
INFO: Run Behavior\BuildLiteBehavior [ RunTime:0.000022s ]
INFO: [ app_init ] --END-- [ RunTime:0.000127s ]
INFO: [ app_begin ] --START--
INFO: Run Behavior\ReadHtmlCacheBehavior [ RunTime:0.000689s ]
INFO: [ app_begin ] --END-- [ RunTime:0.000806s ]
SQL: SHOW COLUMNS FROM `hotel_roomer` [ RunTime:0.0013s ]
SQL: SELECT * FROM `hotel_roomer` WHERE ( roomer_id='4001' AND roomer_password='e10adc3949ba59abbe56e057f20f883e' ) LIMIT 1   [ RunTime:0.0004s ]
SQL: UPDATE `hotel_roomer` SET `last_login_time`='2018-02-07 11:54:21' WHERE ( roomer_id=4001 ) [ RunTime:0.0329s ]

[ 2018-02-07T11:54:21+08:00 ] ::1 /hotel/index.php?m=Roomer&c=Index&a=index
INFO: [ app_init ] --START--
INFO: Run Behavior\BuildLiteBehavior [ RunTime:0.000021s ]
INFO: [ app_init ] --END-- [ RunTime:0.000122s ]
INFO: [ app_begin ] --START--
INFO: Run Behavior\ReadHtmlCacheBehavior [ RunTime:0.000688s ]
INFO: [ app_begin ] --END-- [ RunTime:0.000796s ]
INFO: [ view_parse ] --START--
INFO: [ template_filter ] --START--
INFO: Run Behavior\ContentReplaceBehavior [ RunTime:0.000064s ]
INFO: [ template_filter ] --END-- [ RunTime:0.000183s ]
INFO: Run Behavior\ParseTemplateBehavior [ RunTime:0.011246s ]
INFO: [ view_parse ] --END-- [ RunTime:0.011369s ]
INFO: [ view_filter ] --START--
INFO: Run Behavior\WriteHtmlCacheBehavior [ RunTime:0.000566s ]
INFO: [ view_filter ] --END-- [ RunTime:0.000669s ]
INFO: [ app_end ] --START--
INFO: Run Behavior\ShowPageTraceBehavior [ RunTime:0.000692s ]
INFO: [ app_end ] --END-- [ RunTime:0.000861s ]
NOTIC: [8] Constant APP_DEBUG already defined D:\wamp\www\hotel\index.php Á¨¨ 30 Ë°å.

[ 2018-02-07T11:54:21+08:00 ] ::1 /hotel/index.php?m=Roomer&c=index&a=info
INFO: [ app_init ] --START--
INFO: Run Behavior\BuildLiteBehavior [ RunTime:0.000021s ]
INFO: [ app_init ] --END-- [ RunTime:0.000137s ]
INFO: [ app_begin ] --START--
INFO: Run Behavior\ReadHtmlCacheBehavior [ RunTime:0.000696s ]
INFO: [ app_begin ] --END-- [ RunTime:0.000823s ]
SQL: SHOW COLUMNS FROM `hotel_roomer` [ RunTime:0.0005s ]
SQL: SELECT * FROM `hotel_roomer` WHERE ( roomer_name='ÂàòÂ∏å' ) LIMIT 1   [ RunTime:0.0003s ]
INFO: [ view_parse ] --START--
INFO: [ template_filter ] --START--
INFO: Run Behavior\ContentReplaceBehavior [ RunTime:0.000059s ]
INFO: [ template_filter ] --END-- [ RunTime:0.000178s ]
INFO: Run Behavior\ParseTemplateBehavior [ RunTime:0.007067s ]
INFO: [ view_parse ] --END-- [ RunTime:0.007186s ]
INFO: [ view_filter ] --START--
INFO: Run Behavior\WriteHtmlCacheBehavior [ RunTime:0.000513s ]
INFO: [ view_filter ] --END-- [ RunTime:0.000606s ]
INFO: [ app_end ] --START--
INFO: Run Behavior\ShowPageTraceBehavior [ RunTime:0.000716s ]
INFO: [ app_end ] --END-- [ RunTime:0.000819s ]
NOTIC: [8] Constant APP_DEBUG already defined D:\wamp\www\hotel\index.php Á¨¨ 30 Ë°å.

[ 2018-02-07T11:54:27+08:00 ] ::1 /hotel/index.php?m=Roomer&c=usermanager&a=check_orders
INFO: [ app_init ] --START--
INFO: Run Behavior\BuildLiteBehavior [ RunTime:0.000021s ]
INFO: [ app_init ] --END-- [ RunTime:0.000126s ]
INFO: [ app_begin ] --START--
INFO: Run Behavior\ReadHtmlCacheBehavior [ RunTime:0.000669s ]
INFO: [ app_begin ] --END-- [ RunTime:0.000817s ]
SQL: SHOW COLUMNS FROM `hotel_room_order` [ RunTime:0.0006s ]
SQL: SELECT COUNT(*) AS tp_count FROM `hotel_room_order` LIMIT 1   [ RunTime:0.0003s ]
SQL: select * from hotel_room_order Limit 0, 15 [ RunTime:0.0005s ]
INFO: [ view_parse ] --START--
INFO: [ template_filter ] --START--
INFO: Run Behavior\ContentReplaceBehavior [ RunTime:0.000062s ]
INFO: [ template_filter ] --END-- [ RunTime:0.000170s ]
NOTIC: [8] Use of undefined constant employe_id - assumed 'employe_id' D:\wamp\www\hotel\Application\Runtime\Cache\Roomer\8d5252a8415653e2770e02c9fd255686.php Á¨¨ 61 Ë°å.
NOTIC: [8] Undefined index: employe_id D:\wamp\www\hotel\Application\Runtime\Cache\Roomer\8d5252a8415653e2770e02c9fd255686.php Á¨¨ 61 Ë°å.
NOTIC: [8] Use of undefined constant employe_id - assumed 'employe_id' D:\wamp\www\hotel\Application\Runtime\Cache\Roomer\8d5252a8415653e2770e02c9fd255686.php Á¨¨ 61 Ë°å.
NOTIC: [8] Undefined index: employe_id D:\wamp\www\hotel\Application\Runtime\Cache\Roomer\8d5252a8415653e2770e02c9fd255686.php Á¨¨ 61 Ë°å.
NOTIC: [8] Use of undefined constant employe_id - assumed 'employe_id' D:\wamp\www\hotel\Application\Runtime\Cache\Roomer\8d5252a8415653e2770e02c9fd255686.php Á¨¨ 61 Ë°å.
NOTIC: [8] Undefined index: employe_id D:\wamp\www\hotel\Application\Runtime\Cache\Roomer\8d5252a8415653e2770e02c9fd255686.php Á¨¨ 61 Ë°å.
NOTIC: [8] Use of undefined constant employe_id - assumed 'employe_id' D:\wamp\www\hotel\Application\Runtime\Cache\Roomer\8d5252a8415653e2770e02c9fd255686.php Á¨¨ 61 Ë°å.
NOTIC: [8] Undefined index: employe_id D:\wamp\www\hotel\Application\Runtime\Cache\Roomer\8d5252a8415653e2770e02c9fd255686.php Á¨¨ 61 Ë°å.
NOTIC: [8] Use of undefined constant employe_id - assumed 'employe_id' D:\wamp\www\hotel\Application\Runtime\Cache\Roomer\8d5252a8415653e2770e02c9fd255686.php Á¨¨ 61 Ë°å.
NOTIC: [8] Undefined index: employe_id D:\wamp\www\hotel\Application\Runtime\Cache\Roomer\8d5252a8415653e2770e02c9fd255686.php Á¨¨ 61 Ë°å.
NOTIC: [8] Use of undefined constant employe_id - assumed 'employe_id' D:\wamp\www\hotel\Application\Runtime\Cache\Roomer\8d5252a8415653e2770e02c9fd255686.php Á¨¨ 61 Ë°å.
NOTIC: [8] Undefined index: employe_id D:\wamp\www\hotel\Application\Runtime\Cache\Roomer\8d5252a8415653e2770e02c9fd255686.php Á¨¨ 61 Ë°å.
NOTIC: [8] Use of undefined constant employe_id - assumed 'employe_id' D:\wamp\www\hotel\Application\Runtime\Cache\Roomer\8d5252a8415653e2770e02c9fd255686.php Á¨¨ 61 Ë°å.
NOTIC: [8] Undefined index: employe_id D:\wamp\www\hotel\Application\Runtime\Cache\Roomer\8d5252a8415653e2770e02c9fd255686.php Á¨¨ 61 Ë°å.
NOTIC: [8] Use of undefined constant employe_id - assumed 'employe_id' D:\wamp\www\hotel\Application\Runtime\Cache\Roomer\8d5252a8415653e2770e02c9fd255686.php Á¨¨ 61 Ë°å.
NOTIC: [8] Undefined index: employe_id D:\wamp\www\hotel\Application\Runtime\Cache\Roomer\8d5252a8415653e2770e02c9fd255686.php Á¨¨ 61 Ë°å.
NOTIC: [8] Use of undefined constant employe_id - assumed 'employe_id' D:\wamp\www\hotel\Application\Runtime\Cache\Roomer\8d5252a8415653e2770e02c9fd255686.php Á¨¨ 61 Ë°å.
NOTIC: [8] Undefined index: employe_id D:\wamp\www\hotel\Application\Runtime\Cache\Roomer\8d5252a8415653e2770e02c9fd255686.php Á¨¨ 61 Ë°å.
NOTIC: [8] Use of undefined constant employe_id - assumed 'employe_id' D:\wamp\www\hotel\Application\Runtime\Cache\Roomer\8d5252a8415653e2770e02c9fd255686.php Á¨¨ 61 Ë°å.
NOTIC: [8] Undefined index: employe_id D:\wamp\www\hotel\Application\Runtime\Cache\Roomer\8d5252a8415653e2770e02c9fd255686.php Á¨¨ 61 Ë°å.
NOTIC: [8] Use of undefined constant employe_id - assumed 'employe_id' D:\wamp\www\hotel\Application\Runtime\Cache\Roomer\8d5252a8415653e2770e02c9fd255686.php Á¨¨ 61 Ë°å.
NOTIC: [8] Undefined index: employe_id D:\wamp\www\hotel\Application\Runtime\Cache\Roomer\8d5252a8415653e2770e02c9fd255686.php Á¨¨ 61 Ë°å.
NOTIC: [8] Use of undefined constant employe_id - assumed 'employe_id' D:\wamp\www\hotel\Application\Runtime\Cache\Roomer\8d5252a8415653e2770e02c9fd255686.php Á¨¨ 61 Ë°å.
NOTIC: [8] Undefined index: employe_id D:\wamp\www\hotel\Application\Runtime\Cache\Roomer\8d5252a8415653e2770e02c9fd255686.php Á¨¨ 61 Ë°å.
NOTIC: [8] Use of undefined constant employe_id - assumed 'employe_id' D:\wamp\www\hotel\Application\Runtime\Cache\Roomer\8d5252a8415653e2770e02c9fd255686.php Á¨¨ 61 Ë°å.
NOTIC: [8] Undefined index: employe_id D:\wamp\www\hotel\Application\Runtime\Cache\Roomer\8d5252a8415653e2770e02c9fd255686.php Á¨¨ 61 Ë°å.
NOTIC: [8] Use of undefined constant employe_id - assumed 'employe_id' D:\wamp\www\hotel\Application\Runtime\Cache\Roomer\8d5252a8415653e2770e02c9fd255686.php Á¨¨ 61 Ë°å.
NOTIC: [8] Undefined index: employe_id D:\wamp\www\hotel\Application\Runtime\Cache\Roomer\8d5252a8415653e2770e02c9fd255686.php Á¨¨ 61 Ë°å.
NOTIC: [8] Use of undefined constant employe_id - assumed 'employe_id' D:\wamp\www\hotel\Application\Runtime\Cache\Roomer\8d5252a8415653e2770e02c9fd255686.php Á¨¨ 61 Ë°å.
NOTIC: [8] Undefined index: employe_id D:\wamp\www\hotel\Application\Runtime\Cache\Roomer\8d5252a8415653e2770e02c9fd255686.php Á¨¨ 61 Ë°å.
INFO: Run Behavior\ParseTemplateBehavior [ RunTime:0.056790s ]
INFO: [ view_parse ] --END-- [ RunTime:0.056965s ]
INFO: [ view_filter ] --START--
INFO: Run Behavior\WriteHtmlCacheBehavior [ RunTime:0.001306s ]
INFO: [ view_filter ] --END-- [ RunTime:0.001533s ]
INFO: [ app_end ] --START--
INFO: Run Behavior\ShowPageTraceBehavior [ RunTime:0.002592s ]
INFO: [ app_end ] --END-- [ RunTime:0.003014s ]
NOTIC: [8] Constant APP_DEBUG already defined D:\wamp\www\hotel\index.php Á¨¨ 30 Ë°å.

[ 2018-02-07T11:54:28+08:00 ] ::1 /hotel/index.php?m=Roomer&c=usermanager&a=index
INFO: [ app_init ] --START--
INFO: Run Behavior\BuildLiteBehavior [ RunTime:0.000022s ]
INFO: [ app_init ] --END-- [ RunTime:0.000131s ]
INFO: [ app_begin ] --START--
INFO: Run Behavior\ReadHtmlCacheBehavior [ RunTime:0.000690s ]
INFO: [ app_begin ] --END-- [ RunTime:0.000826s ]
SQL: SHOW COLUMNS FROM `hotel_user` [ RunTime:0.0013s ]
SQL: SELECT COUNT(*) AS tp_count FROM `hotel_user` LIMIT 1   [ RunTime:0.0003s ]
SQL: select * from hotel_user Limit 0, 15 [ RunTime:0.0004s ]
INFO: [ view_parse ] --START--
INFO: [ template_filter ] --START--
INFO: Run Behavior\ContentReplaceBehavior [ RunTime:0.000059s ]
INFO: [ template_filter ] --END-- [ RunTime:0.000163s ]
NOTIC: [8] Use of undefined constant user_id - assumed 'user_id' D:\wamp\www\hotel\Application\Runtime\Cache\Roomer\6a416c3f24be59651270132b5ee650ce.php Á¨¨ 50 Ë°å.
NOTIC: [8] Use of undefined constant user_id - assumed 'user_id' D:\wamp\www\hotel\Application\Runtime\Cache\Roomer\6a416c3f24be59651270132b5ee650ce.php Á¨¨ 50 Ë°å.
NOTIC: [8] Use of undefined constant user_id - assumed 'user_id' D:\wamp\www\hotel\Application\Runtime\Cache\Roomer\6a416c3f24be59651270132b5ee650ce.php Á¨¨ 50 Ë°å.
NOTIC: [8] Use of undefined constant user_id - assumed 'user_id' D:\wamp\www\hotel\Application\Runtime\Cache\Roomer\6a416c3f24be59651270132b5ee650ce.php Á¨¨ 50 Ë°å.
NOTIC: [8] Use of undefined constant user_id - assumed 'user_id' D:\wamp\www\hotel\Application\Runtime\Cache\Roomer\6a416c3f24be59651270132b5ee650ce.php Á¨¨ 50 Ë°å.
NOTIC: [8] Use of undefined constant user_id - assumed 'user_id' D:\wamp\www\hotel\Application\Runtime\Cache\Roomer\6a416c3f24be59651270132b5ee650ce.php Á¨¨ 50 Ë°å.
NOTIC: [8] Use of undefined constant user_id - assumed 'user_id' D:\wamp\www\hotel\Application\Runtime\Cache\Roomer\6a416c3f24be59651270132b5ee650ce.php Á¨¨ 50 Ë°å.
NOTIC: [8] Use of undefined constant user_id - assumed 'user_id' D:\wamp\www\hotel\Application\Runtime\Cache\Roomer\6a416c3f24be59651270132b5ee650ce.php Á¨¨ 50 Ë°å.
NOTIC: [8] Use of undefined constant user_id - assumed 'user_id' D:\wamp\www\hotel\Application\Runtime\Cache\Roomer\6a416c3f24be59651270132b5ee650ce.php Á¨¨ 50 Ë°å.
NOTIC: [8] Use of undefined constant user_id - assumed 'user_id' D:\wamp\www\hotel\Application\Runtime\Cache\Roomer\6a416c3f24be59651270132b5ee650ce.php Á¨¨ 50 Ë°å.
NOTIC: [8] Use of undefined constant user_id - assumed 'user_id' D:\wamp\www\hotel\Application\Runtime\Cache\Roomer\6a416c3f24be59651270132b5ee650ce.php Á¨¨ 50 Ë°å.
NOTIC: [8] Use of undefined constant user_id - assumed 'user_id' D:\wamp\www\hotel\Application\Runtime\Cache\Roomer\6a416c3f24be59651270132b5ee650ce.php Á¨¨ 50 Ë°å.
NOTIC: [8] Use of undefined constant user_id - assumed 'user_id' D:\wamp\www\hotel\Application\Runtime\Cache\Roomer\6a416c3f24be59651270132b5ee650ce.php Á¨¨ 50 Ë°å.
NOTIC: [8] Use of undefined constant user_id - assumed 'user_id' D:\wamp\www\hotel\Application\Runtime\Cache\Roomer\6a416c3f24be59651270132b5ee650ce.php Á¨¨ 50 Ë°å.
NOTIC: [8] Use of undefined constant user_id - assumed 'user_id' D:\wamp\www\hotel\Application\Runtime\Cache\Roomer\6a416c3f24be59651270132b5ee650ce.php Á¨¨ 50 Ë°å.
INFO: Run Behavior\ParseTemplateBehavior [ RunTime:0.011595s ]
INFO: [ view_parse ] --END-- [ RunTime:0.011711s ]
INFO: [ view_filter ] --START--
INFO: Run Behavior\WriteHtmlCacheBehavior [ RunTime:0.000590s ]
INFO: [ view_filter ] --END-- [ RunTime:0.000691s ]
INFO: [ app_end ] --START--
INFO: Run Behavior\ShowPageTraceBehavior [ RunTime:0.000695s ]
INFO: [ app_end ] --END-- [ RunTime:0.000800s ]
NOTIC: [8] Constant APP_DEBUG already defined D:\wamp\www\hotel\index.php Á¨¨ 30 Ë°å.

[ 2018-02-07T11:54:29+08:00 ] ::1 /hotel/index.php?m=Roomer&c=employemanager&a=log
INFO: [ app_init ] --START--
INFO: Run Behavior\BuildLiteBehavior [ RunTime:0.000020s ]
INFO: [ app_init ] --END-- [ RunTime:0.000120s ]
INFO: [ app_begin ] --START--
INFO: Run Behavior\ReadHtmlCacheBehavior [ RunTime:0.000561s ]
INFO: [ app_begin ] --END-- [ RunTime:0.000685s ]
SQL: SHOW COLUMNS FROM `hotel_log` [ RunTime:0.0011s ]
SQL: SELECT COUNT(*) AS tp_count FROM `hotel_log` LIMIT 1   [ RunTime:0.0002s ]
SQL: select * from hotel_log Limit 0, 15 [ RunTime:0.0003s ]
INFO: [ view_parse ] --START--
INFO: [ template_filter ] --START--
INFO: Run Behavior\ContentReplaceBehavior [ RunTime:0.000056s ]
INFO: [ template_filter ] --END-- [ RunTime:0.000158s ]
INFO: Run Behavior\ParseTemplateBehavior [ RunTime:0.008034s ]
INFO: [ view_parse ] --END-- [ RunTime:0.008144s ]
INFO: [ view_filter ] --START--
INFO: Run Behavior\WriteHtmlCacheBehavior [ RunTime:0.000536s ]
INFO: [ view_filter ] --END-- [ RunTime:0.000626s ]
INFO: [ app_end ] --START--
INFO: Run Behavior\ShowPageTraceBehavior [ RunTime:0.000675s ]
INFO: [ app_end ] --END-- [ RunTime:0.000788s ]
NOTIC: [8] Constant APP_DEBUG already defined D:\wamp\www\hotel\index.php Á¨¨ 30 Ë°å.

[ 2018-02-07T11:54:30+08:00 ] ::1 /hotel/index.php?m=Roomer&c=employemanager&a=index
INFO: [ app_init ] --START--
INFO: Run Behavior\BuildLiteBehavior [ RunTime:0.000022s ]
INFO: [ app_init ] --END-- [ RunTime:0.000126s ]
INFO: [ app_begin ] --START--
INFO: Run Behavior\ReadHtmlCacheBehavior [ RunTime:0.000744s ]
INFO: [ app_begin ] --END-- [ RunTime:0.000879s ]
SQL: SHOW COLUMNS FROM `hotel_employe` [ RunTime:0.0013s ]
SQL: SELECT COUNT(*) AS tp_count FROM `hotel_employe` LIMIT 1   [ RunTime:0.0002s ]
SQL: select * from hotel_employe Limit 0, 15 [ RunTime:0.0004s ]
INFO: [ view_parse ] --START--
INFO: [ template_filter ] --START--
INFO: Run Behavior\ContentReplaceBehavior [ RunTime:0.000063s ]
INFO: [ template_filter ] --END-- [ RunTime:0.000170s ]
NOTIC: [8] Use of undefined constant employe_id - assumed 'employe_id' D:\wamp\www\hotel\Application\Runtime\Cache\Roomer\e780de58ebfc35cba1270c9761e1f25b.php Á¨¨ 57 Ë°å.
NOTIC: [8] Use of undefined constant employe_id - assumed 'employe_id' D:\wamp\www\hotel\Application\Runtime\Cache\Roomer\e780de58ebfc35cba1270c9761e1f25b.php Á¨¨ 58 Ë°å.
NOTIC: [8] Use of undefined constant employe_id - assumed 'employe_id' D:\wamp\www\hotel\Application\Runtime\Cache\Roomer\e780de58ebfc35cba1270c9761e1f25b.php Á¨¨ 57 Ë°å.
NOTIC: [8] Use of undefined constant employe_id - assumed 'employe_id' D:\wamp\www\hotel\Application\Runtime\Cache\Roomer\e780de58ebfc35cba1270c9761e1f25b.php Á¨¨ 58 Ë°å.
NOTIC: [8] Use of undefined constant employe_id - assumed 'employe_id' D:\wamp\www\hotel\Application\Runtime\Cache\Roomer\e780de58ebfc35cba1270c9761e1f25b.php Á¨¨ 57 Ë°å.
NOTIC: [8] Use of undefined constant employe_id - assumed 'employe_id' D:\wamp\www\hotel\Application\Runtime\Cache\Roomer\e780de58ebfc35cba1270c9761e1f25b.php Á¨¨ 58 Ë°å.
NOTIC: [8] Use of undefined constant employe_id - assumed 'employe_id' D:\wamp\www\hotel\Application\Runtime\Cache\Roomer\e780de58ebfc35cba1270c9761e1f25b.php Á¨¨ 57 Ë°å.
NOTIC: [8] Use of undefined constant employe_id - assumed 'employe_id' D:\wamp\www\hotel\Application\Runtime\Cache\Roomer\e780de58ebfc35cba1270c9761e1f25b.php Á¨¨ 58 Ë°å.
INFO: Run Behavior\ParseTemplateBehavior [ RunTime:0.010918s ]
INFO: [ view_parse ] --END-- [ RunTime:0.011021s ]
INFO: [ view_filter ] --START--
INFO: Run Behavior\WriteHtmlCacheBehavior [ RunTime:0.000596s ]
INFO: [ view_filter ] --END-- [ RunTime:0.000696s ]
INFO: [ app_end ] --START--
INFO: Run Behavior\ShowPageTraceBehavior [ RunTime:0.000723s ]
INFO: [ app_end ] --END-- [ RunTime:0.000824s ]
NOTIC: [8] Constant APP_DEBUG already defined D:\wamp\www\hotel\index.php Á¨¨ 30 Ë°å.

[ 2018-02-07T11:54:31+08:00 ] ::1 /hotel/index.php?m=Roomer&c=roommanager&a=roomcategories
INFO: [ app_init ] --START--
INFO: Run Behavior\BuildLiteBehavior [ RunTime:0.000021s ]
INFO: [ app_init ] --END-- [ RunTime:0.000134s ]
INFO: [ app_begin ] --START--
INFO: Run Behavior\ReadHtmlCacheBehavior [ RunTime:0.000627s ]
INFO: [ app_begin ] --END-- [ RunTime:0.000761s ]
INFO: [ view_parse ] --START--
INFO: [ template_filter ] --START--
INFO: Run Behavior\ContentReplaceBehavior [ RunTime:0.000059s ]
INFO: [ template_filter ] --END-- [ RunTime:0.000165s ]
INFO: Run Behavior\ParseTemplateBehavior [ RunTime:0.006737s ]
INFO: [ view_parse ] --END-- [ RunTime:0.006841s ]
INFO: [ view_filter ] --START--
INFO: Run Behavior\WriteHtmlCacheBehavior [ RunTime:0.000524s ]
INFO: [ view_filter ] --END-- [ RunTime:0.000624s ]
INFO: [ app_end ] --START--
INFO: Run Behavior\ShowPageTraceBehavior [ RunTime:0.000717s ]
INFO: [ app_end ] --END-- [ RunTime:0.000825s ]
NOTIC: [8] Constant APP_DEBUG already defined D:\wamp\www\hotel\index.php Á¨¨ 30 Ë°å.

[ 2018-02-07T11:54:32+08:00 ] ::1 /hotel/index.php?m=Roomer&c=roommanager&a=index
INFO: [ app_init ] --START--
INFO: Run Behavior\BuildLiteBehavior [ RunTime:0.000020s ]
INFO: [ app_init ] --END-- [ RunTime:0.000125s ]
INFO: [ app_begin ] --START--
INFO: Run Behavior\ReadHtmlCacheBehavior [ RunTime:0.000699s ]
INFO: [ app_begin ] --END-- [ RunTime:0.000831s ]
SQL: SHOW COLUMNS FROM `hotel_room` [ RunTime:0.0005s ]
SQL: SELECT `room_price` FROM `hotel_room` WHERE ( room_category='Ê†áÂáÜÂçï‰∫∫Êàø' )  [ RunTime:0.0004s ]
SQL: SELECT `room_price` FROM `hotel_room` WHERE ( room_category='Ê†áÂáÜÂèå‰∫∫Êàø' )  [ RunTime:0.0003s ]
SQL: SELECT `room_price` FROM `hotel_room` WHERE ( room_category='Ë±™ÂçéÂçï‰∫∫Êàø' )  [ RunTime:0.0003s ]
SQL: SELECT `room_price` FROM `hotel_room` WHERE ( room_category='Ë±™ÂçéÂèå‰∫∫Êàø' )  [ RunTime:0.0003s ]
INFO: [ view_parse ] --START--
INFO: [ template_filter ] --START--
INFO: Run Behavior\ContentReplaceBehavior [ RunTime:0.000059s ]
INFO: [ template_filter ] --END-- [ RunTime:0.000170s ]
INFO: Run Behavior\ParseTemplateBehavior [ RunTime:0.007522s ]
INFO: [ view_parse ] --END-- [ RunTime:0.007642s ]
INFO: [ view_filter ] --START--
INFO: Run Behavior\WriteHtmlCacheBehavior [ RunTime:0.000523s ]
INFO: [ view_filter ] --END-- [ RunTime:0.000621s ]
INFO: [ app_end ] --START--
INFO: Run Behavior\ShowPageTraceBehavior [ RunTime:0.000660s ]
INFO: [ app_end ] --END-- [ RunTime:0.000762s ]
NOTIC: [8] Constant APP_DEBUG already defined D:\wamp\www\hotel\index.php Á¨¨ 30 Ë°å.

[ 2018-02-07T11:54:32+08:00 ] ::1 /hotel/index.php?m=Roomer&c=roommanager&a=allroom
INFO: [ app_init ] --START--
INFO: Run Behavior\BuildLiteBehavior [ RunTime:0.000021s ]
INFO: [ app_init ] --END-- [ RunTime:0.000129s ]
INFO: [ app_begin ] --START--
INFO: Run Behavior\ReadHtmlCacheBehavior [ RunTime:0.000686s ]
INFO: [ app_begin ] --END-- [ RunTime:0.000820s ]
SQL: SHOW COLUMNS FROM `hotel_room` [ RunTime:0.0006s ]
SQL: SELECT COUNT(*) AS tp_count FROM `hotel_room` LIMIT 1   [ RunTime:0.0003s ]
SQL: select * from hotel_room Limit 0, 12 [ RunTime:0.0003s ]
INFO: [ view_parse ] --START--
INFO: [ template_filter ] --START--
INFO: Run Behavior\ContentReplaceBehavior [ RunTime:0.000059s ]
INFO: [ template_filter ] --END-- [ RunTime:0.000166s ]
NOTIC: [8] Use of undefined constant room_id - assumed 'room_id' D:\wamp\www\hotel\Application\Runtime\Cache\Roomer\fec03fcc84aef3def9e158ebdf985011.php Á¨¨ 47 Ë°å.
NOTIC: [8] Use of undefined constant room_id - assumed 'room_id' D:\wamp\www\hotel\Application\Runtime\Cache\Roomer\fec03fcc84aef3def9e158ebdf985011.php Á¨¨ 47 Ë°å.
NOTIC: [8] Use of undefined constant room_id - assumed 'room_id' D:\wamp\www\hotel\Application\Runtime\Cache\Roomer\fec03fcc84aef3def9e158ebdf985011.php Á¨¨ 47 Ë°å.
NOTIC: [8] Use of undefined constant room_id - assumed 'room_id' D:\wamp\www\hotel\Application\Runtime\Cache\Roomer\fec03fcc84aef3def9e158ebdf985011.php Á¨¨ 47 Ë°å.
NOTIC: [8] Use of undefined constant room_id - assumed 'room_id' D:\wamp\www\hotel\Application\Runtime\Cache\Roomer\fec03fcc84aef3def9e158ebdf985011.php Á¨¨ 47 Ë°å.
NOTIC: [8] Use of undefined constant room_id - assumed 'room_id' D:\wamp\www\hotel\Application\Runtime\Cache\Roomer\fec03fcc84aef3def9e158ebdf985011.php Á¨¨ 47 Ë°å.
NOTIC: [8] Use of undefined constant room_id - assumed 'room_id' D:\wamp\www\hotel\Application\Runtime\Cache\Roomer\fec03fcc84aef3def9e158ebdf985011.php Á¨¨ 47 Ë°å.
NOTIC: [8] Use of undefined constant room_id - assumed 'room_id' D:\wamp\www\hotel\Application\Runtime\Cache\Roomer\fec03fcc84aef3def9e158ebdf985011.php Á¨¨ 47 Ë°å.
NOTIC: [8] Use of undefined constant room_id - assumed 'room_id' D:\wamp\www\hotel\Application\Runtime\Cache\Roomer\fec03fcc84aef3def9e158ebdf985011.php Á¨¨ 47 Ë°å.
NOTIC: [8] Use of undefined constant room_id - assumed 'room_id' D:\wamp\www\hotel\Application\Runtime\Cache\Roomer\fec03fcc84aef3def9e158ebdf985011.php Á¨¨ 47 Ë°å.
NOTIC: [8] Use of undefined constant room_id - assumed 'room_id' D:\wamp\www\hotel\Application\Runtime\Cache\Roomer\fec03fcc84aef3def9e158ebdf985011.php Á¨¨ 47 Ë°å.
NOTIC: [8] Use of undefined constant room_id - assumed 'room_id' D:\wamp\www\hotel\Application\Runtime\Cache\Roomer\fec03fcc84aef3def9e158ebdf985011.php Á¨¨ 47 Ë°å.
INFO: Run Behavior\ParseTemplateBehavior [ RunTime:0.010750s ]
INFO: [ view_parse ] --END-- [ RunTime:0.010857s ]
INFO: [ view_filter ] --START--
INFO: Run Behavior\WriteHtmlCacheBehavior [ RunTime:0.000588s ]
INFO: [ view_filter ] --END-- [ RunTime:0.000688s ]
INFO: [ app_end ] --START--
INFO: Run Behavior\ShowPageTraceBehavior [ RunTime:0.000729s ]
INFO: [ app_end ] --END-- [ RunTime:0.000842s ]
NOTIC: [8] Constant APP_DEBUG already defined D:\wamp\www\hotel\index.php Á¨¨ 30 Ë°å.

[ 2018-02-07T11:54:33+08:00 ] ::1 /hotel/index.php?m=Roomer&c=roommanager&a=room_show
INFO: [ app_init ] --START--
INFO: Run Behavior\BuildLiteBehavior [ RunTime:0.000020s ]
INFO: [ app_init ] --END-- [ RunTime:0.000124s ]
INFO: [ app_begin ] --START--
INFO: Run Behavior\ReadHtmlCacheBehavior [ RunTime:0.000709s ]
INFO: [ app_begin ] --END-- [ RunTime:0.000838s ]
SQL: SHOW COLUMNS FROM `hotel_room_show` [ RunTime:0.0005s ]
SQL: SELECT COUNT(*) AS tp_count FROM `hotel_room_show` LIMIT 1   [ RunTime:0.0002s ]
SQL: select * from hotel_room_show Limit 0, 12 [ RunTime:0.0002s ]
INFO: [ view_parse ] --START--
INFO: [ template_filter ] --START--
INFO: Run Behavior\ContentReplaceBehavior [ RunTime:0.000057s ]
INFO: [ template_filter ] --END-- [ RunTime:0.000160s ]
NOTIC: [8] Use of undefined constant room_category - assumed 'room_category' D:\wamp\www\hotel\Application\Runtime\Cache\Roomer\736f67087dcc71e163327d676154d5d2.php Á¨¨ 36 Ë°å.
NOTIC: [8] Use of undefined constant room_category - assumed 'room_category' D:\wamp\www\hotel\Application\Runtime\Cache\Roomer\736f67087dcc71e163327d676154d5d2.php Á¨¨ 36 Ë°å.
NOTIC: [8] Use of undefined constant room_category - assumed 'room_category' D:\wamp\www\hotel\Application\Runtime\Cache\Roomer\736f67087dcc71e163327d676154d5d2.php Á¨¨ 36 Ë°å.
NOTIC: [8] Use of undefined constant room_category - assumed 'room_category' D:\wamp\www\hotel\Application\Runtime\Cache\Roomer\736f67087dcc71e163327d676154d5d2.php Á¨¨ 36 Ë°å.
INFO: Run Behavior\ParseTemplateBehavior [ RunTime:0.008484s ]
INFO: [ view_parse ] --END-- [ RunTime:0.008587s ]
INFO: [ view_filter ] --START--
INFO: Run Behavior\WriteHtmlCacheBehavior [ RunTime:0.000596s ]
INFO: [ view_filter ] --END-- [ RunTime:0.000694s ]
INFO: [ app_end ] --START--
INFO: Run Behavior\ShowPageTraceBehavior [ RunTime:0.000739s ]
INFO: [ app_end ] --END-- [ RunTime:0.000855s ]
NOTIC: [8] Constant APP_DEBUG already defined D:\wamp\www\hotel\index.php Á¨¨ 30 Ë°å.

[ 2018-02-07T11:54:34+08:00 ] ::1 /hotel/index.php?m=Roomer&c=profit&a=pie
INFO: [ app_init ] --START--
INFO: Run Behavior\BuildLiteBehavior [ RunTime:0.000021s ]
INFO: [ app_init ] --END-- [ RunTime:0.000127s ]
INFO: [ app_begin ] --START--
INFO: Run Behavior\ReadHtmlCacheBehavior [ RunTime:0.000694s ]
INFO: [ app_begin ] --END-- [ RunTime:0.000833s ]
SQL: SHOW COLUMNS FROM `hotel_room_order` [ RunTime:0.0007s ]
NOTIC: [8] Use of undefined constant price - assumed 'price' D:\wamp\www\hotel\Application\Roomer\Controller\ProfitController.class.php Á¨¨ 74 Ë°å.
SQL: SELECT SUM(price) AS tp_sum FROM `hotel_room_order` WHERE ( category='Ë±™ÂçéÂçï‰∫∫Êàø'   AND order_status='Â∑≤ÊîØ‰ªò'  AND month(starttime) = '02' ) LIMIT 1   [ RunTime:0.0004s ]
NOTIC: [8] Use of undefined constant price - assumed 'price' D:\wamp\www\hotel\Application\Roomer\Controller\ProfitController.class.php Á¨¨ 75 Ë°å.
SQL: SELECT SUM(price) AS tp_sum FROM `hotel_room_order` WHERE ( category='Ë±™ÂçéÂèå‰∫∫Êàø'   AND order_status='Â∑≤ÊîØ‰ªò'  AND month(starttime) = '02' ) LIMIT 1   [ RunTime:0.0003s ]
NOTIC: [8] Use of undefined constant price - assumed 'price' D:\wamp\www\hotel\Application\Roomer\Controller\ProfitController.class.php Á¨¨ 76 Ë°å.
SQL: SELECT SUM(price) AS tp_sum FROM `hotel_room_order` WHERE ( category='Ê†áÂáÜÂçï‰∫∫Êàø' AND order_status='Â∑≤ÊîØ‰ªò'  AND month(starttime) = '02' ) LIMIT 1   [ RunTime:0.0003s ]
NOTIC: [8] Use of undefined constant price - assumed 'price' D:\wamp\www\hotel\Application\Roomer\Controller\ProfitController.class.php Á¨¨ 77 Ë°å.
SQL: SELECT SUM(price) AS tp_sum FROM `hotel_room_order` WHERE ( category='Ê†áÂáÜÂèå‰∫∫Êàø' AND order_status='Â∑≤ÊîØ‰ªò'  AND month(starttime) = '02'  ) LIMIT 1   [ RunTime:0.0003s ]
INFO: [ view_parse ] --START--
INFO: [ template_filter ] --START--
INFO: Run Behavior\ContentReplaceBehavior [ RunTime:0.000056s ]
INFO: [ template_filter ] --END-- [ RunTime:0.000162s ]
INFO: Run Behavior\ParseTemplateBehavior [ RunTime:0.006580s ]
INFO: [ view_parse ] --END-- [ RunTime:0.006699s ]
INFO: [ view_filter ] --START--
INFO: Run Behavior\WriteHtmlCacheBehavior [ RunTime:0.000584s ]
INFO: [ view_filter ] --END-- [ RunTime:0.000683s ]
INFO: [ app_end ] --START--
INFO: Run Behavior\ShowPageTraceBehavior [ RunTime:0.000704s ]
INFO: [ app_end ] --END-- [ RunTime:0.000804s ]
NOTIC: [8] Constant APP_DEBUG already defined D:\wamp\www\hotel\index.php Á¨¨ 30 Ë°å.

[ 2018-02-07T11:57:07+08:00 ] ::1 /hotel/index.php?m=Roomer&c=login&a=logout
INFO: [ app_init ] --START--
INFO: Run Behavior\BuildLiteBehavior [ RunTime:0.000021s ]
INFO: [ app_init ] --END-- [ RunTime:0.000130s ]
INFO: [ app_begin ] --START--
INFO: Run Behavior\ReadHtmlCacheBehavior [ RunTime:0.000687s ]
INFO: [ app_begin ] --END-- [ RunTime:0.000804s ]

[ 2018-02-07T11:57:07+08:00 ] ::1 /hotel/index.php?m=Roomer&c=login&a=index
INFO: [ app_init ] --START--
INFO: Run Behavior\BuildLiteBehavior [ RunTime:0.000020s ]
INFO: [ app_init ] --END-- [ RunTime:0.000119s ]
INFO: [ app_begin ] --START--
INFO: Run Behavior\ReadHtmlCacheBehavior [ RunTime:0.000768s ]
INFO: [ app_begin ] --END-- [ RunTime:0.000954s ]
INFO: [ view_parse ] --START--
INFO: [ template_filter ] --START--
INFO: Run Behavior\ContentReplaceBehavior [ RunTime:0.000057s ]
INFO: [ template_filter ] --END-- [ RunTime:0.000241s ]
INFO: Run Behavior\ParseTemplateBehavior [ RunTime:0.007151s ]
INFO: [ view_parse ] --END-- [ RunTime:0.007275s ]
INFO: [ view_filter ] --START--
INFO: Run Behavior\WriteHtmlCacheBehavior [ RunTime:0.000588s ]
INFO: [ view_filter ] --END-- [ RunTime:0.000681s ]
INFO: [ app_end ] --START--
INFO: Run Behavior\ShowPageTraceBehavior [ RunTime:0.000668s ]
INFO: [ app_end ] --END-- [ RunTime:0.000763s ]
NOTIC: [8] Constant APP_DEBUG already defined D:\wamp\www\hotel\index.php Á¨¨ 30 Ë°å.

[ 2018-02-07T11:58:16+08:00 ] ::1 /hotel/index.php?m=Roomer&c=login&a=index
INFO: [ app_init ] --START--
INFO: Run Behavior\BuildLiteBehavior [ RunTime:0.000022s ]
INFO: [ app_init ] --END-- [ RunTime:0.000128s ]
INFO: [ app_begin ] --START--
INFO: Run Behavior\ReadHtmlCacheBehavior [ RunTime:0.000709s ]
INFO: [ app_begin ] --END-- [ RunTime:0.000828s ]
INFO: [ view_parse ] --START--
INFO: [ template_filter ] --START--
INFO: Run Behavior\ContentReplaceBehavior [ RunTime:0.000060s ]
INFO: [ template_filter ] --END-- [ RunTime:0.000167s ]
INFO: Run Behavior\ParseTemplateBehavior [ RunTime:0.006419s ]
INFO: [ view_parse ] --END-- [ RunTime:0.006524s ]
INFO: [ view_filter ] --START--
INFO: Run Behavior\WriteHtmlCacheBehavior [ RunTime:0.000593s ]
INFO: [ view_filter ] --END-- [ RunTime:0.000701s ]
INFO: [ app_end ] --START--
INFO: Run Behavior\ShowPageTraceBehavior [ RunTime:0.000680s ]
INFO: [ app_end ] --END-- [ RunTime:0.000774s ]
NOTIC: [8] Constant APP_DEBUG already defined D:\wamp\www\hotel\index.php Á¨¨ 30 Ë°å.

[ 2018-02-07T11:59:12+08:00 ] ::1 /hotel/index.php?m=Roomer&c=login&a=index
INFO: [ app_init ] --START--
INFO: Run Behavior\BuildLiteBehavior [ RunTime:0.000020s ]
INFO: [ app_init ] --END-- [ RunTime:0.000120s ]
INFO: [ app_begin ] --START--
INFO: Run Behavior\ReadHtmlCacheBehavior [ RunTime:0.000693s ]
INFO: [ app_begin ] --END-- [ RunTime:0.000807s ]
INFO: [ view_parse ] --START--
INFO: [ template_filter ] --START--
INFO: Run Behavior\ContentReplaceBehavior [ RunTime:0.000073s ]
INFO: [ template_filter ] --END-- [ RunTime:0.000200s ]
INFO: Run Behavior\ParseTemplateBehavior [ RunTime:0.007081s ]
INFO: [ view_parse ] --END-- [ RunTime:0.007183s ]
INFO: [ view_filter ] --START--
INFO: Run Behavior\WriteHtmlCacheBehavior [ RunTime:0.000544s ]
INFO: [ view_filter ] --END-- [ RunTime:0.000661s ]
INFO: [ app_end ] --START--
INFO: Run Behavior\ShowPageTraceBehavior [ RunTime:0.000687s ]
INFO: [ app_end ] --END-- [ RunTime:0.000780s ]
NOTIC: [8] Constant APP_DEBUG already defined D:\wamp\www\hotel\index.php Á¨¨ 30 Ë°å.

[ 2018-02-07T13:45:25+08:00 ] ::1 /hotel/index.php?m=Roomer&c=login&a=index
INFO: [ app_init ] --START--
INFO: Run Behavior\BuildLiteBehavior [ RunTime:0.000021s ]
INFO: [ app_init ] --END-- [ RunTime:0.000128s ]
INFO: [ app_begin ] --START--
INFO: Run Behavior\ReadHtmlCacheBehavior [ RunTime:0.000740s ]
INFO: [ app_begin ] --END-- [ RunTime:0.000859s ]
INFO: [ view_parse ] --START--
INFO: [ template_filter ] --START--
INFO: Run Behavior\ContentReplaceBehavior [ RunTime:0.000059s ]
INFO: [ template_filter ] --END-- [ RunTime:0.000166s ]
INFO: Run Behavior\ParseTemplateBehavior [ RunTime:0.006617s ]
INFO: [ view_parse ] --END-- [ RunTime:0.006803s ]
INFO: [ view_filter ] --START--
INFO: Run Behavior\WriteHtmlCacheBehavior [ RunTime:0.000608s ]
INFO: [ view_filter ] --END-- [ RunTime:0.000704s ]
INFO: [ app_end ] --START--
INFO: Run Behavior\ShowPageTraceBehavior [ RunTime:0.000762s ]
INFO: [ app_end ] --END-- [ RunTime:0.000863s ]
NOTIC: [8] Constant APP_DEBUG already defined D:\wamp\www\hotel\index.php Á¨¨ 30 Ë°å.

[ 2018-02-07T13:45:30+08:00 ] ::1 /hotel/index.php?m=Roomer&c=login&a=login
INFO: [ app_init ] --START--
INFO: Run Behavior\BuildLiteBehavior [ RunTime:0.000022s ]
INFO: [ app_init ] --END-- [ RunTime:0.000128s ]
INFO: [ app_begin ] --START--
INFO: Run Behavior\ReadHtmlCacheBehavior [ RunTime:0.000691s ]
INFO: [ app_begin ] --END-- [ RunTime:0.000809s ]
SQL: SHOW COLUMNS FROM `hotel_roomer` [ RunTime:0.0013s ]
SQL: SELECT * FROM `hotel_roomer` WHERE ( roomer_id='4001' AND roomer_password='e10adc3949ba59abbe56e057f20f883e' ) LIMIT 1   [ RunTime:0.0003s ]
SQL: UPDATE `hotel_roomer` SET `last_login_time`='2018-02-07 13:45:30' WHERE ( roomer_id=4001 ) [ RunTime:0.0313s ]

[ 2018-02-07T13:45:30+08:00 ] ::1 /hotel/index.php?m=Roomer&c=Index&a=index
INFO: [ app_init ] --START--
INFO: Run Behavior\BuildLiteBehavior [ RunTime:0.000022s ]
INFO: [ app_init ] --END-- [ RunTime:0.000129s ]
INFO: [ app_begin ] --START--
INFO: Run Behavior\ReadHtmlCacheBehavior [ RunTime:0.000768s ]
INFO: [ app_begin ] --END-- [ RunTime:0.000911s ]
INFO: [ view_parse ] --START--
INFO: [ template_filter ] --START--
INFO: Run Behavior\ContentReplaceBehavior [ RunTime:0.000062s ]
INFO: [ template_filter ] --END-- [ RunTime:0.000162s ]
INFO: Run Behavior\ParseTemplateBehavior [ RunTime:0.009455s ]
INFO: [ view_parse ] --END-- [ RunTime:0.009560s ]
INFO: [ view_filter ] --START--
INFO: Run Behavior\WriteHtmlCacheBehavior [ RunTime:0.000585s ]
INFO: [ view_filter ] --END-- [ RunTime:0.000677s ]
INFO: [ app_end ] --START--
INFO: Run Behavior\ShowPageTraceBehavior [ RunTime:0.000842s ]
INFO: [ app_end ] --END-- [ RunTime:0.000961s ]
NOTIC: [8] Constant APP_DEBUG already defined D:\wamp\www\hotel\index.php Á¨¨ 30 Ë°å.

[ 2018-02-07T13:45:31+08:00 ] ::1 /hotel/index.php?m=Roomer&c=index&a=info
INFO: [ app_init ] --START--
INFO: Run Behavior\BuildLiteBehavior [ RunTime:0.000033s ]
INFO: [ app_init ] --END-- [ RunTime:0.000137s ]
INFO: [ app_begin ] --START--
INFO: Run Behavior\ReadHtmlCacheBehavior [ RunTime:0.000898s ]
INFO: [ app_begin ] --END-- [ RunTime:0.001050s ]
SQL: SHOW COLUMNS FROM `hotel_roomer` [ RunTime:0.0013s ]
SQL: SELECT * FROM `hotel_roomer` WHERE ( roomer_name='ÂàòÂ∏å' ) LIMIT 1   [ RunTime:0.0003s ]
INFO: [ view_parse ] --START--
INFO: [ template_filter ] --START--
INFO: Run Behavior\ContentReplaceBehavior [ RunTime:0.000058s ]
INFO: [ template_filter ] --END-- [ RunTime:0.000167s ]
INFO: Run Behavior\ParseTemplateBehavior [ RunTime:0.007174s ]
INFO: [ view_parse ] --END-- [ RunTime:0.007293s ]
INFO: [ view_filter ] --START--
INFO: Run Behavior\WriteHtmlCacheBehavior [ RunTime:0.000565s ]
INFO: [ view_filter ] --END-- [ RunTime:0.000665s ]
INFO: [ app_end ] --START--
INFO: Run Behavior\ShowPageTraceBehavior [ RunTime:0.000721s ]
INFO: [ app_end ] --END-- [ RunTime:0.000816s ]
NOTIC: [8] Constant APP_DEBUG already defined D:\wamp\www\hotel\index.php Á¨¨ 30 Ë°å.

[ 2018-02-07T13:45:38+08:00 ] ::1 /hotel/index.php?m=Roomer&c=login&a=logout
INFO: [ app_init ] --START--
INFO: Run Behavior\BuildLiteBehavior [ RunTime:0.000022s ]
INFO: [ app_init ] --END-- [ RunTime:0.000130s ]
INFO: [ app_begin ] --START--
INFO: Run Behavior\ReadHtmlCacheBehavior [ RunTime:0.000731s ]
INFO: [ app_begin ] --END-- [ RunTime:0.000848s ]

[ 2018-02-07T13:45:38+08:00 ] ::1 /hotel/index.php?m=Roomer&c=login&a=index
INFO: [ app_init ] --START--
INFO: Run Behavior\BuildLiteBehavior [ RunTime:0.000020s ]
INFO: [ app_init ] --END-- [ RunTime:0.000121s ]
INFO: [ app_begin ] --START--
INFO: Run Behavior\ReadHtmlCacheBehavior [ RunTime:0.000806s ]
INFO: [ app_begin ] --END-- [ RunTime:0.000917s ]
INFO: [ view_parse ] --START--
INFO: [ template_filter ] --START--
INFO: Run Behavior\ContentReplaceBehavior [ RunTime:0.000057s ]
INFO: [ template_filter ] --END-- [ RunTime:0.000158s ]
INFO: Run Behavior\ParseTemplateBehavior [ RunTime:0.007395s ]
INFO: [ view_parse ] --END-- [ RunTime:0.007502s ]
INFO: [ view_filter ] --START--
INFO: Run Behavior\WriteHtmlCacheBehavior [ RunTime:0.000580s ]
INFO: [ view_filter ] --END-- [ RunTime:0.000669s ]
INFO: [ app_end ] --START--
INFO: Run Behavior\ShowPageTraceBehavior [ RunTime:0.000738s ]
INFO: [ app_end ] --END-- [ RunTime:0.000848s ]
NOTIC: [8] Constant APP_DEBUG already defined D:\wamp\www\hotel\index.php Á¨¨ 30 Ë°å.

[ 2018-02-07T13:46:08+08:00 ] ::1 /hotel/index.php?m=Roomer&c=login&a=login
INFO: [ app_init ] --START--
INFO: Run Behavior\BuildLiteBehavior [ RunTime:0.000024s ]
INFO: [ app_init ] --END-- [ RunTime:0.000204s ]
INFO: [ app_begin ] --START--
INFO: Run Behavior\ReadHtmlCacheBehavior [ RunTime:0.000884s ]
INFO: [ app_begin ] --END-- [ RunTime:0.001012s ]
SQL: SHOW COLUMNS FROM `hotel_roomer` [ RunTime:0.0012s ]
SQL: SELECT * FROM `hotel_roomer` WHERE ( roomer_id='4001' AND roomer_password='e10adc3949ba59abbe56e057f20f883e' ) LIMIT 1   [ RunTime:0.0002s ]
SQL: UPDATE `hotel_roomer` SET `last_login_time`='2018-02-07 13:46:08' WHERE ( roomer_id=4001 ) [ RunTime:0.0288s ]

[ 2018-02-07T13:46:08+08:00 ] ::1 /hotel/index.php?m=Roomer&c=Index&a=index
INFO: [ app_init ] --START--
INFO: Run Behavior\BuildLiteBehavior [ RunTime:0.000023s ]
INFO: [ app_init ] --END-- [ RunTime:0.000132s ]
INFO: [ app_begin ] --START--
INFO: Run Behavior\ReadHtmlCacheBehavior [ RunTime:0.000633s ]
INFO: [ app_begin ] --END-- [ RunTime:0.000754s ]
INFO: [ view_parse ] --START--
INFO: [ template_filter ] --START--
INFO: Run Behavior\ContentReplaceBehavior [ RunTime:0.000067s ]
INFO: [ template_filter ] --END-- [ RunTime:0.000174s ]
INFO: Run Behavior\ParseTemplateBehavior [ RunTime:0.009662s ]
INFO: [ view_parse ] --END-- [ RunTime:0.009783s ]
INFO: [ view_filter ] --START--
INFO: Run Behavior\WriteHtmlCacheBehavior [ RunTime:0.000556s ]
INFO: [ view_filter ] --END-- [ RunTime:0.000657s ]
INFO: [ app_end ] --START--
INFO: Run Behavior\ShowPageTraceBehavior [ RunTime:0.000664s ]
INFO: [ app_end ] --END-- [ RunTime:0.000770s ]
NOTIC: [8] Constant APP_DEBUG already defined D:\wamp\www\hotel\index.php Á¨¨ 30 Ë°å.

[ 2018-02-07T13:46:08+08:00 ] ::1 /hotel/index.php?m=Roomer&c=index&a=info
INFO: [ app_init ] --START--
INFO: Run Behavior\BuildLiteBehavior [ RunTime:0.000022s ]
INFO: [ app_init ] --END-- [ RunTime:0.000128s ]
INFO: [ app_begin ] --START--
INFO: Run Behavior\ReadHtmlCacheBehavior [ RunTime:0.000720s ]
INFO: [ app_begin ] --END-- [ RunTime:0.000853s ]
SQL: SHOW COLUMNS FROM `hotel_roomer` [ RunTime:0.0011s ]
SQL: SELECT * FROM `hotel_roomer` WHERE ( roomer_name='ÂàòÂ∏å' ) LIMIT 1   [ RunTime:0.0002s ]
INFO: [ view_parse ] --START--
INFO: [ template_filter ] --START--
INFO: Run Behavior\ContentReplaceBehavior [ RunTime:0.000059s ]
INFO: [ template_filter ] --END-- [ RunTime:0.000170s ]
INFO: Run Behavior\ParseTemplateBehavior [ RunTime:0.006341s ]
INFO: [ view_parse ] --END-- [ RunTime:0.006462s ]
INFO: [ view_filter ] --START--
INFO: Run Behavior\WriteHtmlCacheBehavior [ RunTime:0.000507s ]
INFO: [ view_filter ] --END-- [ RunTime:0.000608s ]
INFO: [ app_end ] --START--
INFO: Run Behavior\ShowPageTraceBehavior [ RunTime:0.000685s ]
INFO: [ app_end ] --END-- [ RunTime:0.000790s ]
NOTIC: [8] Constant APP_DEBUG already defined D:\wamp\www\hotel\index.php Á¨¨ 30 Ë°å.

[ 2018-02-07T13:46:14+08:00 ] ::1 /hotel/index.php?m=Roomer&c=index&a=info
INFO: [ app_init ] --START--
INFO: Run Behavior\BuildLiteBehavior [ RunTime:0.000023s ]
INFO: [ app_init ] --END-- [ RunTime:0.000130s ]
INFO: [ app_begin ] --START--
INFO: Run Behavior\ReadHtmlCacheBehavior [ RunTime:0.000722s ]
INFO: [ app_begin ] --END-- [ RunTime:0.000843s ]
SQL: SHOW COLUMNS FROM `hotel_roomer` [ RunTime:0.0012s ]
SQL: SELECT * FROM `hotel_roomer` WHERE ( roomer_name='ÂàòÂ∏å' ) LIMIT 1   [ RunTime:0.0003s ]
INFO: [ view_parse ] --START--
INFO: [ template_filter ] --START--
INFO: Run Behavior\ContentReplaceBehavior [ RunTime:0.000053s ]
INFO: [ template_filter ] --END-- [ RunTime:0.000148s ]
INFO: Run Behavior\ParseTemplateBehavior [ RunTime:0.006339s ]
INFO: [ view_parse ] --END-- [ RunTime:0.006495s ]
INFO: [ view_filter ] --START--
INFO: Run Behavior\WriteHtmlCacheBehavior [ RunTime:0.001029s ]
INFO: [ view_filter ] --END-- [ RunTime:0.001170s ]
INFO: [ app_end ] --START--
INFO: Run Behavior\ShowPageTraceBehavior [ RunTime:0.000677s ]
INFO: [ app_end ] --END-- [ RunTime:0.000770s ]
NOTIC: [8] Constant APP_DEBUG already defined D:\wamp\www\hotel\index.php Á¨¨ 30 Ë°å.

[ 2018-02-07T13:46:16+08:00 ] ::1 /hotel/index.php?m=Roomer&c=usermanager&a=index
INFO: [ app_init ] --START--
INFO: Run Behavior\BuildLiteBehavior [ RunTime:0.000021s ]
INFO: [ app_init ] --END-- [ RunTime:0.000126s ]
INFO: [ app_begin ] --START--
INFO: Run Behavior\ReadHtmlCacheBehavior [ RunTime:0.000751s ]
INFO: [ app_begin ] --END-- [ RunTime:0.000868s ]
SQL: SHOW COLUMNS FROM `hotel_user` [ RunTime:0.0013s ]
SQL: SELECT COUNT(*) AS tp_count FROM `hotel_user` LIMIT 1   [ RunTime:0.0003s ]
SQL: select * from hotel_user Limit 0, 15 [ RunTime:0.0004s ]
INFO: [ view_parse ] --START--
INFO: [ template_filter ] --START--
INFO: Run Behavior\ContentReplaceBehavior [ RunTime:0.000063s ]
INFO: [ template_filter ] --END-- [ RunTime:0.000198s ]
NOTIC: [8] Use of undefined constant user_id - assumed 'user_id' D:\wamp\www\hotel\Application\Runtime\Cache\Roomer\6a416c3f24be59651270132b5ee650ce.php Á¨¨ 50 Ë°å.
NOTIC: [8] Use of undefined constant user_id - assumed 'user_id' D:\wamp\www\hotel\Application\Runtime\Cache\Roomer\6a416c3f24be59651270132b5ee650ce.php Á¨¨ 50 Ë°å.
NOTIC: [8] Use of undefined constant user_id - assumed 'user_id' D:\wamp\www\hotel\Application\Runtime\Cache\Roomer\6a416c3f24be59651270132b5ee650ce.php Á¨¨ 50 Ë°å.
NOTIC: [8] Use of undefined constant user_id - assumed 'user_id' D:\wamp\www\hotel\Application\Runtime\Cache\Roomer\6a416c3f24be59651270132b5ee650ce.php Á¨¨ 50 Ë°å.
NOTIC: [8] Use of undefined constant user_id - assumed 'user_id' D:\wamp\www\hotel\Application\Runtime\Cache\Roomer\6a416c3f24be59651270132b5ee650ce.php Á¨¨ 50 Ë°å.
NOTIC: [8] Use of undefined constant user_id - assumed 'user_id' D:\wamp\www\hotel\Application\Runtime\Cache\Roomer\6a416c3f24be59651270132b5ee650ce.php Á¨¨ 50 Ë°å.
NOTIC: [8] Use of undefined constant user_id - assumed 'user_id' D:\wamp\www\hotel\Application\Runtime\Cache\Roomer\6a416c3f24be59651270132b5ee650ce.php Á¨¨ 50 Ë°å.
NOTIC: [8] Use of undefined constant user_id - assumed 'user_id' D:\wamp\www\hotel\Application\Runtime\Cache\Roomer\6a416c3f24be59651270132b5ee650ce.php Á¨¨ 50 Ë°å.
NOTIC: [8] Use of undefined constant user_id - assumed 'user_id' D:\wamp\www\hotel\Application\Runtime\Cache\Roomer\6a416c3f24be59651270132b5ee650ce.php Á¨¨ 50 Ë°å.
NOTIC: [8] Use of undefined constant user_id - assumed 'user_id' D:\wamp\www\hotel\Application\Runtime\Cache\Roomer\6a416c3f24be59651270132b5ee650ce.php Á¨¨ 50 Ë°å.
NOTIC: [8] Use of undefined constant user_id - assumed 'user_id' D:\wamp\www\hotel\Application\Runtime\Cache\Roomer\6a416c3f24be59651270132b5ee650ce.php Á¨¨ 50 Ë°å.
NOTIC: [8] Use of undefined constant user_id - assumed 'user_id' D:\wamp\www\hotel\Application\Runtime\Cache\Roomer\6a416c3f24be59651270132b5ee650ce.php Á¨¨ 50 Ë°å.
NOTIC: [8] Use of undefined constant user_id - assumed 'user_id' D:\wamp\www\hotel\Application\Runtime\Cache\Roomer\6a416c3f24be59651270132b5ee650ce.php Á¨¨ 50 Ë°å.
NOTIC: [8] Use of undefined constant user_id - assumed 'user_id' D:\wamp\www\hotel\Application\Runtime\Cache\Roomer\6a416c3f24be59651270132b5ee650ce.php Á¨¨ 50 Ë°å.
NOTIC: [8] Use of undefined constant user_id - assumed 'user_id' D:\wamp\www\hotel\Application\Runtime\Cache\Roomer\6a416c3f24be59651270132b5ee650ce.php Á¨¨ 50 Ë°å.
INFO: Run Behavior\ParseTemplateBehavior [ RunTime:0.011943s ]
INFO: [ view_parse ] --END-- [ RunTime:0.012053s ]
INFO: [ view_filter ] --START--
INFO: Run Behavior\WriteHtmlCacheBehavior [ RunTime:0.000571s ]
INFO: [ view_filter ] --END-- [ RunTime:0.000663s ]
INFO: [ app_end ] --START--
INFO: Run Behavior\ShowPageTraceBehavior [ RunTime:0.000838s ]
INFO: [ app_end ] --END-- [ RunTime:0.000939s ]
NOTIC: [8] Constant APP_DEBUG already defined D:\wamp\www\hotel\index.php Á¨¨ 30 Ë°å.

[ 2018-02-07T13:46:18+08:00 ] ::1 /hotel/index.php?m=Roomer&c=usermanager&a=check_orders
INFO: [ app_init ] --START--
INFO: Run Behavior\BuildLiteBehavior [ RunTime:0.000020s ]
INFO: [ app_init ] --END-- [ RunTime:0.000125s ]
INFO: [ app_begin ] --START--
INFO: Run Behavior\ReadHtmlCacheBehavior [ RunTime:0.000739s ]
INFO: [ app_begin ] --END-- [ RunTime:0.000859s ]
SQL: SHOW COLUMNS FROM `hotel_room_order` [ RunTime:0.0006s ]
SQL: SELECT COUNT(*) AS tp_count FROM `hotel_room_order` LIMIT 1   [ RunTime:0.0003s ]
SQL: select * from hotel_room_order Limit 0, 15 [ RunTime:0.0004s ]
INFO: [ view_parse ] --START--
INFO: [ template_filter ] --START--
INFO: Run Behavior\ContentReplaceBehavior [ RunTime:0.000060s ]
INFO: [ template_filter ] --END-- [ RunTime:0.000160s ]
NOTIC: [8] Use of undefined constant employe_id - assumed 'employe_id' D:\wamp\www\hotel\Application\Runtime\Cache\Roomer\8d5252a8415653e2770e02c9fd255686.php Á¨¨ 61 Ë°å.
NOTIC: [8] Undefined index: employe_id D:\wamp\www\hotel\Application\Runtime\Cache\Roomer\8d5252a8415653e2770e02c9fd255686.php Á¨¨ 61 Ë°å.
NOTIC: [8] Use of undefined constant employe_id - assumed 'employe_id' D:\wamp\www\hotel\Application\Runtime\Cache\Roomer\8d5252a8415653e2770e02c9fd255686.php Á¨¨ 61 Ë°å.
NOTIC: [8] Undefined index: employe_id D:\wamp\www\hotel\Application\Runtime\Cache\Roomer\8d5252a8415653e2770e02c9fd255686.php Á¨¨ 61 Ë°å.
NOTIC: [8] Use of undefined constant employe_id - assumed 'employe_id' D:\wamp\www\hotel\Application\Runtime\Cache\Roomer\8d5252a8415653e2770e02c9fd255686.php Á¨¨ 61 Ë°å.
NOTIC: [8] Undefined index: employe_id D:\wamp\www\hotel\Application\Runtime\Cache\Roomer\8d5252a8415653e2770e02c9fd255686.php Á¨¨ 61 Ë°å.
NOTIC: [8] Use of undefined constant employe_id - assumed 'employe_id' D:\wamp\www\hotel\Application\Runtime\Cache\Roomer\8d5252a8415653e2770e02c9fd255686.php Á¨¨ 61 Ë°å.
NOTIC: [8] Undefined index: employe_id D:\wamp\www\hotel\Application\Runtime\Cache\Roomer\8d5252a8415653e2770e02c9fd255686.php Á¨¨ 61 Ë°å.
NOTIC: [8] Use of undefined constant employe_id - assumed 'employe_id' D:\wamp\www\hotel\Application\Runtime\Cache\Roomer\8d5252a8415653e2770e02c9fd255686.php Á¨¨ 61 Ë°å.
NOTIC: [8] Undefined index: employe_id D:\wamp\www\hotel\Application\Runtime\Cache\Roomer\8d5252a8415653e2770e02c9fd255686.php Á¨¨ 61 Ë°å.
NOTIC: [8] Use of undefined constant employe_id - assumed 'employe_id' D:\wamp\www\hotel\Application\Runtime\Cache\Roomer\8d5252a8415653e2770e02c9fd255686.php Á¨¨ 61 Ë°å.
NOTIC: [8] Undefined index: employe_id D:\wamp\www\hotel\Application\Runtime\Cache\Roomer\8d5252a8415653e2770e02c9fd255686.php Á¨¨ 61 Ë°å.
NOTIC: [8] Use of undefined constant employe_id - assumed 'employe_id' D:\wamp\www\hotel\Application\Runtime\Cache\Roomer\8d5252a8415653e2770e02c9fd255686.php Á¨¨ 61 Ë°å.
NOTIC: [8] Undefined index: employe_id D:\wamp\www\hotel\Application\Runtime\Cache\Roomer\8d5252a8415653e2770e02c9fd255686.php Á¨¨ 61 Ë°å.
NOTIC: [8] Use of undefined constant employe_id - assumed 'employe_id' D:\wamp\www\hotel\Application\Runtime\Cache\Roomer\8d5252a8415653e2770e02c9fd255686.php Á¨¨ 61 Ë°å.
NOTIC: [8] Undefined index: employe_id D:\wamp\www\hotel\Application\Runtime\Cache\Roomer\8d5252a8415653e2770e02c9fd255686.php Á¨¨ 61 Ë°å.
NOTIC: [8] Use of undefined constant employe_id - assumed 'employe_id' D:\wamp\www\hotel\Application\Runtime\Cache\Roomer\8d5252a8415653e2770e02c9fd255686.php Á¨¨ 61 Ë°å.
NOTIC: [8] Undefined index: employe_id D:\wamp\www\hotel\Application\Runtime\Cache\Roomer\8d5252a8415653e2770e02c9fd255686.php Á¨¨ 61 Ë°å.
NOTIC: [8] Use of undefined constant employe_id - assumed 'employe_id' D:\wamp\www\hotel\Application\Runtime\Cache\Roomer\8d5252a8415653e2770e02c9fd255686.php Á¨¨ 61 Ë°å.
NOTIC: [8] Undefined index: employe_id D:\wamp\www\hotel\Application\Runtime\Cache\Roomer\8d5252a8415653e2770e02c9fd255686.php Á¨¨ 61 Ë°å.
NOTIC: [8] Use of undefined constant employe_id - assumed 'employe_id' D:\wamp\www\hotel\Application\Runtime\Cache\Roomer\8d5252a8415653e2770e02c9fd255686.php Á¨¨ 61 Ë°å.
NOTIC: [8] Undefined index: employe_id D:\wamp\www\hotel\Application\Runtime\Cache\Roomer\8d5252a8415653e2770e02c9fd255686.php Á¨¨ 61 Ë°å.
NOTIC: [8] Use of undefined constant employe_id - assumed 'employe_id' D:\wamp\www\hotel\Application\Runtime\Cache\Roomer\8d5252a8415653e2770e02c9fd255686.php Á¨¨ 61 Ë°å.
NOTIC: [8] Undefined index: employe_id D:\wamp\www\hotel\Application\Runtime\Cache\Roomer\8d5252a8415653e2770e02c9fd255686.php Á¨¨ 61 Ë°å.
NOTIC: [8] Use of undefined constant employe_id - assumed 'employe_id' D:\wamp\www\hotel\Application\Runtime\Cache\Roomer\8d5252a8415653e2770e02c9fd255686.php Á¨¨ 61 Ë°å.
NOTIC: [8] Undefined index: employe_id D:\wamp\www\hotel\Application\Runtime\Cache\Roomer\8d5252a8415653e2770e02c9fd255686.php Á¨¨ 61 Ë°å.
NOTIC: [8] Use of undefined constant employe_id - assumed 'employe_id' D:\wamp\www\hotel\Application\Runtime\Cache\Roomer\8d5252a8415653e2770e02c9fd255686.php Á¨¨ 61 Ë°å.
NOTIC: [8] Undefined index: employe_id D:\wamp\www\hotel\Application\Runtime\Cache\Roomer\8d5252a8415653e2770e02c9fd255686.php Á¨¨ 61 Ë°å.
NOTIC: [8] Use of undefined constant employe_id - assumed 'employe_id' D:\wamp\www\hotel\Application\Runtime\Cache\Roomer\8d5252a8415653e2770e02c9fd255686.php Á¨¨ 61 Ë°å.
NOTIC: [8] Undefined index: employe_id D:\wamp\www\hotel\Application\Runtime\Cache\Roomer\8d5252a8415653e2770e02c9fd255686.php Á¨¨ 61 Ë°å.
INFO: Run Behavior\ParseTemplateBehavior [ RunTime:0.011853s ]
INFO: [ view_parse ] --END-- [ RunTime:0.011955s ]
INFO: [ view_filter ] --START--
INFO: Run Behavior\WriteHtmlCacheBehavior [ RunTime:0.000592s ]
INFO: [ view_filter ] --END-- [ RunTime:0.000690s ]
INFO: [ app_end ] --START--
INFO: Run Behavior\ShowPageTraceBehavior [ RunTime:0.000842s ]
INFO: [ app_end ] --END-- [ RunTime:0.000958s ]
NOTIC: [8] Constant APP_DEBUG already defined D:\wamp\www\hotel\index.php Á¨¨ 30 Ë°å.

[ 2018-02-07T13:46:18+08:00 ] ::1 /hotel/index.php?m=Roomer&c=usermanager&a=index
INFO: [ app_init ] --START--
INFO: Run Behavior\BuildLiteBehavior [ RunTime:0.000021s ]
INFO: [ app_init ] --END-- [ RunTime:0.000129s ]
INFO: [ app_begin ] --START--
INFO: Run Behavior\ReadHtmlCacheBehavior [ RunTime:0.000630s ]
INFO: [ app_begin ] --END-- [ RunTime:0.000753s ]
SQL: SHOW COLUMNS FROM `hotel_user` [ RunTime:0.0011s ]
SQL: SELECT COUNT(*) AS tp_count FROM `hotel_user` LIMIT 1   [ RunTime:0.0002s ]
SQL: select * from hotel_user Limit 0, 15 [ RunTime:0.0003s ]
INFO: [ view_parse ] --START--
INFO: [ template_filter ] --START--
INFO: Run Behavior\ContentReplaceBehavior [ RunTime:0.000065s ]
INFO: [ template_filter ] --END-- [ RunTime:0.000177s ]
NOTIC: [8] Use of undefined constant user_id - assumed 'user_id' D:\wamp\www\hotel\Application\Runtime\Cache\Roomer\6a416c3f24be59651270132b5ee650ce.php Á¨¨ 50 Ë°å.
NOTIC: [8] Use of undefined constant user_id - assumed 'user_id' D:\wamp\www\hotel\Application\Runtime\Cache\Roomer\6a416c3f24be59651270132b5ee650ce.php Á¨¨ 50 Ë°å.
NOTIC: [8] Use of undefined constant user_id - assumed 'user_id' D:\wamp\www\hotel\Application\Runtime\Cache\Roomer\6a416c3f24be59651270132b5ee650ce.php Á¨¨ 50 Ë°å.
NOTIC: [8] Use of undefined constant user_id - assumed 'user_id' D:\wamp\www\hotel\Application\Runtime\Cache\Roomer\6a416c3f24be59651270132b5ee650ce.php Á¨¨ 50 Ë°å.
NOTIC: [8] Use of undefined constant user_id - assumed 'user_id' D:\wamp\www\hotel\Application\Runtime\Cache\Roomer\6a416c3f24be59651270132b5ee650ce.php Á¨¨ 50 Ë°å.
NOTIC: [8] Use of undefined constant user_id - assumed 'user_id' D:\wamp\www\hotel\Application\Runtime\Cache\Roomer\6a416c3f24be59651270132b5ee650ce.php Á¨¨ 50 Ë°å.
NOTIC: [8] Use of undefined constant user_id - assumed 'user_id' D:\wamp\www\hotel\Application\Runtime\Cache\Roomer\6a416c3f24be59651270132b5ee650ce.php Á¨¨ 50 Ë°å.
NOTIC: [8] Use of undefined constant user_id - assumed 'user_id' D:\wamp\www\hotel\Application\Runtime\Cache\Roomer\6a416c3f24be59651270132b5ee650ce.php Á¨¨ 50 Ë°å.
NOTIC: [8] Use of undefined constant user_id - assumed 'user_id' D:\wamp\www\hotel\Application\Runtime\Cache\Roomer\6a416c3f24be59651270132b5ee650ce.php Á¨¨ 50 Ë°å.
NOTIC: [8] Use of undefined constant user_id - assumed 'user_id' D:\wamp\www\hotel\Application\Runtime\Cache\Roomer\6a416c3f24be59651270132b5ee650ce.php Á¨¨ 50 Ë°å.
NOTIC: [8] Use of undefined constant user_id - assumed 'user_id' D:\wamp\www\hotel\Application\Runtime\Cache\Roomer\6a416c3f24be59651270132b5ee650ce.php Á¨¨ 50 Ë°å.
NOTIC: [8] Use of undefined constant user_id - assumed 'user_id' D:\wamp\www\hotel\Application\Runtime\Cache\Roomer\6a416c3f24be59651270132b5ee650ce.php Á¨¨ 50 Ë°å.
NOTIC: [8] Use of undefined constant user_id - assumed 'user_id' D:\wamp\www\hotel\Application\Runtime\Cache\Roomer\6a416c3f24be59651270132b5ee650ce.php Á¨¨ 50 Ë°å.
NOTIC: [8] Use of undefined constant user_id - assumed 'user_id' D:\wamp\www\hotel\Application\Runtime\Cache\Roomer\6a416c3f24be59651270132b5ee650ce.php Á¨¨ 50 Ë°å.
NOTIC: [8] Use of undefined constant user_id - assumed 'user_id' D:\wamp\www\hotel\Application\Runtime\Cache\Roomer\6a416c3f24be59651270132b5ee650ce.php Á¨¨ 50 Ë°å.
INFO: Run Behavior\ParseTemplateBehavior [ RunTime:0.011034s ]
INFO: [ view_parse ] --END-- [ RunTime:0.011150s ]
INFO: [ view_filter ] --START--
INFO: Run Behavior\WriteHtmlCacheBehavior [ RunTime:0.000520s ]
INFO: [ view_filter ] --END-- [ RunTime:0.000620s ]
INFO: [ app_end ] --START--
INFO: Run Behavior\ShowPageTraceBehavior [ RunTime:0.000674s ]
INFO: [ app_end ] --END-- [ RunTime:0.000782s ]
NOTIC: [8] Constant APP_DEBUG already defined D:\wamp\www\hotel\index.php Á¨¨ 30 Ë°å.

[ 2018-02-07T13:46:28+08:00 ] ::1 /hotel/index.php?m=Roomer&c=employemanager&a=index
INFO: [ app_init ] --START--
INFO: Run Behavior\BuildLiteBehavior [ RunTime:0.000022s ]
INFO: [ app_init ] --END-- [ RunTime:0.000128s ]
INFO: [ app_begin ] --START--
INFO: Run Behavior\ReadHtmlCacheBehavior [ RunTime:0.000700s ]
INFO: [ app_begin ] --END-- [ RunTime:0.000817s ]
SQL: SHOW COLUMNS FROM `hotel_employe` [ RunTime:0.0012s ]
SQL: SELECT COUNT(*) AS tp_count FROM `hotel_employe` LIMIT 1   [ RunTime:0.0003s ]
SQL: select * from hotel_employe Limit 0, 15 [ RunTime:0.0002s ]
INFO: [ view_parse ] --START--
INFO: [ template_filter ] --START--
INFO: Run Behavior\ContentReplaceBehavior [ RunTime:0.000065s ]
INFO: [ template_filter ] --END-- [ RunTime:0.000173s ]
NOTIC: [8] Use of undefined constant employe_id - assumed 'employe_id' D:\wamp\www\hotel\Application\Runtime\Cache\Roomer\e780de58ebfc35cba1270c9761e1f25b.php Á¨¨ 57 Ë°å.
NOTIC: [8] Use of undefined constant employe_id - assumed 'employe_id' D:\wamp\www\hotel\Application\Runtime\Cache\Roomer\e780de58ebfc35cba1270c9761e1f25b.php Á¨¨ 58 Ë°å.
NOTIC: [8] Use of undefined constant employe_id - assumed 'employe_id' D:\wamp\www\hotel\Application\Runtime\Cache\Roomer\e780de58ebfc35cba1270c9761e1f25b.php Á¨¨ 57 Ë°å.
NOTIC: [8] Use of undefined constant employe_id - assumed 'employe_id' D:\wamp\www\hotel\Application\Runtime\Cache\Roomer\e780de58ebfc35cba1270c9761e1f25b.php Á¨¨ 58 Ë°å.
NOTIC: [8] Use of undefined constant employe_id - assumed 'employe_id' D:\wamp\www\hotel\Application\Runtime\Cache\Roomer\e780de58ebfc35cba1270c9761e1f25b.php Á¨¨ 57 Ë°å.
NOTIC: [8] Use of undefined constant employe_id - assumed 'employe_id' D:\wamp\www\hotel\Application\Runtime\Cache\Roomer\e780de58ebfc35cba1270c9761e1f25b.php Á¨¨ 58 Ë°å.
NOTIC: [8] Use of undefined constant employe_id - assumed 'employe_id' D:\wamp\www\hotel\Application\Runtime\Cache\Roomer\e780de58ebfc35cba1270c9761e1f25b.php Á¨¨ 57 Ë°å.
NOTIC: [8] Use of undefined constant employe_id - assumed 'employe_id' D:\wamp\www\hotel\Application\Runtime\Cache\Roomer\e780de58ebfc35cba1270c9761e1f25b.php Á¨¨ 58 Ë°å.
INFO: Run Behavior\ParseTemplateBehavior [ RunTime:0.010184s ]
INFO: [ view_parse ] --END-- [ RunTime:0.010287s ]
INFO: [ view_filter ] --START--
INFO: Run Behavior\WriteHtmlCacheBehavior [ RunTime:0.000589s ]
INFO: [ view_filter ] --END-- [ RunTime:0.000690s ]
INFO: [ app_end ] --START--
INFO: Run Behavior\ShowPageTraceBehavior [ RunTime:0.000745s ]
INFO: [ app_end ] --END-- [ RunTime:0.000848s ]
NOTIC: [8] Constant APP_DEBUG already defined D:\wamp\www\hotel\index.php Á¨¨ 30 Ë°å.

[ 2018-02-07T13:46:29+08:00 ] ::1 /hotel/index.php?m=Roomer&c=employemanager&a=log
INFO: [ app_init ] --START--
INFO: Run Behavior\BuildLiteBehavior [ RunTime:0.000022s ]
INFO: [ app_init ] --END-- [ RunTime:0.000126s ]
INFO: [ app_begin ] --START--
INFO: Run Behavior\ReadHtmlCacheBehavior [ RunTime:0.000614s ]
INFO: [ app_begin ] --END-- [ RunTime:0.000729s ]
SQL: SHOW COLUMNS FROM `hotel_log` [ RunTime:0.0011s ]
SQL: SELECT COUNT(*) AS tp_count FROM `hotel_log` LIMIT 1   [ RunTime:0.0002s ]
SQL: select * from hotel_log Limit 0, 15 [ RunTime:0.0003s ]
INFO: [ view_parse ] --START--
INFO: [ template_filter ] --START--
INFO: Run Behavior\ContentReplaceBehavior [ RunTime:0.000060s ]
INFO: [ template_filter ] --END-- [ RunTime:0.000168s ]
INFO: Run Behavior\ParseTemplateBehavior [ RunTime:0.007915s ]
INFO: [ view_parse ] --END-- [ RunTime:0.008037s ]
INFO: [ view_filter ] --START--
INFO: Run Behavior\WriteHtmlCacheBehavior [ RunTime:0.000499s ]
INFO: [ view_filter ] --END-- [ RunTime:0.000602s ]
INFO: [ app_end ] --START--
INFO: Run Behavior\ShowPageTraceBehavior [ RunTime:0.000793s ]
INFO: [ app_end ] --END-- [ RunTime:0.001133s ]
NOTIC: [8] Constant APP_DEBUG already defined D:\wamp\www\hotel\index.php Á¨¨ 30 Ë°å.

[ 2018-02-07T13:46:32+08:00 ] ::1 /hotel/index.php?m=Roomer&c=employemanager&a=log&page=1
INFO: [ app_init ] --START--
INFO: Run Behavior\BuildLiteBehavior [ RunTime:0.000022s ]
INFO: [ app_init ] --END-- [ RunTime:0.000127s ]
INFO: [ app_begin ] --START--
INFO: Run Behavior\ReadHtmlCacheBehavior [ RunTime:0.000690s ]
INFO: [ app_begin ] --END-- [ RunTime:0.000810s ]
SQL: SHOW COLUMNS FROM `hotel_log` [ RunTime:0.0012s ]
SQL: SELECT COUNT(*) AS tp_count FROM `hotel_log` LIMIT 1   [ RunTime:0.0003s ]
SQL: select * from hotel_log Limit 0, 15 [ RunTime:0.0004s ]
INFO: [ view_parse ] --START--
INFO: [ template_filter ] --START--
INFO: Run Behavior\ContentReplaceBehavior [ RunTime:0.000054s ]
INFO: [ template_filter ] --END-- [ RunTime:0.000151s ]
INFO: Run Behavior\ParseTemplateBehavior [ RunTime:0.008308s ]
INFO: [ view_parse ] --END-- [ RunTime:0.008416s ]
INFO: [ view_filter ] --START--
INFO: Run Behavior\WriteHtmlCacheBehavior [ RunTime:0.000574s ]
INFO: [ view_filter ] --END-- [ RunTime:0.000665s ]
INFO: [ app_end ] --START--
INFO: Run Behavior\ShowPageTraceBehavior [ RunTime:0.000820s ]
INFO: [ app_end ] --END-- [ RunTime:0.000944s ]
NOTIC: [8] Constant APP_DEBUG already defined D:\wamp\www\hotel\index.php Á¨¨ 30 Ë°å.

[ 2018-02-07T13:46:35+08:00 ] ::1 /hotel/index.php?m=Roomer&c=roommanager&a=roomcategories
INFO: [ app_init ] --START--
INFO: Run Behavior\BuildLiteBehavior [ RunTime:0.000021s ]
INFO: [ app_init ] --END-- [ RunTime:0.000127s ]
INFO: [ app_begin ] --START--
INFO: Run Behavior\ReadHtmlCacheBehavior [ RunTime:0.000717s ]
INFO: [ app_begin ] --END-- [ RunTime:0.000835s ]
INFO: [ view_parse ] --START--
INFO: [ template_filter ] --START--
INFO: Run Behavior\ContentReplaceBehavior [ RunTime:0.000058s ]
INFO: [ template_filter ] --END-- [ RunTime:0.000162s ]
INFO: Run Behavior\ParseTemplateBehavior [ RunTime:0.006436s ]
INFO: [ view_parse ] --END-- [ RunTime:0.006543s ]
INFO: [ view_filter ] --START--
INFO: Run Behavior\WriteHtmlCacheBehavior [ RunTime:0.000552s ]
INFO: [ view_filter ] --END-- [ RunTime:0.000654s ]
INFO: [ app_end ] --START--
INFO: Run Behavior\ShowPageTraceBehavior [ RunTime:0.000731s ]
INFO: [ app_end ] --END-- [ RunTime:0.000831s ]
NOTIC: [8] Constant APP_DEBUG already defined D:\wamp\www\hotel\index.php Á¨¨ 30 Ë°å.

[ 2018-02-07T13:46:36+08:00 ] ::1 /hotel/index.php?m=Roomer&c=roommanager&a=index
INFO: [ app_init ] --START--
INFO: Run Behavior\BuildLiteBehavior [ RunTime:0.000021s ]
INFO: [ app_init ] --END-- [ RunTime:0.000128s ]
INFO: [ app_begin ] --START--
INFO: Run Behavior\ReadHtmlCacheBehavior [ RunTime:0.000887s ]
INFO: [ app_begin ] --END-- [ RunTime:0.001017s ]
SQL: SHOW COLUMNS FROM `hotel_room` [ RunTime:0.0005s ]
SQL: SELECT `room_price` FROM `hotel_room` WHERE ( room_category='Ê†áÂáÜÂçï‰∫∫Êàø' )  [ RunTime:0.0003s ]
SQL: SELECT `room_price` FROM `hotel_room` WHERE ( room_category='Ê†áÂáÜÂèå‰∫∫Êàø' )  [ RunTime:0.0002s ]
SQL: SELECT `room_price` FROM `hotel_room` WHERE ( room_category='Ë±™ÂçéÂçï‰∫∫Êàø' )  [ RunTime:0.0003s ]
SQL: SELECT `room_price` FROM `hotel_room` WHERE ( room_category='Ë±™ÂçéÂèå‰∫∫Êàø' )  [ RunTime:0.0002s ]
INFO: [ view_parse ] --START--
INFO: [ template_filter ] --START--
INFO: Run Behavior\ContentReplaceBehavior [ RunTime:0.000055s ]
INFO: [ template_filter ] --END-- [ RunTime:0.000148s ]
INFO: Run Behavior\ParseTemplateBehavior [ RunTime:0.006720s ]
INFO: [ view_parse ] --END-- [ RunTime:0.006908s ]
INFO: [ view_filter ] --START--
INFO: Run Behavior\WriteHtmlCacheBehavior [ RunTime:0.000678s ]
INFO: [ view_filter ] --END-- [ RunTime:0.000825s ]
INFO: [ app_end ] --START--
INFO: Run Behavior\ShowPageTraceBehavior [ RunTime:0.000684s ]
INFO: [ app_end ] --END-- [ RunTime:0.000775s ]
NOTIC: [8] Constant APP_DEBUG already defined D:\wamp\www\hotel\index.php Á¨¨ 30 Ë°å.

[ 2018-02-07T13:46:37+08:00 ] ::1 /hotel/index.php?m=Roomer&c=roommanager&a=room_show
INFO: [ app_init ] --START--
INFO: Run Behavior\BuildLiteBehavior [ RunTime:0.000021s ]
INFO: [ app_init ] --END-- [ RunTime:0.000129s ]
INFO: [ app_begin ] --START--
INFO: Run Behavior\ReadHtmlCacheBehavior [ RunTime:0.000750s ]
INFO: [ app_begin ] --END-- [ RunTime:0.000869s ]
SQL: SHOW COLUMNS FROM `hotel_room_show` [ RunTime:0.0006s ]
SQL: SELECT COUNT(*) AS tp_count FROM `hotel_room_show` LIMIT 1   [ RunTime:0.0003s ]
SQL: select * from hotel_room_show Limit 0, 12 [ RunTime:0.0003s ]
INFO: [ view_parse ] --START--
INFO: [ template_filter ] --START--
INFO: Run Behavior\ContentReplaceBehavior [ RunTime:0.000054s ]
INFO: [ template_filter ] --END-- [ RunTime:0.000166s ]
NOTIC: [8] Use of undefined constant room_category - assumed 'room_category' D:\wamp\www\hotel\Application\Runtime\Cache\Roomer\736f67087dcc71e163327d676154d5d2.php Á¨¨ 36 Ë°å.
NOTIC: [8] Use of undefined constant room_category - assumed 'room_category' D:\wamp\www\hotel\Application\Runtime\Cache\Roomer\736f67087dcc71e163327d676154d5d2.php Á¨¨ 36 Ë°å.
NOTIC: [8] Use of undefined constant room_category - assumed 'room_category' D:\wamp\www\hotel\Application\Runtime\Cache\Roomer\736f67087dcc71e163327d676154d5d2.php Á¨¨ 36 Ë°å.
NOTIC: [8] Use of undefined constant room_category - assumed 'room_category' D:\wamp\www\hotel\Application\Runtime\Cache\Roomer\736f67087dcc71e163327d676154d5d2.php Á¨¨ 36 Ë°å.
INFO: Run Behavior\ParseTemplateBehavior [ RunTime:0.007916s ]
INFO: [ view_parse ] --END-- [ RunTime:0.008044s ]
INFO: [ view_filter ] --START--
INFO: Run Behavior\WriteHtmlCacheBehavior [ RunTime:0.000513s ]
INFO: [ view_filter ] --END-- [ RunTime:0.000602s ]
INFO: [ app_end ] --START--
INFO: Run Behavior\ShowPageTraceBehavior [ RunTime:0.000701s ]
INFO: [ app_end ] --END-- [ RunTime:0.000854s ]
NOTIC: [8] Constant APP_DEBUG already defined D:\wamp\www\hotel\index.php Á¨¨ 30 Ë°å.

[ 2018-02-07T13:46:38+08:00 ] ::1 /hotel/index.php?m=Roomer&c=roommanager&a=index
INFO: [ app_init ] --START--
INFO: Run Behavior\BuildLiteBehavior [ RunTime:0.000021s ]
INFO: [ app_init ] --END-- [ RunTime:0.000125s ]
INFO: [ app_begin ] --START--
INFO: Run Behavior\ReadHtmlCacheBehavior [ RunTime:0.000697s ]
INFO: [ app_begin ] --END-- [ RunTime:0.000818s ]
SQL: SHOW COLUMNS FROM `hotel_room` [ RunTime:0.0005s ]
SQL: SELECT `room_price` FROM `hotel_room` WHERE ( room_category='Ê†áÂáÜÂçï‰∫∫Êàø' )  [ RunTime:0.0003s ]
SQL: SELECT `room_price` FROM `hotel_room` WHERE ( room_category='Ê†áÂáÜÂèå‰∫∫Êàø' )  [ RunTime:0.0002s ]
SQL: SELECT `room_price` FROM `hotel_room` WHERE ( room_category='Ë±™ÂçéÂçï‰∫∫Êàø' )  [ RunTime:0.0002s ]
SQL: SELECT `room_price` FROM `hotel_room` WHERE ( room_category='Ë±™ÂçéÂèå‰∫∫Êàø' )  [ RunTime:0.0003s ]
INFO: [ view_parse ] --START--
INFO: [ template_filter ] --START--
INFO: Run Behavior\ContentReplaceBehavior [ RunTime:0.000059s ]
INFO: [ template_filter ] --END-- [ RunTime:0.000162s ]
INFO: Run Behavior\ParseTemplateBehavior [ RunTime:0.006640s ]
INFO: [ view_parse ] --END-- [ RunTime:0.006756s ]
INFO: [ view_filter ] --START--
INFO: Run Behavior\WriteHtmlCacheBehavior [ RunTime:0.000534s ]
INFO: [ view_filter ] --END-- [ RunTime:0.000630s ]
INFO: [ app_end ] --START--
INFO: Run Behavior\ShowPageTraceBehavior [ RunTime:0.000721s ]
INFO: [ app_end ] --END-- [ RunTime:0.000820s ]
NOTIC: [8] Constant APP_DEBUG already defined D:\wamp\www\hotel\index.php Á¨¨ 30 Ë°å.

[ 2018-02-07T13:46:39+08:00 ] ::1 /hotel/index.php?m=Roomer&c=roommanager&a=allroom
INFO: [ app_init ] --START--
INFO: Run Behavior\BuildLiteBehavior [ RunTime:0.000022s ]
INFO: [ app_init ] --END-- [ RunTime:0.000128s ]
INFO: [ app_begin ] --START--
INFO: Run Behavior\ReadHtmlCacheBehavior [ RunTime:0.000742s ]
INFO: [ app_begin ] --END-- [ RunTime:0.000860s ]
SQL: SHOW COLUMNS FROM `hotel_room` [ RunTime:0.0005s ]
SQL: SELECT COUNT(*) AS tp_count FROM `hotel_room` LIMIT 1   [ RunTime:0.0002s ]
SQL: select * from hotel_room Limit 0, 12 [ RunTime:0.0003s ]
INFO: [ view_parse ] --START--
INFO: [ template_filter ] --START--
INFO: Run Behavior\ContentReplaceBehavior [ RunTime:0.000059s ]
INFO: [ template_filter ] --END-- [ RunTime:0.000159s ]
NOTIC: [8] Use of undefined constant room_id - assumed 'room_id' D:\wamp\www\hotel\Application\Runtime\Cache\Roomer\fec03fcc84aef3def9e158ebdf985011.php Á¨¨ 47 Ë°å.
NOTIC: [8] Use of undefined constant room_id - assumed 'room_id' D:\wamp\www\hotel\Application\Runtime\Cache\Roomer\fec03fcc84aef3def9e158ebdf985011.php Á¨¨ 47 Ë°å.
NOTIC: [8] Use of undefined constant room_id - assumed 'room_id' D:\wamp\www\hotel\Application\Runtime\Cache\Roomer\fec03fcc84aef3def9e158ebdf985011.php Á¨¨ 47 Ë°å.
NOTIC: [8] Use of undefined constant room_id - assumed 'room_id' D:\wamp\www\hotel\Application\Runtime\Cache\Roomer\fec03fcc84aef3def9e158ebdf985011.php Á¨¨ 47 Ë°å.
NOTIC: [8] Use of undefined constant room_id - assumed 'room_id' D:\wamp\www\hotel\Application\Runtime\Cache\Roomer\fec03fcc84aef3def9e158ebdf985011.php Á¨¨ 47 Ë°å.
NOTIC: [8] Use of undefined constant room_id - assumed 'room_id' D:\wamp\www\hotel\Application\Runtime\Cache\Roomer\fec03fcc84aef3def9e158ebdf985011.php Á¨¨ 47 Ë°å.
NOTIC: [8] Use of undefined constant room_id - assumed 'room_id' D:\wamp\www\hotel\Application\Runtime\Cache\Roomer\fec03fcc84aef3def9e158ebdf985011.php Á¨¨ 47 Ë°å.
NOTIC: [8] Use of undefined constant room_id - assumed 'room_id' D:\wamp\www\hotel\Application\Runtime\Cache\Roomer\fec03fcc84aef3def9e158ebdf985011.php Á¨¨ 47 Ë°å.
NOTIC: [8] Use of undefined constant room_id - assumed 'room_id' D:\wamp\www\hotel\Application\Runtime\Cache\Roomer\fec03fcc84aef3def9e158ebdf985011.php Á¨¨ 47 Ë°å.
NOTIC: [8] Use of undefined constant room_id - assumed 'room_id' D:\wamp\www\hotel\Application\Runtime\Cache\Roomer\fec03fcc84aef3def9e158ebdf985011.php Á¨¨ 47 Ë°å.
NOTIC: [8] Use of undefined constant room_id - assumed 'room_id' D:\wamp\www\hotel\Application\Runtime\Cache\Roomer\fec03fcc84aef3def9e158ebdf985011.php Á¨¨ 47 Ë°å.
NOTIC: [8] Use of undefined constant room_id - assumed 'room_id' D:\wamp\www\hotel\Application\Runtime\Cache\Roomer\fec03fcc84aef3def9e158ebdf985011.php Á¨¨ 47 Ë°å.
INFO: Run Behavior\ParseTemplateBehavior [ RunTime:0.010922s ]
INFO: [ view_parse ] --END-- [ RunTime:0.011063s ]
INFO: [ view_filter ] --START--
INFO: Run Behavior\WriteHtmlCacheBehavior [ RunTime:0.000628s ]
INFO: [ view_filter ] --END-- [ RunTime:0.000766s ]
INFO: [ app_end ] --START--
INFO: Run Behavior\ShowPageTraceBehavior [ RunTime:0.000791s ]
INFO: [ app_end ] --END-- [ RunTime:0.000910s ]
NOTIC: [8] Constant APP_DEBUG already defined D:\wamp\www\hotel\index.php Á¨¨ 30 Ë°å.

[ 2018-02-07T13:46:39+08:00 ] ::1 /hotel/index.php?m=Roomer&c=roommanager&a=room_show
INFO: [ app_init ] --START--
INFO: Run Behavior\BuildLiteBehavior [ RunTime:0.000022s ]
INFO: [ app_init ] --END-- [ RunTime:0.000132s ]
INFO: [ app_begin ] --START--
INFO: Run Behavior\ReadHtmlCacheBehavior [ RunTime:0.000651s ]
INFO: [ app_begin ] --END-- [ RunTime:0.000775s ]
SQL: SHOW COLUMNS FROM `hotel_room_show` [ RunTime:0.0005s ]
SQL: SELECT COUNT(*) AS tp_count FROM `hotel_room_show` LIMIT 1   [ RunTime:0.0002s ]
SQL: select * from hotel_room_show Limit 0, 12 [ RunTime:0.0002s ]
INFO: [ view_parse ] --START--
INFO: [ template_filter ] --START--
INFO: Run Behavior\ContentReplaceBehavior [ RunTime:0.000060s ]
INFO: [ template_filter ] --END-- [ RunTime:0.000172s ]
NOTIC: [8] Use of undefined constant room_category - assumed 'room_category' D:\wamp\www\hotel\Application\Runtime\Cache\Roomer\736f67087dcc71e163327d676154d5d2.php Á¨¨ 36 Ë°å.
NOTIC: [8] Use of undefined constant room_category - assumed 'room_category' D:\wamp\www\hotel\Application\Runtime\Cache\Roomer\736f67087dcc71e163327d676154d5d2.php Á¨¨ 36 Ë°å.
NOTIC: [8] Use of undefined constant room_category - assumed 'room_category' D:\wamp\www\hotel\Application\Runtime\Cache\Roomer\736f67087dcc71e163327d676154d5d2.php Á¨¨ 36 Ë°å.
NOTIC: [8] Use of undefined constant room_category - assumed 'room_category' D:\wamp\www\hotel\Application\Runtime\Cache\Roomer\736f67087dcc71e163327d676154d5d2.php Á¨¨ 36 Ë°å.
INFO: Run Behavior\ParseTemplateBehavior [ RunTime:0.008251s ]
INFO: [ view_parse ] --END-- [ RunTime:0.008364s ]
INFO: [ view_filter ] --START--
INFO: Run Behavior\WriteHtmlCacheBehavior [ RunTime:0.000534s ]
INFO: [ view_filter ] --END-- [ RunTime:0.000636s ]
INFO: [ app_end ] --START--
INFO: Run Behavior\ShowPageTraceBehavior [ RunTime:0.000889s ]
INFO: [ app_end ] --END-- [ RunTime:0.001001s ]
NOTIC: [8] Constant APP_DEBUG already defined D:\wamp\www\hotel\index.php Á¨¨ 30 Ë°å.

[ 2018-02-07T13:46:40+08:00 ] ::1 /hotel/index.php?m=Roomer&c=roommanager&a=roomcategories
INFO: [ app_init ] --START--
INFO: Run Behavior\BuildLiteBehavior [ RunTime:0.000019s ]
INFO: [ app_init ] --END-- [ RunTime:0.000114s ]
INFO: [ app_begin ] --START--
INFO: Run Behavior\ReadHtmlCacheBehavior [ RunTime:0.000752s ]
INFO: [ app_begin ] --END-- [ RunTime:0.000856s ]
INFO: [ view_parse ] --START--
INFO: [ template_filter ] --START--
INFO: Run Behavior\ContentReplaceBehavior [ RunTime:0.000083s ]
INFO: [ template_filter ] --END-- [ RunTime:0.000178s ]
INFO: Run Behavior\ParseTemplateBehavior [ RunTime:0.006372s ]
INFO: [ view_parse ] --END-- [ RunTime:0.006469s ]
INFO: [ view_filter ] --START--
INFO: Run Behavior\WriteHtmlCacheBehavior [ RunTime:0.000710s ]
INFO: [ view_filter ] --END-- [ RunTime:0.000816s ]
INFO: [ app_end ] --START--
INFO: Run Behavior\ShowPageTraceBehavior [ RunTime:0.000997s ]
INFO: [ app_end ] --END-- [ RunTime:0.001091s ]
NOTIC: [8] Constant APP_DEBUG already defined D:\wamp\www\hotel\index.php Á¨¨ 30 Ë°å.

[ 2018-02-07T13:47:02+08:00 ] ::1 /hotel/index.php?m=Roomer&c=usermanager&a=index
INFO: [ app_init ] --START--
INFO: Run Behavior\BuildLiteBehavior [ RunTime:0.000021s ]
INFO: [ app_init ] --END-- [ RunTime:0.000131s ]
INFO: [ app_begin ] --START--
INFO: Run Behavior\ReadHtmlCacheBehavior [ RunTime:0.000721s ]
INFO: [ app_begin ] --END-- [ RunTime:0.000853s ]
SQL: SHOW COLUMNS FROM `hotel_user` [ RunTime:0.0013s ]
SQL: SELECT COUNT(*) AS tp_count FROM `hotel_user` LIMIT 1   [ RunTime:0.0003s ]
SQL: select * from hotel_user Limit 0, 15 [ RunTime:0.0004s ]
INFO: [ view_parse ] --START--
INFO: [ template_filter ] --START--
INFO: Run Behavior\ContentReplaceBehavior [ RunTime:0.000062s ]
INFO: [ template_filter ] --END-- [ RunTime:0.000171s ]
NOTIC: [8] Use of undefined constant user_id - assumed 'user_id' D:\wamp\www\hotel\Application\Runtime\Cache\Roomer\6a416c3f24be59651270132b5ee650ce.php Á¨¨ 50 Ë°å.
NOTIC: [8] Use of undefined constant user_id - assumed 'user_id' D:\wamp\www\hotel\Application\Runtime\Cache\Roomer\6a416c3f24be59651270132b5ee650ce.php Á¨¨ 50 Ë°å.
NOTIC: [8] Use of undefined constant user_id - assumed 'user_id' D:\wamp\www\hotel\Application\Runtime\Cache\Roomer\6a416c3f24be59651270132b5ee650ce.php Á¨¨ 50 Ë°å.
NOTIC: [8] Use of undefined constant user_id - assumed 'user_id' D:\wamp\www\hotel\Application\Runtime\Cache\Roomer\6a416c3f24be59651270132b5ee650ce.php Á¨¨ 50 Ë°å.
NOTIC: [8] Use of undefined constant user_id - assumed 'user_id' D:\wamp\www\hotel\Application\Runtime\Cache\Roomer\6a416c3f24be59651270132b5ee650ce.php Á¨¨ 50 Ë°å.
NOTIC: [8] Use of undefined constant user_id - assumed 'user_id' D:\wamp\www\hotel\Application\Runtime\Cache\Roomer\6a416c3f24be59651270132b5ee650ce.php Á¨¨ 50 Ë°å.
NOTIC: [8] Use of undefined constant user_id - assumed 'user_id' D:\wamp\www\hotel\Application\Runtime\Cache\Roomer\6a416c3f24be59651270132b5ee650ce.php Á¨¨ 50 Ë°å.
NOTIC: [8] Use of undefined constant user_id - assumed 'user_id' D:\wamp\www\hotel\Application\Runtime\Cache\Roomer\6a416c3f24be59651270132b5ee650ce.php Á¨¨ 50 Ë°å.
NOTIC: [8] Use of undefined constant user_id - assumed 'user_id' D:\wamp\www\hotel\Application\Runtime\Cache\Roomer\6a416c3f24be59651270132b5ee650ce.php Á¨¨ 50 Ë°å.
NOTIC: [8] Use of undefined constant user_id - assumed 'user_id' D:\wamp\www\hotel\Application\Runtime\Cache\Roomer\6a416c3f24be59651270132b5ee650ce.php Á¨¨ 50 Ë°å.
NOTIC: [8] Use of undefined constant user_id - assumed 'user_id' D:\wamp\www\hotel\Application\Runtime\Cache\Roomer\6a416c3f24be59651270132b5ee650ce.php Á¨¨ 50 Ë°å.
NOTIC: [8] Use of undefined constant user_id - assumed 'user_id' D:\wamp\www\hotel\Application\Runtime\Cache\Roomer\6a416c3f24be59651270132b5ee650ce.php Á¨¨ 50 Ë°å.
NOTIC: [8] Use of undefined constant user_id - assumed 'user_id' D:\wamp\www\hotel\Application\Runtime\Cache\Roomer\6a416c3f24be59651270132b5ee650ce.php Á¨¨ 50 Ë°å.
NOTIC: [8] Use of undefined constant user_id - assumed 'user_id' D:\wamp\www\hotel\Application\Runtime\Cache\Roomer\6a416c3f24be59651270132b5ee650ce.php Á¨¨ 50 Ë°å.
NOTIC: [8] Use of undefined constant user_id - assumed 'user_id' D:\wamp\www\hotel\Application\Runtime\Cache\Roomer\6a416c3f24be59651270132b5ee650ce.php Á¨¨ 50 Ë°å.
INFO: Run Behavior\ParseTemplateBehavior [ RunTime:0.010975s ]
INFO: [ view_parse ] --END-- [ RunTime:0.011091s ]
INFO: [ view_filter ] --START--
INFO: Run Behavior\WriteHtmlCacheBehavior [ RunTime:0.000584s ]
INFO: [ view_filter ] --END-- [ RunTime:0.000683s ]
INFO: [ app_end ] --START--
INFO: Run Behavior\ShowPageTraceBehavior [ RunTime:0.000751s ]
INFO: [ app_end ] --END-- [ RunTime:0.000866s ]
NOTIC: [8] Constant APP_DEBUG already defined D:\wamp\www\hotel\index.php Á¨¨ 30 Ë°å.

[ 2018-02-07T13:47:25+08:00 ] ::1 /hotel/index.php?m=Roomer&c=index&a=info
INFO: [ app_init ] --START--
INFO: Run Behavior\BuildLiteBehavior [ RunTime:0.000021s ]
INFO: [ app_init ] --END-- [ RunTime:0.000169s ]
INFO: [ app_begin ] --START--
INFO: Run Behavior\ReadHtmlCacheBehavior [ RunTime:0.000757s ]
INFO: [ app_begin ] --END-- [ RunTime:0.000873s ]
SQL: SHOW COLUMNS FROM `hotel_roomer` [ RunTime:0.0005s ]
SQL: SELECT * FROM `hotel_roomer` WHERE ( roomer_name='ÂàòÂ∏å' ) LIMIT 1   [ RunTime:0.0004s ]
INFO: [ view_parse ] --START--
INFO: [ template_filter ] --START--
INFO: Run Behavior\ContentReplaceBehavior [ RunTime:0.000054s ]
INFO: [ template_filter ] --END-- [ RunTime:0.000214s ]
INFO: Run Behavior\ParseTemplateBehavior [ RunTime:0.006755s ]
INFO: [ view_parse ] --END-- [ RunTime:0.006901s ]
INFO: [ view_filter ] --START--
INFO: Run Behavior\WriteHtmlCacheBehavior [ RunTime:0.000607s ]
INFO: [ view_filter ] --END-- [ RunTime:0.000700s ]
INFO: [ app_end ] --START--
INFO: Run Behavior\ShowPageTraceBehavior [ RunTime:0.000749s ]
INFO: [ app_end ] --END-- [ RunTime:0.000842s ]
NOTIC: [8] Constant APP_DEBUG already defined D:\wamp\www\hotel\index.php Á¨¨ 30 Ë°å.

